[0.008s] Invoking command in '/home/daeyun/Desktop/github_repositories/ros2_ws/build/my_first_ros_rclcpp_pkg': CMAKE_PREFIX_PATH=${CMAKE_PREFIX_PATH}:/opt/ros/humble /usr/bin/cmake --build /home/daeyun/Desktop/github_repositories/ros2_ws/build/my_first_ros_rclcpp_pkg -- -j16 -l16
[0.021s] -- Found ament_cmake: 1.3.3 (/opt/ros/humble/share/ament_cmake/cmake)
[0.094s] -- Override CMake install command with custom implementation using symlinks instead of copying resources
[0.097s] -- Found rclcpp: 16.0.3 (/opt/ros/humble/share/rclcpp/cmake)
[0.116s] -- Found rosidl_generator_c: 3.1.4 (/opt/ros/humble/share/rosidl_generator_c/cmake)
[0.117s] -- Found rosidl_adapter: 3.1.4 (/opt/ros/humble/share/rosidl_adapter/cmake)
[0.121s] -- Found rosidl_generator_cpp: 3.1.4 (/opt/ros/humble/share/rosidl_generator_cpp/cmake)
[0.127s] -- Using all available rosidl_typesupport_c: rosidl_typesupport_fastrtps_c;rosidl_typesupport_introspection_c
[0.136s] -- Using all available rosidl_typesupport_cpp: rosidl_typesupport_fastrtps_cpp;rosidl_typesupport_introspection_cpp
[0.172s] -- Found rmw_implementation_cmake: 6.1.1 (/opt/ros/humble/share/rmw_implementation_cmake/cmake)
[0.173s] -- Found rmw_fastrtps_cpp: 6.2.2 (/opt/ros/humble/share/rmw_fastrtps_cpp/cmake)
[0.239s] -- Using RMW implementation 'rmw_fastrtps_cpp' as default
[0.335s] [31mCMake Error at /opt/ros/humble/share/ament_cmake_target_dependencies/cmake/ament_target_dependencies.cmake:42 (message):
[0.335s]   ament_target_dependencies() the first argument must be a valid target name
[0.335s] Call Stack (most recent call first):
[0.335s]   CMakeLists.txt:26 (ament_target_dependencies)
[0.335s] 
[0.335s] [0m
[0.335s] -- Configuring incomplete, errors occurred!
[0.335s] See also "/home/daeyun/Desktop/github_repositories/ros2_ws/build/my_first_ros_rclcpp_pkg/CMakeFiles/CMakeOutput.log".
[0.341s] gmake: *** [Makefile:226: cmake_check_build_system] Error 1
[0.342s] Invoked command in '/home/daeyun/Desktop/github_repositories/ros2_ws/build/my_first_ros_rclcpp_pkg' returned '2': CMAKE_PREFIX_PATH=${CMAKE_PREFIX_PATH}:/opt/ros/humble /usr/bin/cmake --build /home/daeyun/Desktop/github_repositories/ros2_ws/build/my_first_ros_rclcpp_pkg -- -j16 -l16
