[35m[1mScanning dependencies of target calculator[0m
[ 20%] Built target operator
[ 40%] Built target argument
[ 70%] Built target checker
[ 80%] [32mBuilding CXX object CMakeFiles/calculator.dir/src/calculator/calculator.cpp.o[0m
[01m[K/home/bigyun/Desktop/github_repositories-Bigyuun/ros2_ws/src/topic_service_action_rclcpp_example/src/calculator/calculator.cpp:1:9:[m[K [01;35m[Kwarning: [m[K#pragma once in main file
    1 | #pragma [01;35m[Konce[m[K
      |         [01;35m[K^~~~[m[K
[01m[K/home/bigyun/Desktop/github_repositories-Bigyuun/ros2_ws/src/topic_service_action_rclcpp_example/src/calculator/calculator.cpp:77:43:[m[K [01;35m[Kwarning: [m[Kmulti-character character constant [[01;35m[K-Wmultichar[m[K]
   77 |            std::to_string(argument_b_) << [01;35m[K' = '[m[K <<
      |                                           [01;35m[K^~~~~[m[K
[ 90%] [32m[1mLinking CXX executable calculator[0m
[100%] Built target calculator
-- Install configuration: ""
-- Execute custom install script
-- Symlinking: /home/bigyun/Desktop/github_repositories-Bigyuun/ros2_ws/install/topic_service_action_rclcpp_example/lib/topic_service_action_rclcpp_example/argument
-- Symlinking: /home/bigyun/Desktop/github_repositories-Bigyuun/ros2_ws/install/topic_service_action_rclcpp_example/lib/topic_service_action_rclcpp_example/calculator
-- Symlinking: /home/bigyun/Desktop/github_repositories-Bigyuun/ros2_ws/install/topic_service_action_rclcpp_example/lib/topic_service_action_rclcpp_example/operator
-- Symlinking: /home/bigyun/Desktop/github_repositories-Bigyuun/ros2_ws/install/topic_service_action_rclcpp_example/lib/topic_service_action_rclcpp_example/checker
CMake Error at ament_cmake_symlink_install/ament_cmake_symlink_install.cmake:100 (message):
  ament_cmake_symlink_install_directory() can't find
  '/home/bigyun/Desktop/github_repositories-Bigyuun/ros2_ws/src/topic_service_action_rclcpp_example/launch'
Call Stack (most recent call first):
  ament_cmake_symlink_install/ament_cmake_symlink_install.cmake:317 (ament_cmake_symlink_install_directory)
  cmake_install.cmake:41 (include)


