[0.165s] DEBUG:colcon:Command line arguments: ['/usr/bin/colcon', 'build']
[0.165s] DEBUG:colcon:Parsed command line arguments: Namespace(log_base=None, log_level=None, verb_name='build', build_base='build', install_base='install', merge_install=False, symlink_install=False, test_result_base=None, continue_on_error=False, executor='parallel', parallel_workers=20, event_handlers=None, ignore_user_meta=False, metas=['./colcon.meta'], base_paths=['.'], packages_ignore=None, packages_ignore_regex=None, paths=None, packages_up_to=None, packages_up_to_regex=None, packages_above=None, packages_above_and_dependencies=None, packages_above_depth=None, packages_select_by_dep=None, packages_skip_by_dep=None, packages_skip_up_to=None, packages_select_build_failed=False, packages_skip_build_finished=False, packages_select_test_failures=False, packages_skip_test_passed=False, packages_select=None, packages_skip=None, packages_select_regex=None, packages_skip_regex=None, packages_start=None, packages_end=None, allow_overriding=[], cmake_args=None, cmake_target=None, cmake_target_skip_unavailable=False, cmake_clean_cache=False, cmake_clean_first=False, cmake_force_configure=False, ament_cmake_args=None, catkin_cmake_args=None, catkin_skip_building_tests=False, mixin_files=None, mixin=None, verb_parser=<colcon_mixin.mixin.mixin_argument.MixinArgumentDecorator object at 0x7f67b36e38e0>, verb_extension=<colcon_core.verb.build.BuildVerb object at 0x7f67b3ed56c0>, main=<bound method BuildVerb.main of <colcon_core.verb.build.BuildVerb object at 0x7f67b3ed56c0>>, mixin_verb=('build',))
[0.177s] Level 1:colcon.colcon_core.package_discovery:discover_packages(colcon_meta) check parameters
[0.177s] Level 1:colcon.colcon_core.package_discovery:discover_packages(recursive) check parameters
[0.177s] Level 1:colcon.colcon_core.package_discovery:discover_packages(ignore) check parameters
[0.177s] Level 1:colcon.colcon_core.package_discovery:discover_packages(path) check parameters
[0.177s] Level 1:colcon.colcon_core.package_discovery:discover_packages(colcon_meta) discover
[0.177s] Level 1:colcon.colcon_core.package_discovery:discover_packages(recursive) discover
[0.177s] INFO:colcon.colcon_core.package_discovery:Crawling recursively for packages in '/home/daeyun/Desktop/github repositories_Bigyuun/ros2_ws'
[0.177s] Level 1:colcon.colcon_core.package_identification:_identify(.) by extensions ['ignore', 'ignore_ament_install']
[0.177s] Level 1:colcon.colcon_core.package_identification:_identify(.) by extension 'ignore'
[0.177s] Level 1:colcon.colcon_core.package_identification:_identify(.) by extension 'ignore_ament_install'
[0.178s] Level 1:colcon.colcon_core.package_identification:_identify(.) by extensions ['colcon_pkg']
[0.178s] Level 1:colcon.colcon_core.package_identification:_identify(.) by extension 'colcon_pkg'
[0.178s] Level 1:colcon.colcon_core.package_identification:_identify(.) by extensions ['colcon_meta']
[0.178s] Level 1:colcon.colcon_core.package_identification:_identify(.) by extension 'colcon_meta'
[0.178s] Level 1:colcon.colcon_core.package_identification:_identify(.) by extensions ['ros']
[0.178s] Level 1:colcon.colcon_core.package_identification:_identify(.) by extension 'ros'
[0.183s] Level 1:colcon.colcon_core.package_identification:_identify(.) by extensions ['cmake', 'python']
[0.183s] Level 1:colcon.colcon_core.package_identification:_identify(.) by extension 'cmake'
[0.183s] Level 1:colcon.colcon_core.package_identification:_identify(.) by extension 'python'
[0.183s] Level 1:colcon.colcon_core.package_identification:_identify(.) by extensions ['python_setup_py']
[0.183s] Level 1:colcon.colcon_core.package_identification:_identify(.) by extension 'python_setup_py'
[0.184s] Level 1:colcon.colcon_core.package_identification:_identify(build) by extensions ['ignore', 'ignore_ament_install']
[0.184s] Level 1:colcon.colcon_core.package_identification:_identify(build) by extension 'ignore'
[0.184s] Level 1:colcon.colcon_core.package_identification:_identify(build) ignored
[0.184s] Level 1:colcon.colcon_core.package_identification:_identify(install) by extensions ['ignore', 'ignore_ament_install']
[0.184s] Level 1:colcon.colcon_core.package_identification:_identify(install) by extension 'ignore'
[0.184s] Level 1:colcon.colcon_core.package_identification:_identify(install) ignored
[0.184s] Level 1:colcon.colcon_core.package_identification:_identify(log) by extensions ['ignore', 'ignore_ament_install']
[0.184s] Level 1:colcon.colcon_core.package_identification:_identify(log) by extension 'ignore'
[0.184s] Level 1:colcon.colcon_core.package_identification:_identify(log) ignored
[0.184s] Level 1:colcon.colcon_core.package_identification:_identify(src) by extensions ['ignore', 'ignore_ament_install']
[0.184s] Level 1:colcon.colcon_core.package_identification:_identify(src) by extension 'ignore'
[0.184s] Level 1:colcon.colcon_core.package_identification:_identify(src) by extension 'ignore_ament_install'
[0.184s] Level 1:colcon.colcon_core.package_identification:_identify(src) by extensions ['colcon_pkg']
[0.184s] Level 1:colcon.colcon_core.package_identification:_identify(src) by extension 'colcon_pkg'
[0.184s] Level 1:colcon.colcon_core.package_identification:_identify(src) by extensions ['colcon_meta']
[0.184s] Level 1:colcon.colcon_core.package_identification:_identify(src) by extension 'colcon_meta'
[0.184s] Level 1:colcon.colcon_core.package_identification:_identify(src) by extensions ['ros']
[0.184s] Level 1:colcon.colcon_core.package_identification:_identify(src) by extension 'ros'
[0.184s] Level 1:colcon.colcon_core.package_identification:_identify(src) by extensions ['cmake', 'python']
[0.184s] Level 1:colcon.colcon_core.package_identification:_identify(src) by extension 'cmake'
[0.184s] Level 1:colcon.colcon_core.package_identification:_identify(src) by extension 'python'
[0.184s] Level 1:colcon.colcon_core.package_identification:_identify(src) by extensions ['python_setup_py']
[0.184s] Level 1:colcon.colcon_core.package_identification:_identify(src) by extension 'python_setup_py'
[0.184s] Level 1:colcon.colcon_core.package_identification:_identify(src/action_tutorials_cpp) by extensions ['ignore', 'ignore_ament_install']
[0.184s] Level 1:colcon.colcon_core.package_identification:_identify(src/action_tutorials_cpp) by extension 'ignore'
[0.184s] Level 1:colcon.colcon_core.package_identification:_identify(src/action_tutorials_cpp) by extension 'ignore_ament_install'
[0.184s] Level 1:colcon.colcon_core.package_identification:_identify(src/action_tutorials_cpp) by extensions ['colcon_pkg']
[0.184s] Level 1:colcon.colcon_core.package_identification:_identify(src/action_tutorials_cpp) by extension 'colcon_pkg'
[0.184s] Level 1:colcon.colcon_core.package_identification:_identify(src/action_tutorials_cpp) by extensions ['colcon_meta']
[0.184s] Level 1:colcon.colcon_core.package_identification:_identify(src/action_tutorials_cpp) by extension 'colcon_meta'
[0.184s] Level 1:colcon.colcon_core.package_identification:_identify(src/action_tutorials_cpp) by extensions ['ros']
[0.184s] Level 1:colcon.colcon_core.package_identification:_identify(src/action_tutorials_cpp) by extension 'ros'
[0.185s] DEBUG:colcon.colcon_core.package_identification:Package 'src/action_tutorials_cpp' with type 'ros.ament_cmake' and name 'action_tutorials_cpp'
[0.186s] Level 1:colcon.colcon_core.package_identification:_identify(src/action_tutorials_interfaces) by extensions ['ignore', 'ignore_ament_install']
[0.186s] Level 1:colcon.colcon_core.package_identification:_identify(src/action_tutorials_interfaces) by extension 'ignore'
[0.186s] Level 1:colcon.colcon_core.package_identification:_identify(src/action_tutorials_interfaces) by extension 'ignore_ament_install'
[0.186s] Level 1:colcon.colcon_core.package_identification:_identify(src/action_tutorials_interfaces) by extensions ['colcon_pkg']
[0.186s] Level 1:colcon.colcon_core.package_identification:_identify(src/action_tutorials_interfaces) by extension 'colcon_pkg'
[0.186s] Level 1:colcon.colcon_core.package_identification:_identify(src/action_tutorials_interfaces) by extensions ['colcon_meta']
[0.186s] Level 1:colcon.colcon_core.package_identification:_identify(src/action_tutorials_interfaces) by extension 'colcon_meta'
[0.186s] Level 1:colcon.colcon_core.package_identification:_identify(src/action_tutorials_interfaces) by extensions ['ros']
[0.186s] Level 1:colcon.colcon_core.package_identification:_identify(src/action_tutorials_interfaces) by extension 'ros'
[0.186s] DEBUG:colcon.colcon_core.package_identification:Package 'src/action_tutorials_interfaces' with type 'ros.ament_cmake' and name 'action_tutorials_interfaces'
[0.186s] Level 1:colcon.colcon_core.package_identification:_identify(src/build) by extensions ['ignore', 'ignore_ament_install']
[0.186s] Level 1:colcon.colcon_core.package_identification:_identify(src/build) by extension 'ignore'
[0.186s] Level 1:colcon.colcon_core.package_identification:_identify(src/build) ignored
[0.186s] Level 1:colcon.colcon_core.package_identification:_identify(src/install) by extensions ['ignore', 'ignore_ament_install']
[0.186s] Level 1:colcon.colcon_core.package_identification:_identify(src/install) by extension 'ignore'
[0.186s] Level 1:colcon.colcon_core.package_identification:_identify(src/install) ignored
[0.186s] Level 1:colcon.colcon_core.package_identification:_identify(src/log) by extensions ['ignore', 'ignore_ament_install']
[0.186s] Level 1:colcon.colcon_core.package_identification:_identify(src/log) by extension 'ignore'
[0.186s] Level 1:colcon.colcon_core.package_identification:_identify(src/log) ignored
[0.186s] Level 1:colcon.colcon_core.package_identification:_identify(src/msg_srv_action_interface_example) by extensions ['ignore', 'ignore_ament_install']
[0.186s] Level 1:colcon.colcon_core.package_identification:_identify(src/msg_srv_action_interface_example) by extension 'ignore'
[0.186s] Level 1:colcon.colcon_core.package_identification:_identify(src/msg_srv_action_interface_example) by extension 'ignore_ament_install'
[0.186s] Level 1:colcon.colcon_core.package_identification:_identify(src/msg_srv_action_interface_example) by extensions ['colcon_pkg']
[0.187s] Level 1:colcon.colcon_core.package_identification:_identify(src/msg_srv_action_interface_example) by extension 'colcon_pkg'
[0.187s] Level 1:colcon.colcon_core.package_identification:_identify(src/msg_srv_action_interface_example) by extensions ['colcon_meta']
[0.187s] Level 1:colcon.colcon_core.package_identification:_identify(src/msg_srv_action_interface_example) by extension 'colcon_meta'
[0.187s] Level 1:colcon.colcon_core.package_identification:_identify(src/msg_srv_action_interface_example) by extensions ['ros']
[0.187s] Level 1:colcon.colcon_core.package_identification:_identify(src/msg_srv_action_interface_example) by extension 'ros'
[0.187s] DEBUG:colcon.colcon_core.package_identification:Package 'src/msg_srv_action_interface_example' with type 'ros.ament_cmake' and name 'msg_srv_action_interface_example'
[0.187s] Level 1:colcon.colcon_core.package_identification:_identify(src/my_first_ros_rclcpp_pkg) by extensions ['ignore', 'ignore_ament_install']
[0.187s] Level 1:colcon.colcon_core.package_identification:_identify(src/my_first_ros_rclcpp_pkg) by extension 'ignore'
[0.187s] Level 1:colcon.colcon_core.package_identification:_identify(src/my_first_ros_rclcpp_pkg) by extension 'ignore_ament_install'
[0.187s] Level 1:colcon.colcon_core.package_identification:_identify(src/my_first_ros_rclcpp_pkg) by extensions ['colcon_pkg']
[0.187s] Level 1:colcon.colcon_core.package_identification:_identify(src/my_first_ros_rclcpp_pkg) by extension 'colcon_pkg'
[0.187s] Level 1:colcon.colcon_core.package_identification:_identify(src/my_first_ros_rclcpp_pkg) by extensions ['colcon_meta']
[0.187s] Level 1:colcon.colcon_core.package_identification:_identify(src/my_first_ros_rclcpp_pkg) by extension 'colcon_meta'
[0.187s] Level 1:colcon.colcon_core.package_identification:_identify(src/my_first_ros_rclcpp_pkg) by extensions ['ros']
[0.187s] Level 1:colcon.colcon_core.package_identification:_identify(src/my_first_ros_rclcpp_pkg) by extension 'ros'
[0.187s] DEBUG:colcon.colcon_core.package_identification:Package 'src/my_first_ros_rclcpp_pkg' with type 'ros.ament_cmake' and name 'my_first_ros_rclcpp_pkg'
[0.187s] Level 1:colcon.colcon_core.package_identification:_identify(src/topic_service_action_rclcpp_example) by extensions ['ignore', 'ignore_ament_install']
[0.187s] Level 1:colcon.colcon_core.package_identification:_identify(src/topic_service_action_rclcpp_example) by extension 'ignore'
[0.187s] Level 1:colcon.colcon_core.package_identification:_identify(src/topic_service_action_rclcpp_example) by extension 'ignore_ament_install'
[0.187s] Level 1:colcon.colcon_core.package_identification:_identify(src/topic_service_action_rclcpp_example) by extensions ['colcon_pkg']
[0.187s] Level 1:colcon.colcon_core.package_identification:_identify(src/topic_service_action_rclcpp_example) by extension 'colcon_pkg'
[0.187s] Level 1:colcon.colcon_core.package_identification:_identify(src/topic_service_action_rclcpp_example) by extensions ['colcon_meta']
[0.187s] Level 1:colcon.colcon_core.package_identification:_identify(src/topic_service_action_rclcpp_example) by extension 'colcon_meta'
[0.187s] Level 1:colcon.colcon_core.package_identification:_identify(src/topic_service_action_rclcpp_example) by extensions ['ros']
[0.187s] Level 1:colcon.colcon_core.package_identification:_identify(src/topic_service_action_rclcpp_example) by extension 'ros'
[0.188s] DEBUG:colcon.colcon_core.package_identification:Package 'src/topic_service_action_rclcpp_example' with type 'ros.ament_cmake' and name 'topic_service_action_rclcpp_example'
[0.188s] Level 1:colcon.colcon_core.package_discovery:discover_packages(recursive) using defaults
[0.188s] Level 1:colcon.colcon_core.package_discovery:discover_packages(ignore) discover
[0.188s] Level 1:colcon.colcon_core.package_discovery:discover_packages(ignore) using defaults
[0.188s] Level 1:colcon.colcon_core.package_discovery:discover_packages(path) discover
[0.188s] Level 1:colcon.colcon_core.package_discovery:discover_packages(path) using defaults
[0.200s] Level 1:colcon.colcon_core.package_discovery:discover_packages(prefix_path) check parameters
[0.200s] Level 1:colcon.colcon_core.package_discovery:discover_packages(prefix_path) discover
[0.202s] DEBUG:colcon.colcon_installed_package_information.package_discovery:Found 5 installed packages in /home/daeyun/Desktop/github repositories_Bigyuun/ros2_ws/install
[0.203s] DEBUG:colcon.colcon_installed_package_information.package_discovery:Found 55 installed packages in /home/daeyun/ws_moveit2/install
[0.204s] DEBUG:colcon.colcon_installed_package_information.package_discovery:Found 325 installed packages in /opt/ros/humble
[0.204s] Level 1:colcon.colcon_core.package_discovery:discover_packages(prefix_path) using defaults
[0.236s] WARNING:colcon.colcon_core.package_selection:Some selected packages are already built in one or more underlay workspaces:
	'action_tutorials_cpp' is in: /home/daeyun/Desktop/github repositories_Bigyuun/ros2_ws/install/action_tutorials_cpp, /opt/ros/humble
	'action_tutorials_interfaces' is in: /home/daeyun/Desktop/github repositories_Bigyuun/ros2_ws/install/action_tutorials_interfaces, /opt/ros/humble
If a package in a merged underlay workspace is overridden and it installs headers, then all packages in the overlay must sort their include directories by workspace order. Failure to do so may result in build failures or undefined behavior at run time.
If the overridden package is used by another package in any underlay, then the overriding package in the overlay must be API and ABI compatible or undefined behavior at run time may occur.

If you understand the risks and want to override a package anyways, add the following to the command line:
	--allow-overriding action_tutorials_cpp action_tutorials_interfaces

This may be promoted to an error in a future release of colcon-override-check.
[0.236s] Level 5:colcon.colcon_core.verb:set package 'action_tutorials_interfaces' build argument 'cmake_args' from command line to 'None'
[0.236s] Level 5:colcon.colcon_core.verb:set package 'action_tutorials_interfaces' build argument 'cmake_target' from command line to 'None'
[0.236s] Level 5:colcon.colcon_core.verb:set package 'action_tutorials_interfaces' build argument 'cmake_target_skip_unavailable' from command line to 'False'
[0.236s] Level 5:colcon.colcon_core.verb:set package 'action_tutorials_interfaces' build argument 'cmake_clean_cache' from command line to 'False'
[0.236s] Level 5:colcon.colcon_core.verb:set package 'action_tutorials_interfaces' build argument 'cmake_clean_first' from command line to 'False'
[0.236s] Level 5:colcon.colcon_core.verb:set package 'action_tutorials_interfaces' build argument 'cmake_force_configure' from command line to 'False'
[0.236s] Level 5:colcon.colcon_core.verb:set package 'action_tutorials_interfaces' build argument 'ament_cmake_args' from command line to 'None'
[0.236s] Level 5:colcon.colcon_core.verb:set package 'action_tutorials_interfaces' build argument 'catkin_cmake_args' from command line to 'None'
[0.236s] Level 5:colcon.colcon_core.verb:set package 'action_tutorials_interfaces' build argument 'catkin_skip_building_tests' from command line to 'False'
[0.236s] DEBUG:colcon.colcon_core.verb:Building package 'action_tutorials_interfaces' with the following arguments: {'ament_cmake_args': None, 'build_base': '/home/daeyun/Desktop/github repositories_Bigyuun/ros2_ws/build/action_tutorials_interfaces', 'catkin_cmake_args': None, 'catkin_skip_building_tests': False, 'cmake_args': None, 'cmake_clean_cache': False, 'cmake_clean_first': False, 'cmake_force_configure': False, 'cmake_target': None, 'cmake_target_skip_unavailable': False, 'install_base': '/home/daeyun/Desktop/github repositories_Bigyuun/ros2_ws/install/action_tutorials_interfaces', 'merge_install': False, 'path': '/home/daeyun/Desktop/github repositories_Bigyuun/ros2_ws/src/action_tutorials_interfaces', 'symlink_install': False, 'test_result_base': None}
[0.237s] Level 5:colcon.colcon_core.verb:set package 'msg_srv_action_interface_example' build argument 'cmake_args' from command line to 'None'
[0.237s] Level 5:colcon.colcon_core.verb:set package 'msg_srv_action_interface_example' build argument 'cmake_target' from command line to 'None'
[0.237s] Level 5:colcon.colcon_core.verb:set package 'msg_srv_action_interface_example' build argument 'cmake_target_skip_unavailable' from command line to 'False'
[0.237s] Level 5:colcon.colcon_core.verb:set package 'msg_srv_action_interface_example' build argument 'cmake_clean_cache' from command line to 'False'
[0.237s] Level 5:colcon.colcon_core.verb:set package 'msg_srv_action_interface_example' build argument 'cmake_clean_first' from command line to 'False'
[0.237s] Level 5:colcon.colcon_core.verb:set package 'msg_srv_action_interface_example' build argument 'cmake_force_configure' from command line to 'False'
[0.237s] Level 5:colcon.colcon_core.verb:set package 'msg_srv_action_interface_example' build argument 'ament_cmake_args' from command line to 'None'
[0.237s] Level 5:colcon.colcon_core.verb:set package 'msg_srv_action_interface_example' build argument 'catkin_cmake_args' from command line to 'None'
[0.237s] Level 5:colcon.colcon_core.verb:set package 'msg_srv_action_interface_example' build argument 'catkin_skip_building_tests' from command line to 'False'
[0.237s] DEBUG:colcon.colcon_core.verb:Building package 'msg_srv_action_interface_example' with the following arguments: {'ament_cmake_args': None, 'build_base': '/home/daeyun/Desktop/github repositories_Bigyuun/ros2_ws/build/msg_srv_action_interface_example', 'catkin_cmake_args': None, 'catkin_skip_building_tests': False, 'cmake_args': None, 'cmake_clean_cache': False, 'cmake_clean_first': False, 'cmake_force_configure': False, 'cmake_target': None, 'cmake_target_skip_unavailable': False, 'install_base': '/home/daeyun/Desktop/github repositories_Bigyuun/ros2_ws/install/msg_srv_action_interface_example', 'merge_install': False, 'path': '/home/daeyun/Desktop/github repositories_Bigyuun/ros2_ws/src/msg_srv_action_interface_example', 'symlink_install': False, 'test_result_base': None}
[0.237s] Level 5:colcon.colcon_core.verb:set package 'my_first_ros_rclcpp_pkg' build argument 'cmake_args' from command line to 'None'
[0.237s] Level 5:colcon.colcon_core.verb:set package 'my_first_ros_rclcpp_pkg' build argument 'cmake_target' from command line to 'None'
[0.237s] Level 5:colcon.colcon_core.verb:set package 'my_first_ros_rclcpp_pkg' build argument 'cmake_target_skip_unavailable' from command line to 'False'
[0.237s] Level 5:colcon.colcon_core.verb:set package 'my_first_ros_rclcpp_pkg' build argument 'cmake_clean_cache' from command line to 'False'
[0.237s] Level 5:colcon.colcon_core.verb:set package 'my_first_ros_rclcpp_pkg' build argument 'cmake_clean_first' from command line to 'False'
[0.237s] Level 5:colcon.colcon_core.verb:set package 'my_first_ros_rclcpp_pkg' build argument 'cmake_force_configure' from command line to 'False'
[0.238s] Level 5:colcon.colcon_core.verb:set package 'my_first_ros_rclcpp_pkg' build argument 'ament_cmake_args' from command line to 'None'
[0.238s] Level 5:colcon.colcon_core.verb:set package 'my_first_ros_rclcpp_pkg' build argument 'catkin_cmake_args' from command line to 'None'
[0.238s] Level 5:colcon.colcon_core.verb:set package 'my_first_ros_rclcpp_pkg' build argument 'catkin_skip_building_tests' from command line to 'False'
[0.238s] DEBUG:colcon.colcon_core.verb:Building package 'my_first_ros_rclcpp_pkg' with the following arguments: {'ament_cmake_args': None, 'build_base': '/home/daeyun/Desktop/github repositories_Bigyuun/ros2_ws/build/my_first_ros_rclcpp_pkg', 'catkin_cmake_args': None, 'catkin_skip_building_tests': False, 'cmake_args': None, 'cmake_clean_cache': False, 'cmake_clean_first': False, 'cmake_force_configure': False, 'cmake_target': None, 'cmake_target_skip_unavailable': False, 'install_base': '/home/daeyun/Desktop/github repositories_Bigyuun/ros2_ws/install/my_first_ros_rclcpp_pkg', 'merge_install': False, 'path': '/home/daeyun/Desktop/github repositories_Bigyuun/ros2_ws/src/my_first_ros_rclcpp_pkg', 'symlink_install': False, 'test_result_base': None}
[0.238s] Level 5:colcon.colcon_core.verb:set package 'action_tutorials_cpp' build argument 'cmake_args' from command line to 'None'
[0.238s] Level 5:colcon.colcon_core.verb:set package 'action_tutorials_cpp' build argument 'cmake_target' from command line to 'None'
[0.238s] Level 5:colcon.colcon_core.verb:set package 'action_tutorials_cpp' build argument 'cmake_target_skip_unavailable' from command line to 'False'
[0.238s] Level 5:colcon.colcon_core.verb:set package 'action_tutorials_cpp' build argument 'cmake_clean_cache' from command line to 'False'
[0.238s] Level 5:colcon.colcon_core.verb:set package 'action_tutorials_cpp' build argument 'cmake_clean_first' from command line to 'False'
[0.238s] Level 5:colcon.colcon_core.verb:set package 'action_tutorials_cpp' build argument 'cmake_force_configure' from command line to 'False'
[0.238s] Level 5:colcon.colcon_core.verb:set package 'action_tutorials_cpp' build argument 'ament_cmake_args' from command line to 'None'
[0.238s] Level 5:colcon.colcon_core.verb:set package 'action_tutorials_cpp' build argument 'catkin_cmake_args' from command line to 'None'
[0.238s] Level 5:colcon.colcon_core.verb:set package 'action_tutorials_cpp' build argument 'catkin_skip_building_tests' from command line to 'False'
[0.238s] DEBUG:colcon.colcon_core.verb:Building package 'action_tutorials_cpp' with the following arguments: {'ament_cmake_args': None, 'build_base': '/home/daeyun/Desktop/github repositories_Bigyuun/ros2_ws/build/action_tutorials_cpp', 'catkin_cmake_args': None, 'catkin_skip_building_tests': False, 'cmake_args': None, 'cmake_clean_cache': False, 'cmake_clean_first': False, 'cmake_force_configure': False, 'cmake_target': None, 'cmake_target_skip_unavailable': False, 'install_base': '/home/daeyun/Desktop/github repositories_Bigyuun/ros2_ws/install/action_tutorials_cpp', 'merge_install': False, 'path': '/home/daeyun/Desktop/github repositories_Bigyuun/ros2_ws/src/action_tutorials_cpp', 'symlink_install': False, 'test_result_base': None}
[0.238s] Level 5:colcon.colcon_core.verb:set package 'topic_service_action_rclcpp_example' build argument 'cmake_args' from command line to 'None'
[0.238s] Level 5:colcon.colcon_core.verb:set package 'topic_service_action_rclcpp_example' build argument 'cmake_target' from command line to 'None'
[0.238s] Level 5:colcon.colcon_core.verb:set package 'topic_service_action_rclcpp_example' build argument 'cmake_target_skip_unavailable' from command line to 'False'
[0.239s] Level 5:colcon.colcon_core.verb:set package 'topic_service_action_rclcpp_example' build argument 'cmake_clean_cache' from command line to 'False'
[0.239s] Level 5:colcon.colcon_core.verb:set package 'topic_service_action_rclcpp_example' build argument 'cmake_clean_first' from command line to 'False'
[0.239s] Level 5:colcon.colcon_core.verb:set package 'topic_service_action_rclcpp_example' build argument 'cmake_force_configure' from command line to 'False'
[0.239s] Level 5:colcon.colcon_core.verb:set package 'topic_service_action_rclcpp_example' build argument 'ament_cmake_args' from command line to 'None'
[0.239s] Level 5:colcon.colcon_core.verb:set package 'topic_service_action_rclcpp_example' build argument 'catkin_cmake_args' from command line to 'None'
[0.239s] Level 5:colcon.colcon_core.verb:set package 'topic_service_action_rclcpp_example' build argument 'catkin_skip_building_tests' from command line to 'False'
[0.239s] DEBUG:colcon.colcon_core.verb:Building package 'topic_service_action_rclcpp_example' with the following arguments: {'ament_cmake_args': None, 'build_base': '/home/daeyun/Desktop/github repositories_Bigyuun/ros2_ws/build/topic_service_action_rclcpp_example', 'catkin_cmake_args': None, 'catkin_skip_building_tests': False, 'cmake_args': None, 'cmake_clean_cache': False, 'cmake_clean_first': False, 'cmake_force_configure': False, 'cmake_target': None, 'cmake_target_skip_unavailable': False, 'install_base': '/home/daeyun/Desktop/github repositories_Bigyuun/ros2_ws/install/topic_service_action_rclcpp_example', 'merge_install': False, 'path': '/home/daeyun/Desktop/github repositories_Bigyuun/ros2_ws/src/topic_service_action_rclcpp_example', 'symlink_install': False, 'test_result_base': None}
[0.239s] INFO:colcon.colcon_core.executor:Executing jobs using 'parallel' executor
[0.241s] DEBUG:colcon.colcon_parallel_executor.executor.parallel:run_until_complete
[0.241s] INFO:colcon.colcon_ros.task.ament_cmake.build:Building ROS package in '/home/daeyun/Desktop/github repositories_Bigyuun/ros2_ws/src/action_tutorials_interfaces' with build type 'ament_cmake'
[0.241s] INFO:colcon.colcon_cmake.task.cmake.build:Building CMake package in '/home/daeyun/Desktop/github repositories_Bigyuun/ros2_ws/src/action_tutorials_interfaces'
[0.243s] INFO:colcon.colcon_core.plugin_system:Skipping extension 'colcon_core.shell.bat': Not used on non-Windows systems
[0.243s] INFO:colcon.colcon_core.shell:Skip shell extension 'powershell' for command environment: Not usable outside of PowerShell
[0.243s] DEBUG:colcon.colcon_core.shell:Skip shell extension 'dsv' for command environment
[0.247s] INFO:colcon.colcon_ros.task.ament_cmake.build:Building ROS package in '/home/daeyun/Desktop/github repositories_Bigyuun/ros2_ws/src/msg_srv_action_interface_example' with build type 'ament_cmake'
[0.247s] INFO:colcon.colcon_cmake.task.cmake.build:Building CMake package in '/home/daeyun/Desktop/github repositories_Bigyuun/ros2_ws/src/msg_srv_action_interface_example'
[0.248s] INFO:colcon.colcon_core.shell:Skip shell extension 'powershell' for command environment: Not usable outside of PowerShell
[0.248s] DEBUG:colcon.colcon_core.shell:Skip shell extension 'dsv' for command environment
[0.252s] INFO:colcon.colcon_ros.task.ament_cmake.build:Building ROS package in '/home/daeyun/Desktop/github repositories_Bigyuun/ros2_ws/src/my_first_ros_rclcpp_pkg' with build type 'ament_cmake'
[0.252s] INFO:colcon.colcon_cmake.task.cmake.build:Building CMake package in '/home/daeyun/Desktop/github repositories_Bigyuun/ros2_ws/src/my_first_ros_rclcpp_pkg'
[0.253s] INFO:colcon.colcon_core.shell:Skip shell extension 'powershell' for command environment: Not usable outside of PowerShell
[0.253s] DEBUG:colcon.colcon_core.shell:Skip shell extension 'dsv' for command environment
[0.259s] DEBUG:colcon.colcon_core.event_handler.log_command:Invoking command in '/home/daeyun/Desktop/github repositories_Bigyuun/ros2_ws/build/action_tutorials_interfaces': CMAKE_PREFIX_PATH=${CMAKE_PREFIX_PATH}:/home/daeyun/ws_moveit2/install/moveit_configs_utils:/home/daeyun/ws_moveit2/install/launch_param_builder:/opt/ros/humble /usr/bin/cmake --build /home/daeyun/Desktop/github repositories_Bigyuun/ros2_ws/build/action_tutorials_interfaces -- -j20 -l20
[0.261s] DEBUG:colcon.colcon_core.event_handler.log_command:Invoking command in '/home/daeyun/Desktop/github repositories_Bigyuun/ros2_ws/build/msg_srv_action_interface_example': CMAKE_PREFIX_PATH=${CMAKE_PREFIX_PATH}:/home/daeyun/ws_moveit2/install/moveit_configs_utils:/home/daeyun/ws_moveit2/install/launch_param_builder:/opt/ros/humble /usr/bin/cmake --build /home/daeyun/Desktop/github repositories_Bigyuun/ros2_ws/build/msg_srv_action_interface_example -- -j20 -l20
[0.263s] DEBUG:colcon.colcon_core.event_handler.log_command:Invoking command in '/home/daeyun/Desktop/github repositories_Bigyuun/ros2_ws/build/my_first_ros_rclcpp_pkg': CMAKE_PREFIX_PATH=${CMAKE_PREFIX_PATH}:/home/daeyun/ws_moveit2/install/moveit_configs_utils:/home/daeyun/ws_moveit2/install/launch_param_builder:/opt/ros/humble /usr/bin/cmake --build /home/daeyun/Desktop/github repositories_Bigyuun/ros2_ws/build/my_first_ros_rclcpp_pkg -- -j20 -l20
[0.317s] DEBUG:colcon.colcon_core.event_handler.log_command:Invoked command in '/home/daeyun/Desktop/github repositories_Bigyuun/ros2_ws/build/my_first_ros_rclcpp_pkg' returned '0': CMAKE_PREFIX_PATH=${CMAKE_PREFIX_PATH}:/home/daeyun/ws_moveit2/install/moveit_configs_utils:/home/daeyun/ws_moveit2/install/launch_param_builder:/opt/ros/humble /usr/bin/cmake --build /home/daeyun/Desktop/github repositories_Bigyuun/ros2_ws/build/my_first_ros_rclcpp_pkg -- -j20 -l20
[0.349s] DEBUG:colcon.colcon_core.event_handler.log_command:Invoking command in '/home/daeyun/Desktop/github repositories_Bigyuun/ros2_ws/build/my_first_ros_rclcpp_pkg': CMAKE_PREFIX_PATH=${CMAKE_PREFIX_PATH}:/home/daeyun/ws_moveit2/install/moveit_configs_utils:/home/daeyun/ws_moveit2/install/launch_param_builder:/opt/ros/humble /usr/bin/cmake --install /home/daeyun/Desktop/github repositories_Bigyuun/ros2_ws/build/my_first_ros_rclcpp_pkg
[0.355s] Level 1:colcon.colcon_core.environment:create_environment_scripts_only(my_first_ros_rclcpp_pkg)
[0.358s] Level 1:colcon.colcon_core.environment:checking '/home/daeyun/Desktop/github repositories_Bigyuun/ros2_ws/install/my_first_ros_rclcpp_pkg' for CMake module files
[0.358s] Level 1:colcon.colcon_core.environment:checking '/home/daeyun/Desktop/github repositories_Bigyuun/ros2_ws/install/my_first_ros_rclcpp_pkg' for CMake config files
[0.358s] Level 1:colcon.colcon_core.shell:create_environment_hook('my_first_ros_rclcpp_pkg', 'cmake_prefix_path')
[0.359s] INFO:colcon.colcon_core.shell:Creating environment hook '/home/daeyun/Desktop/github repositories_Bigyuun/ros2_ws/install/my_first_ros_rclcpp_pkg/share/my_first_ros_rclcpp_pkg/hook/cmake_prefix_path.ps1'
[0.359s] DEBUG:colcon.colcon_core.event_handler.log_command:Invoked command in '/home/daeyun/Desktop/github repositories_Bigyuun/ros2_ws/build/my_first_ros_rclcpp_pkg' returned '0': CMAKE_PREFIX_PATH=${CMAKE_PREFIX_PATH}:/home/daeyun/ws_moveit2/install/moveit_configs_utils:/home/daeyun/ws_moveit2/install/launch_param_builder:/opt/ros/humble /usr/bin/cmake --install /home/daeyun/Desktop/github repositories_Bigyuun/ros2_ws/build/my_first_ros_rclcpp_pkg
[0.359s] INFO:colcon.colcon_core.shell:Creating environment descriptor '/home/daeyun/Desktop/github repositories_Bigyuun/ros2_ws/install/my_first_ros_rclcpp_pkg/share/my_first_ros_rclcpp_pkg/hook/cmake_prefix_path.dsv'
[0.360s] INFO:colcon.colcon_core.shell:Creating environment hook '/home/daeyun/Desktop/github repositories_Bigyuun/ros2_ws/install/my_first_ros_rclcpp_pkg/share/my_first_ros_rclcpp_pkg/hook/cmake_prefix_path.sh'
[0.360s] Level 1:colcon.colcon_core.environment:checking '/home/daeyun/Desktop/github repositories_Bigyuun/ros2_ws/install/my_first_ros_rclcpp_pkg/lib'
[0.360s] Level 1:colcon.colcon_core.environment:checking '/home/daeyun/Desktop/github repositories_Bigyuun/ros2_ws/install/my_first_ros_rclcpp_pkg/bin'
[0.360s] Level 1:colcon.colcon_core.environment:checking '/home/daeyun/Desktop/github repositories_Bigyuun/ros2_ws/install/my_first_ros_rclcpp_pkg/lib/pkgconfig/my_first_ros_rclcpp_pkg.pc'
[0.360s] Level 1:colcon.colcon_core.environment:checking '/home/daeyun/Desktop/github repositories_Bigyuun/ros2_ws/install/my_first_ros_rclcpp_pkg/lib/python3.10/site-packages'
[0.361s] Level 1:colcon.colcon_core.environment:checking '/home/daeyun/Desktop/github repositories_Bigyuun/ros2_ws/install/my_first_ros_rclcpp_pkg/bin'
[0.361s] INFO:colcon.colcon_core.shell:Creating package script '/home/daeyun/Desktop/github repositories_Bigyuun/ros2_ws/install/my_first_ros_rclcpp_pkg/share/my_first_ros_rclcpp_pkg/package.ps1'
[0.362s] INFO:colcon.colcon_core.shell:Creating package descriptor '/home/daeyun/Desktop/github repositories_Bigyuun/ros2_ws/install/my_first_ros_rclcpp_pkg/share/my_first_ros_rclcpp_pkg/package.dsv'
[0.362s] INFO:colcon.colcon_core.shell:Creating package script '/home/daeyun/Desktop/github repositories_Bigyuun/ros2_ws/install/my_first_ros_rclcpp_pkg/share/my_first_ros_rclcpp_pkg/package.sh'
[0.363s] INFO:colcon.colcon_core.shell:Creating package script '/home/daeyun/Desktop/github repositories_Bigyuun/ros2_ws/install/my_first_ros_rclcpp_pkg/share/my_first_ros_rclcpp_pkg/package.bash'
[0.363s] INFO:colcon.colcon_core.shell:Creating package script '/home/daeyun/Desktop/github repositories_Bigyuun/ros2_ws/install/my_first_ros_rclcpp_pkg/share/my_first_ros_rclcpp_pkg/package.zsh'
[0.363s] Level 1:colcon.colcon_core.environment:create_file_with_runtime_dependencies(/home/daeyun/Desktop/github repositories_Bigyuun/ros2_ws/install/my_first_ros_rclcpp_pkg/share/colcon-core/packages/my_first_ros_rclcpp_pkg)
[0.391s] Level 1:colcon.colcon_core.environment:create_environment_scripts_only(my_first_ros_rclcpp_pkg)
[0.393s] Level 1:colcon.colcon_core.environment:checking '/home/daeyun/Desktop/github repositories_Bigyuun/ros2_ws/install/my_first_ros_rclcpp_pkg' for CMake module files
[0.393s] Level 1:colcon.colcon_core.environment:checking '/home/daeyun/Desktop/github repositories_Bigyuun/ros2_ws/install/my_first_ros_rclcpp_pkg' for CMake config files
[0.393s] Level 1:colcon.colcon_core.shell:create_environment_hook('my_first_ros_rclcpp_pkg', 'cmake_prefix_path')
[0.394s] INFO:colcon.colcon_core.shell:Creating environment hook '/home/daeyun/Desktop/github repositories_Bigyuun/ros2_ws/install/my_first_ros_rclcpp_pkg/share/my_first_ros_rclcpp_pkg/hook/cmake_prefix_path.ps1'
[0.395s] INFO:colcon.colcon_core.shell:Creating environment descriptor '/home/daeyun/Desktop/github repositories_Bigyuun/ros2_ws/install/my_first_ros_rclcpp_pkg/share/my_first_ros_rclcpp_pkg/hook/cmake_prefix_path.dsv'
[0.395s] INFO:colcon.colcon_core.shell:Creating environment hook '/home/daeyun/Desktop/github repositories_Bigyuun/ros2_ws/install/my_first_ros_rclcpp_pkg/share/my_first_ros_rclcpp_pkg/hook/cmake_prefix_path.sh'
[0.396s] Level 1:colcon.colcon_core.environment:checking '/home/daeyun/Desktop/github repositories_Bigyuun/ros2_ws/install/my_first_ros_rclcpp_pkg/lib'
[0.396s] Level 1:colcon.colcon_core.environment:checking '/home/daeyun/Desktop/github repositories_Bigyuun/ros2_ws/install/my_first_ros_rclcpp_pkg/bin'
[0.396s] Level 1:colcon.colcon_core.environment:checking '/home/daeyun/Desktop/github repositories_Bigyuun/ros2_ws/install/my_first_ros_rclcpp_pkg/lib/pkgconfig/my_first_ros_rclcpp_pkg.pc'
[0.396s] Level 1:colcon.colcon_core.environment:checking '/home/daeyun/Desktop/github repositories_Bigyuun/ros2_ws/install/my_first_ros_rclcpp_pkg/lib/python3.10/site-packages'
[0.396s] Level 1:colcon.colcon_core.environment:checking '/home/daeyun/Desktop/github repositories_Bigyuun/ros2_ws/install/my_first_ros_rclcpp_pkg/bin'
[0.397s] INFO:colcon.colcon_core.shell:Creating package script '/home/daeyun/Desktop/github repositories_Bigyuun/ros2_ws/install/my_first_ros_rclcpp_pkg/share/my_first_ros_rclcpp_pkg/package.ps1'
[0.398s] INFO:colcon.colcon_core.shell:Creating package descriptor '/home/daeyun/Desktop/github repositories_Bigyuun/ros2_ws/install/my_first_ros_rclcpp_pkg/share/my_first_ros_rclcpp_pkg/package.dsv'
[0.398s] INFO:colcon.colcon_core.shell:Creating package script '/home/daeyun/Desktop/github repositories_Bigyuun/ros2_ws/install/my_first_ros_rclcpp_pkg/share/my_first_ros_rclcpp_pkg/package.sh'
[0.398s] INFO:colcon.colcon_core.shell:Creating package script '/home/daeyun/Desktop/github repositories_Bigyuun/ros2_ws/install/my_first_ros_rclcpp_pkg/share/my_first_ros_rclcpp_pkg/package.bash'
[0.399s] INFO:colcon.colcon_core.shell:Creating package script '/home/daeyun/Desktop/github repositories_Bigyuun/ros2_ws/install/my_first_ros_rclcpp_pkg/share/my_first_ros_rclcpp_pkg/package.zsh'
[0.399s] Level 1:colcon.colcon_core.environment:create_file_with_runtime_dependencies(/home/daeyun/Desktop/github repositories_Bigyuun/ros2_ws/install/my_first_ros_rclcpp_pkg/share/colcon-core/packages/my_first_ros_rclcpp_pkg)
[0.467s] DEBUG:colcon.colcon_core.event_handler.log_command:Invoked command in '/home/daeyun/Desktop/github repositories_Bigyuun/ros2_ws/build/action_tutorials_interfaces' returned '0': CMAKE_PREFIX_PATH=${CMAKE_PREFIX_PATH}:/home/daeyun/ws_moveit2/install/moveit_configs_utils:/home/daeyun/ws_moveit2/install/launch_param_builder:/opt/ros/humble /usr/bin/cmake --build /home/daeyun/Desktop/github repositories_Bigyuun/ros2_ws/build/action_tutorials_interfaces -- -j20 -l20
[0.478s] DEBUG:colcon.colcon_core.event_handler.log_command:Invoked command in '/home/daeyun/Desktop/github repositories_Bigyuun/ros2_ws/build/msg_srv_action_interface_example' returned '0': CMAKE_PREFIX_PATH=${CMAKE_PREFIX_PATH}:/home/daeyun/ws_moveit2/install/moveit_configs_utils:/home/daeyun/ws_moveit2/install/launch_param_builder:/opt/ros/humble /usr/bin/cmake --build /home/daeyun/Desktop/github repositories_Bigyuun/ros2_ws/build/msg_srv_action_interface_example -- -j20 -l20
[0.521s] DEBUG:colcon.colcon_core.event_handler.log_command:Invoking command in '/home/daeyun/Desktop/github repositories_Bigyuun/ros2_ws/build/action_tutorials_interfaces': CMAKE_PREFIX_PATH=${CMAKE_PREFIX_PATH}:/home/daeyun/ws_moveit2/install/moveit_configs_utils:/home/daeyun/ws_moveit2/install/launch_param_builder:/opt/ros/humble /usr/bin/cmake --install /home/daeyun/Desktop/github repositories_Bigyuun/ros2_ws/build/action_tutorials_interfaces
[0.552s] Level 1:colcon.colcon_core.environment:create_environment_scripts_only(action_tutorials_interfaces)
[0.553s] Level 1:colcon.colcon_core.environment:checking '/home/daeyun/Desktop/github repositories_Bigyuun/ros2_ws/install/action_tutorials_interfaces' for CMake module files
[0.554s] Level 1:colcon.colcon_core.environment:checking '/home/daeyun/Desktop/github repositories_Bigyuun/ros2_ws/install/action_tutorials_interfaces' for CMake config files
[0.554s] Level 1:colcon.colcon_core.shell:create_environment_hook('action_tutorials_interfaces', 'cmake_prefix_path')
[0.555s] INFO:colcon.colcon_core.shell:Creating environment hook '/home/daeyun/Desktop/github repositories_Bigyuun/ros2_ws/install/action_tutorials_interfaces/share/action_tutorials_interfaces/hook/cmake_prefix_path.ps1'
[0.555s] INFO:colcon.colcon_core.shell:Creating environment descriptor '/home/daeyun/Desktop/github repositories_Bigyuun/ros2_ws/install/action_tutorials_interfaces/share/action_tutorials_interfaces/hook/cmake_prefix_path.dsv'
[0.556s] INFO:colcon.colcon_core.shell:Creating environment hook '/home/daeyun/Desktop/github repositories_Bigyuun/ros2_ws/install/action_tutorials_interfaces/share/action_tutorials_interfaces/hook/cmake_prefix_path.sh'
[0.556s] DEBUG:colcon.colcon_core.event_handler.log_command:Invoked command in '/home/daeyun/Desktop/github repositories_Bigyuun/ros2_ws/build/action_tutorials_interfaces' returned '0': CMAKE_PREFIX_PATH=${CMAKE_PREFIX_PATH}:/home/daeyun/ws_moveit2/install/moveit_configs_utils:/home/daeyun/ws_moveit2/install/launch_param_builder:/opt/ros/humble /usr/bin/cmake --install /home/daeyun/Desktop/github repositories_Bigyuun/ros2_ws/build/action_tutorials_interfaces
[0.557s] Level 1:colcon.colcon_core.environment:checking '/home/daeyun/Desktop/github repositories_Bigyuun/ros2_ws/install/action_tutorials_interfaces/lib'
[0.557s] Level 1:colcon.colcon_core.shell:create_environment_hook('action_tutorials_interfaces', 'ld_library_path_lib')
[0.557s] INFO:colcon.colcon_core.shell:Creating environment hook '/home/daeyun/Desktop/github repositories_Bigyuun/ros2_ws/install/action_tutorials_interfaces/share/action_tutorials_interfaces/hook/ld_library_path_lib.ps1'
[0.558s] INFO:colcon.colcon_core.shell:Creating environment descriptor '/home/daeyun/Desktop/github repositories_Bigyuun/ros2_ws/install/action_tutorials_interfaces/share/action_tutorials_interfaces/hook/ld_library_path_lib.dsv'
[0.558s] INFO:colcon.colcon_core.shell:Creating environment hook '/home/daeyun/Desktop/github repositories_Bigyuun/ros2_ws/install/action_tutorials_interfaces/share/action_tutorials_interfaces/hook/ld_library_path_lib.sh'
[0.558s] Level 1:colcon.colcon_core.environment:checking '/home/daeyun/Desktop/github repositories_Bigyuun/ros2_ws/install/action_tutorials_interfaces/bin'
[0.558s] Level 1:colcon.colcon_core.environment:checking '/home/daeyun/Desktop/github repositories_Bigyuun/ros2_ws/install/action_tutorials_interfaces/lib/pkgconfig/action_tutorials_interfaces.pc'
[0.558s] Level 1:colcon.colcon_core.environment:checking '/home/daeyun/Desktop/github repositories_Bigyuun/ros2_ws/install/action_tutorials_interfaces/lib/python3.10/site-packages'
[0.558s] Level 1:colcon.colcon_core.environment:checking '/home/daeyun/Desktop/github repositories_Bigyuun/ros2_ws/install/action_tutorials_interfaces/bin'
[0.559s] INFO:colcon.colcon_core.shell:Creating package script '/home/daeyun/Desktop/github repositories_Bigyuun/ros2_ws/install/action_tutorials_interfaces/share/action_tutorials_interfaces/package.ps1'
[0.559s] INFO:colcon.colcon_core.shell:Creating package descriptor '/home/daeyun/Desktop/github repositories_Bigyuun/ros2_ws/install/action_tutorials_interfaces/share/action_tutorials_interfaces/package.dsv'
[0.559s] INFO:colcon.colcon_core.shell:Creating package script '/home/daeyun/Desktop/github repositories_Bigyuun/ros2_ws/install/action_tutorials_interfaces/share/action_tutorials_interfaces/package.sh'
[0.560s] INFO:colcon.colcon_core.shell:Creating package script '/home/daeyun/Desktop/github repositories_Bigyuun/ros2_ws/install/action_tutorials_interfaces/share/action_tutorials_interfaces/package.bash'
[0.560s] INFO:colcon.colcon_core.shell:Creating package script '/home/daeyun/Desktop/github repositories_Bigyuun/ros2_ws/install/action_tutorials_interfaces/share/action_tutorials_interfaces/package.zsh'
[0.560s] Level 1:colcon.colcon_core.environment:create_file_with_runtime_dependencies(/home/daeyun/Desktop/github repositories_Bigyuun/ros2_ws/install/action_tutorials_interfaces/share/colcon-core/packages/action_tutorials_interfaces)
[0.566s] DEBUG:colcon.colcon_core.event_handler.log_command:Invoking command in '/home/daeyun/Desktop/github repositories_Bigyuun/ros2_ws/build/msg_srv_action_interface_example': CMAKE_PREFIX_PATH=${CMAKE_PREFIX_PATH}:/home/daeyun/ws_moveit2/install/moveit_configs_utils:/home/daeyun/ws_moveit2/install/launch_param_builder:/opt/ros/humble /usr/bin/cmake --install /home/daeyun/Desktop/github repositories_Bigyuun/ros2_ws/build/msg_srv_action_interface_example
[0.598s] Level 1:colcon.colcon_core.environment:create_environment_scripts_only(msg_srv_action_interface_example)
[0.599s] Level 1:colcon.colcon_core.environment:checking '/home/daeyun/Desktop/github repositories_Bigyuun/ros2_ws/install/msg_srv_action_interface_example' for CMake module files
[0.599s] DEBUG:colcon.colcon_core.event_handler.log_command:Invoked command in '/home/daeyun/Desktop/github repositories_Bigyuun/ros2_ws/build/msg_srv_action_interface_example' returned '0': CMAKE_PREFIX_PATH=${CMAKE_PREFIX_PATH}:/home/daeyun/ws_moveit2/install/moveit_configs_utils:/home/daeyun/ws_moveit2/install/launch_param_builder:/opt/ros/humble /usr/bin/cmake --install /home/daeyun/Desktop/github repositories_Bigyuun/ros2_ws/build/msg_srv_action_interface_example
[0.600s] Level 1:colcon.colcon_core.environment:checking '/home/daeyun/Desktop/github repositories_Bigyuun/ros2_ws/install/msg_srv_action_interface_example' for CMake config files
[0.600s] Level 1:colcon.colcon_core.shell:create_environment_hook('msg_srv_action_interface_example', 'cmake_prefix_path')
[0.601s] INFO:colcon.colcon_core.shell:Creating environment hook '/home/daeyun/Desktop/github repositories_Bigyuun/ros2_ws/install/msg_srv_action_interface_example/share/msg_srv_action_interface_example/hook/cmake_prefix_path.ps1'
[0.601s] INFO:colcon.colcon_core.shell:Creating environment descriptor '/home/daeyun/Desktop/github repositories_Bigyuun/ros2_ws/install/msg_srv_action_interface_example/share/msg_srv_action_interface_example/hook/cmake_prefix_path.dsv'
[0.601s] INFO:colcon.colcon_core.shell:Creating environment hook '/home/daeyun/Desktop/github repositories_Bigyuun/ros2_ws/install/msg_srv_action_interface_example/share/msg_srv_action_interface_example/hook/cmake_prefix_path.sh'
[0.601s] Level 1:colcon.colcon_core.environment:checking '/home/daeyun/Desktop/github repositories_Bigyuun/ros2_ws/install/msg_srv_action_interface_example/lib'
[0.602s] Level 1:colcon.colcon_core.shell:create_environment_hook('msg_srv_action_interface_example', 'ld_library_path_lib')
[0.602s] INFO:colcon.colcon_core.shell:Creating environment hook '/home/daeyun/Desktop/github repositories_Bigyuun/ros2_ws/install/msg_srv_action_interface_example/share/msg_srv_action_interface_example/hook/ld_library_path_lib.ps1'
[0.602s] INFO:colcon.colcon_core.shell:Creating environment descriptor '/home/daeyun/Desktop/github repositories_Bigyuun/ros2_ws/install/msg_srv_action_interface_example/share/msg_srv_action_interface_example/hook/ld_library_path_lib.dsv'
[0.603s] INFO:colcon.colcon_core.shell:Creating environment hook '/home/daeyun/Desktop/github repositories_Bigyuun/ros2_ws/install/msg_srv_action_interface_example/share/msg_srv_action_interface_example/hook/ld_library_path_lib.sh'
[0.603s] Level 1:colcon.colcon_core.environment:checking '/home/daeyun/Desktop/github repositories_Bigyuun/ros2_ws/install/msg_srv_action_interface_example/bin'
[0.603s] Level 1:colcon.colcon_core.environment:checking '/home/daeyun/Desktop/github repositories_Bigyuun/ros2_ws/install/msg_srv_action_interface_example/lib/pkgconfig/msg_srv_action_interface_example.pc'
[0.603s] Level 1:colcon.colcon_core.environment:checking '/home/daeyun/Desktop/github repositories_Bigyuun/ros2_ws/install/msg_srv_action_interface_example/lib/python3.10/site-packages'
[0.603s] Level 1:colcon.colcon_core.environment:checking '/home/daeyun/Desktop/github repositories_Bigyuun/ros2_ws/install/msg_srv_action_interface_example/bin'
[0.604s] INFO:colcon.colcon_core.shell:Creating package script '/home/daeyun/Desktop/github repositories_Bigyuun/ros2_ws/install/msg_srv_action_interface_example/share/msg_srv_action_interface_example/package.ps1'
[0.604s] INFO:colcon.colcon_core.shell:Creating package descriptor '/home/daeyun/Desktop/github repositories_Bigyuun/ros2_ws/install/msg_srv_action_interface_example/share/msg_srv_action_interface_example/package.dsv'
[0.604s] INFO:colcon.colcon_core.shell:Creating package script '/home/daeyun/Desktop/github repositories_Bigyuun/ros2_ws/install/msg_srv_action_interface_example/share/msg_srv_action_interface_example/package.sh'
[0.604s] INFO:colcon.colcon_core.shell:Creating package script '/home/daeyun/Desktop/github repositories_Bigyuun/ros2_ws/install/msg_srv_action_interface_example/share/msg_srv_action_interface_example/package.bash'
[0.604s] INFO:colcon.colcon_core.shell:Creating package script '/home/daeyun/Desktop/github repositories_Bigyuun/ros2_ws/install/msg_srv_action_interface_example/share/msg_srv_action_interface_example/package.zsh'
[0.605s] Level 1:colcon.colcon_core.environment:create_file_with_runtime_dependencies(/home/daeyun/Desktop/github repositories_Bigyuun/ros2_ws/install/msg_srv_action_interface_example/share/colcon-core/packages/msg_srv_action_interface_example)
[0.615s] Level 1:colcon.colcon_core.environment:create_environment_scripts_only(action_tutorials_interfaces)
[0.616s] Level 1:colcon.colcon_core.environment:checking '/home/daeyun/Desktop/github repositories_Bigyuun/ros2_ws/install/action_tutorials_interfaces' for CMake module files
[0.617s] Level 1:colcon.colcon_core.environment:checking '/home/daeyun/Desktop/github repositories_Bigyuun/ros2_ws/install/action_tutorials_interfaces' for CMake config files
[0.617s] Level 1:colcon.colcon_core.shell:create_environment_hook('action_tutorials_interfaces', 'cmake_prefix_path')
[0.617s] INFO:colcon.colcon_core.shell:Creating environment hook '/home/daeyun/Desktop/github repositories_Bigyuun/ros2_ws/install/action_tutorials_interfaces/share/action_tutorials_interfaces/hook/cmake_prefix_path.ps1'
[0.618s] INFO:colcon.colcon_core.shell:Creating environment descriptor '/home/daeyun/Desktop/github repositories_Bigyuun/ros2_ws/install/action_tutorials_interfaces/share/action_tutorials_interfaces/hook/cmake_prefix_path.dsv'
[0.618s] INFO:colcon.colcon_core.shell:Creating environment hook '/home/daeyun/Desktop/github repositories_Bigyuun/ros2_ws/install/action_tutorials_interfaces/share/action_tutorials_interfaces/hook/cmake_prefix_path.sh'
[0.618s] Level 1:colcon.colcon_core.environment:checking '/home/daeyun/Desktop/github repositories_Bigyuun/ros2_ws/install/action_tutorials_interfaces/lib'
[0.618s] Level 1:colcon.colcon_core.shell:create_environment_hook('action_tutorials_interfaces', 'ld_library_path_lib')
[0.619s] INFO:colcon.colcon_core.shell:Creating environment hook '/home/daeyun/Desktop/github repositories_Bigyuun/ros2_ws/install/action_tutorials_interfaces/share/action_tutorials_interfaces/hook/ld_library_path_lib.ps1'
[0.619s] INFO:colcon.colcon_core.shell:Creating environment descriptor '/home/daeyun/Desktop/github repositories_Bigyuun/ros2_ws/install/action_tutorials_interfaces/share/action_tutorials_interfaces/hook/ld_library_path_lib.dsv'
[0.619s] INFO:colcon.colcon_core.shell:Creating environment hook '/home/daeyun/Desktop/github repositories_Bigyuun/ros2_ws/install/action_tutorials_interfaces/share/action_tutorials_interfaces/hook/ld_library_path_lib.sh'
[0.619s] Level 1:colcon.colcon_core.environment:checking '/home/daeyun/Desktop/github repositories_Bigyuun/ros2_ws/install/action_tutorials_interfaces/bin'
[0.619s] Level 1:colcon.colcon_core.environment:checking '/home/daeyun/Desktop/github repositories_Bigyuun/ros2_ws/install/action_tutorials_interfaces/lib/pkgconfig/action_tutorials_interfaces.pc'
[0.619s] Level 1:colcon.colcon_core.environment:checking '/home/daeyun/Desktop/github repositories_Bigyuun/ros2_ws/install/action_tutorials_interfaces/lib/python3.10/site-packages'
[0.619s] Level 1:colcon.colcon_core.environment:checking '/home/daeyun/Desktop/github repositories_Bigyuun/ros2_ws/install/action_tutorials_interfaces/bin'
[0.620s] INFO:colcon.colcon_core.shell:Creating package script '/home/daeyun/Desktop/github repositories_Bigyuun/ros2_ws/install/action_tutorials_interfaces/share/action_tutorials_interfaces/package.ps1'
[0.620s] INFO:colcon.colcon_core.shell:Creating package descriptor '/home/daeyun/Desktop/github repositories_Bigyuun/ros2_ws/install/action_tutorials_interfaces/share/action_tutorials_interfaces/package.dsv'
[0.621s] INFO:colcon.colcon_core.shell:Creating package script '/home/daeyun/Desktop/github repositories_Bigyuun/ros2_ws/install/action_tutorials_interfaces/share/action_tutorials_interfaces/package.sh'
[0.621s] INFO:colcon.colcon_core.shell:Creating package script '/home/daeyun/Desktop/github repositories_Bigyuun/ros2_ws/install/action_tutorials_interfaces/share/action_tutorials_interfaces/package.bash'
[0.621s] INFO:colcon.colcon_core.shell:Creating package script '/home/daeyun/Desktop/github repositories_Bigyuun/ros2_ws/install/action_tutorials_interfaces/share/action_tutorials_interfaces/package.zsh'
[0.621s] Level 1:colcon.colcon_core.environment:create_file_with_runtime_dependencies(/home/daeyun/Desktop/github repositories_Bigyuun/ros2_ws/install/action_tutorials_interfaces/share/colcon-core/packages/action_tutorials_interfaces)
[0.621s] INFO:colcon.colcon_ros.task.ament_cmake.build:Building ROS package in '/home/daeyun/Desktop/github repositories_Bigyuun/ros2_ws/src/action_tutorials_cpp' with build type 'ament_cmake'
[0.621s] INFO:colcon.colcon_cmake.task.cmake.build:Building CMake package in '/home/daeyun/Desktop/github repositories_Bigyuun/ros2_ws/src/action_tutorials_cpp'
[0.622s] INFO:colcon.colcon_core.shell:Skip shell extension 'powershell' for command environment: Not usable outside of PowerShell
[0.622s] DEBUG:colcon.colcon_core.shell:Skip shell extension 'dsv' for command environment
[0.633s] DEBUG:colcon.colcon_core.event_handler.log_command:Invoking command in '/home/daeyun/Desktop/github repositories_Bigyuun/ros2_ws/build/action_tutorials_cpp': CMAKE_PREFIX_PATH=/home/daeyun/Desktop/github repositories_Bigyuun/ros2_ws/install/action_tutorials_interfaces:/home/daeyun/Desktop/github repositories_Bigyuun/ros2_ws/install/topic_service_action_rclcpp_example:/home/daeyun/Desktop/github repositories_Bigyuun/ros2_ws/install/my_first_ros_rclcpp_pkg:/home/daeyun/Desktop/github repositories_Bigyuun/ros2_ws/install/msg_srv_action_interface_example:/home/daeyun/ws_moveit2/install/pilz_industrial_motion_planner_testutils:/home/daeyun/ws_moveit2/install/moveit_runtime:/home/daeyun/ws_moveit2/install/moveit2_tutorials:/home/daeyun/ws_moveit2/install/moveit:/home/daeyun/ws_moveit2/install/moveit_planners:/home/daeyun/ws_moveit2/install/pilz_industrial_motion_planner:/home/daeyun/ws_moveit2/install/moveit_visual_tools:/home/daeyun/ws_moveit2/install/moveit_task_constructor_visualization:/home/daeyun/ws_moveit2/install/moveit_task_constructor_demo:/home/daeyun/ws_moveit2/install/moveit_task_constructor_capabilities:/home/daeyun/ws_moveit2/install/moveit_task_constructor_core:/home/daeyun/ws_moveit2/install/moveit_ros_control_interface:/home/daeyun/ws_moveit2/install/moveit_plugins:/home/daeyun/ws_moveit2/install/moveit_simple_controller_manager:/home/daeyun/ws_moveit2/install/moveit_setup_assistant:/home/daeyun/ws_moveit2/install/moveit_setup_srdf_plugins:/home/daeyun/ws_moveit2/install/moveit_setup_core_plugins:/home/daeyun/ws_moveit2/install/moveit_setup_controllers:/home/daeyun/ws_moveit2/install/moveit_setup_app_plugins:/home/daeyun/ws_moveit2/install/moveit_setup_framework:/home/daeyun/ws_moveit2/install/moveit_servo:/home/daeyun/ws_moveit2/install/moveit_ros:/home/daeyun/ws_moveit2/install/moveit_ros_visualization:/home/daeyun/ws_moveit2/install/moveit_hybrid_planning:/home/daeyun/ws_moveit2/install/moveit_ros_planning_interface:/home/daeyun/ws_moveit2/install/moveit_ros_benchmarks:/home/daeyun/ws_moveit2/install/moveit_ros_warehouse:/home/daeyun/ws_moveit2/install/moveit_ros_robot_interaction:/home/daeyun/ws_moveit2/install/moveit_ros_perception:/home/daeyun/ws_moveit2/install/moveit_resources_prbt_pg70_support:/home/daeyun/ws_moveit2/install/moveit_resources_prbt_moveit_config:/home/daeyun/ws_moveit2/install/moveit_ros_move_group:/home/daeyun/ws_moveit2/install/moveit_planners_ompl:/home/daeyun/ws_moveit2/install/moveit_ros_planning:/home/daeyun/ws_moveit2/install/moveit_ros_occupancy_map_monitor:/home/daeyun/ws_moveit2/install/moveit_resources_prbt_ikfast_manipulator_plugin:/home/daeyun/ws_moveit2/install/moveit_planners_chomp:/home/daeyun/ws_moveit2/install/moveit_kinematics:/home/daeyun/ws_moveit2/install/moveit_chomp_optimizer_adapter:/home/daeyun/ws_moveit2/install/chomp_motion_planner:/home/daeyun/ws_moveit2/install/moveit_core:/home/daeyun/ws_moveit2/install/srdfdom:/home/daeyun/ws_moveit2/install/rviz_marker_tools:/home/daeyun/ws_moveit2/install/rosparam_shortcuts:/home/daeyun/ws_moveit2/install/moveit_task_constructor_msgs:/home/daeyun/ws_moveit2/install/moveit_resources_prbt_support:/home/daeyun/ws_moveit2/install/moveit_resources:/home/daeyun/ws_moveit2/install/moveit_resources_pr2_description:/home/daeyun/ws_moveit2/install/moveit_resources_panda_moveit_config:/home/daeyun/ws_moveit2/install/moveit_resources_panda_description:/home/daeyun/ws_moveit2/install/moveit_resources_fanuc_moveit_config:/home/daeyun/ws_moveit2/install/moveit_resources_fanuc_description:/home/daeyun/ws_moveit2/install/moveit_common:/home/daeyun/ws_moveit2/install/moveit_configs_utils:/home/daeyun/ws_moveit2/install/launch_param_builder:/opt/ros/humble LD_LIBRARY_PATH=/home/daeyun/Desktop/github repositories_Bigyuun/ros2_ws/install/action_tutorials_interfaces/lib:/home/daeyun/Desktop/github repositories_Bigyuun/ros2_ws/install/msg_srv_action_interface_example/lib:/home/daeyun/ws_moveit2/install/pilz_industrial_motion_planner_testutils/lib:/home/daeyun/ws_moveit2/install/pilz_industrial_motion_planner/lib:/home/daeyun/ws_moveit2/install/moveit_visual_tools/lib:/home/daeyun/ws_moveit2/install/moveit_task_constructor_visualization/lib:/home/daeyun/ws_moveit2/install/moveit_task_constructor_demo/lib:/home/daeyun/ws_moveit2/install/moveit_task_constructor_capabilities/lib:/home/daeyun/ws_moveit2/install/moveit_task_constructor_core/lib:/home/daeyun/ws_moveit2/install/moveit_ros_control_interface/lib:/home/daeyun/ws_moveit2/install/moveit_simple_controller_manager/lib:/home/daeyun/ws_moveit2/install/moveit_setup_assistant/lib:/home/daeyun/ws_moveit2/install/moveit_setup_srdf_plugins/lib:/home/daeyun/ws_moveit2/install/moveit_setup_core_plugins/lib:/home/daeyun/ws_moveit2/install/moveit_setup_controllers/lib:/home/daeyun/ws_moveit2/install/moveit_setup_app_plugins/lib:/home/daeyun/ws_moveit2/install/moveit_setup_framework/lib:/home/daeyun/ws_moveit2/install/moveit_servo/lib:/home/daeyun/ws_moveit2/install/moveit_ros_visualization/lib:/home/daeyun/ws_moveit2/install/moveit_hybrid_planning/lib:/home/daeyun/ws_moveit2/install/moveit_ros_planning_interface/lib:/home/daeyun/ws_moveit2/install/moveit_ros_benchmarks/lib:/home/daeyun/ws_moveit2/install/moveit_ros_warehouse/lib:/home/daeyun/ws_moveit2/install/moveit_ros_robot_interaction/lib:/home/daeyun/ws_moveit2/install/moveit_ros_perception/lib:/home/daeyun/ws_moveit2/install/moveit_ros_move_group/lib:/home/daeyun/ws_moveit2/install/moveit_planners_ompl/lib:/home/daeyun/ws_moveit2/install/moveit_ros_planning/lib:/home/daeyun/ws_moveit2/install/moveit_ros_occupancy_map_monitor/lib:/home/daeyun/ws_moveit2/install/moveit_resources_prbt_ikfast_manipulator_plugin/lib:/home/daeyun/ws_moveit2/install/moveit_planners_chomp/lib:/home/daeyun/ws_moveit2/install/moveit_kinematics/lib:/home/daeyun/ws_moveit2/install/moveit_chomp_optimizer_adapter/lib:/home/daeyun/ws_moveit2/install/chomp_motion_planner/lib:/home/daeyun/ws_moveit2/install/moveit_core/lib:/home/daeyun/ws_moveit2/install/srdfdom/lib:/home/daeyun/ws_moveit2/install/rviz_marker_tools/lib:/home/daeyun/ws_moveit2/install/rosparam_shortcuts/lib:/home/daeyun/ws_moveit2/install/moveit_task_constructor_msgs/lib:/opt/ros/humble/opt/rviz_ogre_vendor/lib:/opt/ros/humble/lib/x86_64-linux-gnu:/opt/ros/humble/lib /usr/bin/cmake --build /home/daeyun/Desktop/github repositories_Bigyuun/ros2_ws/build/action_tutorials_cpp -- -j20 -l20
[0.697s] Level 1:colcon.colcon_core.environment:create_environment_scripts_only(msg_srv_action_interface_example)
[0.698s] Level 1:colcon.colcon_core.environment:checking '/home/daeyun/Desktop/github repositories_Bigyuun/ros2_ws/install/msg_srv_action_interface_example' for CMake module files
[0.698s] Level 1:colcon.colcon_core.environment:checking '/home/daeyun/Desktop/github repositories_Bigyuun/ros2_ws/install/msg_srv_action_interface_example' for CMake config files
[0.698s] Level 1:colcon.colcon_core.shell:create_environment_hook('msg_srv_action_interface_example', 'cmake_prefix_path')
[0.699s] INFO:colcon.colcon_core.shell:Creating environment hook '/home/daeyun/Desktop/github repositories_Bigyuun/ros2_ws/install/msg_srv_action_interface_example/share/msg_srv_action_interface_example/hook/cmake_prefix_path.ps1'
[0.699s] INFO:colcon.colcon_core.shell:Creating environment descriptor '/home/daeyun/Desktop/github repositories_Bigyuun/ros2_ws/install/msg_srv_action_interface_example/share/msg_srv_action_interface_example/hook/cmake_prefix_path.dsv'
[0.699s] INFO:colcon.colcon_core.shell:Creating environment hook '/home/daeyun/Desktop/github repositories_Bigyuun/ros2_ws/install/msg_srv_action_interface_example/share/msg_srv_action_interface_example/hook/cmake_prefix_path.sh'
[0.700s] Level 1:colcon.colcon_core.environment:checking '/home/daeyun/Desktop/github repositories_Bigyuun/ros2_ws/install/msg_srv_action_interface_example/lib'
[0.700s] Level 1:colcon.colcon_core.shell:create_environment_hook('msg_srv_action_interface_example', 'ld_library_path_lib')
[0.700s] INFO:colcon.colcon_core.shell:Creating environment hook '/home/daeyun/Desktop/github repositories_Bigyuun/ros2_ws/install/msg_srv_action_interface_example/share/msg_srv_action_interface_example/hook/ld_library_path_lib.ps1'
[0.701s] INFO:colcon.colcon_core.shell:Creating environment descriptor '/home/daeyun/Desktop/github repositories_Bigyuun/ros2_ws/install/msg_srv_action_interface_example/share/msg_srv_action_interface_example/hook/ld_library_path_lib.dsv'
[0.701s] INFO:colcon.colcon_core.shell:Creating environment hook '/home/daeyun/Desktop/github repositories_Bigyuun/ros2_ws/install/msg_srv_action_interface_example/share/msg_srv_action_interface_example/hook/ld_library_path_lib.sh'
[0.701s] Level 1:colcon.colcon_core.environment:checking '/home/daeyun/Desktop/github repositories_Bigyuun/ros2_ws/install/msg_srv_action_interface_example/bin'
[0.701s] Level 1:colcon.colcon_core.environment:checking '/home/daeyun/Desktop/github repositories_Bigyuun/ros2_ws/install/msg_srv_action_interface_example/lib/pkgconfig/msg_srv_action_interface_example.pc'
[0.701s] Level 1:colcon.colcon_core.environment:checking '/home/daeyun/Desktop/github repositories_Bigyuun/ros2_ws/install/msg_srv_action_interface_example/lib/python3.10/site-packages'
[0.701s] Level 1:colcon.colcon_core.environment:checking '/home/daeyun/Desktop/github repositories_Bigyuun/ros2_ws/install/msg_srv_action_interface_example/bin'
[0.702s] INFO:colcon.colcon_core.shell:Creating package script '/home/daeyun/Desktop/github repositories_Bigyuun/ros2_ws/install/msg_srv_action_interface_example/share/msg_srv_action_interface_example/package.ps1'
[0.702s] INFO:colcon.colcon_core.shell:Creating package descriptor '/home/daeyun/Desktop/github repositories_Bigyuun/ros2_ws/install/msg_srv_action_interface_example/share/msg_srv_action_interface_example/package.dsv'
[0.702s] INFO:colcon.colcon_core.shell:Creating package script '/home/daeyun/Desktop/github repositories_Bigyuun/ros2_ws/install/msg_srv_action_interface_example/share/msg_srv_action_interface_example/package.sh'
[0.702s] INFO:colcon.colcon_core.shell:Creating package script '/home/daeyun/Desktop/github repositories_Bigyuun/ros2_ws/install/msg_srv_action_interface_example/share/msg_srv_action_interface_example/package.bash'
[0.703s] INFO:colcon.colcon_core.shell:Creating package script '/home/daeyun/Desktop/github repositories_Bigyuun/ros2_ws/install/msg_srv_action_interface_example/share/msg_srv_action_interface_example/package.zsh'
[0.703s] Level 1:colcon.colcon_core.environment:create_file_with_runtime_dependencies(/home/daeyun/Desktop/github repositories_Bigyuun/ros2_ws/install/msg_srv_action_interface_example/share/colcon-core/packages/msg_srv_action_interface_example)
[0.703s] INFO:colcon.colcon_ros.task.ament_cmake.build:Building ROS package in '/home/daeyun/Desktop/github repositories_Bigyuun/ros2_ws/src/topic_service_action_rclcpp_example' with build type 'ament_cmake'
[0.703s] INFO:colcon.colcon_cmake.task.cmake.build:Building CMake package in '/home/daeyun/Desktop/github repositories_Bigyuun/ros2_ws/src/topic_service_action_rclcpp_example'
[0.704s] INFO:colcon.colcon_core.shell:Skip shell extension 'powershell' for command environment: Not usable outside of PowerShell
[0.704s] DEBUG:colcon.colcon_core.shell:Skip shell extension 'dsv' for command environment
[0.714s] DEBUG:colcon.colcon_core.event_handler.log_command:Invoking command in '/home/daeyun/Desktop/github repositories_Bigyuun/ros2_ws/build/topic_service_action_rclcpp_example': CMAKE_PREFIX_PATH=/home/daeyun/Desktop/github repositories_Bigyuun/ros2_ws/install/msg_srv_action_interface_example:/home/daeyun/Desktop/github repositories_Bigyuun/ros2_ws/install/topic_service_action_rclcpp_example:/home/daeyun/Desktop/github repositories_Bigyuun/ros2_ws/install/my_first_ros_rclcpp_pkg:/home/daeyun/Desktop/github repositories_Bigyuun/ros2_ws/install/action_tutorials_interfaces:/home/daeyun/ws_moveit2/install/pilz_industrial_motion_planner_testutils:/home/daeyun/ws_moveit2/install/moveit_runtime:/home/daeyun/ws_moveit2/install/moveit2_tutorials:/home/daeyun/ws_moveit2/install/moveit:/home/daeyun/ws_moveit2/install/moveit_planners:/home/daeyun/ws_moveit2/install/pilz_industrial_motion_planner:/home/daeyun/ws_moveit2/install/moveit_visual_tools:/home/daeyun/ws_moveit2/install/moveit_task_constructor_visualization:/home/daeyun/ws_moveit2/install/moveit_task_constructor_demo:/home/daeyun/ws_moveit2/install/moveit_task_constructor_capabilities:/home/daeyun/ws_moveit2/install/moveit_task_constructor_core:/home/daeyun/ws_moveit2/install/moveit_ros_control_interface:/home/daeyun/ws_moveit2/install/moveit_plugins:/home/daeyun/ws_moveit2/install/moveit_simple_controller_manager:/home/daeyun/ws_moveit2/install/moveit_setup_assistant:/home/daeyun/ws_moveit2/install/moveit_setup_srdf_plugins:/home/daeyun/ws_moveit2/install/moveit_setup_core_plugins:/home/daeyun/ws_moveit2/install/moveit_setup_controllers:/home/daeyun/ws_moveit2/install/moveit_setup_app_plugins:/home/daeyun/ws_moveit2/install/moveit_setup_framework:/home/daeyun/ws_moveit2/install/moveit_servo:/home/daeyun/ws_moveit2/install/moveit_ros:/home/daeyun/ws_moveit2/install/moveit_ros_visualization:/home/daeyun/ws_moveit2/install/moveit_hybrid_planning:/home/daeyun/ws_moveit2/install/moveit_ros_planning_interface:/home/daeyun/ws_moveit2/install/moveit_ros_benchmarks:/home/daeyun/ws_moveit2/install/moveit_ros_warehouse:/home/daeyun/ws_moveit2/install/moveit_ros_robot_interaction:/home/daeyun/ws_moveit2/install/moveit_ros_perception:/home/daeyun/ws_moveit2/install/moveit_resources_prbt_pg70_support:/home/daeyun/ws_moveit2/install/moveit_resources_prbt_moveit_config:/home/daeyun/ws_moveit2/install/moveit_ros_move_group:/home/daeyun/ws_moveit2/install/moveit_planners_ompl:/home/daeyun/ws_moveit2/install/moveit_ros_planning:/home/daeyun/ws_moveit2/install/moveit_ros_occupancy_map_monitor:/home/daeyun/ws_moveit2/install/moveit_resources_prbt_ikfast_manipulator_plugin:/home/daeyun/ws_moveit2/install/moveit_planners_chomp:/home/daeyun/ws_moveit2/install/moveit_kinematics:/home/daeyun/ws_moveit2/install/moveit_chomp_optimizer_adapter:/home/daeyun/ws_moveit2/install/chomp_motion_planner:/home/daeyun/ws_moveit2/install/moveit_core:/home/daeyun/ws_moveit2/install/srdfdom:/home/daeyun/ws_moveit2/install/rviz_marker_tools:/home/daeyun/ws_moveit2/install/rosparam_shortcuts:/home/daeyun/ws_moveit2/install/moveit_task_constructor_msgs:/home/daeyun/ws_moveit2/install/moveit_resources_prbt_support:/home/daeyun/ws_moveit2/install/moveit_resources:/home/daeyun/ws_moveit2/install/moveit_resources_pr2_description:/home/daeyun/ws_moveit2/install/moveit_resources_panda_moveit_config:/home/daeyun/ws_moveit2/install/moveit_resources_panda_description:/home/daeyun/ws_moveit2/install/moveit_resources_fanuc_moveit_config:/home/daeyun/ws_moveit2/install/moveit_resources_fanuc_description:/home/daeyun/ws_moveit2/install/moveit_common:/home/daeyun/ws_moveit2/install/moveit_configs_utils:/home/daeyun/ws_moveit2/install/launch_param_builder:/opt/ros/humble /usr/bin/cmake --build /home/daeyun/Desktop/github repositories_Bigyuun/ros2_ws/build/topic_service_action_rclcpp_example -- -j20 -l20
[0.744s] DEBUG:colcon.colcon_core.event_handler.log_command:Invoked command in '/home/daeyun/Desktop/github repositories_Bigyuun/ros2_ws/build/topic_service_action_rclcpp_example' returned '0': CMAKE_PREFIX_PATH=/home/daeyun/Desktop/github repositories_Bigyuun/ros2_ws/install/msg_srv_action_interface_example:/home/daeyun/Desktop/github repositories_Bigyuun/ros2_ws/install/topic_service_action_rclcpp_example:/home/daeyun/Desktop/github repositories_Bigyuun/ros2_ws/install/my_first_ros_rclcpp_pkg:/home/daeyun/Desktop/github repositories_Bigyuun/ros2_ws/install/action_tutorials_interfaces:/home/daeyun/ws_moveit2/install/pilz_industrial_motion_planner_testutils:/home/daeyun/ws_moveit2/install/moveit_runtime:/home/daeyun/ws_moveit2/install/moveit2_tutorials:/home/daeyun/ws_moveit2/install/moveit:/home/daeyun/ws_moveit2/install/moveit_planners:/home/daeyun/ws_moveit2/install/pilz_industrial_motion_planner:/home/daeyun/ws_moveit2/install/moveit_visual_tools:/home/daeyun/ws_moveit2/install/moveit_task_constructor_visualization:/home/daeyun/ws_moveit2/install/moveit_task_constructor_demo:/home/daeyun/ws_moveit2/install/moveit_task_constructor_capabilities:/home/daeyun/ws_moveit2/install/moveit_task_constructor_core:/home/daeyun/ws_moveit2/install/moveit_ros_control_interface:/home/daeyun/ws_moveit2/install/moveit_plugins:/home/daeyun/ws_moveit2/install/moveit_simple_controller_manager:/home/daeyun/ws_moveit2/install/moveit_setup_assistant:/home/daeyun/ws_moveit2/install/moveit_setup_srdf_plugins:/home/daeyun/ws_moveit2/install/moveit_setup_core_plugins:/home/daeyun/ws_moveit2/install/moveit_setup_controllers:/home/daeyun/ws_moveit2/install/moveit_setup_app_plugins:/home/daeyun/ws_moveit2/install/moveit_setup_framework:/home/daeyun/ws_moveit2/install/moveit_servo:/home/daeyun/ws_moveit2/install/moveit_ros:/home/daeyun/ws_moveit2/install/moveit_ros_visualization:/home/daeyun/ws_moveit2/install/moveit_hybrid_planning:/home/daeyun/ws_moveit2/install/moveit_ros_planning_interface:/home/daeyun/ws_moveit2/install/moveit_ros_benchmarks:/home/daeyun/ws_moveit2/install/moveit_ros_warehouse:/home/daeyun/ws_moveit2/install/moveit_ros_robot_interaction:/home/daeyun/ws_moveit2/install/moveit_ros_perception:/home/daeyun/ws_moveit2/install/moveit_resources_prbt_pg70_support:/home/daeyun/ws_moveit2/install/moveit_resources_prbt_moveit_config:/home/daeyun/ws_moveit2/install/moveit_ros_move_group:/home/daeyun/ws_moveit2/install/moveit_planners_ompl:/home/daeyun/ws_moveit2/install/moveit_ros_planning:/home/daeyun/ws_moveit2/install/moveit_ros_occupancy_map_monitor:/home/daeyun/ws_moveit2/install/moveit_resources_prbt_ikfast_manipulator_plugin:/home/daeyun/ws_moveit2/install/moveit_planners_chomp:/home/daeyun/ws_moveit2/install/moveit_kinematics:/home/daeyun/ws_moveit2/install/moveit_chomp_optimizer_adapter:/home/daeyun/ws_moveit2/install/chomp_motion_planner:/home/daeyun/ws_moveit2/install/moveit_core:/home/daeyun/ws_moveit2/install/srdfdom:/home/daeyun/ws_moveit2/install/rviz_marker_tools:/home/daeyun/ws_moveit2/install/rosparam_shortcuts:/home/daeyun/ws_moveit2/install/moveit_task_constructor_msgs:/home/daeyun/ws_moveit2/install/moveit_resources_prbt_support:/home/daeyun/ws_moveit2/install/moveit_resources:/home/daeyun/ws_moveit2/install/moveit_resources_pr2_description:/home/daeyun/ws_moveit2/install/moveit_resources_panda_moveit_config:/home/daeyun/ws_moveit2/install/moveit_resources_panda_description:/home/daeyun/ws_moveit2/install/moveit_resources_fanuc_moveit_config:/home/daeyun/ws_moveit2/install/moveit_resources_fanuc_description:/home/daeyun/ws_moveit2/install/moveit_common:/home/daeyun/ws_moveit2/install/moveit_configs_utils:/home/daeyun/ws_moveit2/install/launch_param_builder:/opt/ros/humble /usr/bin/cmake --build /home/daeyun/Desktop/github repositories_Bigyuun/ros2_ws/build/topic_service_action_rclcpp_example -- -j20 -l20
[0.762s] DEBUG:colcon.colcon_core.event_handler.log_command:Invoking command in '/home/daeyun/Desktop/github repositories_Bigyuun/ros2_ws/build/topic_service_action_rclcpp_example': CMAKE_PREFIX_PATH=/home/daeyun/Desktop/github repositories_Bigyuun/ros2_ws/install/msg_srv_action_interface_example:/home/daeyun/Desktop/github repositories_Bigyuun/ros2_ws/install/topic_service_action_rclcpp_example:/home/daeyun/Desktop/github repositories_Bigyuun/ros2_ws/install/my_first_ros_rclcpp_pkg:/home/daeyun/Desktop/github repositories_Bigyuun/ros2_ws/install/action_tutorials_interfaces:/home/daeyun/ws_moveit2/install/pilz_industrial_motion_planner_testutils:/home/daeyun/ws_moveit2/install/moveit_runtime:/home/daeyun/ws_moveit2/install/moveit2_tutorials:/home/daeyun/ws_moveit2/install/moveit:/home/daeyun/ws_moveit2/install/moveit_planners:/home/daeyun/ws_moveit2/install/pilz_industrial_motion_planner:/home/daeyun/ws_moveit2/install/moveit_visual_tools:/home/daeyun/ws_moveit2/install/moveit_task_constructor_visualization:/home/daeyun/ws_moveit2/install/moveit_task_constructor_demo:/home/daeyun/ws_moveit2/install/moveit_task_constructor_capabilities:/home/daeyun/ws_moveit2/install/moveit_task_constructor_core:/home/daeyun/ws_moveit2/install/moveit_ros_control_interface:/home/daeyun/ws_moveit2/install/moveit_plugins:/home/daeyun/ws_moveit2/install/moveit_simple_controller_manager:/home/daeyun/ws_moveit2/install/moveit_setup_assistant:/home/daeyun/ws_moveit2/install/moveit_setup_srdf_plugins:/home/daeyun/ws_moveit2/install/moveit_setup_core_plugins:/home/daeyun/ws_moveit2/install/moveit_setup_controllers:/home/daeyun/ws_moveit2/install/moveit_setup_app_plugins:/home/daeyun/ws_moveit2/install/moveit_setup_framework:/home/daeyun/ws_moveit2/install/moveit_servo:/home/daeyun/ws_moveit2/install/moveit_ros:/home/daeyun/ws_moveit2/install/moveit_ros_visualization:/home/daeyun/ws_moveit2/install/moveit_hybrid_planning:/home/daeyun/ws_moveit2/install/moveit_ros_planning_interface:/home/daeyun/ws_moveit2/install/moveit_ros_benchmarks:/home/daeyun/ws_moveit2/install/moveit_ros_warehouse:/home/daeyun/ws_moveit2/install/moveit_ros_robot_interaction:/home/daeyun/ws_moveit2/install/moveit_ros_perception:/home/daeyun/ws_moveit2/install/moveit_resources_prbt_pg70_support:/home/daeyun/ws_moveit2/install/moveit_resources_prbt_moveit_config:/home/daeyun/ws_moveit2/install/moveit_ros_move_group:/home/daeyun/ws_moveit2/install/moveit_planners_ompl:/home/daeyun/ws_moveit2/install/moveit_ros_planning:/home/daeyun/ws_moveit2/install/moveit_ros_occupancy_map_monitor:/home/daeyun/ws_moveit2/install/moveit_resources_prbt_ikfast_manipulator_plugin:/home/daeyun/ws_moveit2/install/moveit_planners_chomp:/home/daeyun/ws_moveit2/install/moveit_kinematics:/home/daeyun/ws_moveit2/install/moveit_chomp_optimizer_adapter:/home/daeyun/ws_moveit2/install/chomp_motion_planner:/home/daeyun/ws_moveit2/install/moveit_core:/home/daeyun/ws_moveit2/install/srdfdom:/home/daeyun/ws_moveit2/install/rviz_marker_tools:/home/daeyun/ws_moveit2/install/rosparam_shortcuts:/home/daeyun/ws_moveit2/install/moveit_task_constructor_msgs:/home/daeyun/ws_moveit2/install/moveit_resources_prbt_support:/home/daeyun/ws_moveit2/install/moveit_resources:/home/daeyun/ws_moveit2/install/moveit_resources_pr2_description:/home/daeyun/ws_moveit2/install/moveit_resources_panda_moveit_config:/home/daeyun/ws_moveit2/install/moveit_resources_panda_description:/home/daeyun/ws_moveit2/install/moveit_resources_fanuc_moveit_config:/home/daeyun/ws_moveit2/install/moveit_resources_fanuc_description:/home/daeyun/ws_moveit2/install/moveit_common:/home/daeyun/ws_moveit2/install/moveit_configs_utils:/home/daeyun/ws_moveit2/install/launch_param_builder:/opt/ros/humble /usr/bin/cmake --install /home/daeyun/Desktop/github repositories_Bigyuun/ros2_ws/build/topic_service_action_rclcpp_example
[0.776s] Level 1:colcon.colcon_core.environment:create_environment_scripts_only(topic_service_action_rclcpp_example)
[0.777s] Level 1:colcon.colcon_core.environment:checking '/home/daeyun/Desktop/github repositories_Bigyuun/ros2_ws/install/topic_service_action_rclcpp_example' for CMake module files
[0.778s] DEBUG:colcon.colcon_core.event_handler.log_command:Invoked command in '/home/daeyun/Desktop/github repositories_Bigyuun/ros2_ws/build/topic_service_action_rclcpp_example' returned '0': CMAKE_PREFIX_PATH=/home/daeyun/Desktop/github repositories_Bigyuun/ros2_ws/install/msg_srv_action_interface_example:/home/daeyun/Desktop/github repositories_Bigyuun/ros2_ws/install/topic_service_action_rclcpp_example:/home/daeyun/Desktop/github repositories_Bigyuun/ros2_ws/install/my_first_ros_rclcpp_pkg:/home/daeyun/Desktop/github repositories_Bigyuun/ros2_ws/install/action_tutorials_interfaces:/home/daeyun/ws_moveit2/install/pilz_industrial_motion_planner_testutils:/home/daeyun/ws_moveit2/install/moveit_runtime:/home/daeyun/ws_moveit2/install/moveit2_tutorials:/home/daeyun/ws_moveit2/install/moveit:/home/daeyun/ws_moveit2/install/moveit_planners:/home/daeyun/ws_moveit2/install/pilz_industrial_motion_planner:/home/daeyun/ws_moveit2/install/moveit_visual_tools:/home/daeyun/ws_moveit2/install/moveit_task_constructor_visualization:/home/daeyun/ws_moveit2/install/moveit_task_constructor_demo:/home/daeyun/ws_moveit2/install/moveit_task_constructor_capabilities:/home/daeyun/ws_moveit2/install/moveit_task_constructor_core:/home/daeyun/ws_moveit2/install/moveit_ros_control_interface:/home/daeyun/ws_moveit2/install/moveit_plugins:/home/daeyun/ws_moveit2/install/moveit_simple_controller_manager:/home/daeyun/ws_moveit2/install/moveit_setup_assistant:/home/daeyun/ws_moveit2/install/moveit_setup_srdf_plugins:/home/daeyun/ws_moveit2/install/moveit_setup_core_plugins:/home/daeyun/ws_moveit2/install/moveit_setup_controllers:/home/daeyun/ws_moveit2/install/moveit_setup_app_plugins:/home/daeyun/ws_moveit2/install/moveit_setup_framework:/home/daeyun/ws_moveit2/install/moveit_servo:/home/daeyun/ws_moveit2/install/moveit_ros:/home/daeyun/ws_moveit2/install/moveit_ros_visualization:/home/daeyun/ws_moveit2/install/moveit_hybrid_planning:/home/daeyun/ws_moveit2/install/moveit_ros_planning_interface:/home/daeyun/ws_moveit2/install/moveit_ros_benchmarks:/home/daeyun/ws_moveit2/install/moveit_ros_warehouse:/home/daeyun/ws_moveit2/install/moveit_ros_robot_interaction:/home/daeyun/ws_moveit2/install/moveit_ros_perception:/home/daeyun/ws_moveit2/install/moveit_resources_prbt_pg70_support:/home/daeyun/ws_moveit2/install/moveit_resources_prbt_moveit_config:/home/daeyun/ws_moveit2/install/moveit_ros_move_group:/home/daeyun/ws_moveit2/install/moveit_planners_ompl:/home/daeyun/ws_moveit2/install/moveit_ros_planning:/home/daeyun/ws_moveit2/install/moveit_ros_occupancy_map_monitor:/home/daeyun/ws_moveit2/install/moveit_resources_prbt_ikfast_manipulator_plugin:/home/daeyun/ws_moveit2/install/moveit_planners_chomp:/home/daeyun/ws_moveit2/install/moveit_kinematics:/home/daeyun/ws_moveit2/install/moveit_chomp_optimizer_adapter:/home/daeyun/ws_moveit2/install/chomp_motion_planner:/home/daeyun/ws_moveit2/install/moveit_core:/home/daeyun/ws_moveit2/install/srdfdom:/home/daeyun/ws_moveit2/install/rviz_marker_tools:/home/daeyun/ws_moveit2/install/rosparam_shortcuts:/home/daeyun/ws_moveit2/install/moveit_task_constructor_msgs:/home/daeyun/ws_moveit2/install/moveit_resources_prbt_support:/home/daeyun/ws_moveit2/install/moveit_resources:/home/daeyun/ws_moveit2/install/moveit_resources_pr2_description:/home/daeyun/ws_moveit2/install/moveit_resources_panda_moveit_config:/home/daeyun/ws_moveit2/install/moveit_resources_panda_description:/home/daeyun/ws_moveit2/install/moveit_resources_fanuc_moveit_config:/home/daeyun/ws_moveit2/install/moveit_resources_fanuc_description:/home/daeyun/ws_moveit2/install/moveit_common:/home/daeyun/ws_moveit2/install/moveit_configs_utils:/home/daeyun/ws_moveit2/install/launch_param_builder:/opt/ros/humble /usr/bin/cmake --install /home/daeyun/Desktop/github repositories_Bigyuun/ros2_ws/build/topic_service_action_rclcpp_example
[0.778s] Level 1:colcon.colcon_core.environment:checking '/home/daeyun/Desktop/github repositories_Bigyuun/ros2_ws/install/topic_service_action_rclcpp_example' for CMake config files
[0.778s] Level 1:colcon.colcon_core.shell:create_environment_hook('topic_service_action_rclcpp_example', 'cmake_prefix_path')
[0.779s] INFO:colcon.colcon_core.shell:Creating environment hook '/home/daeyun/Desktop/github repositories_Bigyuun/ros2_ws/install/topic_service_action_rclcpp_example/share/topic_service_action_rclcpp_example/hook/cmake_prefix_path.ps1'
[0.779s] INFO:colcon.colcon_core.shell:Creating environment descriptor '/home/daeyun/Desktop/github repositories_Bigyuun/ros2_ws/install/topic_service_action_rclcpp_example/share/topic_service_action_rclcpp_example/hook/cmake_prefix_path.dsv'
[0.779s] INFO:colcon.colcon_core.shell:Creating environment hook '/home/daeyun/Desktop/github repositories_Bigyuun/ros2_ws/install/topic_service_action_rclcpp_example/share/topic_service_action_rclcpp_example/hook/cmake_prefix_path.sh'
[0.779s] Level 1:colcon.colcon_core.environment:checking '/home/daeyun/Desktop/github repositories_Bigyuun/ros2_ws/install/topic_service_action_rclcpp_example/bin'
[0.779s] Level 1:colcon.colcon_core.environment:checking '/home/daeyun/Desktop/github repositories_Bigyuun/ros2_ws/install/topic_service_action_rclcpp_example/lib/pkgconfig/topic_service_action_rclcpp_example.pc'
[0.779s] Level 1:colcon.colcon_core.environment:checking '/home/daeyun/Desktop/github repositories_Bigyuun/ros2_ws/install/topic_service_action_rclcpp_example/lib/python3.10/site-packages'
[0.780s] Level 1:colcon.colcon_core.environment:checking '/home/daeyun/Desktop/github repositories_Bigyuun/ros2_ws/install/topic_service_action_rclcpp_example/bin'
[0.780s] INFO:colcon.colcon_core.shell:Creating package script '/home/daeyun/Desktop/github repositories_Bigyuun/ros2_ws/install/topic_service_action_rclcpp_example/share/topic_service_action_rclcpp_example/package.ps1'
[0.781s] INFO:colcon.colcon_core.shell:Creating package descriptor '/home/daeyun/Desktop/github repositories_Bigyuun/ros2_ws/install/topic_service_action_rclcpp_example/share/topic_service_action_rclcpp_example/package.dsv'
[0.781s] INFO:colcon.colcon_core.shell:Creating package script '/home/daeyun/Desktop/github repositories_Bigyuun/ros2_ws/install/topic_service_action_rclcpp_example/share/topic_service_action_rclcpp_example/package.sh'
[0.781s] INFO:colcon.colcon_core.shell:Creating package script '/home/daeyun/Desktop/github repositories_Bigyuun/ros2_ws/install/topic_service_action_rclcpp_example/share/topic_service_action_rclcpp_example/package.bash'
[0.781s] INFO:colcon.colcon_core.shell:Creating package script '/home/daeyun/Desktop/github repositories_Bigyuun/ros2_ws/install/topic_service_action_rclcpp_example/share/topic_service_action_rclcpp_example/package.zsh'
[0.781s] Level 1:colcon.colcon_core.environment:create_file_with_runtime_dependencies(/home/daeyun/Desktop/github repositories_Bigyuun/ros2_ws/install/topic_service_action_rclcpp_example/share/colcon-core/packages/topic_service_action_rclcpp_example)
[0.800s] Level 1:colcon.colcon_core.environment:create_environment_scripts_only(topic_service_action_rclcpp_example)
[0.802s] Level 1:colcon.colcon_core.environment:checking '/home/daeyun/Desktop/github repositories_Bigyuun/ros2_ws/install/topic_service_action_rclcpp_example' for CMake module files
[0.802s] Level 1:colcon.colcon_core.environment:checking '/home/daeyun/Desktop/github repositories_Bigyuun/ros2_ws/install/topic_service_action_rclcpp_example' for CMake config files
[0.802s] Level 1:colcon.colcon_core.shell:create_environment_hook('topic_service_action_rclcpp_example', 'cmake_prefix_path')
[0.803s] INFO:colcon.colcon_core.shell:Creating environment hook '/home/daeyun/Desktop/github repositories_Bigyuun/ros2_ws/install/topic_service_action_rclcpp_example/share/topic_service_action_rclcpp_example/hook/cmake_prefix_path.ps1'
[0.803s] INFO:colcon.colcon_core.shell:Creating environment descriptor '/home/daeyun/Desktop/github repositories_Bigyuun/ros2_ws/install/topic_service_action_rclcpp_example/share/topic_service_action_rclcpp_example/hook/cmake_prefix_path.dsv'
[0.803s] INFO:colcon.colcon_core.shell:Creating environment hook '/home/daeyun/Desktop/github repositories_Bigyuun/ros2_ws/install/topic_service_action_rclcpp_example/share/topic_service_action_rclcpp_example/hook/cmake_prefix_path.sh'
[0.803s] Level 1:colcon.colcon_core.environment:checking '/home/daeyun/Desktop/github repositories_Bigyuun/ros2_ws/install/topic_service_action_rclcpp_example/bin'
[0.803s] Level 1:colcon.colcon_core.environment:checking '/home/daeyun/Desktop/github repositories_Bigyuun/ros2_ws/install/topic_service_action_rclcpp_example/lib/pkgconfig/topic_service_action_rclcpp_example.pc'
[0.804s] Level 1:colcon.colcon_core.environment:checking '/home/daeyun/Desktop/github repositories_Bigyuun/ros2_ws/install/topic_service_action_rclcpp_example/lib/python3.10/site-packages'
[0.804s] Level 1:colcon.colcon_core.environment:checking '/home/daeyun/Desktop/github repositories_Bigyuun/ros2_ws/install/topic_service_action_rclcpp_example/bin'
[0.805s] INFO:colcon.colcon_core.shell:Creating package script '/home/daeyun/Desktop/github repositories_Bigyuun/ros2_ws/install/topic_service_action_rclcpp_example/share/topic_service_action_rclcpp_example/package.ps1'
[0.805s] INFO:colcon.colcon_core.shell:Creating package descriptor '/home/daeyun/Desktop/github repositories_Bigyuun/ros2_ws/install/topic_service_action_rclcpp_example/share/topic_service_action_rclcpp_example/package.dsv'
[0.805s] INFO:colcon.colcon_core.shell:Creating package script '/home/daeyun/Desktop/github repositories_Bigyuun/ros2_ws/install/topic_service_action_rclcpp_example/share/topic_service_action_rclcpp_example/package.sh'
[0.805s] INFO:colcon.colcon_core.shell:Creating package script '/home/daeyun/Desktop/github repositories_Bigyuun/ros2_ws/install/topic_service_action_rclcpp_example/share/topic_service_action_rclcpp_example/package.bash'
[0.805s] INFO:colcon.colcon_core.shell:Creating package script '/home/daeyun/Desktop/github repositories_Bigyuun/ros2_ws/install/topic_service_action_rclcpp_example/share/topic_service_action_rclcpp_example/package.zsh'
[0.806s] Level 1:colcon.colcon_core.environment:create_file_with_runtime_dependencies(/home/daeyun/Desktop/github repositories_Bigyuun/ros2_ws/install/topic_service_action_rclcpp_example/share/colcon-core/packages/topic_service_action_rclcpp_example)
[2.207s] DEBUG:colcon.colcon_core.event_handler.log_command:Invoked command in '/home/daeyun/Desktop/github repositories_Bigyuun/ros2_ws/build/action_tutorials_cpp' returned '2': CMAKE_PREFIX_PATH=/home/daeyun/Desktop/github repositories_Bigyuun/ros2_ws/install/action_tutorials_interfaces:/home/daeyun/Desktop/github repositories_Bigyuun/ros2_ws/install/topic_service_action_rclcpp_example:/home/daeyun/Desktop/github repositories_Bigyuun/ros2_ws/install/my_first_ros_rclcpp_pkg:/home/daeyun/Desktop/github repositories_Bigyuun/ros2_ws/install/msg_srv_action_interface_example:/home/daeyun/ws_moveit2/install/pilz_industrial_motion_planner_testutils:/home/daeyun/ws_moveit2/install/moveit_runtime:/home/daeyun/ws_moveit2/install/moveit2_tutorials:/home/daeyun/ws_moveit2/install/moveit:/home/daeyun/ws_moveit2/install/moveit_planners:/home/daeyun/ws_moveit2/install/pilz_industrial_motion_planner:/home/daeyun/ws_moveit2/install/moveit_visual_tools:/home/daeyun/ws_moveit2/install/moveit_task_constructor_visualization:/home/daeyun/ws_moveit2/install/moveit_task_constructor_demo:/home/daeyun/ws_moveit2/install/moveit_task_constructor_capabilities:/home/daeyun/ws_moveit2/install/moveit_task_constructor_core:/home/daeyun/ws_moveit2/install/moveit_ros_control_interface:/home/daeyun/ws_moveit2/install/moveit_plugins:/home/daeyun/ws_moveit2/install/moveit_simple_controller_manager:/home/daeyun/ws_moveit2/install/moveit_setup_assistant:/home/daeyun/ws_moveit2/install/moveit_setup_srdf_plugins:/home/daeyun/ws_moveit2/install/moveit_setup_core_plugins:/home/daeyun/ws_moveit2/install/moveit_setup_controllers:/home/daeyun/ws_moveit2/install/moveit_setup_app_plugins:/home/daeyun/ws_moveit2/install/moveit_setup_framework:/home/daeyun/ws_moveit2/install/moveit_servo:/home/daeyun/ws_moveit2/install/moveit_ros:/home/daeyun/ws_moveit2/install/moveit_ros_visualization:/home/daeyun/ws_moveit2/install/moveit_hybrid_planning:/home/daeyun/ws_moveit2/install/moveit_ros_planning_interface:/home/daeyun/ws_moveit2/install/moveit_ros_benchmarks:/home/daeyun/ws_moveit2/install/moveit_ros_warehouse:/home/daeyun/ws_moveit2/install/moveit_ros_robot_interaction:/home/daeyun/ws_moveit2/install/moveit_ros_perception:/home/daeyun/ws_moveit2/install/moveit_resources_prbt_pg70_support:/home/daeyun/ws_moveit2/install/moveit_resources_prbt_moveit_config:/home/daeyun/ws_moveit2/install/moveit_ros_move_group:/home/daeyun/ws_moveit2/install/moveit_planners_ompl:/home/daeyun/ws_moveit2/install/moveit_ros_planning:/home/daeyun/ws_moveit2/install/moveit_ros_occupancy_map_monitor:/home/daeyun/ws_moveit2/install/moveit_resources_prbt_ikfast_manipulator_plugin:/home/daeyun/ws_moveit2/install/moveit_planners_chomp:/home/daeyun/ws_moveit2/install/moveit_kinematics:/home/daeyun/ws_moveit2/install/moveit_chomp_optimizer_adapter:/home/daeyun/ws_moveit2/install/chomp_motion_planner:/home/daeyun/ws_moveit2/install/moveit_core:/home/daeyun/ws_moveit2/install/srdfdom:/home/daeyun/ws_moveit2/install/rviz_marker_tools:/home/daeyun/ws_moveit2/install/rosparam_shortcuts:/home/daeyun/ws_moveit2/install/moveit_task_constructor_msgs:/home/daeyun/ws_moveit2/install/moveit_resources_prbt_support:/home/daeyun/ws_moveit2/install/moveit_resources:/home/daeyun/ws_moveit2/install/moveit_resources_pr2_description:/home/daeyun/ws_moveit2/install/moveit_resources_panda_moveit_config:/home/daeyun/ws_moveit2/install/moveit_resources_panda_description:/home/daeyun/ws_moveit2/install/moveit_resources_fanuc_moveit_config:/home/daeyun/ws_moveit2/install/moveit_resources_fanuc_description:/home/daeyun/ws_moveit2/install/moveit_common:/home/daeyun/ws_moveit2/install/moveit_configs_utils:/home/daeyun/ws_moveit2/install/launch_param_builder:/opt/ros/humble LD_LIBRARY_PATH=/home/daeyun/Desktop/github repositories_Bigyuun/ros2_ws/install/action_tutorials_interfaces/lib:/home/daeyun/Desktop/github repositories_Bigyuun/ros2_ws/install/msg_srv_action_interface_example/lib:/home/daeyun/ws_moveit2/install/pilz_industrial_motion_planner_testutils/lib:/home/daeyun/ws_moveit2/install/pilz_industrial_motion_planner/lib:/home/daeyun/ws_moveit2/install/moveit_visual_tools/lib:/home/daeyun/ws_moveit2/install/moveit_task_constructor_visualization/lib:/home/daeyun/ws_moveit2/install/moveit_task_constructor_demo/lib:/home/daeyun/ws_moveit2/install/moveit_task_constructor_capabilities/lib:/home/daeyun/ws_moveit2/install/moveit_task_constructor_core/lib:/home/daeyun/ws_moveit2/install/moveit_ros_control_interface/lib:/home/daeyun/ws_moveit2/install/moveit_simple_controller_manager/lib:/home/daeyun/ws_moveit2/install/moveit_setup_assistant/lib:/home/daeyun/ws_moveit2/install/moveit_setup_srdf_plugins/lib:/home/daeyun/ws_moveit2/install/moveit_setup_core_plugins/lib:/home/daeyun/ws_moveit2/install/moveit_setup_controllers/lib:/home/daeyun/ws_moveit2/install/moveit_setup_app_plugins/lib:/home/daeyun/ws_moveit2/install/moveit_setup_framework/lib:/home/daeyun/ws_moveit2/install/moveit_servo/lib:/home/daeyun/ws_moveit2/install/moveit_ros_visualization/lib:/home/daeyun/ws_moveit2/install/moveit_hybrid_planning/lib:/home/daeyun/ws_moveit2/install/moveit_ros_planning_interface/lib:/home/daeyun/ws_moveit2/install/moveit_ros_benchmarks/lib:/home/daeyun/ws_moveit2/install/moveit_ros_warehouse/lib:/home/daeyun/ws_moveit2/install/moveit_ros_robot_interaction/lib:/home/daeyun/ws_moveit2/install/moveit_ros_perception/lib:/home/daeyun/ws_moveit2/install/moveit_ros_move_group/lib:/home/daeyun/ws_moveit2/install/moveit_planners_ompl/lib:/home/daeyun/ws_moveit2/install/moveit_ros_planning/lib:/home/daeyun/ws_moveit2/install/moveit_ros_occupancy_map_monitor/lib:/home/daeyun/ws_moveit2/install/moveit_resources_prbt_ikfast_manipulator_plugin/lib:/home/daeyun/ws_moveit2/install/moveit_planners_chomp/lib:/home/daeyun/ws_moveit2/install/moveit_kinematics/lib:/home/daeyun/ws_moveit2/install/moveit_chomp_optimizer_adapter/lib:/home/daeyun/ws_moveit2/install/chomp_motion_planner/lib:/home/daeyun/ws_moveit2/install/moveit_core/lib:/home/daeyun/ws_moveit2/install/srdfdom/lib:/home/daeyun/ws_moveit2/install/rviz_marker_tools/lib:/home/daeyun/ws_moveit2/install/rosparam_shortcuts/lib:/home/daeyun/ws_moveit2/install/moveit_task_constructor_msgs/lib:/opt/ros/humble/opt/rviz_ogre_vendor/lib:/opt/ros/humble/lib/x86_64-linux-gnu:/opt/ros/humble/lib /usr/bin/cmake --build /home/daeyun/Desktop/github repositories_Bigyuun/ros2_ws/build/action_tutorials_cpp -- -j20 -l20
[2.231s] Level 1:colcon.colcon_core.environment:create_environment_scripts_only(action_tutorials_cpp)
[2.232s] Level 1:colcon.colcon_core.environment:checking '/home/daeyun/Desktop/github repositories_Bigyuun/ros2_ws/install/action_tutorials_cpp' for CMake module files
[2.232s] Level 1:colcon.colcon_core.environment:checking '/home/daeyun/Desktop/github repositories_Bigyuun/ros2_ws/install/action_tutorials_cpp' for CMake config files
[2.232s] Level 1:colcon.colcon_core.environment:checking '/home/daeyun/Desktop/github repositories_Bigyuun/ros2_ws/install/action_tutorials_cpp/bin'
[2.232s] Level 1:colcon.colcon_core.environment:checking '/home/daeyun/Desktop/github repositories_Bigyuun/ros2_ws/install/action_tutorials_cpp/lib/pkgconfig/action_tutorials_cpp.pc'
[2.232s] Level 1:colcon.colcon_core.environment:checking '/home/daeyun/Desktop/github repositories_Bigyuun/ros2_ws/install/action_tutorials_cpp/lib/python3.10/site-packages'
[2.232s] Level 1:colcon.colcon_core.environment:checking '/home/daeyun/Desktop/github repositories_Bigyuun/ros2_ws/install/action_tutorials_cpp/bin'
[2.233s] INFO:colcon.colcon_core.shell:Creating package script '/home/daeyun/Desktop/github repositories_Bigyuun/ros2_ws/install/action_tutorials_cpp/share/action_tutorials_cpp/package.ps1'
[2.233s] INFO:colcon.colcon_core.shell:Creating package descriptor '/home/daeyun/Desktop/github repositories_Bigyuun/ros2_ws/install/action_tutorials_cpp/share/action_tutorials_cpp/package.dsv'
[2.234s] INFO:colcon.colcon_core.shell:Creating package script '/home/daeyun/Desktop/github repositories_Bigyuun/ros2_ws/install/action_tutorials_cpp/share/action_tutorials_cpp/package.sh'
[2.234s] INFO:colcon.colcon_core.shell:Creating package script '/home/daeyun/Desktop/github repositories_Bigyuun/ros2_ws/install/action_tutorials_cpp/share/action_tutorials_cpp/package.bash'
[2.234s] INFO:colcon.colcon_core.shell:Creating package script '/home/daeyun/Desktop/github repositories_Bigyuun/ros2_ws/install/action_tutorials_cpp/share/action_tutorials_cpp/package.zsh'
[2.234s] Level 1:colcon.colcon_core.environment:create_file_with_runtime_dependencies(/home/daeyun/Desktop/github repositories_Bigyuun/ros2_ws/install/action_tutorials_cpp/share/colcon-core/packages/action_tutorials_cpp)
[2.244s] DEBUG:colcon.colcon_parallel_executor.executor.parallel:closing loop
[2.244s] DEBUG:colcon.colcon_parallel_executor.executor.parallel:loop closed
[2.244s] DEBUG:colcon.colcon_parallel_executor.executor.parallel:run_until_complete finished with '2'
[2.244s] DEBUG:colcon.colcon_core.event_reactor:joining thread
[2.249s] INFO:colcon.colcon_core.plugin_system:Skipping extension 'colcon_notification.desktop_notification.terminal_notifier': Not used on non-Darwin systems
[2.250s] INFO:colcon.colcon_core.plugin_system:Skipping extension 'colcon_notification.desktop_notification.win32': Not used on non-Windows systems
[2.250s] INFO:colcon.colcon_notification.desktop_notification:Sending desktop notification using 'notify2'
[2.259s] DEBUG:colcon.colcon_core.event_reactor:joined thread
[2.259s] INFO:colcon.colcon_core.shell:Creating prefix script '/home/daeyun/Desktop/github repositories_Bigyuun/ros2_ws/install/local_setup.ps1'
[2.260s] INFO:colcon.colcon_core.shell:Creating prefix util module '/home/daeyun/Desktop/github repositories_Bigyuun/ros2_ws/install/_local_setup_util_ps1.py'
[2.260s] INFO:colcon.colcon_core.shell:Creating prefix chain script '/home/daeyun/Desktop/github repositories_Bigyuun/ros2_ws/install/setup.ps1'
[2.262s] INFO:colcon.colcon_core.shell:Creating prefix script '/home/daeyun/Desktop/github repositories_Bigyuun/ros2_ws/install/local_setup.sh'
[2.262s] INFO:colcon.colcon_core.shell:Creating prefix util module '/home/daeyun/Desktop/github repositories_Bigyuun/ros2_ws/install/_local_setup_util_sh.py'
[2.262s] INFO:colcon.colcon_core.shell:Creating prefix chain script '/home/daeyun/Desktop/github repositories_Bigyuun/ros2_ws/install/setup.sh'
[2.264s] INFO:colcon.colcon_core.shell:Creating prefix script '/home/daeyun/Desktop/github repositories_Bigyuun/ros2_ws/install/local_setup.bash'
[2.264s] INFO:colcon.colcon_core.shell:Creating prefix chain script '/home/daeyun/Desktop/github repositories_Bigyuun/ros2_ws/install/setup.bash'
[2.265s] INFO:colcon.colcon_core.shell:Creating prefix script '/home/daeyun/Desktop/github repositories_Bigyuun/ros2_ws/install/local_setup.zsh'
[2.265s] INFO:colcon.colcon_core.shell:Creating prefix chain script '/home/daeyun/Desktop/github repositories_Bigyuun/ros2_ws/install/setup.zsh'
