[0.015s] Invoking command in '/home/bigyun/Desktop/github_repositories-Bigyuun/ros2_ws/build/my_first_ros_rclcpp_pkg': CMAKE_PREFIX_PATH=/opt/ros/foxy /usr/bin/cmake --build /home/bigyun/Desktop/github_repositories-Bigyuun/ros2_ws/build/my_first_ros_rclcpp_pkg -- -j20 -l20
[0.051s] [ 50%] Built target helloworld_publisher
[0.054s] [100%] Built target helloworld_subscriber
[0.060s] Invoked command in '/home/bigyun/Desktop/github_repositories-Bigyuun/ros2_ws/build/my_first_ros_rclcpp_pkg' returned '0': CMAKE_PREFIX_PATH=/opt/ros/foxy /usr/bin/cmake --build /home/bigyun/Desktop/github_repositories-Bigyuun/ros2_ws/build/my_first_ros_rclcpp_pkg -- -j20 -l20
[0.081s] Invoking command in '/home/bigyun/Desktop/github_repositories-Bigyuun/ros2_ws/build/my_first_ros_rclcpp_pkg': CMAKE_PREFIX_PATH=/opt/ros/foxy /usr/bin/cmake --install /home/bigyun/Desktop/github_repositories-Bigyuun/ros2_ws/build/my_first_ros_rclcpp_pkg
[0.087s] -- Install configuration: ""
[0.087s] -- Execute custom install script
[0.087s] -- Up-to-date symlink: /home/bigyun/Desktop/github_repositories-Bigyuun/ros2_ws/install/my_first_ros_rclcpp_pkg/lib/my_first_ros_rclcpp_pkg/helloworld_publisher
[0.088s] -- Up-to-date symlink: /home/bigyun/Desktop/github_repositories-Bigyuun/ros2_ws/install/my_first_ros_rclcpp_pkg/lib/my_first_ros_rclcpp_pkg/helloworld_subscriber
[0.088s] -- Up-to-date symlink: /home/bigyun/Desktop/github_repositories-Bigyuun/ros2_ws/install/my_first_ros_rclcpp_pkg/share/ament_index/resource_index/package_run_dependencies/my_first_ros_rclcpp_pkg
[0.088s] -- Up-to-date symlink: /home/bigyun/Desktop/github_repositories-Bigyuun/ros2_ws/install/my_first_ros_rclcpp_pkg/share/ament_index/resource_index/parent_prefix_path/my_first_ros_rclcpp_pkg
[0.088s] -- Up-to-date symlink: /home/bigyun/Desktop/github_repositories-Bigyuun/ros2_ws/install/my_first_ros_rclcpp_pkg/share/my_first_ros_rclcpp_pkg/environment/ament_prefix_path.sh
[0.088s] -- Up-to-date symlink: /home/bigyun/Desktop/github_repositories-Bigyuun/ros2_ws/install/my_first_ros_rclcpp_pkg/share/my_first_ros_rclcpp_pkg/environment/ament_prefix_path.dsv
[0.088s] -- Up-to-date symlink: /home/bigyun/Desktop/github_repositories-Bigyuun/ros2_ws/install/my_first_ros_rclcpp_pkg/share/my_first_ros_rclcpp_pkg/environment/path.sh
[0.088s] -- Up-to-date symlink: /home/bigyun/Desktop/github_repositories-Bigyuun/ros2_ws/install/my_first_ros_rclcpp_pkg/share/my_first_ros_rclcpp_pkg/environment/path.dsv
[0.089s] -- Up-to-date symlink: /home/bigyun/Desktop/github_repositories-Bigyuun/ros2_ws/install/my_first_ros_rclcpp_pkg/share/my_first_ros_rclcpp_pkg/local_setup.bash
[0.089s] -- Up-to-date symlink: /home/bigyun/Desktop/github_repositories-Bigyuun/ros2_ws/install/my_first_ros_rclcpp_pkg/share/my_first_ros_rclcpp_pkg/local_setup.sh
[0.089s] -- Up-to-date symlink: /home/bigyun/Desktop/github_repositories-Bigyuun/ros2_ws/install/my_first_ros_rclcpp_pkg/share/my_first_ros_rclcpp_pkg/local_setup.zsh
[0.089s] -- Up-to-date symlink: /home/bigyun/Desktop/github_repositories-Bigyuun/ros2_ws/install/my_first_ros_rclcpp_pkg/share/my_first_ros_rclcpp_pkg/local_setup.dsv
[0.089s] -- Symlinking: /home/bigyun/Desktop/github_repositories-Bigyuun/ros2_ws/install/my_first_ros_rclcpp_pkg/share/my_first_ros_rclcpp_pkg/package.dsv
[0.094s] -- Up-to-date symlink: /home/bigyun/Desktop/github_repositories-Bigyuun/ros2_ws/install/my_first_ros_rclcpp_pkg/share/ament_index/resource_index/packages/my_first_ros_rclcpp_pkg
[0.094s] -- Up-to-date symlink: /home/bigyun/Desktop/github_repositories-Bigyuun/ros2_ws/install/my_first_ros_rclcpp_pkg/share/my_first_ros_rclcpp_pkg/cmake/my_first_ros_rclcpp_pkgConfig.cmake
[0.095s] -- Up-to-date symlink: /home/bigyun/Desktop/github_repositories-Bigyuun/ros2_ws/install/my_first_ros_rclcpp_pkg/share/my_first_ros_rclcpp_pkg/cmake/my_first_ros_rclcpp_pkgConfig-version.cmake
[0.095s] -- Up-to-date symlink: /home/bigyun/Desktop/github_repositories-Bigyuun/ros2_ws/install/my_first_ros_rclcpp_pkg/share/my_first_ros_rclcpp_pkg/package.xml
[0.096s] Invoked command in '/home/bigyun/Desktop/github_repositories-Bigyuun/ros2_ws/build/my_first_ros_rclcpp_pkg' returned '0': CMAKE_PREFIX_PATH=/opt/ros/foxy /usr/bin/cmake --install /home/bigyun/Desktop/github_repositories-Bigyuun/ros2_ws/build/my_first_ros_rclcpp_pkg
