[0.010s] Invoking command in '/home/daeyun/Desktop/github repositories_Bigyuun/ros2_ws/build/my_first_ros_rclcpp_pkg': CMAKE_PREFIX_PATH=${CMAKE_PREFIX_PATH}:/home/daeyun/ws_moveit2/install/moveit_configs_utils:/home/daeyun/ws_moveit2/install/launch_param_builder:/opt/ros/humble /usr/bin/cmake --build /home/daeyun/Desktop/github repositories_Bigyuun/ros2_ws/build/my_first_ros_rclcpp_pkg -- -j20 -l20
[0.036s] [35m[1mConsolidate compiler generated dependencies of target helloworld_publisher[0m
[0.039s] [35m[1mConsolidate compiler generated dependencies of target helloworld_subscriber[0m
[0.047s] [ 50%] Built target helloworld_publisher
[0.054s] [100%] Built target helloworld_subscriber
[0.067s] Invoked command in '/home/daeyun/Desktop/github repositories_Bigyuun/ros2_ws/build/my_first_ros_rclcpp_pkg' returned '0': CMAKE_PREFIX_PATH=${CMAKE_PREFIX_PATH}:/home/daeyun/ws_moveit2/install/moveit_configs_utils:/home/daeyun/ws_moveit2/install/launch_param_builder:/opt/ros/humble /usr/bin/cmake --build /home/daeyun/Desktop/github repositories_Bigyuun/ros2_ws/build/my_first_ros_rclcpp_pkg -- -j20 -l20
[0.099s] Invoking command in '/home/daeyun/Desktop/github repositories_Bigyuun/ros2_ws/build/my_first_ros_rclcpp_pkg': CMAKE_PREFIX_PATH=${CMAKE_PREFIX_PATH}:/home/daeyun/ws_moveit2/install/moveit_configs_utils:/home/daeyun/ws_moveit2/install/launch_param_builder:/opt/ros/humble /usr/bin/cmake --install /home/daeyun/Desktop/github repositories_Bigyuun/ros2_ws/build/my_first_ros_rclcpp_pkg
[0.106s] -- Install configuration: ""
[0.106s] -- Up-to-date: /home/daeyun/Desktop/github repositories_Bigyuun/ros2_ws/install/my_first_ros_rclcpp_pkg/lib/my_first_ros_rclcpp_pkg/helloworld_publisher
[0.106s] -- Up-to-date: /home/daeyun/Desktop/github repositories_Bigyuun/ros2_ws/install/my_first_ros_rclcpp_pkg/lib/my_first_ros_rclcpp_pkg/helloworld_subscriber
[0.106s] -- Up-to-date: /home/daeyun/Desktop/github repositories_Bigyuun/ros2_ws/install/my_first_ros_rclcpp_pkg/share/ament_index/resource_index/package_run_dependencies/my_first_ros_rclcpp_pkg
[0.106s] -- Up-to-date: /home/daeyun/Desktop/github repositories_Bigyuun/ros2_ws/install/my_first_ros_rclcpp_pkg/share/ament_index/resource_index/parent_prefix_path/my_first_ros_rclcpp_pkg
[0.106s] -- Up-to-date: /home/daeyun/Desktop/github repositories_Bigyuun/ros2_ws/install/my_first_ros_rclcpp_pkg/share/my_first_ros_rclcpp_pkg/environment/ament_prefix_path.sh
[0.106s] -- Up-to-date: /home/daeyun/Desktop/github repositories_Bigyuun/ros2_ws/install/my_first_ros_rclcpp_pkg/share/my_first_ros_rclcpp_pkg/environment/ament_prefix_path.dsv
[0.106s] -- Up-to-date: /home/daeyun/Desktop/github repositories_Bigyuun/ros2_ws/install/my_first_ros_rclcpp_pkg/share/my_first_ros_rclcpp_pkg/environment/path.sh
[0.107s] -- Up-to-date: /home/daeyun/Desktop/github repositories_Bigyuun/ros2_ws/install/my_first_ros_rclcpp_pkg/share/my_first_ros_rclcpp_pkg/environment/path.dsv
[0.107s] -- Up-to-date: /home/daeyun/Desktop/github repositories_Bigyuun/ros2_ws/install/my_first_ros_rclcpp_pkg/share/my_first_ros_rclcpp_pkg/local_setup.bash
[0.107s] -- Up-to-date: /home/daeyun/Desktop/github repositories_Bigyuun/ros2_ws/install/my_first_ros_rclcpp_pkg/share/my_first_ros_rclcpp_pkg/local_setup.sh
[0.107s] -- Up-to-date: /home/daeyun/Desktop/github repositories_Bigyuun/ros2_ws/install/my_first_ros_rclcpp_pkg/share/my_first_ros_rclcpp_pkg/local_setup.zsh
[0.107s] -- Up-to-date: /home/daeyun/Desktop/github repositories_Bigyuun/ros2_ws/install/my_first_ros_rclcpp_pkg/share/my_first_ros_rclcpp_pkg/local_setup.dsv
[0.107s] -- Installing: /home/daeyun/Desktop/github repositories_Bigyuun/ros2_ws/install/my_first_ros_rclcpp_pkg/share/my_first_ros_rclcpp_pkg/package.dsv
[0.107s] -- Up-to-date: /home/daeyun/Desktop/github repositories_Bigyuun/ros2_ws/install/my_first_ros_rclcpp_pkg/share/ament_index/resource_index/packages/my_first_ros_rclcpp_pkg
[0.107s] -- Up-to-date: /home/daeyun/Desktop/github repositories_Bigyuun/ros2_ws/install/my_first_ros_rclcpp_pkg/share/my_first_ros_rclcpp_pkg/cmake/my_first_ros_rclcpp_pkgConfig.cmake
[0.107s] -- Up-to-date: /home/daeyun/Desktop/github repositories_Bigyuun/ros2_ws/install/my_first_ros_rclcpp_pkg/share/my_first_ros_rclcpp_pkg/cmake/my_first_ros_rclcpp_pkgConfig-version.cmake
[0.107s] -- Up-to-date: /home/daeyun/Desktop/github repositories_Bigyuun/ros2_ws/install/my_first_ros_rclcpp_pkg/share/my_first_ros_rclcpp_pkg/package.xml
[0.108s] Invoked command in '/home/daeyun/Desktop/github repositories_Bigyuun/ros2_ws/build/my_first_ros_rclcpp_pkg' returned '0': CMAKE_PREFIX_PATH=${CMAKE_PREFIX_PATH}:/home/daeyun/ws_moveit2/install/moveit_configs_utils:/home/daeyun/ws_moveit2/install/launch_param_builder:/opt/ros/humble /usr/bin/cmake --install /home/daeyun/Desktop/github repositories_Bigyuun/ros2_ws/build/my_first_ros_rclcpp_pkg
