[0.008s] Invoking command in '/home/daeyun/Desktop/github_repositories/ros2_ws/build/msg_srv_action_interface_example': CMAKE_PREFIX_PATH=/opt/ros/humble /usr/bin/cmake /home/daeyun/Desktop/github_repositories/ros2_ws/src/msg_srv_action_interface_example -DAMENT_CMAKE_SYMLINK_INSTALL=1 -DCMAKE_INSTALL_PREFIX=/home/daeyun/Desktop/github_repositories/ros2_ws/install/msg_srv_action_interface_example
[0.055s] -- The C compiler identification is GNU 11.3.0
[0.098s] -- The CXX compiler identification is GNU 11.3.0
[0.103s] -- Detecting C compiler ABI info
[0.139s] -- Detecting C compiler ABI info - done
[0.144s] -- Check for working C compiler: /usr/bin/cc - skipped
[0.144s] -- Detecting C compile features
[0.144s] -- Detecting C compile features - done
[0.147s] -- Detecting CXX compiler ABI info
[0.187s] -- Detecting CXX compiler ABI info - done
[0.192s] -- Check for working CXX compiler: /usr/bin/c++ - skipped
[0.192s] -- Detecting CXX compile features
[0.192s] -- Detecting CXX compile features - done
[0.197s] -- Found ament_cmake: 1.3.3 (/opt/ros/humble/share/ament_cmake/cmake)
[0.287s] -- Found Python3: /usr/bin/python3.10 (found version "3.10.6") found components: Interpreter 
[0.324s] -- Override CMake install command with custom implementation using symlinks instead of copying resources
[0.342s] -- Found builtin_interfaces: 1.2.1 (/opt/ros/humble/share/builtin_interfaces/cmake)
[0.368s] -- Found rosidl_generator_c: 3.1.4 (/opt/ros/humble/share/rosidl_generator_c/cmake)
[0.372s] -- Found rosidl_adapter: 3.1.4 (/opt/ros/humble/share/rosidl_adapter/cmake)
[0.378s] -- Found rosidl_generator_cpp: 3.1.4 (/opt/ros/humble/share/rosidl_generator_cpp/cmake)
[0.389s] -- Using all available rosidl_typesupport_c: rosidl_typesupport_fastrtps_c;rosidl_typesupport_introspection_c
[0.403s] -- Using all available rosidl_typesupport_cpp: rosidl_typesupport_fastrtps_cpp;rosidl_typesupport_introspection_cpp
[0.415s] -- Found rosidl_default_generators: 1.2.0 (/opt/ros/humble/share/rosidl_default_generators/cmake)
[0.630s] -- Found ament_cmake_ros: 0.10.0 (/opt/ros/humble/share/ament_cmake_ros/cmake)
[0.811s] -- Using all available rosidl_typesupport_c: rosidl_typesupport_fastrtps_c;rosidl_typesupport_introspection_c
[0.881s] -- Using all available rosidl_typesupport_cpp: rosidl_typesupport_fastrtps_cpp;rosidl_typesupport_introspection_cpp
[0.896s] -- Found PythonInterp: /usr/bin/python3 (found suitable version "3.10.6", minimum required is "3.6") 
[0.897s] -- Found python_cmake_module: 0.10.0 (/opt/ros/humble/share/python_cmake_module/cmake)
[0.914s] -- Found PythonLibs: /usr/lib/x86_64-linux-gnu/libpython3.10.so (found suitable version "3.10.6", minimum required is "3.5") 
[0.914s] -- Using PYTHON_EXECUTABLE: /usr/bin/python3
[0.914s] -- Using PYTHON_INCLUDE_DIRS: /usr/include/python3.10
[0.914s] -- Using PYTHON_LIBRARIES: /usr/lib/x86_64-linux-gnu/libpython3.10.so
[0.926s] -- Found PythonExtra: .so  
[0.951s] -- Found ament_lint_auto: 0.12.5 (/opt/ros/humble/share/ament_lint_auto/cmake)
[0.965s] -- Added test 'lint_cmake' to check CMake code style
[0.965s] -- Added test 'xmllint' to check XML markup files
[0.967s] -- Configuring done
[0.989s] -- Generating done
[0.990s] -- Build files have been written to: /home/daeyun/Desktop/github_repositories/ros2_ws/build/msg_srv_action_interface_example
[0.997s] Invoked command in '/home/daeyun/Desktop/github_repositories/ros2_ws/build/msg_srv_action_interface_example' returned '0': CMAKE_PREFIX_PATH=/opt/ros/humble /usr/bin/cmake /home/daeyun/Desktop/github_repositories/ros2_ws/src/msg_srv_action_interface_example -DAMENT_CMAKE_SYMLINK_INSTALL=1 -DCMAKE_INSTALL_PREFIX=/home/daeyun/Desktop/github_repositories/ros2_ws/install/msg_srv_action_interface_example
[0.999s] Invoking command in '/home/daeyun/Desktop/github_repositories/ros2_ws/build/msg_srv_action_interface_example': CMAKE_PREFIX_PATH=/opt/ros/humble /usr/bin/cmake --build /home/daeyun/Desktop/github_repositories/ros2_ws/build/msg_srv_action_interface_example -- -j16 -l16
[1.023s] [  2%] [34m[1mGenerating C code for ROS interfaces[0m
[1.027s] [  4%] [34m[1mGenerating C++ code for ROS interfaces[0m
[1.030s] [  4%] Built target ament_cmake_python_symlink_msg_srv_action_interface_example
[1.166s] running egg_info
[1.166s] creating msg_srv_action_interface_example.egg-info
[1.166s] writing msg_srv_action_interface_example.egg-info/PKG-INFO
[1.167s] writing dependency_links to msg_srv_action_interface_example.egg-info/dependency_links.txt
[1.167s] writing top-level names to msg_srv_action_interface_example.egg-info/top_level.txt
[1.167s] writing manifest file 'msg_srv_action_interface_example.egg-info/SOURCES.txt'
[1.168s] reading manifest file 'msg_srv_action_interface_example.egg-info/SOURCES.txt'
[1.168s] writing manifest file 'msg_srv_action_interface_example.egg-info/SOURCES.txt'
[1.187s] [  4%] Built target ament_cmake_python_build_msg_srv_action_interface_example_egg
[1.399s] [  8%] [32mBuilding C object CMakeFiles/msg_srv_action_interface_example__rosidl_generator_c.dir/rosidl_generator_c/msg_srv_action_interface_example/action/detail/arithmetic_checker__functions.c.o[0m
[1.399s] [ 10%] [32mBuilding C object CMakeFiles/msg_srv_action_interface_example__rosidl_generator_c.dir/rosidl_generator_c/msg_srv_action_interface_example/msg/detail/arithmetic_argument__functions.c.o[0m
[1.399s] [ 10%] [32mBuilding C object CMakeFiles/msg_srv_action_interface_example__rosidl_generator_c.dir/rosidl_generator_c/msg_srv_action_interface_example/srv/detail/arithmetic_operator__functions.c.o[0m
[1.419s] [ 10%] Built target msg_srv_action_interface_example__cpp
[1.423s] [ 17%] [34m[1mGenerating C++ type support for eProsima Fast-RTPS[0m
[1.423s] [ 17%] [34m[1mGenerating C++ introspection for ROS interfaces[0m
[1.423s] [ 17%] [34m[1mGenerating C++ type support dispatch for ROS interfaces[0m
[1.476s] [ 19%] [32m[1mLinking C shared library libmsg_srv_action_interface_example__rosidl_generator_c.so[0m
[1.495s] [ 19%] Built target msg_srv_action_interface_example__rosidl_generator_c
[1.500s] [ 25%] [34m[1mGenerating C type support dispatch for ROS interfaces[0m
[1.500s] [ 25%] [34m[1mGenerating C type support for eProsima Fast-RTPS[0m
[1.500s] [ 25%] [34m[1mGenerating C introspection for ROS interfaces[0m
[1.670s] [ 31%] [32mBuilding CXX object CMakeFiles/msg_srv_action_interface_example__rosidl_typesupport_cpp.dir/rosidl_typesupport_cpp/msg_srv_action_interface_example/srv/arithmetic_operator__type_support.cpp.o[0m
[1.670s] [ 31%] [32mBuilding CXX object CMakeFiles/msg_srv_action_interface_example__rosidl_typesupport_cpp.dir/rosidl_typesupport_cpp/msg_srv_action_interface_example/action/arithmetic_checker__type_support.cpp.o[0m
[1.670s] [ 31%] [32mBuilding CXX object CMakeFiles/msg_srv_action_interface_example__rosidl_typesupport_cpp.dir/rosidl_typesupport_cpp/msg_srv_action_interface_example/msg/arithmetic_argument__type_support.cpp.o[0m
[1.729s] [ 38%] [32mBuilding CXX object CMakeFiles/msg_srv_action_interface_example__rosidl_typesupport_introspection_cpp.dir/rosidl_typesupport_introspection_cpp/msg_srv_action_interface_example/msg/detail/arithmetic_argument__type_support.cpp.o[0m
[1.729s] [ 38%] [32mBuilding CXX object CMakeFiles/msg_srv_action_interface_example__rosidl_typesupport_introspection_cpp.dir/rosidl_typesupport_introspection_cpp/msg_srv_action_interface_example/srv/detail/arithmetic_operator__type_support.cpp.o[0m
[1.729s] [ 38%] [32mBuilding CXX object CMakeFiles/msg_srv_action_interface_example__rosidl_typesupport_introspection_cpp.dir/rosidl_typesupport_introspection_cpp/msg_srv_action_interface_example/action/detail/arithmetic_checker__type_support.cpp.o[0m
[1.755s] [ 40%] [32mBuilding CXX object CMakeFiles/msg_srv_action_interface_example__rosidl_typesupport_c.dir/rosidl_typesupport_c/msg_srv_action_interface_example/srv/arithmetic_operator__type_support.cpp.o[0m
[1.755s] [ 44%] [32mBuilding CXX object CMakeFiles/msg_srv_action_interface_example__rosidl_typesupport_c.dir/rosidl_typesupport_c/msg_srv_action_interface_example/action/arithmetic_checker__type_support.cpp.o[0m
[1.755s] [ 44%] [32mBuilding CXX object CMakeFiles/msg_srv_action_interface_example__rosidl_typesupport_c.dir/rosidl_typesupport_c/msg_srv_action_interface_example/msg/arithmetic_argument__type_support.cpp.o[0m
[1.778s] [ 48%] [32mBuilding CXX object CMakeFiles/msg_srv_action_interface_example__rosidl_typesupport_fastrtps_cpp.dir/rosidl_typesupport_fastrtps_cpp/msg_srv_action_interface_example/msg/detail/dds_fastrtps/arithmetic_argument__type_support.cpp.o[0m
[1.778s] [ 48%] [32mBuilding CXX object CMakeFiles/msg_srv_action_interface_example__rosidl_typesupport_fastrtps_cpp.dir/rosidl_typesupport_fastrtps_cpp/msg_srv_action_interface_example/srv/detail/dds_fastrtps/arithmetic_operator__type_support.cpp.o[0m
[1.783s] [ 51%] [32mBuilding CXX object CMakeFiles/msg_srv_action_interface_example__rosidl_typesupport_fastrtps_cpp.dir/rosidl_typesupport_fastrtps_cpp/msg_srv_action_interface_example/action/detail/dds_fastrtps/arithmetic_checker__type_support.cpp.o[0m
[1.799s] [ 53%] [32m[1mLinking CXX shared library libmsg_srv_action_interface_example__rosidl_typesupport_c.so[0m
[1.842s] [ 53%] Built target msg_srv_action_interface_example__rosidl_typesupport_c
[1.862s] [ 55%] [32mBuilding C object CMakeFiles/msg_srv_action_interface_example__rosidl_typesupport_introspection_c.dir/rosidl_typesupport_introspection_c/msg_srv_action_interface_example/srv/detail/arithmetic_operator__type_support.c.o[0m
[1.862s] [ 57%] [32mBuilding C object CMakeFiles/msg_srv_action_interface_example__rosidl_typesupport_introspection_c.dir/rosidl_typesupport_introspection_c/msg_srv_action_interface_example/msg/detail/arithmetic_argument__type_support.c.o[0m
[1.863s] [ 59%] [32mBuilding C object CMakeFiles/msg_srv_action_interface_example__rosidl_typesupport_introspection_c.dir/rosidl_typesupport_introspection_c/msg_srv_action_interface_example/action/detail/arithmetic_checker__type_support.c.o[0m
[1.892s] [ 65%] [32mBuilding CXX object CMakeFiles/msg_srv_action_interface_example__rosidl_typesupport_fastrtps_c.dir/rosidl_typesupport_fastrtps_c/msg_srv_action_interface_example/srv/detail/arithmetic_operator__type_support_c.cpp.o[0m
[1.893s] [ 65%] [32mBuilding CXX object CMakeFiles/msg_srv_action_interface_example__rosidl_typesupport_fastrtps_c.dir/rosidl_typesupport_fastrtps_c/msg_srv_action_interface_example/msg/detail/arithmetic_argument__type_support_c.cpp.o[0m
[1.893s] [ 65%] [32mBuilding CXX object CMakeFiles/msg_srv_action_interface_example__rosidl_typesupport_fastrtps_c.dir/rosidl_typesupport_fastrtps_c/msg_srv_action_interface_example/action/detail/arithmetic_checker__type_support_c.cpp.o[0m
[1.905s] [ 68%] [32m[1mLinking C shared library libmsg_srv_action_interface_example__rosidl_typesupport_introspection_c.so[0m
[1.947s] [ 68%] Built target msg_srv_action_interface_example__rosidl_typesupport_introspection_c
[2.019s] [ 70%] [32m[1mLinking CXX shared library libmsg_srv_action_interface_example__rosidl_typesupport_cpp.so[0m
[2.043s] [ 70%] Built target msg_srv_action_interface_example__rosidl_typesupport_cpp
[2.171s] [ 72%] [32m[1mLinking CXX shared library libmsg_srv_action_interface_example__rosidl_typesupport_fastrtps_c.so[0m
[2.211s] [ 72%] Built target msg_srv_action_interface_example__rosidl_typesupport_fastrtps_c
[2.251s] [ 74%] [32m[1mLinking CXX shared library libmsg_srv_action_interface_example__rosidl_typesupport_introspection_cpp.so[0m
[2.260s] [ 76%] [32m[1mLinking CXX shared library libmsg_srv_action_interface_example__rosidl_typesupport_fastrtps_cpp.so[0m
[2.288s] [ 76%] Built target msg_srv_action_interface_example__rosidl_typesupport_introspection_cpp
[2.298s] [ 76%] Built target msg_srv_action_interface_example__rosidl_typesupport_fastrtps_cpp
[2.307s] [ 76%] Built target msg_srv_action_interface_example
[2.315s] [ 78%] [34m[1mGenerating Python code for ROS interfaces[0m
[2.951s] [ 78%] Built target msg_srv_action_interface_example__py
[2.961s] [ 85%] [32mBuilding C object CMakeFiles/msg_srv_action_interface_example__rosidl_generator_py.dir/rosidl_generator_py/msg_srv_action_interface_example/action/_arithmetic_checker_s.c.o[0m
[2.961s] [ 85%] [32mBuilding C object CMakeFiles/msg_srv_action_interface_example__rosidl_generator_py.dir/rosidl_generator_py/msg_srv_action_interface_example/msg/_arithmetic_argument_s.c.o[0m
[2.961s] [ 85%] [32mBuilding C object CMakeFiles/msg_srv_action_interface_example__rosidl_generator_py.dir/rosidl_generator_py/msg_srv_action_interface_example/srv/_arithmetic_operator_s.c.o[0m
[3.040s] [ 87%] [32m[1mLinking C shared library rosidl_generator_py/msg_srv_action_interface_example/libmsg_srv_action_interface_example__rosidl_generator_py.so[0m
[3.061s] [ 87%] Built target msg_srv_action_interface_example__rosidl_generator_py
[3.069s] [ 91%] [32mBuilding C object CMakeFiles/msg_srv_action_interface_example__rosidl_typesupport_fastrtps_c__pyext.dir/rosidl_generator_py/msg_srv_action_interface_example/_msg_srv_action_interface_example_s.ep.rosidl_typesupport_fastrtps_c.c.o[0m
[3.069s] [ 91%] [32mBuilding C object CMakeFiles/msg_srv_action_interface_example__rosidl_typesupport_introspection_c__pyext.dir/rosidl_generator_py/msg_srv_action_interface_example/_msg_srv_action_interface_example_s.ep.rosidl_typesupport_introspection_c.c.o[0m
[3.069s] [ 93%] [32mBuilding C object CMakeFiles/msg_srv_action_interface_example__rosidl_typesupport_c__pyext.dir/rosidl_generator_py/msg_srv_action_interface_example/_msg_srv_action_interface_example_s.ep.rosidl_typesupport_c.c.o[0m
[3.139s] [100%] [32m[1mLinking C shared library rosidl_generator_py/msg_srv_action_interface_example/msg_srv_action_interface_example_s__rosidl_typesupport_introspection_c.cpython-310-x86_64-linux-gnu.so[0m
[3.139s] [100%] [32m[1mLinking C shared library rosidl_generator_py/msg_srv_action_interface_example/msg_srv_action_interface_example_s__rosidl_typesupport_c.cpython-310-x86_64-linux-gnu.so[0m
[3.139s] [100%] [32m[1mLinking C shared library rosidl_generator_py/msg_srv_action_interface_example/msg_srv_action_interface_example_s__rosidl_typesupport_fastrtps_c.cpython-310-x86_64-linux-gnu.so[0m
[3.159s] [100%] Built target msg_srv_action_interface_example__rosidl_typesupport_introspection_c__pyext
[3.159s] [100%] Built target msg_srv_action_interface_example__rosidl_typesupport_fastrtps_c__pyext
[3.159s] [100%] Built target msg_srv_action_interface_example__rosidl_typesupport_c__pyext
[3.164s] Invoked command in '/home/daeyun/Desktop/github_repositories/ros2_ws/build/msg_srv_action_interface_example' returned '0': CMAKE_PREFIX_PATH=/opt/ros/humble /usr/bin/cmake --build /home/daeyun/Desktop/github_repositories/ros2_ws/build/msg_srv_action_interface_example -- -j16 -l16
[3.203s] Invoking command in '/home/daeyun/Desktop/github_repositories/ros2_ws/build/msg_srv_action_interface_example': CMAKE_PREFIX_PATH=/opt/ros/humble /usr/bin/cmake --install /home/daeyun/Desktop/github_repositories/ros2_ws/build/msg_srv_action_interface_example
[3.206s] -- Install configuration: ""
[3.207s] -- Execute custom install script
[3.207s] -- Symlinking: /home/daeyun/Desktop/github_repositories/ros2_ws/install/msg_srv_action_interface_example/share/ament_index/resource_index/rosidl_interfaces/msg_srv_action_interface_example
[3.210s] -- Symlinking: /home/daeyun/Desktop/github_repositories/ros2_ws/install/msg_srv_action_interface_example/include/msg_srv_action_interface_example/msg_srv_action_interface_example/action/arithmetic_checker.h
[3.214s] -- Symlinking: /home/daeyun/Desktop/github_repositories/ros2_ws/install/msg_srv_action_interface_example/include/msg_srv_action_interface_example/msg_srv_action_interface_example/action/detail/arithmetic_checker__functions.h
[3.217s] -- Symlinking: /home/daeyun/Desktop/github_repositories/ros2_ws/install/msg_srv_action_interface_example/include/msg_srv_action_interface_example/msg_srv_action_interface_example/action/detail/arithmetic_checker__struct.h
[3.220s] -- Symlinking: /home/daeyun/Desktop/github_repositories/ros2_ws/install/msg_srv_action_interface_example/include/msg_srv_action_interface_example/msg_srv_action_interface_example/action/detail/arithmetic_checker__type_support.h
[3.224s] -- Symlinking: /home/daeyun/Desktop/github_repositories/ros2_ws/install/msg_srv_action_interface_example/include/msg_srv_action_interface_example/msg_srv_action_interface_example/msg/arithmetic_argument.h
[3.227s] -- Symlinking: /home/daeyun/Desktop/github_repositories/ros2_ws/install/msg_srv_action_interface_example/include/msg_srv_action_interface_example/msg_srv_action_interface_example/msg/detail/arithmetic_argument__functions.h
[3.230s] -- Symlinking: /home/daeyun/Desktop/github_repositories/ros2_ws/install/msg_srv_action_interface_example/include/msg_srv_action_interface_example/msg_srv_action_interface_example/msg/detail/arithmetic_argument__struct.h
[3.233s] -- Symlinking: /home/daeyun/Desktop/github_repositories/ros2_ws/install/msg_srv_action_interface_example/include/msg_srv_action_interface_example/msg_srv_action_interface_example/msg/detail/arithmetic_argument__type_support.h
[3.236s] -- Symlinking: /home/daeyun/Desktop/github_repositories/ros2_ws/install/msg_srv_action_interface_example/include/msg_srv_action_interface_example/msg_srv_action_interface_example/msg/rosidl_generator_c__visibility_control.h
[3.239s] -- Symlinking: /home/daeyun/Desktop/github_repositories/ros2_ws/install/msg_srv_action_interface_example/include/msg_srv_action_interface_example/msg_srv_action_interface_example/srv/arithmetic_operator.h
[3.242s] -- Symlinking: /home/daeyun/Desktop/github_repositories/ros2_ws/install/msg_srv_action_interface_example/include/msg_srv_action_interface_example/msg_srv_action_interface_example/srv/detail/arithmetic_operator__functions.h
[3.245s] -- Symlinking: /home/daeyun/Desktop/github_repositories/ros2_ws/install/msg_srv_action_interface_example/include/msg_srv_action_interface_example/msg_srv_action_interface_example/srv/detail/arithmetic_operator__struct.h
[3.249s] -- Symlinking: /home/daeyun/Desktop/github_repositories/ros2_ws/install/msg_srv_action_interface_example/include/msg_srv_action_interface_example/msg_srv_action_interface_example/srv/detail/arithmetic_operator__type_support.h
[3.252s] -- Symlinking: /home/daeyun/Desktop/github_repositories/ros2_ws/install/msg_srv_action_interface_example/share/msg_srv_action_interface_example/environment/library_path.sh
[3.255s] -- Symlinking: /home/daeyun/Desktop/github_repositories/ros2_ws/install/msg_srv_action_interface_example/share/msg_srv_action_interface_example/environment/library_path.dsv
[3.259s] -- Symlinking: /home/daeyun/Desktop/github_repositories/ros2_ws/install/msg_srv_action_interface_example/include/msg_srv_action_interface_example/msg_srv_action_interface_example/action/detail/arithmetic_checker__rosidl_typesupport_fastrtps_c.h
[3.262s] -- Symlinking: /home/daeyun/Desktop/github_repositories/ros2_ws/install/msg_srv_action_interface_example/include/msg_srv_action_interface_example/msg_srv_action_interface_example/msg/detail/arithmetic_argument__rosidl_typesupport_fastrtps_c.h
[3.265s] -- Symlinking: /home/daeyun/Desktop/github_repositories/ros2_ws/install/msg_srv_action_interface_example/include/msg_srv_action_interface_example/msg_srv_action_interface_example/msg/rosidl_typesupport_fastrtps_c__visibility_control.h
[3.268s] -- Symlinking: /home/daeyun/Desktop/github_repositories/ros2_ws/install/msg_srv_action_interface_example/include/msg_srv_action_interface_example/msg_srv_action_interface_example/srv/detail/arithmetic_operator__rosidl_typesupport_fastrtps_c.h
[3.272s] -- Symlinking: /home/daeyun/Desktop/github_repositories/ros2_ws/install/msg_srv_action_interface_example/include/msg_srv_action_interface_example/msg_srv_action_interface_example/action/arithmetic_checker.hpp
[3.275s] -- Symlinking: /home/daeyun/Desktop/github_repositories/ros2_ws/install/msg_srv_action_interface_example/include/msg_srv_action_interface_example/msg_srv_action_interface_example/action/detail/arithmetic_checker__builder.hpp
[3.278s] -- Symlinking: /home/daeyun/Desktop/github_repositories/ros2_ws/install/msg_srv_action_interface_example/include/msg_srv_action_interface_example/msg_srv_action_interface_example/action/detail/arithmetic_checker__struct.hpp
[3.281s] -- Symlinking: /home/daeyun/Desktop/github_repositories/ros2_ws/install/msg_srv_action_interface_example/include/msg_srv_action_interface_example/msg_srv_action_interface_example/action/detail/arithmetic_checker__traits.hpp
[3.284s] -- Symlinking: /home/daeyun/Desktop/github_repositories/ros2_ws/install/msg_srv_action_interface_example/include/msg_srv_action_interface_example/msg_srv_action_interface_example/msg/arithmetic_argument.hpp
[3.288s] -- Symlinking: /home/daeyun/Desktop/github_repositories/ros2_ws/install/msg_srv_action_interface_example/include/msg_srv_action_interface_example/msg_srv_action_interface_example/msg/detail/arithmetic_argument__builder.hpp
[3.291s] -- Symlinking: /home/daeyun/Desktop/github_repositories/ros2_ws/install/msg_srv_action_interface_example/include/msg_srv_action_interface_example/msg_srv_action_interface_example/msg/detail/arithmetic_argument__struct.hpp
[3.295s] -- Symlinking: /home/daeyun/Desktop/github_repositories/ros2_ws/install/msg_srv_action_interface_example/include/msg_srv_action_interface_example/msg_srv_action_interface_example/msg/detail/arithmetic_argument__traits.hpp
[3.298s] -- Symlinking: /home/daeyun/Desktop/github_repositories/ros2_ws/install/msg_srv_action_interface_example/include/msg_srv_action_interface_example/msg_srv_action_interface_example/srv/arithmetic_operator.hpp
[3.301s] -- Symlinking: /home/daeyun/Desktop/github_repositories/ros2_ws/install/msg_srv_action_interface_example/include/msg_srv_action_interface_example/msg_srv_action_interface_example/srv/detail/arithmetic_operator__builder.hpp
[3.304s] -- Symlinking: /home/daeyun/Desktop/github_repositories/ros2_ws/install/msg_srv_action_interface_example/include/msg_srv_action_interface_example/msg_srv_action_interface_example/srv/detail/arithmetic_operator__struct.hpp
[3.307s] -- Symlinking: /home/daeyun/Desktop/github_repositories/ros2_ws/install/msg_srv_action_interface_example/include/msg_srv_action_interface_example/msg_srv_action_interface_example/srv/detail/arithmetic_operator__traits.hpp
[3.311s] -- Symlinking: /home/daeyun/Desktop/github_repositories/ros2_ws/install/msg_srv_action_interface_example/include/msg_srv_action_interface_example/msg_srv_action_interface_example/action/detail/arithmetic_checker__rosidl_typesupport_fastrtps_cpp.hpp
[3.314s] -- Symlinking: /home/daeyun/Desktop/github_repositories/ros2_ws/install/msg_srv_action_interface_example/include/msg_srv_action_interface_example/msg_srv_action_interface_example/msg/detail/arithmetic_argument__rosidl_typesupport_fastrtps_cpp.hpp
[3.317s] -- Symlinking: /home/daeyun/Desktop/github_repositories/ros2_ws/install/msg_srv_action_interface_example/include/msg_srv_action_interface_example/msg_srv_action_interface_example/msg/rosidl_typesupport_fastrtps_cpp__visibility_control.h
[3.321s] -- Symlinking: /home/daeyun/Desktop/github_repositories/ros2_ws/install/msg_srv_action_interface_example/include/msg_srv_action_interface_example/msg_srv_action_interface_example/srv/detail/arithmetic_operator__rosidl_typesupport_fastrtps_cpp.hpp
[3.325s] -- Symlinking: /home/daeyun/Desktop/github_repositories/ros2_ws/install/msg_srv_action_interface_example/include/msg_srv_action_interface_example/msg_srv_action_interface_example/action/detail/arithmetic_checker__rosidl_typesupport_introspection_c.h
[3.328s] -- Symlinking: /home/daeyun/Desktop/github_repositories/ros2_ws/install/msg_srv_action_interface_example/include/msg_srv_action_interface_example/msg_srv_action_interface_example/msg/detail/arithmetic_argument__rosidl_typesupport_introspection_c.h
[3.331s] -- Symlinking: /home/daeyun/Desktop/github_repositories/ros2_ws/install/msg_srv_action_interface_example/include/msg_srv_action_interface_example/msg_srv_action_interface_example/msg/rosidl_typesupport_introspection_c__visibility_control.h
[3.335s] -- Symlinking: /home/daeyun/Desktop/github_repositories/ros2_ws/install/msg_srv_action_interface_example/include/msg_srv_action_interface_example/msg_srv_action_interface_example/srv/detail/arithmetic_operator__rosidl_typesupport_introspection_c.h
[3.338s] -- Symlinking: /home/daeyun/Desktop/github_repositories/ros2_ws/install/msg_srv_action_interface_example/include/msg_srv_action_interface_example/msg_srv_action_interface_example/action/detail/arithmetic_checker__rosidl_typesupport_introspection_cpp.hpp
[3.342s] -- Symlinking: /home/daeyun/Desktop/github_repositories/ros2_ws/install/msg_srv_action_interface_example/include/msg_srv_action_interface_example/msg_srv_action_interface_example/msg/detail/arithmetic_argument__rosidl_typesupport_introspection_cpp.hpp
[3.345s] -- Symlinking: /home/daeyun/Desktop/github_repositories/ros2_ws/install/msg_srv_action_interface_example/include/msg_srv_action_interface_example/msg_srv_action_interface_example/srv/detail/arithmetic_operator__rosidl_typesupport_introspection_cpp.hpp
[3.348s] -- Symlinking: /home/daeyun/Desktop/github_repositories/ros2_ws/install/msg_srv_action_interface_example/share/msg_srv_action_interface_example/environment/pythonpath.sh
[3.351s] -- Symlinking: /home/daeyun/Desktop/github_repositories/ros2_ws/install/msg_srv_action_interface_example/share/msg_srv_action_interface_example/environment/pythonpath.dsv
[3.356s] -- Symlinking: /home/daeyun/Desktop/github_repositories/ros2_ws/install/msg_srv_action_interface_example/local/lib/python3.10/dist-packages/msg_srv_action_interface_example-0.0.0-py3.10.egg-info/PKG-INFO
[3.359s] -- Symlinking: /home/daeyun/Desktop/github_repositories/ros2_ws/install/msg_srv_action_interface_example/local/lib/python3.10/dist-packages/msg_srv_action_interface_example-0.0.0-py3.10.egg-info/SOURCES.txt
[3.363s] -- Symlinking: /home/daeyun/Desktop/github_repositories/ros2_ws/install/msg_srv_action_interface_example/local/lib/python3.10/dist-packages/msg_srv_action_interface_example-0.0.0-py3.10.egg-info/dependency_links.txt
[3.366s] -- Symlinking: /home/daeyun/Desktop/github_repositories/ros2_ws/install/msg_srv_action_interface_example/local/lib/python3.10/dist-packages/msg_srv_action_interface_example-0.0.0-py3.10.egg-info/top_level.txt
[3.370s] -- Symlinking: /home/daeyun/Desktop/github_repositories/ros2_ws/install/msg_srv_action_interface_example/local/lib/python3.10/dist-packages/msg_srv_action_interface_example/__init__.py
[3.374s] -- Symlinking: /home/daeyun/Desktop/github_repositories/ros2_ws/install/msg_srv_action_interface_example/local/lib/python3.10/dist-packages/msg_srv_action_interface_example/_msg_srv_action_interface_example_s.ep.rosidl_typesupport_c.c
[3.377s] -- Symlinking: /home/daeyun/Desktop/github_repositories/ros2_ws/install/msg_srv_action_interface_example/local/lib/python3.10/dist-packages/msg_srv_action_interface_example/_msg_srv_action_interface_example_s.ep.rosidl_typesupport_fastrtps_c.c
[3.380s] -- Symlinking: /home/daeyun/Desktop/github_repositories/ros2_ws/install/msg_srv_action_interface_example/local/lib/python3.10/dist-packages/msg_srv_action_interface_example/_msg_srv_action_interface_example_s.ep.rosidl_typesupport_introspection_c.c
[3.383s] -- Symlinking: /home/daeyun/Desktop/github_repositories/ros2_ws/install/msg_srv_action_interface_example/local/lib/python3.10/dist-packages/msg_srv_action_interface_example/action/__init__.py
[3.386s] -- Symlinking: /home/daeyun/Desktop/github_repositories/ros2_ws/install/msg_srv_action_interface_example/local/lib/python3.10/dist-packages/msg_srv_action_interface_example/action/_arithmetic_checker.py
[3.390s] -- Symlinking: /home/daeyun/Desktop/github_repositories/ros2_ws/install/msg_srv_action_interface_example/local/lib/python3.10/dist-packages/msg_srv_action_interface_example/action/_arithmetic_checker_s.c
[3.393s] -- Symlinking: /home/daeyun/Desktop/github_repositories/ros2_ws/install/msg_srv_action_interface_example/local/lib/python3.10/dist-packages/msg_srv_action_interface_example/libmsg_srv_action_interface_example__rosidl_generator_py.so
[3.397s] -- Symlinking: /home/daeyun/Desktop/github_repositories/ros2_ws/install/msg_srv_action_interface_example/local/lib/python3.10/dist-packages/msg_srv_action_interface_example/msg/__init__.py
[3.400s] -- Symlinking: /home/daeyun/Desktop/github_repositories/ros2_ws/install/msg_srv_action_interface_example/local/lib/python3.10/dist-packages/msg_srv_action_interface_example/msg/_arithmetic_argument.py
[3.403s] -- Symlinking: /home/daeyun/Desktop/github_repositories/ros2_ws/install/msg_srv_action_interface_example/local/lib/python3.10/dist-packages/msg_srv_action_interface_example/msg/_arithmetic_argument_s.c
[3.406s] -- Symlinking: /home/daeyun/Desktop/github_repositories/ros2_ws/install/msg_srv_action_interface_example/local/lib/python3.10/dist-packages/msg_srv_action_interface_example/msg_srv_action_interface_example_s__rosidl_typesupport_c.cpython-310-x86_64-linux-gnu.so
[3.410s] -- Symlinking: /home/daeyun/Desktop/github_repositories/ros2_ws/install/msg_srv_action_interface_example/local/lib/python3.10/dist-packages/msg_srv_action_interface_example/msg_srv_action_interface_example_s__rosidl_typesupport_fastrtps_c.cpython-310-x86_64-linux-gnu.so
[3.413s] -- Symlinking: /home/daeyun/Desktop/github_repositories/ros2_ws/install/msg_srv_action_interface_example/local/lib/python3.10/dist-packages/msg_srv_action_interface_example/msg_srv_action_interface_example_s__rosidl_typesupport_introspection_c.cpython-310-x86_64-linux-gnu.so
[3.416s] -- Symlinking: /home/daeyun/Desktop/github_repositories/ros2_ws/install/msg_srv_action_interface_example/local/lib/python3.10/dist-packages/msg_srv_action_interface_example/srv/__init__.py
[3.420s] -- Symlinking: /home/daeyun/Desktop/github_repositories/ros2_ws/install/msg_srv_action_interface_example/local/lib/python3.10/dist-packages/msg_srv_action_interface_example/srv/_arithmetic_operator.py
[3.423s] -- Symlinking: /home/daeyun/Desktop/github_repositories/ros2_ws/install/msg_srv_action_interface_example/local/lib/python3.10/dist-packages/msg_srv_action_interface_example/srv/_arithmetic_operator_s.c
[3.427s] -- Up-to-date symlink: /home/daeyun/Desktop/github_repositories/ros2_ws/install/msg_srv_action_interface_example/local/lib/python3.10/dist-packages/msg_srv_action_interface_example/msg_srv_action_interface_example_s__rosidl_typesupport_fastrtps_c.cpython-310-x86_64-linux-gnu.so
[3.427s] -- Up-to-date symlink: /home/daeyun/Desktop/github_repositories/ros2_ws/install/msg_srv_action_interface_example/local/lib/python3.10/dist-packages/msg_srv_action_interface_example/msg_srv_action_interface_example_s__rosidl_typesupport_introspection_c.cpython-310-x86_64-linux-gnu.so
[3.427s] -- Up-to-date symlink: /home/daeyun/Desktop/github_repositories/ros2_ws/install/msg_srv_action_interface_example/local/lib/python3.10/dist-packages/msg_srv_action_interface_example/msg_srv_action_interface_example_s__rosidl_typesupport_c.cpython-310-x86_64-linux-gnu.so
[3.427s] -- Symlinking: /home/daeyun/Desktop/github_repositories/ros2_ws/install/msg_srv_action_interface_example/share/msg_srv_action_interface_example/msg/ArithmeticArgument.idl
[3.431s] -- Symlinking: /home/daeyun/Desktop/github_repositories/ros2_ws/install/msg_srv_action_interface_example/share/msg_srv_action_interface_example/srv/ArithmeticOperator.idl
[3.435s] -- Symlinking: /home/daeyun/Desktop/github_repositories/ros2_ws/install/msg_srv_action_interface_example/share/msg_srv_action_interface_example/action/ArithmeticChecker.idl
[3.440s] -- Symlinking: /home/daeyun/Desktop/github_repositories/ros2_ws/install/msg_srv_action_interface_example/share/msg_srv_action_interface_example/msg/ArithmeticArgument.msg
[3.445s] -- Symlinking: /home/daeyun/Desktop/github_repositories/ros2_ws/install/msg_srv_action_interface_example/share/msg_srv_action_interface_example/srv/ArithmeticOperator.srv
[3.449s] -- Symlinking: /home/daeyun/Desktop/github_repositories/ros2_ws/install/msg_srv_action_interface_example/share/msg_srv_action_interface_example/srv/ArithmeticOperator_Request.msg
[3.454s] -- Symlinking: /home/daeyun/Desktop/github_repositories/ros2_ws/install/msg_srv_action_interface_example/share/msg_srv_action_interface_example/srv/ArithmeticOperator_Response.msg
[3.459s] -- Symlinking: /home/daeyun/Desktop/github_repositories/ros2_ws/install/msg_srv_action_interface_example/share/msg_srv_action_interface_example/action/ArithmeticChecker.action
[3.463s] -- Symlinking: /home/daeyun/Desktop/github_repositories/ros2_ws/install/msg_srv_action_interface_example/share/ament_index/resource_index/package_run_dependencies/msg_srv_action_interface_example
[3.467s] -- Symlinking: /home/daeyun/Desktop/github_repositories/ros2_ws/install/msg_srv_action_interface_example/share/ament_index/resource_index/parent_prefix_path/msg_srv_action_interface_example
[3.471s] -- Symlinking: /home/daeyun/Desktop/github_repositories/ros2_ws/install/msg_srv_action_interface_example/share/msg_srv_action_interface_example/environment/ament_prefix_path.sh
[3.475s] -- Symlinking: /home/daeyun/Desktop/github_repositories/ros2_ws/install/msg_srv_action_interface_example/share/msg_srv_action_interface_example/environment/ament_prefix_path.dsv
[3.478s] -- Symlinking: /home/daeyun/Desktop/github_repositories/ros2_ws/install/msg_srv_action_interface_example/share/msg_srv_action_interface_example/environment/path.sh
[3.481s] -- Symlinking: /home/daeyun/Desktop/github_repositories/ros2_ws/install/msg_srv_action_interface_example/share/msg_srv_action_interface_example/environment/path.dsv
[3.484s] -- Symlinking: /home/daeyun/Desktop/github_repositories/ros2_ws/install/msg_srv_action_interface_example/share/msg_srv_action_interface_example/local_setup.bash
[3.487s] -- Symlinking: /home/daeyun/Desktop/github_repositories/ros2_ws/install/msg_srv_action_interface_example/share/msg_srv_action_interface_example/local_setup.sh
[3.491s] -- Symlinking: /home/daeyun/Desktop/github_repositories/ros2_ws/install/msg_srv_action_interface_example/share/msg_srv_action_interface_example/local_setup.zsh
[3.494s] -- Symlinking: /home/daeyun/Desktop/github_repositories/ros2_ws/install/msg_srv_action_interface_example/share/msg_srv_action_interface_example/local_setup.dsv
[3.498s] -- Symlinking: /home/daeyun/Desktop/github_repositories/ros2_ws/install/msg_srv_action_interface_example/share/msg_srv_action_interface_example/package.dsv
[3.501s] -- Symlinking: /home/daeyun/Desktop/github_repositories/ros2_ws/install/msg_srv_action_interface_example/share/ament_index/resource_index/packages/msg_srv_action_interface_example
[3.504s] -- Symlinking: /home/daeyun/Desktop/github_repositories/ros2_ws/install/msg_srv_action_interface_example/share/msg_srv_action_interface_example/cmake/rosidl_cmake-extras.cmake
[3.507s] -- Symlinking: /home/daeyun/Desktop/github_repositories/ros2_ws/install/msg_srv_action_interface_example/share/msg_srv_action_interface_example/cmake/ament_cmake_export_dependencies-extras.cmake
[3.511s] -- Symlinking: /home/daeyun/Desktop/github_repositories/ros2_ws/install/msg_srv_action_interface_example/share/msg_srv_action_interface_example/cmake/ament_cmake_export_include_directories-extras.cmake
[3.514s] -- Symlinking: /home/daeyun/Desktop/github_repositories/ros2_ws/install/msg_srv_action_interface_example/share/msg_srv_action_interface_example/cmake/ament_cmake_export_libraries-extras.cmake
[3.518s] -- Symlinking: /home/daeyun/Desktop/github_repositories/ros2_ws/install/msg_srv_action_interface_example/share/msg_srv_action_interface_example/cmake/ament_cmake_export_targets-extras.cmake
[3.522s] -- Symlinking: /home/daeyun/Desktop/github_repositories/ros2_ws/install/msg_srv_action_interface_example/share/msg_srv_action_interface_example/cmake/rosidl_cmake_export_typesupport_targets-extras.cmake
[3.525s] -- Symlinking: /home/daeyun/Desktop/github_repositories/ros2_ws/install/msg_srv_action_interface_example/share/msg_srv_action_interface_example/cmake/rosidl_cmake_export_typesupport_libraries-extras.cmake
[3.529s] -- Symlinking: /home/daeyun/Desktop/github_repositories/ros2_ws/install/msg_srv_action_interface_example/share/msg_srv_action_interface_example/cmake/msg_srv_action_interface_exampleConfig.cmake
[3.532s] -- Symlinking: /home/daeyun/Desktop/github_repositories/ros2_ws/install/msg_srv_action_interface_example/share/msg_srv_action_interface_example/cmake/msg_srv_action_interface_exampleConfig-version.cmake
[3.535s] -- Symlinking: /home/daeyun/Desktop/github_repositories/ros2_ws/install/msg_srv_action_interface_example/share/msg_srv_action_interface_example/package.xml
[3.539s] -- Installing: /home/daeyun/Desktop/github_repositories/ros2_ws/install/msg_srv_action_interface_example/lib/libmsg_srv_action_interface_example__rosidl_generator_c.so
[3.539s] -- Set runtime path of "/home/daeyun/Desktop/github_repositories/ros2_ws/install/msg_srv_action_interface_example/lib/libmsg_srv_action_interface_example__rosidl_generator_c.so" to ""
[3.539s] -- Installing: /home/daeyun/Desktop/github_repositories/ros2_ws/install/msg_srv_action_interface_example/lib/libmsg_srv_action_interface_example__rosidl_typesupport_fastrtps_c.so
[3.539s] -- Set runtime path of "/home/daeyun/Desktop/github_repositories/ros2_ws/install/msg_srv_action_interface_example/lib/libmsg_srv_action_interface_example__rosidl_typesupport_fastrtps_c.so" to ""
[3.540s] -- Installing: /home/daeyun/Desktop/github_repositories/ros2_ws/install/msg_srv_action_interface_example/lib/libmsg_srv_action_interface_example__rosidl_typesupport_fastrtps_cpp.so
[3.540s] -- Set runtime path of "/home/daeyun/Desktop/github_repositories/ros2_ws/install/msg_srv_action_interface_example/lib/libmsg_srv_action_interface_example__rosidl_typesupport_fastrtps_cpp.so" to ""
[3.540s] -- Installing: /home/daeyun/Desktop/github_repositories/ros2_ws/install/msg_srv_action_interface_example/lib/libmsg_srv_action_interface_example__rosidl_typesupport_introspection_c.so
[3.540s] -- Set runtime path of "/home/daeyun/Desktop/github_repositories/ros2_ws/install/msg_srv_action_interface_example/lib/libmsg_srv_action_interface_example__rosidl_typesupport_introspection_c.so" to ""
[3.540s] -- Installing: /home/daeyun/Desktop/github_repositories/ros2_ws/install/msg_srv_action_interface_example/lib/libmsg_srv_action_interface_example__rosidl_typesupport_c.so
[3.540s] -- Set runtime path of "/home/daeyun/Desktop/github_repositories/ros2_ws/install/msg_srv_action_interface_example/lib/libmsg_srv_action_interface_example__rosidl_typesupport_c.so" to ""
[3.540s] -- Installing: /home/daeyun/Desktop/github_repositories/ros2_ws/install/msg_srv_action_interface_example/lib/libmsg_srv_action_interface_example__rosidl_typesupport_introspection_cpp.so
[3.541s] -- Set runtime path of "/home/daeyun/Desktop/github_repositories/ros2_ws/install/msg_srv_action_interface_example/lib/libmsg_srv_action_interface_example__rosidl_typesupport_introspection_cpp.so" to ""
[3.541s] -- Installing: /home/daeyun/Desktop/github_repositories/ros2_ws/install/msg_srv_action_interface_example/lib/libmsg_srv_action_interface_example__rosidl_typesupport_cpp.so
[3.541s] -- Set runtime path of "/home/daeyun/Desktop/github_repositories/ros2_ws/install/msg_srv_action_interface_example/lib/libmsg_srv_action_interface_example__rosidl_typesupport_cpp.so" to ""
[3.564s] Listing '/home/daeyun/Desktop/github_repositories/ros2_ws/install/msg_srv_action_interface_example/local/lib/python3.10/dist-packages/msg_srv_action_interface_example'...
[3.564s] Compiling '/home/daeyun/Desktop/github_repositories/ros2_ws/install/msg_srv_action_interface_example/local/lib/python3.10/dist-packages/msg_srv_action_interface_example/__init__.py'...
[3.564s] Listing '/home/daeyun/Desktop/github_repositories/ros2_ws/install/msg_srv_action_interface_example/local/lib/python3.10/dist-packages/msg_srv_action_interface_example/action'...
[3.564s] Compiling '/home/daeyun/Desktop/github_repositories/ros2_ws/install/msg_srv_action_interface_example/local/lib/python3.10/dist-packages/msg_srv_action_interface_example/action/__init__.py'...
[3.564s] Compiling '/home/daeyun/Desktop/github_repositories/ros2_ws/install/msg_srv_action_interface_example/local/lib/python3.10/dist-packages/msg_srv_action_interface_example/action/_arithmetic_checker.py'...
[3.564s] Listing '/home/daeyun/Desktop/github_repositories/ros2_ws/install/msg_srv_action_interface_example/local/lib/python3.10/dist-packages/msg_srv_action_interface_example/msg'...
[3.564s] Compiling '/home/daeyun/Desktop/github_repositories/ros2_ws/install/msg_srv_action_interface_example/local/lib/python3.10/dist-packages/msg_srv_action_interface_example/msg/__init__.py'...
[3.564s] Compiling '/home/daeyun/Desktop/github_repositories/ros2_ws/install/msg_srv_action_interface_example/local/lib/python3.10/dist-packages/msg_srv_action_interface_example/msg/_arithmetic_argument.py'...
[3.564s] Listing '/home/daeyun/Desktop/github_repositories/ros2_ws/install/msg_srv_action_interface_example/local/lib/python3.10/dist-packages/msg_srv_action_interface_example/srv'...
[3.564s] Compiling '/home/daeyun/Desktop/github_repositories/ros2_ws/install/msg_srv_action_interface_example/local/lib/python3.10/dist-packages/msg_srv_action_interface_example/srv/__init__.py'...
[3.564s] Compiling '/home/daeyun/Desktop/github_repositories/ros2_ws/install/msg_srv_action_interface_example/local/lib/python3.10/dist-packages/msg_srv_action_interface_example/srv/_arithmetic_operator.py'...
[3.566s] -- Installing: /home/daeyun/Desktop/github_repositories/ros2_ws/install/msg_srv_action_interface_example/lib/libmsg_srv_action_interface_example__rosidl_generator_py.so
[3.566s] -- Set runtime path of "/home/daeyun/Desktop/github_repositories/ros2_ws/install/msg_srv_action_interface_example/lib/libmsg_srv_action_interface_example__rosidl_generator_py.so" to ""
[3.567s] -- Installing: /home/daeyun/Desktop/github_repositories/ros2_ws/install/msg_srv_action_interface_example/share/msg_srv_action_interface_example/cmake/export_msg_srv_action_interface_example__rosidl_generator_cExport.cmake
[3.567s] -- Installing: /home/daeyun/Desktop/github_repositories/ros2_ws/install/msg_srv_action_interface_example/share/msg_srv_action_interface_example/cmake/export_msg_srv_action_interface_example__rosidl_generator_cExport-noconfig.cmake
[3.567s] -- Installing: /home/daeyun/Desktop/github_repositories/ros2_ws/install/msg_srv_action_interface_example/share/msg_srv_action_interface_example/cmake/export_msg_srv_action_interface_example__rosidl_typesupport_fastrtps_cExport.cmake
[3.567s] -- Installing: /home/daeyun/Desktop/github_repositories/ros2_ws/install/msg_srv_action_interface_example/share/msg_srv_action_interface_example/cmake/export_msg_srv_action_interface_example__rosidl_typesupport_fastrtps_cExport-noconfig.cmake
[3.567s] -- Installing: /home/daeyun/Desktop/github_repositories/ros2_ws/install/msg_srv_action_interface_example/share/msg_srv_action_interface_example/cmake/export_msg_srv_action_interface_example__rosidl_generator_cppExport.cmake
[3.567s] -- Installing: /home/daeyun/Desktop/github_repositories/ros2_ws/install/msg_srv_action_interface_example/share/msg_srv_action_interface_example/cmake/export_msg_srv_action_interface_example__rosidl_typesupport_fastrtps_cppExport.cmake
[3.567s] -- Installing: /home/daeyun/Desktop/github_repositories/ros2_ws/install/msg_srv_action_interface_example/share/msg_srv_action_interface_example/cmake/export_msg_srv_action_interface_example__rosidl_typesupport_fastrtps_cppExport-noconfig.cmake
[3.567s] -- Installing: /home/daeyun/Desktop/github_repositories/ros2_ws/install/msg_srv_action_interface_example/share/msg_srv_action_interface_example/cmake/msg_srv_action_interface_example__rosidl_typesupport_introspection_cExport.cmake
[3.567s] -- Installing: /home/daeyun/Desktop/github_repositories/ros2_ws/install/msg_srv_action_interface_example/share/msg_srv_action_interface_example/cmake/msg_srv_action_interface_example__rosidl_typesupport_introspection_cExport-noconfig.cmake
[3.567s] -- Installing: /home/daeyun/Desktop/github_repositories/ros2_ws/install/msg_srv_action_interface_example/share/msg_srv_action_interface_example/cmake/msg_srv_action_interface_example__rosidl_typesupport_cExport.cmake
[3.568s] -- Installing: /home/daeyun/Desktop/github_repositories/ros2_ws/install/msg_srv_action_interface_example/share/msg_srv_action_interface_example/cmake/msg_srv_action_interface_example__rosidl_typesupport_cExport-noconfig.cmake
[3.568s] -- Installing: /home/daeyun/Desktop/github_repositories/ros2_ws/install/msg_srv_action_interface_example/share/msg_srv_action_interface_example/cmake/msg_srv_action_interface_example__rosidl_typesupport_introspection_cppExport.cmake
[3.568s] -- Installing: /home/daeyun/Desktop/github_repositories/ros2_ws/install/msg_srv_action_interface_example/share/msg_srv_action_interface_example/cmake/msg_srv_action_interface_example__rosidl_typesupport_introspection_cppExport-noconfig.cmake
[3.568s] -- Installing: /home/daeyun/Desktop/github_repositories/ros2_ws/install/msg_srv_action_interface_example/share/msg_srv_action_interface_example/cmake/msg_srv_action_interface_example__rosidl_typesupport_cppExport.cmake
[3.568s] -- Installing: /home/daeyun/Desktop/github_repositories/ros2_ws/install/msg_srv_action_interface_example/share/msg_srv_action_interface_example/cmake/msg_srv_action_interface_example__rosidl_typesupport_cppExport-noconfig.cmake
[3.568s] -- Installing: /home/daeyun/Desktop/github_repositories/ros2_ws/install/msg_srv_action_interface_example/share/msg_srv_action_interface_example/cmake/export_msg_srv_action_interface_example__rosidl_generator_pyExport.cmake
[3.568s] -- Installing: /home/daeyun/Desktop/github_repositories/ros2_ws/install/msg_srv_action_interface_example/share/msg_srv_action_interface_example/cmake/export_msg_srv_action_interface_example__rosidl_generator_pyExport-noconfig.cmake
[3.570s] Invoked command in '/home/daeyun/Desktop/github_repositories/ros2_ws/build/msg_srv_action_interface_example' returned '0': CMAKE_PREFIX_PATH=/opt/ros/humble /usr/bin/cmake --install /home/daeyun/Desktop/github_repositories/ros2_ws/build/msg_srv_action_interface_example
