[0.008s] Invoking command in '/home/daeyun/Desktop/github_repositories/ros2_ws/build/msg_srv_action_interface_example': CMAKE_PREFIX_PATH=/opt/ros/humble /usr/bin/cmake /home/daeyun/Desktop/github_repositories/ros2_ws/src/msg_srv_action_interface_example -DAMENT_CMAKE_SYMLINK_INSTALL=1 -DCMAKE_INSTALL_PREFIX=/home/daeyun/Desktop/github_repositories/ros2_ws/install/msg_srv_action_interface_example
[0.052s] -- The C compiler identification is GNU 11.3.0
[0.089s] -- The CXX compiler identification is GNU 11.3.0
[0.095s] -- Detecting C compiler ABI info
[0.133s] -- Detecting C compiler ABI info - done
[0.137s] -- Check for working C compiler: /usr/bin/cc - skipped
[0.138s] -- Detecting C compile features
[0.138s] -- Detecting C compile features - done
[0.140s] -- Detecting CXX compiler ABI info
[0.180s] -- Detecting CXX compiler ABI info - done
[0.185s] -- Check for working CXX compiler: /usr/bin/c++ - skipped
[0.185s] -- Detecting CXX compile features
[0.185s] -- Detecting CXX compile features - done
[0.188s] -- Found ament_cmake: 1.3.3 (/opt/ros/humble/share/ament_cmake/cmake)
[0.281s] -- Found Python3: /usr/bin/python3.10 (found version "3.10.6") found components: Interpreter 
[0.317s] -- Override CMake install command with custom implementation using symlinks instead of copying resources
[0.334s] -- Found builtin_interfaces: 1.2.1 (/opt/ros/humble/share/builtin_interfaces/cmake)
[0.357s] -- Found rosidl_generator_c: 3.1.4 (/opt/ros/humble/share/rosidl_generator_c/cmake)
[0.360s] -- Found rosidl_adapter: 3.1.4 (/opt/ros/humble/share/rosidl_adapter/cmake)
[0.366s] -- Found rosidl_generator_cpp: 3.1.4 (/opt/ros/humble/share/rosidl_generator_cpp/cmake)
[0.376s] -- Using all available rosidl_typesupport_c: rosidl_typesupport_fastrtps_c;rosidl_typesupport_introspection_c
[0.389s] -- Using all available rosidl_typesupport_cpp: rosidl_typesupport_fastrtps_cpp;rosidl_typesupport_introspection_cpp
[0.400s] -- Found rosidl_default_generators: 1.2.0 (/opt/ros/humble/share/rosidl_default_generators/cmake)
[0.596s] -- Found ament_cmake_ros: 0.10.0 (/opt/ros/humble/share/ament_cmake_ros/cmake)
[0.769s] -- Using all available rosidl_typesupport_c: rosidl_typesupport_fastrtps_c;rosidl_typesupport_introspection_c
[0.836s] -- Using all available rosidl_typesupport_cpp: rosidl_typesupport_fastrtps_cpp;rosidl_typesupport_introspection_cpp
[0.849s] -- Found PythonInterp: /usr/bin/python3 (found suitable version "3.10.6", minimum required is "3.6") 
[0.850s] -- Found python_cmake_module: 0.10.0 (/opt/ros/humble/share/python_cmake_module/cmake)
[0.865s] -- Found PythonLibs: /usr/lib/x86_64-linux-gnu/libpython3.10.so (found suitable version "3.10.6", minimum required is "3.5") 
[0.865s] -- Using PYTHON_EXECUTABLE: /usr/bin/python3
[0.865s] -- Using PYTHON_INCLUDE_DIRS: /usr/include/python3.10
[0.865s] -- Using PYTHON_LIBRARIES: /usr/lib/x86_64-linux-gnu/libpython3.10.so
[0.877s] -- Found PythonExtra: .so  
[0.900s] -- Found ament_lint_auto: 0.12.5 (/opt/ros/humble/share/ament_lint_auto/cmake)
[0.914s] -- Added test 'lint_cmake' to check CMake code style
[0.915s] -- Added test 'xmllint' to check XML markup files
[0.917s] -- Configuring done
[0.938s] -- Generating done
[0.939s] -- Build files have been written to: /home/daeyun/Desktop/github_repositories/ros2_ws/build/msg_srv_action_interface_example
[0.945s] Invoked command in '/home/daeyun/Desktop/github_repositories/ros2_ws/build/msg_srv_action_interface_example' returned '0': CMAKE_PREFIX_PATH=/opt/ros/humble /usr/bin/cmake /home/daeyun/Desktop/github_repositories/ros2_ws/src/msg_srv_action_interface_example -DAMENT_CMAKE_SYMLINK_INSTALL=1 -DCMAKE_INSTALL_PREFIX=/home/daeyun/Desktop/github_repositories/ros2_ws/install/msg_srv_action_interface_example
[0.946s] Invoking command in '/home/daeyun/Desktop/github_repositories/ros2_ws/build/msg_srv_action_interface_example': CMAKE_PREFIX_PATH=/opt/ros/humble /usr/bin/cmake --build /home/daeyun/Desktop/github_repositories/ros2_ws/build/msg_srv_action_interface_example -- -j16 -l16
[0.967s] [  2%] [34m[1mGenerating C code for ROS interfaces[0m
[0.971s] [  4%] [34m[1mGenerating C++ code for ROS interfaces[0m
[0.973s] [  4%] Built target ament_cmake_python_symlink_msg_srv_action_interface_example
[1.109s] running egg_info
[1.109s] creating msg_srv_action_interface_example.egg-info
[1.109s] writing msg_srv_action_interface_example.egg-info/PKG-INFO
[1.109s] writing dependency_links to msg_srv_action_interface_example.egg-info/dependency_links.txt
[1.109s] writing top-level names to msg_srv_action_interface_example.egg-info/top_level.txt
[1.109s] writing manifest file 'msg_srv_action_interface_example.egg-info/SOURCES.txt'
[1.111s] reading manifest file 'msg_srv_action_interface_example.egg-info/SOURCES.txt'
[1.111s] writing manifest file 'msg_srv_action_interface_example.egg-info/SOURCES.txt'
[1.127s] [  4%] Built target ament_cmake_python_build_msg_srv_action_interface_example_egg
[1.304s] [  4%] Built target msg_srv_action_interface_example__cpp
[1.308s] [  8%] [34m[1mGenerating C++ type support dispatch for ROS interfaces[0m
[1.308s] [  8%] [34m[1mGenerating C++ type support for eProsima Fast-RTPS[0m
[1.308s] [ 10%] [34m[1mGenerating C++ introspection for ROS interfaces[0m
[1.337s] [ 17%] [32mBuilding C object CMakeFiles/msg_srv_action_interface_example__rosidl_generator_c.dir/rosidl_generator_c/msg_srv_action_interface_example/action/detail/arithmetic_checker__functions.c.o[0m
[1.337s] [ 17%] [32mBuilding C object CMakeFiles/msg_srv_action_interface_example__rosidl_generator_c.dir/rosidl_generator_c/msg_srv_action_interface_example/srv/detail/arithmetic_operator__functions.c.o[0m
[1.337s] [ 17%] [32mBuilding C object CMakeFiles/msg_srv_action_interface_example__rosidl_generator_c.dir/rosidl_generator_c/msg_srv_action_interface_example/msg/detail/arithmetic_argument__functions.c.o[0m
[1.414s] [ 19%] [32m[1mLinking C shared library libmsg_srv_action_interface_example__rosidl_generator_c.so[0m
[1.434s] [ 19%] Built target msg_srv_action_interface_example__rosidl_generator_c
[1.439s] [ 25%] [34m[1mGenerating C type support for eProsima Fast-RTPS[0m
[1.439s] [ 25%] [34m[1mGenerating C introspection for ROS interfaces[0m
[1.439s] [ 25%] [34m[1mGenerating C type support dispatch for ROS interfaces[0m
[1.539s] [ 31%] [32mBuilding CXX object CMakeFiles/msg_srv_action_interface_example__rosidl_typesupport_cpp.dir/rosidl_typesupport_cpp/msg_srv_action_interface_example/srv/arithmetic_operator__type_support.cpp.o[0m
[1.539s] [ 31%] [32mBuilding CXX object CMakeFiles/msg_srv_action_interface_example__rosidl_typesupport_cpp.dir/rosidl_typesupport_cpp/msg_srv_action_interface_example/msg/arithmetic_argument__type_support.cpp.o[0m
[1.539s] [ 31%] [32mBuilding CXX object CMakeFiles/msg_srv_action_interface_example__rosidl_typesupport_cpp.dir/rosidl_typesupport_cpp/msg_srv_action_interface_example/action/arithmetic_checker__type_support.cpp.o[0m
[1.582s] [ 34%] [32mBuilding CXX object CMakeFiles/msg_srv_action_interface_example__rosidl_typesupport_introspection_cpp.dir/rosidl_typesupport_introspection_cpp/msg_srv_action_interface_example/msg/detail/arithmetic_argument__type_support.cpp.o[0m
[1.583s] [ 38%] [32mBuilding CXX object CMakeFiles/msg_srv_action_interface_example__rosidl_typesupport_introspection_cpp.dir/rosidl_typesupport_introspection_cpp/msg_srv_action_interface_example/action/detail/arithmetic_checker__type_support.cpp.o[0m
[1.583s] [ 38%] [32mBuilding CXX object CMakeFiles/msg_srv_action_interface_example__rosidl_typesupport_introspection_cpp.dir/rosidl_typesupport_introspection_cpp/msg_srv_action_interface_example/srv/detail/arithmetic_operator__type_support.cpp.o[0m
[1.645s] [ 40%] [32mBuilding CXX object CMakeFiles/msg_srv_action_interface_example__rosidl_typesupport_fastrtps_cpp.dir/rosidl_typesupport_fastrtps_cpp/msg_srv_action_interface_example/msg/detail/dds_fastrtps/arithmetic_argument__type_support.cpp.o[0m
[1.647s] [ 44%] [32mBuilding CXX object CMakeFiles/msg_srv_action_interface_example__rosidl_typesupport_fastrtps_cpp.dir/rosidl_typesupport_fastrtps_cpp/msg_srv_action_interface_example/srv/detail/dds_fastrtps/arithmetic_operator__type_support.cpp.o[0m
[1.647s] [ 44%] [32mBuilding CXX object CMakeFiles/msg_srv_action_interface_example__rosidl_typesupport_fastrtps_cpp.dir/rosidl_typesupport_fastrtps_cpp/msg_srv_action_interface_example/action/detail/dds_fastrtps/arithmetic_checker__type_support.cpp.o[0m
[1.744s] [ 48%] [32mBuilding CXX object CMakeFiles/msg_srv_action_interface_example__rosidl_typesupport_c.dir/rosidl_typesupport_c/msg_srv_action_interface_example/msg/arithmetic_argument__type_support.cpp.o[0m
[1.744s] [ 48%] [32mBuilding CXX object CMakeFiles/msg_srv_action_interface_example__rosidl_typesupport_c.dir/rosidl_typesupport_c/msg_srv_action_interface_example/action/arithmetic_checker__type_support.cpp.o[0m
[1.744s] [ 51%] [32mBuilding CXX object CMakeFiles/msg_srv_action_interface_example__rosidl_typesupport_c.dir/rosidl_typesupport_c/msg_srv_action_interface_example/srv/arithmetic_operator__type_support.cpp.o[0m
[1.753s] [ 55%] [32mBuilding C object CMakeFiles/msg_srv_action_interface_example__rosidl_typesupport_introspection_c.dir/rosidl_typesupport_introspection_c/msg_srv_action_interface_example/srv/detail/arithmetic_operator__type_support.c.o[0m
[1.753s] [ 57%] [32mBuilding C object CMakeFiles/msg_srv_action_interface_example__rosidl_typesupport_introspection_c.dir/rosidl_typesupport_introspection_c/msg_srv_action_interface_example/msg/detail/arithmetic_argument__type_support.c.o[0m
[1.754s] [ 57%] [32mBuilding C object CMakeFiles/msg_srv_action_interface_example__rosidl_typesupport_introspection_c.dir/rosidl_typesupport_introspection_c/msg_srv_action_interface_example/action/detail/arithmetic_checker__type_support.c.o[0m
[1.781s] [ 59%] [32mBuilding CXX object CMakeFiles/msg_srv_action_interface_example__rosidl_typesupport_fastrtps_c.dir/rosidl_typesupport_fastrtps_c/msg_srv_action_interface_example/srv/detail/arithmetic_operator__type_support_c.cpp.o[0m
[1.781s] [ 61%] [32mBuilding CXX object CMakeFiles/msg_srv_action_interface_example__rosidl_typesupport_fastrtps_c.dir/rosidl_typesupport_fastrtps_c/msg_srv_action_interface_example/msg/detail/arithmetic_argument__type_support_c.cpp.o[0m
[1.781s] [ 63%] [32mBuilding CXX object CMakeFiles/msg_srv_action_interface_example__rosidl_typesupport_fastrtps_c.dir/rosidl_typesupport_fastrtps_c/msg_srv_action_interface_example/action/detail/arithmetic_checker__type_support_c.cpp.o[0m
[1.792s] [ 65%] [32m[1mLinking CXX shared library libmsg_srv_action_interface_example__rosidl_typesupport_c.so[0m
[1.792s] [ 68%] [32m[1mLinking C shared library libmsg_srv_action_interface_example__rosidl_typesupport_introspection_c.so[0m
[1.808s] [ 68%] Built target msg_srv_action_interface_example__rosidl_typesupport_introspection_c
[1.829s] [ 68%] Built target msg_srv_action_interface_example__rosidl_typesupport_c
[1.862s] [ 70%] [32m[1mLinking CXX shared library libmsg_srv_action_interface_example__rosidl_typesupport_cpp.so[0m
[1.887s] [ 70%] Built target msg_srv_action_interface_example__rosidl_typesupport_cpp
[2.055s] [ 72%] [32m[1mLinking CXX shared library libmsg_srv_action_interface_example__rosidl_typesupport_introspection_cpp.so[0m
[2.070s] [ 74%] [32m[1mLinking CXX shared library libmsg_srv_action_interface_example__rosidl_typesupport_fastrtps_cpp.so[0m
[2.088s] [ 76%] [32m[1mLinking CXX shared library libmsg_srv_action_interface_example__rosidl_typesupport_fastrtps_c.so[0m
[2.092s] [ 76%] Built target msg_srv_action_interface_example__rosidl_typesupport_introspection_cpp
[2.113s] [ 76%] Built target msg_srv_action_interface_example__rosidl_typesupport_fastrtps_cpp
[2.126s] [ 76%] Built target msg_srv_action_interface_example__rosidl_typesupport_fastrtps_c
[2.134s] [ 76%] Built target msg_srv_action_interface_example
[2.142s] [ 78%] [34m[1mGenerating Python code for ROS interfaces[0m
[2.783s] [ 78%] Built target msg_srv_action_interface_example__py
[2.791s] [ 80%] [32mBuilding C object CMakeFiles/msg_srv_action_interface_example__rosidl_generator_py.dir/rosidl_generator_py/msg_srv_action_interface_example/msg/_arithmetic_argument_s.c.o[0m
[2.791s] [ 82%] [32mBuilding C object CMakeFiles/msg_srv_action_interface_example__rosidl_generator_py.dir/rosidl_generator_py/msg_srv_action_interface_example/srv/_arithmetic_operator_s.c.o[0m
[2.791s] [ 85%] [32mBuilding C object CMakeFiles/msg_srv_action_interface_example__rosidl_generator_py.dir/rosidl_generator_py/msg_srv_action_interface_example/action/_arithmetic_checker_s.c.o[0m
[2.873s] [ 87%] [32m[1mLinking C shared library rosidl_generator_py/msg_srv_action_interface_example/libmsg_srv_action_interface_example__rosidl_generator_py.so[0m
[2.895s] [ 87%] Built target msg_srv_action_interface_example__rosidl_generator_py
[2.904s] [ 89%] [32mBuilding C object CMakeFiles/msg_srv_action_interface_example__rosidl_typesupport_introspection_c__pyext.dir/rosidl_generator_py/msg_srv_action_interface_example/_msg_srv_action_interface_example_s.ep.rosidl_typesupport_introspection_c.c.o[0m
[2.904s] [ 93%] [32mBuilding C object CMakeFiles/msg_srv_action_interface_example__rosidl_typesupport_c__pyext.dir/rosidl_generator_py/msg_srv_action_interface_example/_msg_srv_action_interface_example_s.ep.rosidl_typesupport_c.c.o[0m
[2.904s] [ 93%] [32mBuilding C object CMakeFiles/msg_srv_action_interface_example__rosidl_typesupport_fastrtps_c__pyext.dir/rosidl_generator_py/msg_srv_action_interface_example/_msg_srv_action_interface_example_s.ep.rosidl_typesupport_fastrtps_c.c.o[0m
[2.975s] [ 97%] [32m[1mLinking C shared library rosidl_generator_py/msg_srv_action_interface_example/msg_srv_action_interface_example_s__rosidl_typesupport_c.cpython-310-x86_64-linux-gnu.so[0m
[2.975s] [ 97%] [32m[1mLinking C shared library rosidl_generator_py/msg_srv_action_interface_example/msg_srv_action_interface_example_s__rosidl_typesupport_fastrtps_c.cpython-310-x86_64-linux-gnu.so[0m
[2.975s] [100%] [32m[1mLinking C shared library rosidl_generator_py/msg_srv_action_interface_example/msg_srv_action_interface_example_s__rosidl_typesupport_introspection_c.cpython-310-x86_64-linux-gnu.so[0m
[2.995s] [100%] Built target msg_srv_action_interface_example__rosidl_typesupport_introspection_c__pyext
[2.995s] [100%] Built target msg_srv_action_interface_example__rosidl_typesupport_c__pyext
[2.995s] [100%] Built target msg_srv_action_interface_example__rosidl_typesupport_fastrtps_c__pyext
[3.000s] Invoked command in '/home/daeyun/Desktop/github_repositories/ros2_ws/build/msg_srv_action_interface_example' returned '0': CMAKE_PREFIX_PATH=/opt/ros/humble /usr/bin/cmake --build /home/daeyun/Desktop/github_repositories/ros2_ws/build/msg_srv_action_interface_example -- -j16 -l16
[3.040s] Invoking command in '/home/daeyun/Desktop/github_repositories/ros2_ws/build/msg_srv_action_interface_example': CMAKE_PREFIX_PATH=/opt/ros/humble /usr/bin/cmake --install /home/daeyun/Desktop/github_repositories/ros2_ws/build/msg_srv_action_interface_example
[3.044s] -- Install configuration: ""
[3.044s] -- Execute custom install script
[3.045s] -- Symlinking: /home/daeyun/Desktop/github_repositories/ros2_ws/install/msg_srv_action_interface_example/share/ament_index/resource_index/rosidl_interfaces/msg_srv_action_interface_example
[3.049s] -- Symlinking: /home/daeyun/Desktop/github_repositories/ros2_ws/install/msg_srv_action_interface_example/include/msg_srv_action_interface_example/msg_srv_action_interface_example/action/arithmetic_checker.h
[3.053s] -- Symlinking: /home/daeyun/Desktop/github_repositories/ros2_ws/install/msg_srv_action_interface_example/include/msg_srv_action_interface_example/msg_srv_action_interface_example/action/detail/arithmetic_checker__functions.h
[3.057s] -- Symlinking: /home/daeyun/Desktop/github_repositories/ros2_ws/install/msg_srv_action_interface_example/include/msg_srv_action_interface_example/msg_srv_action_interface_example/action/detail/arithmetic_checker__struct.h
[3.061s] -- Symlinking: /home/daeyun/Desktop/github_repositories/ros2_ws/install/msg_srv_action_interface_example/include/msg_srv_action_interface_example/msg_srv_action_interface_example/action/detail/arithmetic_checker__type_support.h
[3.064s] -- Symlinking: /home/daeyun/Desktop/github_repositories/ros2_ws/install/msg_srv_action_interface_example/include/msg_srv_action_interface_example/msg_srv_action_interface_example/msg/arithmetic_argument.h
[3.068s] -- Symlinking: /home/daeyun/Desktop/github_repositories/ros2_ws/install/msg_srv_action_interface_example/include/msg_srv_action_interface_example/msg_srv_action_interface_example/msg/detail/arithmetic_argument__functions.h
[3.071s] -- Symlinking: /home/daeyun/Desktop/github_repositories/ros2_ws/install/msg_srv_action_interface_example/include/msg_srv_action_interface_example/msg_srv_action_interface_example/msg/detail/arithmetic_argument__struct.h
[3.075s] -- Symlinking: /home/daeyun/Desktop/github_repositories/ros2_ws/install/msg_srv_action_interface_example/include/msg_srv_action_interface_example/msg_srv_action_interface_example/msg/detail/arithmetic_argument__type_support.h
[3.079s] -- Symlinking: /home/daeyun/Desktop/github_repositories/ros2_ws/install/msg_srv_action_interface_example/include/msg_srv_action_interface_example/msg_srv_action_interface_example/msg/rosidl_generator_c__visibility_control.h
[3.083s] -- Symlinking: /home/daeyun/Desktop/github_repositories/ros2_ws/install/msg_srv_action_interface_example/include/msg_srv_action_interface_example/msg_srv_action_interface_example/srv/arithmetic_operator.h
[3.087s] -- Symlinking: /home/daeyun/Desktop/github_repositories/ros2_ws/install/msg_srv_action_interface_example/include/msg_srv_action_interface_example/msg_srv_action_interface_example/srv/detail/arithmetic_operator__functions.h
[3.090s] -- Symlinking: /home/daeyun/Desktop/github_repositories/ros2_ws/install/msg_srv_action_interface_example/include/msg_srv_action_interface_example/msg_srv_action_interface_example/srv/detail/arithmetic_operator__struct.h
[3.093s] -- Symlinking: /home/daeyun/Desktop/github_repositories/ros2_ws/install/msg_srv_action_interface_example/include/msg_srv_action_interface_example/msg_srv_action_interface_example/srv/detail/arithmetic_operator__type_support.h
[3.097s] -- Symlinking: /home/daeyun/Desktop/github_repositories/ros2_ws/install/msg_srv_action_interface_example/share/msg_srv_action_interface_example/environment/library_path.sh
[3.100s] -- Symlinking: /home/daeyun/Desktop/github_repositories/ros2_ws/install/msg_srv_action_interface_example/share/msg_srv_action_interface_example/environment/library_path.dsv
[3.104s] -- Symlinking: /home/daeyun/Desktop/github_repositories/ros2_ws/install/msg_srv_action_interface_example/include/msg_srv_action_interface_example/msg_srv_action_interface_example/action/detail/arithmetic_checker__rosidl_typesupport_fastrtps_c.h
[3.108s] -- Symlinking: /home/daeyun/Desktop/github_repositories/ros2_ws/install/msg_srv_action_interface_example/include/msg_srv_action_interface_example/msg_srv_action_interface_example/msg/detail/arithmetic_argument__rosidl_typesupport_fastrtps_c.h
[3.111s] -- Symlinking: /home/daeyun/Desktop/github_repositories/ros2_ws/install/msg_srv_action_interface_example/include/msg_srv_action_interface_example/msg_srv_action_interface_example/msg/rosidl_typesupport_fastrtps_c__visibility_control.h
[3.115s] -- Symlinking: /home/daeyun/Desktop/github_repositories/ros2_ws/install/msg_srv_action_interface_example/include/msg_srv_action_interface_example/msg_srv_action_interface_example/srv/detail/arithmetic_operator__rosidl_typesupport_fastrtps_c.h
[3.119s] -- Symlinking: /home/daeyun/Desktop/github_repositories/ros2_ws/install/msg_srv_action_interface_example/include/msg_srv_action_interface_example/msg_srv_action_interface_example/action/arithmetic_checker.hpp
[3.122s] -- Symlinking: /home/daeyun/Desktop/github_repositories/ros2_ws/install/msg_srv_action_interface_example/include/msg_srv_action_interface_example/msg_srv_action_interface_example/action/detail/arithmetic_checker__builder.hpp
[3.125s] -- Symlinking: /home/daeyun/Desktop/github_repositories/ros2_ws/install/msg_srv_action_interface_example/include/msg_srv_action_interface_example/msg_srv_action_interface_example/action/detail/arithmetic_checker__struct.hpp
[3.128s] -- Symlinking: /home/daeyun/Desktop/github_repositories/ros2_ws/install/msg_srv_action_interface_example/include/msg_srv_action_interface_example/msg_srv_action_interface_example/action/detail/arithmetic_checker__traits.hpp
[3.131s] -- Symlinking: /home/daeyun/Desktop/github_repositories/ros2_ws/install/msg_srv_action_interface_example/include/msg_srv_action_interface_example/msg_srv_action_interface_example/msg/arithmetic_argument.hpp
[3.135s] -- Symlinking: /home/daeyun/Desktop/github_repositories/ros2_ws/install/msg_srv_action_interface_example/include/msg_srv_action_interface_example/msg_srv_action_interface_example/msg/detail/arithmetic_argument__builder.hpp
[3.138s] -- Symlinking: /home/daeyun/Desktop/github_repositories/ros2_ws/install/msg_srv_action_interface_example/include/msg_srv_action_interface_example/msg_srv_action_interface_example/msg/detail/arithmetic_argument__struct.hpp
[3.141s] -- Symlinking: /home/daeyun/Desktop/github_repositories/ros2_ws/install/msg_srv_action_interface_example/include/msg_srv_action_interface_example/msg_srv_action_interface_example/msg/detail/arithmetic_argument__traits.hpp
[3.145s] -- Symlinking: /home/daeyun/Desktop/github_repositories/ros2_ws/install/msg_srv_action_interface_example/include/msg_srv_action_interface_example/msg_srv_action_interface_example/srv/arithmetic_operator.hpp
[3.149s] -- Symlinking: /home/daeyun/Desktop/github_repositories/ros2_ws/install/msg_srv_action_interface_example/include/msg_srv_action_interface_example/msg_srv_action_interface_example/srv/detail/arithmetic_operator__builder.hpp
[3.152s] -- Symlinking: /home/daeyun/Desktop/github_repositories/ros2_ws/install/msg_srv_action_interface_example/include/msg_srv_action_interface_example/msg_srv_action_interface_example/srv/detail/arithmetic_operator__struct.hpp
[3.155s] -- Symlinking: /home/daeyun/Desktop/github_repositories/ros2_ws/install/msg_srv_action_interface_example/include/msg_srv_action_interface_example/msg_srv_action_interface_example/srv/detail/arithmetic_operator__traits.hpp
[3.159s] -- Symlinking: /home/daeyun/Desktop/github_repositories/ros2_ws/install/msg_srv_action_interface_example/include/msg_srv_action_interface_example/msg_srv_action_interface_example/action/detail/arithmetic_checker__rosidl_typesupport_fastrtps_cpp.hpp
[3.162s] -- Symlinking: /home/daeyun/Desktop/github_repositories/ros2_ws/install/msg_srv_action_interface_example/include/msg_srv_action_interface_example/msg_srv_action_interface_example/msg/detail/arithmetic_argument__rosidl_typesupport_fastrtps_cpp.hpp
[3.165s] -- Symlinking: /home/daeyun/Desktop/github_repositories/ros2_ws/install/msg_srv_action_interface_example/include/msg_srv_action_interface_example/msg_srv_action_interface_example/msg/rosidl_typesupport_fastrtps_cpp__visibility_control.h
[3.169s] -- Symlinking: /home/daeyun/Desktop/github_repositories/ros2_ws/install/msg_srv_action_interface_example/include/msg_srv_action_interface_example/msg_srv_action_interface_example/srv/detail/arithmetic_operator__rosidl_typesupport_fastrtps_cpp.hpp
[3.173s] -- Symlinking: /home/daeyun/Desktop/github_repositories/ros2_ws/install/msg_srv_action_interface_example/include/msg_srv_action_interface_example/msg_srv_action_interface_example/action/detail/arithmetic_checker__rosidl_typesupport_introspection_c.h
[3.176s] -- Symlinking: /home/daeyun/Desktop/github_repositories/ros2_ws/install/msg_srv_action_interface_example/include/msg_srv_action_interface_example/msg_srv_action_interface_example/msg/detail/arithmetic_argument__rosidl_typesupport_introspection_c.h
[3.180s] -- Symlinking: /home/daeyun/Desktop/github_repositories/ros2_ws/install/msg_srv_action_interface_example/include/msg_srv_action_interface_example/msg_srv_action_interface_example/msg/rosidl_typesupport_introspection_c__visibility_control.h
[3.183s] -- Symlinking: /home/daeyun/Desktop/github_repositories/ros2_ws/install/msg_srv_action_interface_example/include/msg_srv_action_interface_example/msg_srv_action_interface_example/srv/detail/arithmetic_operator__rosidl_typesupport_introspection_c.h
[3.186s] -- Symlinking: /home/daeyun/Desktop/github_repositories/ros2_ws/install/msg_srv_action_interface_example/include/msg_srv_action_interface_example/msg_srv_action_interface_example/action/detail/arithmetic_checker__rosidl_typesupport_introspection_cpp.hpp
[3.190s] -- Symlinking: /home/daeyun/Desktop/github_repositories/ros2_ws/install/msg_srv_action_interface_example/include/msg_srv_action_interface_example/msg_srv_action_interface_example/msg/detail/arithmetic_argument__rosidl_typesupport_introspection_cpp.hpp
[3.193s] -- Symlinking: /home/daeyun/Desktop/github_repositories/ros2_ws/install/msg_srv_action_interface_example/include/msg_srv_action_interface_example/msg_srv_action_interface_example/srv/detail/arithmetic_operator__rosidl_typesupport_introspection_cpp.hpp
[3.196s] -- Symlinking: /home/daeyun/Desktop/github_repositories/ros2_ws/install/msg_srv_action_interface_example/share/msg_srv_action_interface_example/environment/pythonpath.sh
[3.199s] -- Symlinking: /home/daeyun/Desktop/github_repositories/ros2_ws/install/msg_srv_action_interface_example/share/msg_srv_action_interface_example/environment/pythonpath.dsv
[3.203s] -- Symlinking: /home/daeyun/Desktop/github_repositories/ros2_ws/install/msg_srv_action_interface_example/local/lib/python3.10/dist-packages/msg_srv_action_interface_example-0.0.0-py3.10.egg-info/PKG-INFO
[3.207s] -- Symlinking: /home/daeyun/Desktop/github_repositories/ros2_ws/install/msg_srv_action_interface_example/local/lib/python3.10/dist-packages/msg_srv_action_interface_example-0.0.0-py3.10.egg-info/SOURCES.txt
[3.210s] -- Symlinking: /home/daeyun/Desktop/github_repositories/ros2_ws/install/msg_srv_action_interface_example/local/lib/python3.10/dist-packages/msg_srv_action_interface_example-0.0.0-py3.10.egg-info/dependency_links.txt
[3.214s] -- Symlinking: /home/daeyun/Desktop/github_repositories/ros2_ws/install/msg_srv_action_interface_example/local/lib/python3.10/dist-packages/msg_srv_action_interface_example-0.0.0-py3.10.egg-info/top_level.txt
[3.218s] -- Symlinking: /home/daeyun/Desktop/github_repositories/ros2_ws/install/msg_srv_action_interface_example/local/lib/python3.10/dist-packages/msg_srv_action_interface_example/__init__.py
[3.221s] -- Symlinking: /home/daeyun/Desktop/github_repositories/ros2_ws/install/msg_srv_action_interface_example/local/lib/python3.10/dist-packages/msg_srv_action_interface_example/_msg_srv_action_interface_example_s.ep.rosidl_typesupport_c.c
[3.225s] -- Symlinking: /home/daeyun/Desktop/github_repositories/ros2_ws/install/msg_srv_action_interface_example/local/lib/python3.10/dist-packages/msg_srv_action_interface_example/_msg_srv_action_interface_example_s.ep.rosidl_typesupport_fastrtps_c.c
[3.228s] -- Symlinking: /home/daeyun/Desktop/github_repositories/ros2_ws/install/msg_srv_action_interface_example/local/lib/python3.10/dist-packages/msg_srv_action_interface_example/_msg_srv_action_interface_example_s.ep.rosidl_typesupport_introspection_c.c
[3.231s] -- Symlinking: /home/daeyun/Desktop/github_repositories/ros2_ws/install/msg_srv_action_interface_example/local/lib/python3.10/dist-packages/msg_srv_action_interface_example/action/__init__.py
[3.234s] -- Symlinking: /home/daeyun/Desktop/github_repositories/ros2_ws/install/msg_srv_action_interface_example/local/lib/python3.10/dist-packages/msg_srv_action_interface_example/action/_arithmetic_checker.py
[3.238s] -- Symlinking: /home/daeyun/Desktop/github_repositories/ros2_ws/install/msg_srv_action_interface_example/local/lib/python3.10/dist-packages/msg_srv_action_interface_example/action/_arithmetic_checker_s.c
[3.241s] -- Symlinking: /home/daeyun/Desktop/github_repositories/ros2_ws/install/msg_srv_action_interface_example/local/lib/python3.10/dist-packages/msg_srv_action_interface_example/libmsg_srv_action_interface_example__rosidl_generator_py.so
[3.245s] -- Symlinking: /home/daeyun/Desktop/github_repositories/ros2_ws/install/msg_srv_action_interface_example/local/lib/python3.10/dist-packages/msg_srv_action_interface_example/msg/__init__.py
[3.249s] -- Symlinking: /home/daeyun/Desktop/github_repositories/ros2_ws/install/msg_srv_action_interface_example/local/lib/python3.10/dist-packages/msg_srv_action_interface_example/msg/_arithmetic_argument.py
[3.252s] -- Symlinking: /home/daeyun/Desktop/github_repositories/ros2_ws/install/msg_srv_action_interface_example/local/lib/python3.10/dist-packages/msg_srv_action_interface_example/msg/_arithmetic_argument_s.c
[3.255s] -- Symlinking: /home/daeyun/Desktop/github_repositories/ros2_ws/install/msg_srv_action_interface_example/local/lib/python3.10/dist-packages/msg_srv_action_interface_example/msg_srv_action_interface_example_s__rosidl_typesupport_c.cpython-310-x86_64-linux-gnu.so
[3.259s] -- Symlinking: /home/daeyun/Desktop/github_repositories/ros2_ws/install/msg_srv_action_interface_example/local/lib/python3.10/dist-packages/msg_srv_action_interface_example/msg_srv_action_interface_example_s__rosidl_typesupport_fastrtps_c.cpython-310-x86_64-linux-gnu.so
[3.262s] -- Symlinking: /home/daeyun/Desktop/github_repositories/ros2_ws/install/msg_srv_action_interface_example/local/lib/python3.10/dist-packages/msg_srv_action_interface_example/msg_srv_action_interface_example_s__rosidl_typesupport_introspection_c.cpython-310-x86_64-linux-gnu.so
[3.266s] -- Symlinking: /home/daeyun/Desktop/github_repositories/ros2_ws/install/msg_srv_action_interface_example/local/lib/python3.10/dist-packages/msg_srv_action_interface_example/srv/__init__.py
[3.269s] -- Symlinking: /home/daeyun/Desktop/github_repositories/ros2_ws/install/msg_srv_action_interface_example/local/lib/python3.10/dist-packages/msg_srv_action_interface_example/srv/_arithmetic_operator.py
[3.272s] -- Symlinking: /home/daeyun/Desktop/github_repositories/ros2_ws/install/msg_srv_action_interface_example/local/lib/python3.10/dist-packages/msg_srv_action_interface_example/srv/_arithmetic_operator_s.c
[3.276s] -- Up-to-date symlink: /home/daeyun/Desktop/github_repositories/ros2_ws/install/msg_srv_action_interface_example/local/lib/python3.10/dist-packages/msg_srv_action_interface_example/msg_srv_action_interface_example_s__rosidl_typesupport_fastrtps_c.cpython-310-x86_64-linux-gnu.so
[3.276s] -- Up-to-date symlink: /home/daeyun/Desktop/github_repositories/ros2_ws/install/msg_srv_action_interface_example/local/lib/python3.10/dist-packages/msg_srv_action_interface_example/msg_srv_action_interface_example_s__rosidl_typesupport_introspection_c.cpython-310-x86_64-linux-gnu.so
[3.277s] -- Up-to-date symlink: /home/daeyun/Desktop/github_repositories/ros2_ws/install/msg_srv_action_interface_example/local/lib/python3.10/dist-packages/msg_srv_action_interface_example/msg_srv_action_interface_example_s__rosidl_typesupport_c.cpython-310-x86_64-linux-gnu.so
[3.277s] -- Symlinking: /home/daeyun/Desktop/github_repositories/ros2_ws/install/msg_srv_action_interface_example/share/msg_srv_action_interface_example/msg/ArithmeticArgument.idl
[3.280s] -- Symlinking: /home/daeyun/Desktop/github_repositories/ros2_ws/install/msg_srv_action_interface_example/share/msg_srv_action_interface_example/srv/ArithmeticOperator.idl
[3.284s] -- Symlinking: /home/daeyun/Desktop/github_repositories/ros2_ws/install/msg_srv_action_interface_example/share/msg_srv_action_interface_example/action/ArithmeticChecker.idl
[3.287s] -- Symlinking: /home/daeyun/Desktop/github_repositories/ros2_ws/install/msg_srv_action_interface_example/share/msg_srv_action_interface_example/msg/ArithmeticArgument.msg
[3.290s] -- Symlinking: /home/daeyun/Desktop/github_repositories/ros2_ws/install/msg_srv_action_interface_example/share/msg_srv_action_interface_example/srv/ArithmeticOperator.srv
[3.294s] -- Symlinking: /home/daeyun/Desktop/github_repositories/ros2_ws/install/msg_srv_action_interface_example/share/msg_srv_action_interface_example/srv/ArithmeticOperator_Request.msg
[3.297s] -- Symlinking: /home/daeyun/Desktop/github_repositories/ros2_ws/install/msg_srv_action_interface_example/share/msg_srv_action_interface_example/srv/ArithmeticOperator_Response.msg
[3.301s] -- Symlinking: /home/daeyun/Desktop/github_repositories/ros2_ws/install/msg_srv_action_interface_example/share/msg_srv_action_interface_example/action/ArithmeticChecker.action
[3.304s] -- Symlinking: /home/daeyun/Desktop/github_repositories/ros2_ws/install/msg_srv_action_interface_example/share/ament_index/resource_index/package_run_dependencies/msg_srv_action_interface_example
[3.308s] -- Symlinking: /home/daeyun/Desktop/github_repositories/ros2_ws/install/msg_srv_action_interface_example/share/ament_index/resource_index/parent_prefix_path/msg_srv_action_interface_example
[3.311s] -- Symlinking: /home/daeyun/Desktop/github_repositories/ros2_ws/install/msg_srv_action_interface_example/share/msg_srv_action_interface_example/environment/ament_prefix_path.sh
[3.315s] -- Symlinking: /home/daeyun/Desktop/github_repositories/ros2_ws/install/msg_srv_action_interface_example/share/msg_srv_action_interface_example/environment/ament_prefix_path.dsv
[3.318s] -- Symlinking: /home/daeyun/Desktop/github_repositories/ros2_ws/install/msg_srv_action_interface_example/share/msg_srv_action_interface_example/environment/path.sh
[3.321s] -- Symlinking: /home/daeyun/Desktop/github_repositories/ros2_ws/install/msg_srv_action_interface_example/share/msg_srv_action_interface_example/environment/path.dsv
[3.325s] -- Symlinking: /home/daeyun/Desktop/github_repositories/ros2_ws/install/msg_srv_action_interface_example/share/msg_srv_action_interface_example/local_setup.bash
[3.328s] -- Symlinking: /home/daeyun/Desktop/github_repositories/ros2_ws/install/msg_srv_action_interface_example/share/msg_srv_action_interface_example/local_setup.sh
[3.331s] -- Symlinking: /home/daeyun/Desktop/github_repositories/ros2_ws/install/msg_srv_action_interface_example/share/msg_srv_action_interface_example/local_setup.zsh
[3.334s] -- Symlinking: /home/daeyun/Desktop/github_repositories/ros2_ws/install/msg_srv_action_interface_example/share/msg_srv_action_interface_example/local_setup.dsv
[3.338s] -- Symlinking: /home/daeyun/Desktop/github_repositories/ros2_ws/install/msg_srv_action_interface_example/share/msg_srv_action_interface_example/package.dsv
[3.341s] -- Symlinking: /home/daeyun/Desktop/github_repositories/ros2_ws/install/msg_srv_action_interface_example/share/ament_index/resource_index/packages/msg_srv_action_interface_example
[3.346s] -- Symlinking: /home/daeyun/Desktop/github_repositories/ros2_ws/install/msg_srv_action_interface_example/share/msg_srv_action_interface_example/cmake/rosidl_cmake-extras.cmake
[3.350s] -- Symlinking: /home/daeyun/Desktop/github_repositories/ros2_ws/install/msg_srv_action_interface_example/share/msg_srv_action_interface_example/cmake/ament_cmake_export_dependencies-extras.cmake
[3.353s] -- Symlinking: /home/daeyun/Desktop/github_repositories/ros2_ws/install/msg_srv_action_interface_example/share/msg_srv_action_interface_example/cmake/ament_cmake_export_include_directories-extras.cmake
[3.356s] -- Symlinking: /home/daeyun/Desktop/github_repositories/ros2_ws/install/msg_srv_action_interface_example/share/msg_srv_action_interface_example/cmake/ament_cmake_export_libraries-extras.cmake
[3.360s] -- Symlinking: /home/daeyun/Desktop/github_repositories/ros2_ws/install/msg_srv_action_interface_example/share/msg_srv_action_interface_example/cmake/ament_cmake_export_targets-extras.cmake
[3.363s] -- Symlinking: /home/daeyun/Desktop/github_repositories/ros2_ws/install/msg_srv_action_interface_example/share/msg_srv_action_interface_example/cmake/rosidl_cmake_export_typesupport_targets-extras.cmake
[3.367s] -- Symlinking: /home/daeyun/Desktop/github_repositories/ros2_ws/install/msg_srv_action_interface_example/share/msg_srv_action_interface_example/cmake/rosidl_cmake_export_typesupport_libraries-extras.cmake
[3.370s] -- Symlinking: /home/daeyun/Desktop/github_repositories/ros2_ws/install/msg_srv_action_interface_example/share/msg_srv_action_interface_example/cmake/msg_srv_action_interface_exampleConfig.cmake
[3.374s] -- Symlinking: /home/daeyun/Desktop/github_repositories/ros2_ws/install/msg_srv_action_interface_example/share/msg_srv_action_interface_example/cmake/msg_srv_action_interface_exampleConfig-version.cmake
[3.378s] -- Symlinking: /home/daeyun/Desktop/github_repositories/ros2_ws/install/msg_srv_action_interface_example/share/msg_srv_action_interface_example/package.xml
[3.381s] -- Installing: /home/daeyun/Desktop/github_repositories/ros2_ws/install/msg_srv_action_interface_example/lib/libmsg_srv_action_interface_example__rosidl_generator_c.so
[3.381s] -- Set runtime path of "/home/daeyun/Desktop/github_repositories/ros2_ws/install/msg_srv_action_interface_example/lib/libmsg_srv_action_interface_example__rosidl_generator_c.so" to ""
[3.382s] -- Installing: /home/daeyun/Desktop/github_repositories/ros2_ws/install/msg_srv_action_interface_example/lib/libmsg_srv_action_interface_example__rosidl_typesupport_fastrtps_c.so
[3.382s] -- Set runtime path of "/home/daeyun/Desktop/github_repositories/ros2_ws/install/msg_srv_action_interface_example/lib/libmsg_srv_action_interface_example__rosidl_typesupport_fastrtps_c.so" to ""
[3.382s] -- Installing: /home/daeyun/Desktop/github_repositories/ros2_ws/install/msg_srv_action_interface_example/lib/libmsg_srv_action_interface_example__rosidl_typesupport_fastrtps_cpp.so
[3.382s] -- Set runtime path of "/home/daeyun/Desktop/github_repositories/ros2_ws/install/msg_srv_action_interface_example/lib/libmsg_srv_action_interface_example__rosidl_typesupport_fastrtps_cpp.so" to ""
[3.382s] -- Installing: /home/daeyun/Desktop/github_repositories/ros2_ws/install/msg_srv_action_interface_example/lib/libmsg_srv_action_interface_example__rosidl_typesupport_introspection_c.so
[3.382s] -- Set runtime path of "/home/daeyun/Desktop/github_repositories/ros2_ws/install/msg_srv_action_interface_example/lib/libmsg_srv_action_interface_example__rosidl_typesupport_introspection_c.so" to ""
[3.383s] -- Installing: /home/daeyun/Desktop/github_repositories/ros2_ws/install/msg_srv_action_interface_example/lib/libmsg_srv_action_interface_example__rosidl_typesupport_c.so
[3.383s] -- Set runtime path of "/home/daeyun/Desktop/github_repositories/ros2_ws/install/msg_srv_action_interface_example/lib/libmsg_srv_action_interface_example__rosidl_typesupport_c.so" to ""
[3.383s] -- Installing: /home/daeyun/Desktop/github_repositories/ros2_ws/install/msg_srv_action_interface_example/lib/libmsg_srv_action_interface_example__rosidl_typesupport_introspection_cpp.so
[3.383s] -- Set runtime path of "/home/daeyun/Desktop/github_repositories/ros2_ws/install/msg_srv_action_interface_example/lib/libmsg_srv_action_interface_example__rosidl_typesupport_introspection_cpp.so" to ""
[3.383s] -- Installing: /home/daeyun/Desktop/github_repositories/ros2_ws/install/msg_srv_action_interface_example/lib/libmsg_srv_action_interface_example__rosidl_typesupport_cpp.so
[3.383s] -- Set runtime path of "/home/daeyun/Desktop/github_repositories/ros2_ws/install/msg_srv_action_interface_example/lib/libmsg_srv_action_interface_example__rosidl_typesupport_cpp.so" to ""
[3.406s] Listing '/home/daeyun/Desktop/github_repositories/ros2_ws/install/msg_srv_action_interface_example/local/lib/python3.10/dist-packages/msg_srv_action_interface_example'...
[3.406s] Compiling '/home/daeyun/Desktop/github_repositories/ros2_ws/install/msg_srv_action_interface_example/local/lib/python3.10/dist-packages/msg_srv_action_interface_example/__init__.py'...
[3.406s] Listing '/home/daeyun/Desktop/github_repositories/ros2_ws/install/msg_srv_action_interface_example/local/lib/python3.10/dist-packages/msg_srv_action_interface_example/action'...
[3.406s] Compiling '/home/daeyun/Desktop/github_repositories/ros2_ws/install/msg_srv_action_interface_example/local/lib/python3.10/dist-packages/msg_srv_action_interface_example/action/__init__.py'...
[3.406s] Compiling '/home/daeyun/Desktop/github_repositories/ros2_ws/install/msg_srv_action_interface_example/local/lib/python3.10/dist-packages/msg_srv_action_interface_example/action/_arithmetic_checker.py'...
[3.406s] Listing '/home/daeyun/Desktop/github_repositories/ros2_ws/install/msg_srv_action_interface_example/local/lib/python3.10/dist-packages/msg_srv_action_interface_example/msg'...
[3.406s] Compiling '/home/daeyun/Desktop/github_repositories/ros2_ws/install/msg_srv_action_interface_example/local/lib/python3.10/dist-packages/msg_srv_action_interface_example/msg/__init__.py'...
[3.406s] Compiling '/home/daeyun/Desktop/github_repositories/ros2_ws/install/msg_srv_action_interface_example/local/lib/python3.10/dist-packages/msg_srv_action_interface_example/msg/_arithmetic_argument.py'...
[3.406s] Listing '/home/daeyun/Desktop/github_repositories/ros2_ws/install/msg_srv_action_interface_example/local/lib/python3.10/dist-packages/msg_srv_action_interface_example/srv'...
[3.407s] Compiling '/home/daeyun/Desktop/github_repositories/ros2_ws/install/msg_srv_action_interface_example/local/lib/python3.10/dist-packages/msg_srv_action_interface_example/srv/__init__.py'...
[3.407s] Compiling '/home/daeyun/Desktop/github_repositories/ros2_ws/install/msg_srv_action_interface_example/local/lib/python3.10/dist-packages/msg_srv_action_interface_example/srv/_arithmetic_operator.py'...
[3.409s] -- Installing: /home/daeyun/Desktop/github_repositories/ros2_ws/install/msg_srv_action_interface_example/lib/libmsg_srv_action_interface_example__rosidl_generator_py.so
[3.410s] -- Set runtime path of "/home/daeyun/Desktop/github_repositories/ros2_ws/install/msg_srv_action_interface_example/lib/libmsg_srv_action_interface_example__rosidl_generator_py.so" to ""
[3.410s] -- Installing: /home/daeyun/Desktop/github_repositories/ros2_ws/install/msg_srv_action_interface_example/share/msg_srv_action_interface_example/cmake/export_msg_srv_action_interface_example__rosidl_generator_cExport.cmake
[3.410s] -- Installing: /home/daeyun/Desktop/github_repositories/ros2_ws/install/msg_srv_action_interface_example/share/msg_srv_action_interface_example/cmake/export_msg_srv_action_interface_example__rosidl_generator_cExport-noconfig.cmake
[3.410s] -- Installing: /home/daeyun/Desktop/github_repositories/ros2_ws/install/msg_srv_action_interface_example/share/msg_srv_action_interface_example/cmake/export_msg_srv_action_interface_example__rosidl_typesupport_fastrtps_cExport.cmake
[3.410s] -- Installing: /home/daeyun/Desktop/github_repositories/ros2_ws/install/msg_srv_action_interface_example/share/msg_srv_action_interface_example/cmake/export_msg_srv_action_interface_example__rosidl_typesupport_fastrtps_cExport-noconfig.cmake
[3.410s] -- Installing: /home/daeyun/Desktop/github_repositories/ros2_ws/install/msg_srv_action_interface_example/share/msg_srv_action_interface_example/cmake/export_msg_srv_action_interface_example__rosidl_generator_cppExport.cmake
[3.410s] -- Installing: /home/daeyun/Desktop/github_repositories/ros2_ws/install/msg_srv_action_interface_example/share/msg_srv_action_interface_example/cmake/export_msg_srv_action_interface_example__rosidl_typesupport_fastrtps_cppExport.cmake
[3.410s] -- Installing: /home/daeyun/Desktop/github_repositories/ros2_ws/install/msg_srv_action_interface_example/share/msg_srv_action_interface_example/cmake/export_msg_srv_action_interface_example__rosidl_typesupport_fastrtps_cppExport-noconfig.cmake
[3.410s] -- Installing: /home/daeyun/Desktop/github_repositories/ros2_ws/install/msg_srv_action_interface_example/share/msg_srv_action_interface_example/cmake/msg_srv_action_interface_example__rosidl_typesupport_introspection_cExport.cmake
[3.410s] -- Installing: /home/daeyun/Desktop/github_repositories/ros2_ws/install/msg_srv_action_interface_example/share/msg_srv_action_interface_example/cmake/msg_srv_action_interface_example__rosidl_typesupport_introspection_cExport-noconfig.cmake
[3.410s] -- Installing: /home/daeyun/Desktop/github_repositories/ros2_ws/install/msg_srv_action_interface_example/share/msg_srv_action_interface_example/cmake/msg_srv_action_interface_example__rosidl_typesupport_cExport.cmake
[3.411s] -- Installing: /home/daeyun/Desktop/github_repositories/ros2_ws/install/msg_srv_action_interface_example/share/msg_srv_action_interface_example/cmake/msg_srv_action_interface_example__rosidl_typesupport_cExport-noconfig.cmake
[3.411s] -- Installing: /home/daeyun/Desktop/github_repositories/ros2_ws/install/msg_srv_action_interface_example/share/msg_srv_action_interface_example/cmake/msg_srv_action_interface_example__rosidl_typesupport_introspection_cppExport.cmake
[3.411s] -- Installing: /home/daeyun/Desktop/github_repositories/ros2_ws/install/msg_srv_action_interface_example/share/msg_srv_action_interface_example/cmake/msg_srv_action_interface_example__rosidl_typesupport_introspection_cppExport-noconfig.cmake
[3.411s] -- Installing: /home/daeyun/Desktop/github_repositories/ros2_ws/install/msg_srv_action_interface_example/share/msg_srv_action_interface_example/cmake/msg_srv_action_interface_example__rosidl_typesupport_cppExport.cmake
[3.411s] -- Installing: /home/daeyun/Desktop/github_repositories/ros2_ws/install/msg_srv_action_interface_example/share/msg_srv_action_interface_example/cmake/msg_srv_action_interface_example__rosidl_typesupport_cppExport-noconfig.cmake
[3.411s] -- Installing: /home/daeyun/Desktop/github_repositories/ros2_ws/install/msg_srv_action_interface_example/share/msg_srv_action_interface_example/cmake/export_msg_srv_action_interface_example__rosidl_generator_pyExport.cmake
[3.411s] -- Installing: /home/daeyun/Desktop/github_repositories/ros2_ws/install/msg_srv_action_interface_example/share/msg_srv_action_interface_example/cmake/export_msg_srv_action_interface_example__rosidl_generator_pyExport-noconfig.cmake
[3.413s] Invoked command in '/home/daeyun/Desktop/github_repositories/ros2_ws/build/msg_srv_action_interface_example' returned '0': CMAKE_PREFIX_PATH=/opt/ros/humble /usr/bin/cmake --install /home/daeyun/Desktop/github_repositories/ros2_ws/build/msg_srv_action_interface_example
