[0.008s] Invoking command in '/home/daeyun/Desktop/github_repositories/ros2_ws/build/my_first_ros_rclcpp_pkg': CMAKE_PREFIX_PATH=${CMAKE_PREFIX_PATH}:/opt/ros/humble /usr/bin/cmake --build /home/daeyun/Desktop/github_repositories/ros2_ws/build/my_first_ros_rclcpp_pkg -- -j16 -l16
[0.027s] [35m[1mConsolidate compiler generated dependencies of target helloworld_subscriber[0m
[0.027s] [35m[1mConsolidate compiler generated dependencies of target helloworld_publisher[0m
[0.035s] [ 25%] [32mBuilding CXX object CMakeFiles/helloworld_subscriber.dir/src/helloworld_subscriber.cpp.o[0m
[0.037s] [ 50%] [32mBuilding CXX object CMakeFiles/helloworld_publisher.dir/src/helloworld_publisher.cpp.o[0m
[2.641s] [ 75%] [32m[1mLinking CXX executable helloworld_publisher[0m
[2.739s] [ 75%] Built target helloworld_publisher
[5.124s] [100%] [32m[1mLinking CXX executable helloworld_subscriber[0m
[5.314s] [100%] Built target helloworld_subscriber
[5.323s] Invoked command in '/home/daeyun/Desktop/github_repositories/ros2_ws/build/my_first_ros_rclcpp_pkg' returned '0': CMAKE_PREFIX_PATH=${CMAKE_PREFIX_PATH}:/opt/ros/humble /usr/bin/cmake --build /home/daeyun/Desktop/github_repositories/ros2_ws/build/my_first_ros_rclcpp_pkg -- -j16 -l16
[5.339s] Invoking command in '/home/daeyun/Desktop/github_repositories/ros2_ws/build/my_first_ros_rclcpp_pkg': CMAKE_PREFIX_PATH=${CMAKE_PREFIX_PATH}:/opt/ros/humble /usr/bin/cmake --install /home/daeyun/Desktop/github_repositories/ros2_ws/build/my_first_ros_rclcpp_pkg
[5.342s] -- Install configuration: ""
[5.342s] -- Execute custom install script
[5.343s] -- Symlinking: /home/daeyun/Desktop/github_repositories/ros2_ws/install/my_first_ros_rclcpp_pkg/lib/my_first_ros_rclcpp_pkg/helloworld_publisher
[5.346s] -- Symlinking: /home/daeyun/Desktop/github_repositories/ros2_ws/install/my_first_ros_rclcpp_pkg/lib/my_first_ros_rclcpp_pkg/helloworld_subscriber
[5.350s] -- Up-to-date symlink: /home/daeyun/Desktop/github_repositories/ros2_ws/install/my_first_ros_rclcpp_pkg/share/ament_index/resource_index/package_run_dependencies/my_first_ros_rclcpp_pkg
[5.350s] -- Up-to-date symlink: /home/daeyun/Desktop/github_repositories/ros2_ws/install/my_first_ros_rclcpp_pkg/share/ament_index/resource_index/parent_prefix_path/my_first_ros_rclcpp_pkg
[5.350s] -- Up-to-date symlink: /home/daeyun/Desktop/github_repositories/ros2_ws/install/my_first_ros_rclcpp_pkg/share/my_first_ros_rclcpp_pkg/environment/ament_prefix_path.sh
[5.350s] -- Up-to-date symlink: /home/daeyun/Desktop/github_repositories/ros2_ws/install/my_first_ros_rclcpp_pkg/share/my_first_ros_rclcpp_pkg/environment/ament_prefix_path.dsv
[5.350s] -- Up-to-date symlink: /home/daeyun/Desktop/github_repositories/ros2_ws/install/my_first_ros_rclcpp_pkg/share/my_first_ros_rclcpp_pkg/environment/path.sh
[5.350s] -- Up-to-date symlink: /home/daeyun/Desktop/github_repositories/ros2_ws/install/my_first_ros_rclcpp_pkg/share/my_first_ros_rclcpp_pkg/environment/path.dsv
[5.350s] -- Up-to-date symlink: /home/daeyun/Desktop/github_repositories/ros2_ws/install/my_first_ros_rclcpp_pkg/share/my_first_ros_rclcpp_pkg/local_setup.bash
[5.350s] -- Up-to-date symlink: /home/daeyun/Desktop/github_repositories/ros2_ws/install/my_first_ros_rclcpp_pkg/share/my_first_ros_rclcpp_pkg/local_setup.sh
[5.350s] -- Up-to-date symlink: /home/daeyun/Desktop/github_repositories/ros2_ws/install/my_first_ros_rclcpp_pkg/share/my_first_ros_rclcpp_pkg/local_setup.zsh
[5.351s] -- Up-to-date symlink: /home/daeyun/Desktop/github_repositories/ros2_ws/install/my_first_ros_rclcpp_pkg/share/my_first_ros_rclcpp_pkg/local_setup.dsv
[5.351s] -- Symlinking: /home/daeyun/Desktop/github_repositories/ros2_ws/install/my_first_ros_rclcpp_pkg/share/my_first_ros_rclcpp_pkg/package.dsv
[5.354s] -- Up-to-date symlink: /home/daeyun/Desktop/github_repositories/ros2_ws/install/my_first_ros_rclcpp_pkg/share/ament_index/resource_index/packages/my_first_ros_rclcpp_pkg
[5.354s] -- Up-to-date symlink: /home/daeyun/Desktop/github_repositories/ros2_ws/install/my_first_ros_rclcpp_pkg/share/my_first_ros_rclcpp_pkg/cmake/my_first_ros_rclcpp_pkgConfig.cmake
[5.354s] -- Up-to-date symlink: /home/daeyun/Desktop/github_repositories/ros2_ws/install/my_first_ros_rclcpp_pkg/share/my_first_ros_rclcpp_pkg/cmake/my_first_ros_rclcpp_pkgConfig-version.cmake
[5.354s] -- Up-to-date symlink: /home/daeyun/Desktop/github_repositories/ros2_ws/install/my_first_ros_rclcpp_pkg/share/my_first_ros_rclcpp_pkg/package.xml
[5.355s] Invoked command in '/home/daeyun/Desktop/github_repositories/ros2_ws/build/my_first_ros_rclcpp_pkg' returned '0': CMAKE_PREFIX_PATH=${CMAKE_PREFIX_PATH}:/opt/ros/humble /usr/bin/cmake --install /home/daeyun/Desktop/github_repositories/ros2_ws/build/my_first_ros_rclcpp_pkg
