[0.008s] Invoking command in '/home/daeyun/Desktop/github_repositories/ros2_ws/src/my_first_ros_rclcpp_pkg/build/my_first_ros_rclcpp_pkg': CMAKE_PREFIX_PATH=/opt/ros/humble /usr/bin/cmake /home/daeyun/Desktop/github_repositories/ros2_ws/src/my_first_ros_rclcpp_pkg -DAMENT_CMAKE_SYMLINK_INSTALL=1 -DCMAKE_INSTALL_PREFIX=/home/daeyun/Desktop/github_repositories/ros2_ws/src/my_first_ros_rclcpp_pkg/install/my_first_ros_rclcpp_pkg
[0.058s] -- The C compiler identification is GNU 11.3.0
[0.095s] -- The CXX compiler identification is GNU 11.3.0
[0.100s] -- Detecting C compiler ABI info
[0.136s] -- Detecting C compiler ABI info - done
[0.140s] -- Check for working C compiler: /usr/bin/cc - skipped
[0.140s] -- Detecting C compile features
[0.141s] -- Detecting C compile features - done
[0.143s] -- Detecting CXX compiler ABI info
[0.183s] -- Detecting CXX compiler ABI info - done
[0.187s] -- Check for working CXX compiler: /usr/bin/c++ - skipped
[0.187s] -- Detecting CXX compile features
[0.188s] -- Detecting CXX compile features - done
[0.191s] -- Found ament_cmake: 1.3.3 (/opt/ros/humble/share/ament_cmake/cmake)
[0.282s] -- Found Python3: /usr/bin/python3.10 (found version "3.10.6") found components: Interpreter 
[0.319s] -- Override CMake install command with custom implementation using symlinks instead of copying resources
[0.338s] -- Found rclcpp: 16.0.3 (/opt/ros/humble/share/rclcpp/cmake)
[0.371s] -- Found rosidl_generator_c: 3.1.4 (/opt/ros/humble/share/rosidl_generator_c/cmake)
[0.375s] -- Found rosidl_adapter: 3.1.4 (/opt/ros/humble/share/rosidl_adapter/cmake)
[0.381s] -- Found rosidl_generator_cpp: 3.1.4 (/opt/ros/humble/share/rosidl_generator_cpp/cmake)
[0.390s] -- Using all available rosidl_typesupport_c: rosidl_typesupport_fastrtps_c;rosidl_typesupport_introspection_c
[0.403s] -- Using all available rosidl_typesupport_cpp: rosidl_typesupport_fastrtps_cpp;rosidl_typesupport_introspection_cpp
[0.448s] -- Found rmw_implementation_cmake: 6.1.1 (/opt/ros/humble/share/rmw_implementation_cmake/cmake)
[0.450s] -- Found rmw_fastrtps_cpp: 6.2.2 (/opt/ros/humble/share/rmw_fastrtps_cpp/cmake)
[0.502s] -- Found OpenSSL: /usr/lib/x86_64-linux-gnu/libcrypto.so (found version "3.0.2")  
[0.517s] -- Found FastRTPS: /opt/ros/humble/include  
[0.543s] -- Using RMW implementation 'rmw_fastrtps_cpp' as default
[0.549s] -- Looking for pthread.h
[0.587s] -- Looking for pthread.h - found
[0.587s] -- Performing Test CMAKE_HAVE_LIBC_PTHREAD
[0.624s] -- Performing Test CMAKE_HAVE_LIBC_PTHREAD - Success
[0.625s] -- Found Threads: TRUE  
[0.728s] -- Found ament_lint_auto: 0.12.5 (/opt/ros/humble/share/ament_lint_auto/cmake)
[0.774s] -- Added test 'cppcheck' to perform static code analysis on C / C++ code
[0.774s] -- Configured cppcheck include dirs: 
[0.774s] -- Configured cppcheck exclude dirs and/or files: 
[0.775s] -- Added test 'lint_cmake' to check CMake code style
[0.777s] -- Added test 'uncrustify' to check C / C++ code style
[0.778s] -- Configured uncrustify additional arguments: 
[0.778s] -- Added test 'xmllint' to check XML markup files
[0.779s] -- Configuring done
[0.781s] -- Generating done
[0.782s] -- Build files have been written to: /home/daeyun/Desktop/github_repositories/ros2_ws/src/my_first_ros_rclcpp_pkg/build/my_first_ros_rclcpp_pkg
[0.791s] Invoked command in '/home/daeyun/Desktop/github_repositories/ros2_ws/src/my_first_ros_rclcpp_pkg/build/my_first_ros_rclcpp_pkg' returned '0': CMAKE_PREFIX_PATH=/opt/ros/humble /usr/bin/cmake /home/daeyun/Desktop/github_repositories/ros2_ws/src/my_first_ros_rclcpp_pkg -DAMENT_CMAKE_SYMLINK_INSTALL=1 -DCMAKE_INSTALL_PREFIX=/home/daeyun/Desktop/github_repositories/ros2_ws/src/my_first_ros_rclcpp_pkg/install/my_first_ros_rclcpp_pkg
[0.792s] Invoking command in '/home/daeyun/Desktop/github_repositories/ros2_ws/src/my_first_ros_rclcpp_pkg/build/my_first_ros_rclcpp_pkg': CMAKE_PREFIX_PATH=/opt/ros/humble /usr/bin/cmake --build /home/daeyun/Desktop/github_repositories/ros2_ws/src/my_first_ros_rclcpp_pkg/build/my_first_ros_rclcpp_pkg -- -j16 -l16
[0.810s] Invoked command in '/home/daeyun/Desktop/github_repositories/ros2_ws/src/my_first_ros_rclcpp_pkg/build/my_first_ros_rclcpp_pkg' returned '0': CMAKE_PREFIX_PATH=/opt/ros/humble /usr/bin/cmake --build /home/daeyun/Desktop/github_repositories/ros2_ws/src/my_first_ros_rclcpp_pkg/build/my_first_ros_rclcpp_pkg -- -j16 -l16
[0.823s] Invoking command in '/home/daeyun/Desktop/github_repositories/ros2_ws/src/my_first_ros_rclcpp_pkg/build/my_first_ros_rclcpp_pkg': CMAKE_PREFIX_PATH=/opt/ros/humble /usr/bin/cmake --install /home/daeyun/Desktop/github_repositories/ros2_ws/src/my_first_ros_rclcpp_pkg/build/my_first_ros_rclcpp_pkg
[0.827s] -- Install configuration: ""
[0.827s] -- Execute custom install script
[0.827s] -- Symlinking: /home/daeyun/Desktop/github_repositories/ros2_ws/src/my_first_ros_rclcpp_pkg/install/my_first_ros_rclcpp_pkg/share/ament_index/resource_index/package_run_dependencies/my_first_ros_rclcpp_pkg
[0.831s] -- Symlinking: /home/daeyun/Desktop/github_repositories/ros2_ws/src/my_first_ros_rclcpp_pkg/install/my_first_ros_rclcpp_pkg/share/ament_index/resource_index/parent_prefix_path/my_first_ros_rclcpp_pkg
[0.835s] -- Symlinking: /home/daeyun/Desktop/github_repositories/ros2_ws/src/my_first_ros_rclcpp_pkg/install/my_first_ros_rclcpp_pkg/share/my_first_ros_rclcpp_pkg/environment/ament_prefix_path.sh
[0.838s] -- Symlinking: /home/daeyun/Desktop/github_repositories/ros2_ws/src/my_first_ros_rclcpp_pkg/install/my_first_ros_rclcpp_pkg/share/my_first_ros_rclcpp_pkg/environment/ament_prefix_path.dsv
[0.841s] -- Symlinking: /home/daeyun/Desktop/github_repositories/ros2_ws/src/my_first_ros_rclcpp_pkg/install/my_first_ros_rclcpp_pkg/share/my_first_ros_rclcpp_pkg/environment/path.sh
[0.845s] -- Symlinking: /home/daeyun/Desktop/github_repositories/ros2_ws/src/my_first_ros_rclcpp_pkg/install/my_first_ros_rclcpp_pkg/share/my_first_ros_rclcpp_pkg/environment/path.dsv
[0.848s] -- Symlinking: /home/daeyun/Desktop/github_repositories/ros2_ws/src/my_first_ros_rclcpp_pkg/install/my_first_ros_rclcpp_pkg/share/my_first_ros_rclcpp_pkg/local_setup.bash
[0.851s] -- Symlinking: /home/daeyun/Desktop/github_repositories/ros2_ws/src/my_first_ros_rclcpp_pkg/install/my_first_ros_rclcpp_pkg/share/my_first_ros_rclcpp_pkg/local_setup.sh
[0.854s] -- Symlinking: /home/daeyun/Desktop/github_repositories/ros2_ws/src/my_first_ros_rclcpp_pkg/install/my_first_ros_rclcpp_pkg/share/my_first_ros_rclcpp_pkg/local_setup.zsh
[0.858s] -- Symlinking: /home/daeyun/Desktop/github_repositories/ros2_ws/src/my_first_ros_rclcpp_pkg/install/my_first_ros_rclcpp_pkg/share/my_first_ros_rclcpp_pkg/local_setup.dsv
[0.862s] -- Symlinking: /home/daeyun/Desktop/github_repositories/ros2_ws/src/my_first_ros_rclcpp_pkg/install/my_first_ros_rclcpp_pkg/share/my_first_ros_rclcpp_pkg/package.dsv
[0.865s] -- Symlinking: /home/daeyun/Desktop/github_repositories/ros2_ws/src/my_first_ros_rclcpp_pkg/install/my_first_ros_rclcpp_pkg/share/ament_index/resource_index/packages/my_first_ros_rclcpp_pkg
[0.869s] -- Symlinking: /home/daeyun/Desktop/github_repositories/ros2_ws/src/my_first_ros_rclcpp_pkg/install/my_first_ros_rclcpp_pkg/share/my_first_ros_rclcpp_pkg/cmake/my_first_ros_rclcpp_pkgConfig.cmake
[0.872s] -- Symlinking: /home/daeyun/Desktop/github_repositories/ros2_ws/src/my_first_ros_rclcpp_pkg/install/my_first_ros_rclcpp_pkg/share/my_first_ros_rclcpp_pkg/cmake/my_first_ros_rclcpp_pkgConfig-version.cmake
[0.875s] -- Symlinking: /home/daeyun/Desktop/github_repositories/ros2_ws/src/my_first_ros_rclcpp_pkg/install/my_first_ros_rclcpp_pkg/share/my_first_ros_rclcpp_pkg/package.xml
[0.880s] Invoked command in '/home/daeyun/Desktop/github_repositories/ros2_ws/src/my_first_ros_rclcpp_pkg/build/my_first_ros_rclcpp_pkg' returned '0': CMAKE_PREFIX_PATH=/opt/ros/humble /usr/bin/cmake --install /home/daeyun/Desktop/github_repositories/ros2_ws/src/my_first_ros_rclcpp_pkg/build/my_first_ros_rclcpp_pkg
