[0.010s] Invoking command in '/home/bigyun/Desktop/github_repositories-Bigyuun/ros2_ws/build/msg_srv_action_interface_example': CMAKE_PREFIX_PATH=/opt/ros/foxy /usr/bin/cmake --build /home/bigyun/Desktop/github_repositories-Bigyuun/ros2_ws/build/msg_srv_action_interface_example -- -j20 -l20
[0.026s] -- Found ament_cmake: 0.9.11 (/opt/ros/foxy/share/ament_cmake/cmake)
[0.040s] -- Found PythonInterp: /usr/bin/python3 (found suitable version "3.8.10", minimum required is "3") 
[0.040s] -- Using PYTHON_EXECUTABLE: /usr/bin/python3
[0.132s] -- Override CMake install command with custom implementation using symlinks instead of copying resources
[0.137s] -- Found builtin_interfaces: 1.0.0 (/opt/ros/foxy/share/builtin_interfaces/cmake)
[0.149s] -- Using all available rosidl_typesupport_c: rosidl_typesupport_fastrtps_c;rosidl_typesupport_introspection_c
[0.151s] -- Found rosidl_adapter: 1.3.0 (/opt/ros/foxy/share/rosidl_adapter/cmake)
[0.225s] -- Using all available rosidl_typesupport_cpp: rosidl_typesupport_fastrtps_cpp;rosidl_typesupport_introspection_cpp
[0.241s] -- Found rosidl_default_generators: 1.0.1 (/opt/ros/foxy/share/rosidl_default_generators/cmake)
[0.261s] -- Found PythonInterp: /usr/bin/python3 (found version "3.8.10") 
[0.376s] -- Found ament_cmake_ros: 0.9.2 (/opt/ros/foxy/share/ament_cmake_ros/cmake)
[0.452s] -- Using all available rosidl_typesupport_c: rosidl_typesupport_fastrtps_c;rosidl_typesupport_introspection_c
[0.467s] -- Using all available rosidl_typesupport_cpp: rosidl_typesupport_fastrtps_cpp;rosidl_typesupport_introspection_cpp
[0.484s] -- Found PythonInterp: /usr/bin/python3 (found suitable version "3.8.10", minimum required is "3.5") 
[0.484s] -- Found python_cmake_module: 0.8.1 (/opt/ros/foxy/share/python_cmake_module/cmake)
[0.500s] -- Using PYTHON_EXECUTABLE: /usr/bin/python3
[0.501s] -- Using PYTHON_INCLUDE_DIRS: /usr/include/python3.8
[0.501s] -- Using PYTHON_LIBRARIES: /usr/lib/x86_64-linux-gnu/libpython3.8.so
[0.518s] -- Found ament_lint_auto: 0.9.8 (/opt/ros/foxy/share/ament_lint_auto/cmake)
[0.525s] -- Added test 'lint_cmake' to check CMake code style
[0.525s] -- Added test 'xmllint' to check XML markup files
[0.528s] -- Configuring done
[0.559s] -- Generating done
[0.560s] -- Build files have been written to: /home/bigyun/Desktop/github_repositories-Bigyuun/ros2_ws/build/msg_srv_action_interface_example
[0.577s] [  2%] [34m[1mGenerating C code for ROS interfaces[0m
[0.584s] [  4%] [34m[1mGenerating C++ code for ROS interfaces[0m
[0.894s] [  4%] Built target msg_srv_action_interface_example__cpp
[0.901s] [ 10%] [34m[1mGenerating C++ type support for eProsima Fast-RTPS[0m
[0.901s] [ 10%] [34m[1mGenerating C++ type support dispatch for ROS interfaces[0m
[0.901s] [ 10%] [34m[1mGenerating C++ introspection for ROS interfaces[0m
[0.919s] [35m[1mScanning dependencies of target msg_srv_action_interface_example__rosidl_generator_c[0m
[0.927s] [ 12%] [32mBuilding C object CMakeFiles/msg_srv_action_interface_example__rosidl_generator_c.dir/rosidl_generator_c/msg_srv_action_interface_example/msg/detail/arithmetic_argument__functions.c.o[0m
[0.927s] [ 14%] [32mBuilding C object CMakeFiles/msg_srv_action_interface_example__rosidl_generator_c.dir/rosidl_generator_c/msg_srv_action_interface_example/srv/detail/arithmetic_operator__functions.c.o[0m
[0.929s] [ 17%] [32mBuilding C object CMakeFiles/msg_srv_action_interface_example__rosidl_generator_c.dir/rosidl_generator_c/msg_srv_action_interface_example/action/detail/arithmetic_checker__functions.c.o[0m
[1.016s] [ 19%] [32m[1mLinking C shared library libmsg_srv_action_interface_example__rosidl_generator_c.so[0m
[1.039s] [ 19%] Built target msg_srv_action_interface_example__rosidl_generator_c
[1.046s] [ 21%] [34m[1mGenerating C type support dispatch for ROS interfaces[0m
[1.046s] [ 23%] [34m[1mGenerating C introspection for ROS interfaces[0m
[1.121s] [35m[1mScanning dependencies of target msg_srv_action_interface_example__rosidl_typesupport_cpp[0m
[1.129s] [ 25%] [32mBuilding CXX object CMakeFiles/msg_srv_action_interface_example__rosidl_typesupport_cpp.dir/rosidl_typesupport_cpp/msg_srv_action_interface_example/msg/arithmetic_argument__type_support.cpp.o[0m
[1.129s] [ 27%] [32mBuilding CXX object CMakeFiles/msg_srv_action_interface_example__rosidl_typesupport_cpp.dir/rosidl_typesupport_cpp/msg_srv_action_interface_example/srv/arithmetic_operator__type_support.cpp.o[0m
[1.132s] [ 29%] [32mBuilding CXX object CMakeFiles/msg_srv_action_interface_example__rosidl_typesupport_cpp.dir/rosidl_typesupport_cpp/msg_srv_action_interface_example/action/arithmetic_checker__type_support.cpp.o[0m
[1.153s] [35m[1mScanning dependencies of target msg_srv_action_interface_example__rosidl_typesupport_introspection_cpp[0m
[1.162s] [ 31%] [32mBuilding CXX object CMakeFiles/msg_srv_action_interface_example__rosidl_typesupport_introspection_cpp.dir/rosidl_typesupport_introspection_cpp/msg_srv_action_interface_example/msg/detail/arithmetic_argument__type_support.cpp.o[0m
[1.164s] [ 34%] [32mBuilding CXX object CMakeFiles/msg_srv_action_interface_example__rosidl_typesupport_introspection_cpp.dir/rosidl_typesupport_introspection_cpp/msg_srv_action_interface_example/srv/detail/arithmetic_operator__type_support.cpp.o[0m
[1.164s] [ 36%] [32mBuilding CXX object CMakeFiles/msg_srv_action_interface_example__rosidl_typesupport_introspection_cpp.dir/rosidl_typesupport_introspection_cpp/msg_srv_action_interface_example/action/detail/arithmetic_checker__type_support.cpp.o[0m
[1.194s] [35m[1mScanning dependencies of target msg_srv_action_interface_example__rosidl_typesupport_fastrtps_cpp[0m
[1.204s] [ 38%] [32mBuilding CXX object CMakeFiles/msg_srv_action_interface_example__rosidl_typesupport_fastrtps_cpp.dir/rosidl_typesupport_fastrtps_cpp/msg_srv_action_interface_example/msg/detail/dds_fastrtps/arithmetic_argument__type_support.cpp.o[0m
[1.207s] [ 42%] [32mBuilding CXX object CMakeFiles/msg_srv_action_interface_example__rosidl_typesupport_fastrtps_cpp.dir/rosidl_typesupport_fastrtps_cpp/msg_srv_action_interface_example/srv/detail/dds_fastrtps/arithmetic_operator__type_support.cpp.o[0m
[1.207s] [ 42%] [32mBuilding CXX object CMakeFiles/msg_srv_action_interface_example__rosidl_typesupport_fastrtps_cpp.dir/rosidl_typesupport_fastrtps_cpp/msg_srv_action_interface_example/action/detail/dds_fastrtps/arithmetic_checker__type_support.cpp.o[0m
[1.274s] [35m[1mScanning dependencies of target msg_srv_action_interface_example__rosidl_typesupport_c[0m
[1.285s] [ 46%] [32mBuilding CXX object CMakeFiles/msg_srv_action_interface_example__rosidl_typesupport_c.dir/rosidl_typesupport_c/msg_srv_action_interface_example/action/arithmetic_checker__type_support.cpp.o[0m
[1.285s] [ 46%] [32mBuilding CXX object CMakeFiles/msg_srv_action_interface_example__rosidl_typesupport_c.dir/rosidl_typesupport_c/msg_srv_action_interface_example/srv/arithmetic_operator__type_support.cpp.o[0m
[1.286s] [ 48%] [32mBuilding CXX object CMakeFiles/msg_srv_action_interface_example__rosidl_typesupport_c.dir/rosidl_typesupport_c/msg_srv_action_interface_example/msg/arithmetic_argument__type_support.cpp.o[0m
[1.316s] [ 51%] [32m[1mLinking CXX shared library libmsg_srv_action_interface_example__rosidl_typesupport_c.so[0m
[1.325s] [35m[1mScanning dependencies of target msg_srv_action_interface_example__rosidl_typesupport_introspection_c[0m
[1.338s] [ 57%] [32mBuilding C object CMakeFiles/msg_srv_action_interface_example__rosidl_typesupport_introspection_c.dir/rosidl_typesupport_introspection_c/msg_srv_action_interface_example/msg/detail/arithmetic_argument__type_support.c.o[0m
[1.338s] [ 57%] [32mBuilding C object CMakeFiles/msg_srv_action_interface_example__rosidl_typesupport_introspection_c.dir/rosidl_typesupport_introspection_c/msg_srv_action_interface_example/srv/detail/arithmetic_operator__type_support.c.o[0m
[1.338s] [ 57%] [32mBuilding C object CMakeFiles/msg_srv_action_interface_example__rosidl_typesupport_introspection_c.dir/rosidl_typesupport_introspection_c/msg_srv_action_interface_example/action/detail/arithmetic_checker__type_support.c.o[0m
[1.345s] [ 57%] Built target msg_srv_action_interface_example__rosidl_typesupport_c
[1.377s] [ 59%] [32m[1mLinking C shared library libmsg_srv_action_interface_example__rosidl_typesupport_introspection_c.so[0m
[1.398s] [ 59%] Built target msg_srv_action_interface_example__rosidl_typesupport_introspection_c
[1.434s] [ 61%] [32m[1mLinking CXX shared library libmsg_srv_action_interface_example__rosidl_typesupport_cpp.so[0m
[1.461s] [ 61%] Built target msg_srv_action_interface_example__rosidl_typesupport_cpp
[1.480s] [ 63%] [32m[1mLinking CXX shared library libmsg_srv_action_interface_example__rosidl_typesupport_introspection_cpp.so[0m
[1.527s] [ 63%] Built target msg_srv_action_interface_example__rosidl_typesupport_introspection_cpp
[1.635s] [ 65%] [32m[1mLinking CXX shared library libmsg_srv_action_interface_example__rosidl_typesupport_fastrtps_cpp.so[0m
[1.693s] [ 65%] Built target msg_srv_action_interface_example__rosidl_typesupport_fastrtps_cpp
[1.700s] [ 68%] [34m[1mGenerating C type support for eProsima Fast-RTPS[0m
[1.982s] [35m[1mScanning dependencies of target msg_srv_action_interface_example__rosidl_typesupport_fastrtps_c[0m
[1.994s] [ 70%] [32mBuilding CXX object CMakeFiles/msg_srv_action_interface_example__rosidl_typesupport_fastrtps_c.dir/rosidl_typesupport_fastrtps_c/msg_srv_action_interface_example/msg/detail/arithmetic_argument__type_support_c.cpp.o[0m
[1.994s] [ 72%] [32mBuilding CXX object CMakeFiles/msg_srv_action_interface_example__rosidl_typesupport_fastrtps_c.dir/rosidl_typesupport_fastrtps_c/msg_srv_action_interface_example/srv/detail/arithmetic_operator__type_support_c.cpp.o[0m
[1.995s] [ 74%] [32mBuilding CXX object CMakeFiles/msg_srv_action_interface_example__rosidl_typesupport_fastrtps_c.dir/rosidl_typesupport_fastrtps_c/msg_srv_action_interface_example/action/detail/arithmetic_checker__type_support_c.cpp.o[0m
[2.219s] [ 76%] [32m[1mLinking CXX shared library libmsg_srv_action_interface_example__rosidl_typesupport_fastrtps_c.so[0m
[2.276s] [ 76%] Built target msg_srv_action_interface_example__rosidl_typesupport_fastrtps_c
[2.288s] [ 76%] Built target msg_srv_action_interface_example
[2.301s] [ 78%] [34m[1mGenerating Python code for ROS interfaces[0m
[2.954s] [ 78%] Built target msg_srv_action_interface_example__py
[2.961s] [35m[1mScanning dependencies of target msg_srv_action_interface_example__python[0m
[2.972s] [ 80%] [32mBuilding C object CMakeFiles/msg_srv_action_interface_example__python.dir/rosidl_generator_py/msg_srv_action_interface_example/msg/_arithmetic_argument_s.c.o[0m
[2.972s] [ 82%] [32mBuilding C object CMakeFiles/msg_srv_action_interface_example__python.dir/rosidl_generator_py/msg_srv_action_interface_example/srv/_arithmetic_operator_s.c.o[0m
[2.973s] [ 85%] [32mBuilding C object CMakeFiles/msg_srv_action_interface_example__python.dir/rosidl_generator_py/msg_srv_action_interface_example/action/_arithmetic_checker_s.c.o[0m
[3.070s] [ 87%] [32m[1mLinking C shared library rosidl_generator_py/msg_srv_action_interface_example/libmsg_srv_action_interface_example__python.so[0m
[3.099s] [ 87%] Built target msg_srv_action_interface_example__python
[3.106s] [35m[1mScanning dependencies of target msg_srv_action_interface_example__rosidl_typesupport_c__pyext[0m
[3.106s] [35m[1mScanning dependencies of target msg_srv_action_interface_example__rosidl_typesupport_fastrtps_c__pyext[0m
[3.106s] [35m[1mScanning dependencies of target msg_srv_action_interface_example__rosidl_typesupport_introspection_c__pyext[0m
[3.118s] [ 89%] [32mBuilding C object CMakeFiles/msg_srv_action_interface_example__rosidl_typesupport_introspection_c__pyext.dir/rosidl_generator_py/msg_srv_action_interface_example/_msg_srv_action_interface_example_s.ep.rosidl_typesupport_introspection_c.c.o[0m
[3.118s] [ 91%] [32mBuilding C object CMakeFiles/msg_srv_action_interface_example__rosidl_typesupport_fastrtps_c__pyext.dir/rosidl_generator_py/msg_srv_action_interface_example/_msg_srv_action_interface_example_s.ep.rosidl_typesupport_fastrtps_c.c.o[0m
[3.119s] [ 93%] [32mBuilding C object CMakeFiles/msg_srv_action_interface_example__rosidl_typesupport_c__pyext.dir/rosidl_generator_py/msg_srv_action_interface_example/_msg_srv_action_interface_example_s.ep.rosidl_typesupport_c.c.o[0m
[3.187s] [100%] [32m[1mLinking CXX shared library rosidl_generator_py/msg_srv_action_interface_example/msg_srv_action_interface_example_s__rosidl_typesupport_fastrtps_c.cpython-38-x86_64-linux-gnu.so[0m
[3.187s] [100%] [32m[1mLinking C shared library rosidl_generator_py/msg_srv_action_interface_example/msg_srv_action_interface_example_s__rosidl_typesupport_c.cpython-38-x86_64-linux-gnu.so[0m
[3.187s] [100%] [32m[1mLinking C shared library rosidl_generator_py/msg_srv_action_interface_example/msg_srv_action_interface_example_s__rosidl_typesupport_introspection_c.cpython-38-x86_64-linux-gnu.so[0m
[3.210s] [100%] Built target msg_srv_action_interface_example__rosidl_typesupport_introspection_c__pyext
[3.211s] [100%] Built target msg_srv_action_interface_example__rosidl_typesupport_c__pyext
[3.229s] [100%] Built target msg_srv_action_interface_example__rosidl_typesupport_fastrtps_c__pyext
[3.237s] Invoked command in '/home/bigyun/Desktop/github_repositories-Bigyuun/ros2_ws/build/msg_srv_action_interface_example' returned '0': CMAKE_PREFIX_PATH=/opt/ros/foxy /usr/bin/cmake --build /home/bigyun/Desktop/github_repositories-Bigyuun/ros2_ws/build/msg_srv_action_interface_example -- -j20 -l20
[3.284s] Invoking command in '/home/bigyun/Desktop/github_repositories-Bigyuun/ros2_ws/build/msg_srv_action_interface_example': CMAKE_PREFIX_PATH=/opt/ros/foxy /usr/bin/cmake --install /home/bigyun/Desktop/github_repositories-Bigyuun/ros2_ws/build/msg_srv_action_interface_example
[3.288s] -- Install configuration: ""
[3.289s] -- Execute custom install script
[3.289s] -- Up-to-date symlink: /home/bigyun/Desktop/github_repositories-Bigyuun/ros2_ws/install/msg_srv_action_interface_example/share/ament_index/resource_index/rosidl_interfaces/msg_srv_action_interface_example
[3.290s] -- Up-to-date symlink: /home/bigyun/Desktop/github_repositories-Bigyuun/ros2_ws/install/msg_srv_action_interface_example/include/msg_srv_action_interface_example/action/arithmetic_checker.h
[3.290s] -- Up-to-date symlink: /home/bigyun/Desktop/github_repositories-Bigyuun/ros2_ws/install/msg_srv_action_interface_example/include/msg_srv_action_interface_example/action/detail/arithmetic_checker__functions.h
[3.290s] -- Up-to-date symlink: /home/bigyun/Desktop/github_repositories-Bigyuun/ros2_ws/install/msg_srv_action_interface_example/include/msg_srv_action_interface_example/action/detail/arithmetic_checker__struct.h
[3.290s] -- Up-to-date symlink: /home/bigyun/Desktop/github_repositories-Bigyuun/ros2_ws/install/msg_srv_action_interface_example/include/msg_srv_action_interface_example/action/detail/arithmetic_checker__type_support.h
[3.290s] -- Up-to-date symlink: /home/bigyun/Desktop/github_repositories-Bigyuun/ros2_ws/install/msg_srv_action_interface_example/include/msg_srv_action_interface_example/msg/arithmetic_argument.h
[3.290s] -- Up-to-date symlink: /home/bigyun/Desktop/github_repositories-Bigyuun/ros2_ws/install/msg_srv_action_interface_example/include/msg_srv_action_interface_example/msg/detail/arithmetic_argument__functions.h
[3.291s] -- Up-to-date symlink: /home/bigyun/Desktop/github_repositories-Bigyuun/ros2_ws/install/msg_srv_action_interface_example/include/msg_srv_action_interface_example/msg/detail/arithmetic_argument__struct.h
[3.291s] -- Up-to-date symlink: /home/bigyun/Desktop/github_repositories-Bigyuun/ros2_ws/install/msg_srv_action_interface_example/include/msg_srv_action_interface_example/msg/detail/arithmetic_argument__type_support.h
[3.291s] -- Up-to-date symlink: /home/bigyun/Desktop/github_repositories-Bigyuun/ros2_ws/install/msg_srv_action_interface_example/include/msg_srv_action_interface_example/msg/rosidl_generator_c__visibility_control.h
[3.291s] -- Up-to-date symlink: /home/bigyun/Desktop/github_repositories-Bigyuun/ros2_ws/install/msg_srv_action_interface_example/include/msg_srv_action_interface_example/srv/arithmetic_operator.h
[3.291s] -- Up-to-date symlink: /home/bigyun/Desktop/github_repositories-Bigyuun/ros2_ws/install/msg_srv_action_interface_example/include/msg_srv_action_interface_example/srv/detail/arithmetic_operator__functions.h
[3.291s] -- Up-to-date symlink: /home/bigyun/Desktop/github_repositories-Bigyuun/ros2_ws/install/msg_srv_action_interface_example/include/msg_srv_action_interface_example/srv/detail/arithmetic_operator__struct.h
[3.291s] -- Up-to-date symlink: /home/bigyun/Desktop/github_repositories-Bigyuun/ros2_ws/install/msg_srv_action_interface_example/include/msg_srv_action_interface_example/srv/detail/arithmetic_operator__type_support.h
[3.291s] -- Up-to-date symlink: /home/bigyun/Desktop/github_repositories-Bigyuun/ros2_ws/install/msg_srv_action_interface_example/share/msg_srv_action_interface_example/environment/library_path.sh
[3.291s] -- Up-to-date symlink: /home/bigyun/Desktop/github_repositories-Bigyuun/ros2_ws/install/msg_srv_action_interface_example/share/msg_srv_action_interface_example/environment/library_path.dsv
[3.291s] -- Up-to-date symlink: /home/bigyun/Desktop/github_repositories-Bigyuun/ros2_ws/install/msg_srv_action_interface_example/include/msg_srv_action_interface_example/action/detail/arithmetic_checker__rosidl_typesupport_fastrtps_c.h
[3.291s] -- Up-to-date symlink: /home/bigyun/Desktop/github_repositories-Bigyuun/ros2_ws/install/msg_srv_action_interface_example/include/msg_srv_action_interface_example/msg/detail/arithmetic_argument__rosidl_typesupport_fastrtps_c.h
[3.292s] -- Up-to-date symlink: /home/bigyun/Desktop/github_repositories-Bigyuun/ros2_ws/install/msg_srv_action_interface_example/include/msg_srv_action_interface_example/msg/rosidl_typesupport_fastrtps_c__visibility_control.h
[3.292s] -- Up-to-date symlink: /home/bigyun/Desktop/github_repositories-Bigyuun/ros2_ws/install/msg_srv_action_interface_example/include/msg_srv_action_interface_example/srv/detail/arithmetic_operator__rosidl_typesupport_fastrtps_c.h
[3.292s] -- Up-to-date symlink: /home/bigyun/Desktop/github_repositories-Bigyuun/ros2_ws/install/msg_srv_action_interface_example/lib/libmsg_srv_action_interface_example__rosidl_typesupport_fastrtps_c.so
[3.292s] -- Up-to-date symlink: /home/bigyun/Desktop/github_repositories-Bigyuun/ros2_ws/install/msg_srv_action_interface_example/include/msg_srv_action_interface_example/action/detail/arithmetic_checker__rosidl_typesupport_fastrtps_cpp.hpp
[3.292s] -- Up-to-date symlink: /home/bigyun/Desktop/github_repositories-Bigyuun/ros2_ws/install/msg_srv_action_interface_example/include/msg_srv_action_interface_example/msg/detail/arithmetic_argument__rosidl_typesupport_fastrtps_cpp.hpp
[3.293s] -- Up-to-date symlink: /home/bigyun/Desktop/github_repositories-Bigyuun/ros2_ws/install/msg_srv_action_interface_example/include/msg_srv_action_interface_example/msg/rosidl_typesupport_fastrtps_cpp__visibility_control.h
[3.293s] -- Up-to-date symlink: /home/bigyun/Desktop/github_repositories-Bigyuun/ros2_ws/install/msg_srv_action_interface_example/include/msg_srv_action_interface_example/srv/detail/arithmetic_operator__rosidl_typesupport_fastrtps_cpp.hpp
[3.293s] -- Up-to-date symlink: /home/bigyun/Desktop/github_repositories-Bigyuun/ros2_ws/install/msg_srv_action_interface_example/lib/libmsg_srv_action_interface_example__rosidl_typesupport_fastrtps_cpp.so
[3.293s] -- Up-to-date symlink: /home/bigyun/Desktop/github_repositories-Bigyuun/ros2_ws/install/msg_srv_action_interface_example/include/msg_srv_action_interface_example/action/detail/arithmetic_checker__rosidl_typesupport_introspection_c.h
[3.293s] -- Up-to-date symlink: /home/bigyun/Desktop/github_repositories-Bigyuun/ros2_ws/install/msg_srv_action_interface_example/include/msg_srv_action_interface_example/msg/detail/arithmetic_argument__rosidl_typesupport_introspection_c.h
[3.293s] -- Up-to-date symlink: /home/bigyun/Desktop/github_repositories-Bigyuun/ros2_ws/install/msg_srv_action_interface_example/include/msg_srv_action_interface_example/msg/rosidl_typesupport_introspection_c__visibility_control.h
[3.293s] -- Up-to-date symlink: /home/bigyun/Desktop/github_repositories-Bigyuun/ros2_ws/install/msg_srv_action_interface_example/include/msg_srv_action_interface_example/srv/detail/arithmetic_operator__rosidl_typesupport_introspection_c.h
[3.294s] -- Up-to-date symlink: /home/bigyun/Desktop/github_repositories-Bigyuun/ros2_ws/install/msg_srv_action_interface_example/include/msg_srv_action_interface_example/action/arithmetic_checker.hpp
[3.294s] -- Up-to-date symlink: /home/bigyun/Desktop/github_repositories-Bigyuun/ros2_ws/install/msg_srv_action_interface_example/include/msg_srv_action_interface_example/action/detail/arithmetic_checker__builder.hpp
[3.294s] -- Up-to-date symlink: /home/bigyun/Desktop/github_repositories-Bigyuun/ros2_ws/install/msg_srv_action_interface_example/include/msg_srv_action_interface_example/action/detail/arithmetic_checker__struct.hpp
[3.294s] -- Up-to-date symlink: /home/bigyun/Desktop/github_repositories-Bigyuun/ros2_ws/install/msg_srv_action_interface_example/include/msg_srv_action_interface_example/action/detail/arithmetic_checker__traits.hpp
[3.294s] -- Up-to-date symlink: /home/bigyun/Desktop/github_repositories-Bigyuun/ros2_ws/install/msg_srv_action_interface_example/include/msg_srv_action_interface_example/msg/arithmetic_argument.hpp
[3.294s] -- Up-to-date symlink: /home/bigyun/Desktop/github_repositories-Bigyuun/ros2_ws/install/msg_srv_action_interface_example/include/msg_srv_action_interface_example/msg/detail/arithmetic_argument__builder.hpp
[3.294s] -- Up-to-date symlink: /home/bigyun/Desktop/github_repositories-Bigyuun/ros2_ws/install/msg_srv_action_interface_example/include/msg_srv_action_interface_example/msg/detail/arithmetic_argument__struct.hpp
[3.294s] -- Up-to-date symlink: /home/bigyun/Desktop/github_repositories-Bigyuun/ros2_ws/install/msg_srv_action_interface_example/include/msg_srv_action_interface_example/msg/detail/arithmetic_argument__traits.hpp
[3.295s] -- Up-to-date symlink: /home/bigyun/Desktop/github_repositories-Bigyuun/ros2_ws/install/msg_srv_action_interface_example/include/msg_srv_action_interface_example/srv/arithmetic_operator.hpp
[3.295s] -- Up-to-date symlink: /home/bigyun/Desktop/github_repositories-Bigyuun/ros2_ws/install/msg_srv_action_interface_example/include/msg_srv_action_interface_example/srv/detail/arithmetic_operator__builder.hpp
[3.295s] -- Up-to-date symlink: /home/bigyun/Desktop/github_repositories-Bigyuun/ros2_ws/install/msg_srv_action_interface_example/include/msg_srv_action_interface_example/srv/detail/arithmetic_operator__struct.hpp
[3.295s] -- Up-to-date symlink: /home/bigyun/Desktop/github_repositories-Bigyuun/ros2_ws/install/msg_srv_action_interface_example/include/msg_srv_action_interface_example/srv/detail/arithmetic_operator__traits.hpp
[3.295s] -- Up-to-date symlink: /home/bigyun/Desktop/github_repositories-Bigyuun/ros2_ws/install/msg_srv_action_interface_example/include/msg_srv_action_interface_example/action/detail/arithmetic_checker__rosidl_typesupport_introspection_cpp.hpp
[3.295s] -- Up-to-date symlink: /home/bigyun/Desktop/github_repositories-Bigyuun/ros2_ws/install/msg_srv_action_interface_example/include/msg_srv_action_interface_example/msg/detail/arithmetic_argument__rosidl_typesupport_introspection_cpp.hpp
[3.295s] -- Up-to-date symlink: /home/bigyun/Desktop/github_repositories-Bigyuun/ros2_ws/install/msg_srv_action_interface_example/include/msg_srv_action_interface_example/srv/detail/arithmetic_operator__rosidl_typesupport_introspection_cpp.hpp
[3.295s] -- Up-to-date symlink: /home/bigyun/Desktop/github_repositories-Bigyuun/ros2_ws/install/msg_srv_action_interface_example/share/msg_srv_action_interface_example/environment/pythonpath.sh
[3.295s] -- Up-to-date symlink: /home/bigyun/Desktop/github_repositories-Bigyuun/ros2_ws/install/msg_srv_action_interface_example/share/msg_srv_action_interface_example/environment/pythonpath.dsv
[3.296s] -- Up-to-date symlink: /home/bigyun/Desktop/github_repositories-Bigyuun/ros2_ws/install/msg_srv_action_interface_example/lib/python3.8/site-packages/msg_srv_action_interface_example/__init__.py
[3.296s] -- Up-to-date symlink: /home/bigyun/Desktop/github_repositories-Bigyuun/ros2_ws/install/msg_srv_action_interface_example/lib/python3.8/site-packages/msg_srv_action_interface_example/msg/__init__.py
[3.296s] -- Up-to-date symlink: /home/bigyun/Desktop/github_repositories-Bigyuun/ros2_ws/install/msg_srv_action_interface_example/lib/python3.8/site-packages/msg_srv_action_interface_example/msg/_arithmetic_argument.py
[3.296s] -- Up-to-date symlink: /home/bigyun/Desktop/github_repositories-Bigyuun/ros2_ws/install/msg_srv_action_interface_example/lib/python3.8/site-packages/msg_srv_action_interface_example/srv/__init__.py
[3.296s] -- Up-to-date symlink: /home/bigyun/Desktop/github_repositories-Bigyuun/ros2_ws/install/msg_srv_action_interface_example/lib/python3.8/site-packages/msg_srv_action_interface_example/srv/_arithmetic_operator.py
[3.297s] -- Up-to-date symlink: /home/bigyun/Desktop/github_repositories-Bigyuun/ros2_ws/install/msg_srv_action_interface_example/lib/python3.8/site-packages/msg_srv_action_interface_example/action/__init__.py
[3.297s] -- Up-to-date symlink: /home/bigyun/Desktop/github_repositories-Bigyuun/ros2_ws/install/msg_srv_action_interface_example/lib/python3.8/site-packages/msg_srv_action_interface_example/action/_arithmetic_checker.py
[3.297s] -- Up-to-date symlink: /home/bigyun/Desktop/github_repositories-Bigyuun/ros2_ws/install/msg_srv_action_interface_example/lib/python3.8/site-packages/msg_srv_action_interface_example/msg_srv_action_interface_example_s__rosidl_typesupport_fastrtps_c.cpython-38-x86_64-linux-gnu.so
[3.297s] -- Up-to-date symlink: /home/bigyun/Desktop/github_repositories-Bigyuun/ros2_ws/install/msg_srv_action_interface_example/lib/python3.8/site-packages/msg_srv_action_interface_example/msg_srv_action_interface_example_s__rosidl_typesupport_introspection_c.cpython-38-x86_64-linux-gnu.so
[3.298s] -- Up-to-date symlink: /home/bigyun/Desktop/github_repositories-Bigyuun/ros2_ws/install/msg_srv_action_interface_example/lib/python3.8/site-packages/msg_srv_action_interface_example/msg_srv_action_interface_example_s__rosidl_typesupport_c.cpython-38-x86_64-linux-gnu.so
[3.298s] -- Up-to-date symlink: /home/bigyun/Desktop/github_repositories-Bigyuun/ros2_ws/install/msg_srv_action_interface_example/lib/libmsg_srv_action_interface_example__python.so
[3.298s] -- Up-to-date symlink: /home/bigyun/Desktop/github_repositories-Bigyuun/ros2_ws/install/msg_srv_action_interface_example/share/msg_srv_action_interface_example/msg/ArithmeticArgument.idl
[3.298s] -- Up-to-date symlink: /home/bigyun/Desktop/github_repositories-Bigyuun/ros2_ws/install/msg_srv_action_interface_example/share/msg_srv_action_interface_example/srv/ArithmeticOperator.idl
[3.298s] -- Up-to-date symlink: /home/bigyun/Desktop/github_repositories-Bigyuun/ros2_ws/install/msg_srv_action_interface_example/share/msg_srv_action_interface_example/action/ArithmeticChecker.idl
[3.298s] -- Up-to-date symlink: /home/bigyun/Desktop/github_repositories-Bigyuun/ros2_ws/install/msg_srv_action_interface_example/share/msg_srv_action_interface_example/msg/ArithmeticArgument.msg
[3.299s] -- Up-to-date symlink: /home/bigyun/Desktop/github_repositories-Bigyuun/ros2_ws/install/msg_srv_action_interface_example/share/msg_srv_action_interface_example/srv/ArithmeticOperator.srv
[3.299s] -- Up-to-date symlink: /home/bigyun/Desktop/github_repositories-Bigyuun/ros2_ws/install/msg_srv_action_interface_example/share/msg_srv_action_interface_example/srv/ArithmeticOperator_Request.msg
[3.299s] -- Up-to-date symlink: /home/bigyun/Desktop/github_repositories-Bigyuun/ros2_ws/install/msg_srv_action_interface_example/share/msg_srv_action_interface_example/srv/ArithmeticOperator_Response.msg
[3.299s] -- Up-to-date symlink: /home/bigyun/Desktop/github_repositories-Bigyuun/ros2_ws/install/msg_srv_action_interface_example/share/msg_srv_action_interface_example/action/ArithmeticChecker.action
[3.299s] -- Up-to-date symlink: /home/bigyun/Desktop/github_repositories-Bigyuun/ros2_ws/install/msg_srv_action_interface_example/share/ament_index/resource_index/package_run_dependencies/msg_srv_action_interface_example
[3.299s] -- Up-to-date symlink: /home/bigyun/Desktop/github_repositories-Bigyuun/ros2_ws/install/msg_srv_action_interface_example/share/ament_index/resource_index/parent_prefix_path/msg_srv_action_interface_example
[3.300s] -- Up-to-date symlink: /home/bigyun/Desktop/github_repositories-Bigyuun/ros2_ws/install/msg_srv_action_interface_example/share/msg_srv_action_interface_example/environment/ament_prefix_path.sh
[3.300s] -- Up-to-date symlink: /home/bigyun/Desktop/github_repositories-Bigyuun/ros2_ws/install/msg_srv_action_interface_example/share/msg_srv_action_interface_example/environment/ament_prefix_path.dsv
[3.300s] -- Up-to-date symlink: /home/bigyun/Desktop/github_repositories-Bigyuun/ros2_ws/install/msg_srv_action_interface_example/share/msg_srv_action_interface_example/environment/path.sh
[3.300s] -- Up-to-date symlink: /home/bigyun/Desktop/github_repositories-Bigyuun/ros2_ws/install/msg_srv_action_interface_example/share/msg_srv_action_interface_example/environment/path.dsv
[3.300s] -- Up-to-date symlink: /home/bigyun/Desktop/github_repositories-Bigyuun/ros2_ws/install/msg_srv_action_interface_example/share/msg_srv_action_interface_example/local_setup.bash
[3.300s] -- Up-to-date symlink: /home/bigyun/Desktop/github_repositories-Bigyuun/ros2_ws/install/msg_srv_action_interface_example/share/msg_srv_action_interface_example/local_setup.sh
[3.300s] -- Up-to-date symlink: /home/bigyun/Desktop/github_repositories-Bigyuun/ros2_ws/install/msg_srv_action_interface_example/share/msg_srv_action_interface_example/local_setup.zsh
[3.301s] -- Up-to-date symlink: /home/bigyun/Desktop/github_repositories-Bigyuun/ros2_ws/install/msg_srv_action_interface_example/share/msg_srv_action_interface_example/local_setup.dsv
[3.301s] -- Symlinking: /home/bigyun/Desktop/github_repositories-Bigyuun/ros2_ws/install/msg_srv_action_interface_example/share/msg_srv_action_interface_example/package.dsv
[3.306s] -- Up-to-date symlink: /home/bigyun/Desktop/github_repositories-Bigyuun/ros2_ws/install/msg_srv_action_interface_example/share/ament_index/resource_index/packages/msg_srv_action_interface_example
[3.306s] -- Up-to-date symlink: /home/bigyun/Desktop/github_repositories-Bigyuun/ros2_ws/install/msg_srv_action_interface_example/share/msg_srv_action_interface_example/cmake/rosidl_cmake-extras.cmake
[3.307s] -- Up-to-date symlink: /home/bigyun/Desktop/github_repositories-Bigyuun/ros2_ws/install/msg_srv_action_interface_example/share/msg_srv_action_interface_example/cmake/ament_cmake_export_dependencies-extras.cmake
[3.307s] -- Up-to-date symlink: /home/bigyun/Desktop/github_repositories-Bigyuun/ros2_ws/install/msg_srv_action_interface_example/share/msg_srv_action_interface_example/cmake/ament_cmake_export_libraries-extras.cmake
[3.307s] -- Up-to-date symlink: /home/bigyun/Desktop/github_repositories-Bigyuun/ros2_ws/install/msg_srv_action_interface_example/share/msg_srv_action_interface_example/cmake/ament_cmake_export_targets-extras.cmake
[3.307s] -- Up-to-date symlink: /home/bigyun/Desktop/github_repositories-Bigyuun/ros2_ws/install/msg_srv_action_interface_example/share/msg_srv_action_interface_example/cmake/ament_cmake_export_include_directories-extras.cmake
[3.307s] -- Up-to-date symlink: /home/bigyun/Desktop/github_repositories-Bigyuun/ros2_ws/install/msg_srv_action_interface_example/share/msg_srv_action_interface_example/cmake/rosidl_cmake_export_typesupport_libraries-extras.cmake
[3.307s] -- Up-to-date symlink: /home/bigyun/Desktop/github_repositories-Bigyuun/ros2_ws/install/msg_srv_action_interface_example/share/msg_srv_action_interface_example/cmake/rosidl_cmake_export_typesupport_targets-extras.cmake
[3.308s] -- Up-to-date symlink: /home/bigyun/Desktop/github_repositories-Bigyuun/ros2_ws/install/msg_srv_action_interface_example/share/msg_srv_action_interface_example/cmake/msg_srv_action_interface_exampleConfig.cmake
[3.308s] -- Up-to-date symlink: /home/bigyun/Desktop/github_repositories-Bigyuun/ros2_ws/install/msg_srv_action_interface_example/share/msg_srv_action_interface_example/cmake/msg_srv_action_interface_exampleConfig-version.cmake
[3.308s] -- Up-to-date symlink: /home/bigyun/Desktop/github_repositories-Bigyuun/ros2_ws/install/msg_srv_action_interface_example/share/msg_srv_action_interface_example/package.xml
[3.308s] -- Installing: /home/bigyun/Desktop/github_repositories-Bigyuun/ros2_ws/install/msg_srv_action_interface_example/lib/libmsg_srv_action_interface_example__rosidl_generator_c.so
[3.308s] -- Set runtime path of "/home/bigyun/Desktop/github_repositories-Bigyuun/ros2_ws/install/msg_srv_action_interface_example/lib/libmsg_srv_action_interface_example__rosidl_generator_c.so" to ""
[3.308s] -- Installing: /home/bigyun/Desktop/github_repositories-Bigyuun/ros2_ws/install/msg_srv_action_interface_example/lib/libmsg_srv_action_interface_example__rosidl_typesupport_introspection_c.so
[3.309s] -- Set runtime path of "/home/bigyun/Desktop/github_repositories-Bigyuun/ros2_ws/install/msg_srv_action_interface_example/lib/libmsg_srv_action_interface_example__rosidl_typesupport_introspection_c.so" to ""
[3.309s] -- Installing: /home/bigyun/Desktop/github_repositories-Bigyuun/ros2_ws/install/msg_srv_action_interface_example/lib/libmsg_srv_action_interface_example__rosidl_typesupport_c.so
[3.309s] -- Set runtime path of "/home/bigyun/Desktop/github_repositories-Bigyuun/ros2_ws/install/msg_srv_action_interface_example/lib/libmsg_srv_action_interface_example__rosidl_typesupport_c.so" to ""
[3.309s] -- Installing: /home/bigyun/Desktop/github_repositories-Bigyuun/ros2_ws/install/msg_srv_action_interface_example/lib/libmsg_srv_action_interface_example__rosidl_typesupport_introspection_cpp.so
[3.309s] -- Set runtime path of "/home/bigyun/Desktop/github_repositories-Bigyuun/ros2_ws/install/msg_srv_action_interface_example/lib/libmsg_srv_action_interface_example__rosidl_typesupport_introspection_cpp.so" to ""
[3.310s] -- Installing: /home/bigyun/Desktop/github_repositories-Bigyuun/ros2_ws/install/msg_srv_action_interface_example/lib/libmsg_srv_action_interface_example__rosidl_typesupport_cpp.so
[3.310s] -- Set runtime path of "/home/bigyun/Desktop/github_repositories-Bigyuun/ros2_ws/install/msg_srv_action_interface_example/lib/libmsg_srv_action_interface_example__rosidl_typesupport_cpp.so" to ""
[3.329s] Compiling '/home/bigyun/Desktop/github_repositories-Bigyuun/ros2_ws/install/msg_srv_action_interface_example/lib/python3.8/site-packages/msg_srv_action_interface_example/__init__.py'...
[3.332s] -- Up-to-date: /home/bigyun/Desktop/github_repositories-Bigyuun/ros2_ws/install/msg_srv_action_interface_example/share/msg_srv_action_interface_example/cmake/msg_srv_action_interface_example__rosidl_generator_cExport.cmake
[3.333s] -- Installing: /home/bigyun/Desktop/github_repositories-Bigyuun/ros2_ws/install/msg_srv_action_interface_example/share/msg_srv_action_interface_example/cmake/msg_srv_action_interface_example__rosidl_generator_cExport-noconfig.cmake
[3.333s] -- Up-to-date: /home/bigyun/Desktop/github_repositories-Bigyuun/ros2_ws/install/msg_srv_action_interface_example/share/msg_srv_action_interface_example/cmake/msg_srv_action_interface_example__rosidl_typesupport_introspection_cExport.cmake
[3.333s] -- Installing: /home/bigyun/Desktop/github_repositories-Bigyuun/ros2_ws/install/msg_srv_action_interface_example/share/msg_srv_action_interface_example/cmake/msg_srv_action_interface_example__rosidl_typesupport_introspection_cExport-noconfig.cmake
[3.333s] -- Up-to-date: /home/bigyun/Desktop/github_repositories-Bigyuun/ros2_ws/install/msg_srv_action_interface_example/share/msg_srv_action_interface_example/cmake/msg_srv_action_interface_example__rosidl_typesupport_cExport.cmake
[3.333s] -- Installing: /home/bigyun/Desktop/github_repositories-Bigyuun/ros2_ws/install/msg_srv_action_interface_example/share/msg_srv_action_interface_example/cmake/msg_srv_action_interface_example__rosidl_typesupport_cExport-noconfig.cmake
[3.334s] -- Up-to-date: /home/bigyun/Desktop/github_repositories-Bigyuun/ros2_ws/install/msg_srv_action_interface_example/share/msg_srv_action_interface_example/cmake/msg_srv_action_interface_example__rosidl_generator_cppExport.cmake
[3.334s] -- Up-to-date: /home/bigyun/Desktop/github_repositories-Bigyuun/ros2_ws/install/msg_srv_action_interface_example/share/msg_srv_action_interface_example/cmake/msg_srv_action_interface_example__rosidl_typesupport_introspection_cppExport.cmake
[3.334s] -- Installing: /home/bigyun/Desktop/github_repositories-Bigyuun/ros2_ws/install/msg_srv_action_interface_example/share/msg_srv_action_interface_example/cmake/msg_srv_action_interface_example__rosidl_typesupport_introspection_cppExport-noconfig.cmake
[3.334s] -- Up-to-date: /home/bigyun/Desktop/github_repositories-Bigyuun/ros2_ws/install/msg_srv_action_interface_example/share/msg_srv_action_interface_example/cmake/msg_srv_action_interface_example__rosidl_typesupport_cppExport.cmake
[3.334s] -- Installing: /home/bigyun/Desktop/github_repositories-Bigyuun/ros2_ws/install/msg_srv_action_interface_example/share/msg_srv_action_interface_example/cmake/msg_srv_action_interface_example__rosidl_typesupport_cppExport-noconfig.cmake
[3.337s] Invoked command in '/home/bigyun/Desktop/github_repositories-Bigyuun/ros2_ws/build/msg_srv_action_interface_example' returned '0': CMAKE_PREFIX_PATH=/opt/ros/foxy /usr/bin/cmake --install /home/bigyun/Desktop/github_repositories-Bigyuun/ros2_ws/build/msg_srv_action_interface_example
