[0.008s] Invoking command in '/home/daeyun/Desktop/github_repositories/ros2_ws/src/my_first_ros_rclcpp_pkg/build/my_first_ros_rclcpp_pkg': CMAKE_PREFIX_PATH=/opt/ros/humble /usr/bin/cmake --build /home/daeyun/Desktop/github_repositories/ros2_ws/src/my_first_ros_rclcpp_pkg/build/my_first_ros_rclcpp_pkg -- -j16 -l16
[0.020s] -- Found ament_cmake: 1.3.3 (/opt/ros/humble/share/ament_cmake/cmake)
[0.096s] -- Override CMake install command with custom implementation using symlinks instead of copying resources
[0.100s] -- Found rclcpp: 16.0.3 (/opt/ros/humble/share/rclcpp/cmake)
[0.118s] -- Found rosidl_generator_c: 3.1.4 (/opt/ros/humble/share/rosidl_generator_c/cmake)
[0.120s] -- Found rosidl_adapter: 3.1.4 (/opt/ros/humble/share/rosidl_adapter/cmake)
[0.123s] -- Found rosidl_generator_cpp: 3.1.4 (/opt/ros/humble/share/rosidl_generator_cpp/cmake)
[0.130s] -- Using all available rosidl_typesupport_c: rosidl_typesupport_fastrtps_c;rosidl_typesupport_introspection_c
[0.139s] -- Using all available rosidl_typesupport_cpp: rosidl_typesupport_fastrtps_cpp;rosidl_typesupport_introspection_cpp
[0.175s] -- Found rmw_implementation_cmake: 6.1.1 (/opt/ros/humble/share/rmw_implementation_cmake/cmake)
[0.176s] -- Found rmw_fastrtps_cpp: 6.2.2 (/opt/ros/humble/share/rmw_fastrtps_cpp/cmake)
[0.241s] -- Using RMW implementation 'rmw_fastrtps_cpp' as default
[0.335s] -- Found ament_lint_auto: 0.12.5 (/opt/ros/humble/share/ament_lint_auto/cmake)
[0.379s] -- Added test 'cppcheck' to perform static code analysis on C / C++ code
[0.379s] -- Configured cppcheck include dirs: 
[0.380s] -- Configured cppcheck exclude dirs and/or files: 
[0.380s] -- Added test 'flake8' to check Python code syntax and style conventions
[0.382s] -- Added test 'lint_cmake' to check CMake code style
[0.382s] -- Added test 'pep257' to check Python code against some of the docstring style conventions in PEP 257
[0.386s] -- Added test 'uncrustify' to check C / C++ code style
[0.387s] -- Configured uncrustify additional arguments: 
[0.387s] -- Added test 'xmllint' to check XML markup files
[0.388s] -- Configuring done
[0.392s] -- Generating done
[0.393s] -- Build files have been written to: /home/daeyun/Desktop/github_repositories/ros2_ws/src/my_first_ros_rclcpp_pkg/build/my_first_ros_rclcpp_pkg
[0.408s] Invoked command in '/home/daeyun/Desktop/github_repositories/ros2_ws/src/my_first_ros_rclcpp_pkg/build/my_first_ros_rclcpp_pkg' returned '0': CMAKE_PREFIX_PATH=/opt/ros/humble /usr/bin/cmake --build /home/daeyun/Desktop/github_repositories/ros2_ws/src/my_first_ros_rclcpp_pkg/build/my_first_ros_rclcpp_pkg -- -j16 -l16
[0.421s] Invoking command in '/home/daeyun/Desktop/github_repositories/ros2_ws/src/my_first_ros_rclcpp_pkg/build/my_first_ros_rclcpp_pkg': CMAKE_PREFIX_PATH=/opt/ros/humble /usr/bin/cmake --install /home/daeyun/Desktop/github_repositories/ros2_ws/src/my_first_ros_rclcpp_pkg/build/my_first_ros_rclcpp_pkg
[0.424s] -- Install configuration: ""
[0.424s] -- Execute custom install script
[0.424s] -- Up-to-date symlink: /home/daeyun/Desktop/github_repositories/ros2_ws/src/my_first_ros_rclcpp_pkg/install/my_first_ros_rclcpp_pkg/share/ament_index/resource_index/package_run_dependencies/my_first_ros_rclcpp_pkg
[0.424s] -- Up-to-date symlink: /home/daeyun/Desktop/github_repositories/ros2_ws/src/my_first_ros_rclcpp_pkg/install/my_first_ros_rclcpp_pkg/share/ament_index/resource_index/parent_prefix_path/my_first_ros_rclcpp_pkg
[0.424s] -- Up-to-date symlink: /home/daeyun/Desktop/github_repositories/ros2_ws/src/my_first_ros_rclcpp_pkg/install/my_first_ros_rclcpp_pkg/share/my_first_ros_rclcpp_pkg/environment/ament_prefix_path.sh
[0.424s] -- Up-to-date symlink: /home/daeyun/Desktop/github_repositories/ros2_ws/src/my_first_ros_rclcpp_pkg/install/my_first_ros_rclcpp_pkg/share/my_first_ros_rclcpp_pkg/environment/ament_prefix_path.dsv
[0.425s] -- Up-to-date symlink: /home/daeyun/Desktop/github_repositories/ros2_ws/src/my_first_ros_rclcpp_pkg/install/my_first_ros_rclcpp_pkg/share/my_first_ros_rclcpp_pkg/environment/path.sh
[0.425s] -- Up-to-date symlink: /home/daeyun/Desktop/github_repositories/ros2_ws/src/my_first_ros_rclcpp_pkg/install/my_first_ros_rclcpp_pkg/share/my_first_ros_rclcpp_pkg/environment/path.dsv
[0.425s] -- Up-to-date symlink: /home/daeyun/Desktop/github_repositories/ros2_ws/src/my_first_ros_rclcpp_pkg/install/my_first_ros_rclcpp_pkg/share/my_first_ros_rclcpp_pkg/local_setup.bash
[0.425s] -- Up-to-date symlink: /home/daeyun/Desktop/github_repositories/ros2_ws/src/my_first_ros_rclcpp_pkg/install/my_first_ros_rclcpp_pkg/share/my_first_ros_rclcpp_pkg/local_setup.sh
[0.425s] -- Up-to-date symlink: /home/daeyun/Desktop/github_repositories/ros2_ws/src/my_first_ros_rclcpp_pkg/install/my_first_ros_rclcpp_pkg/share/my_first_ros_rclcpp_pkg/local_setup.zsh
[0.425s] -- Up-to-date symlink: /home/daeyun/Desktop/github_repositories/ros2_ws/src/my_first_ros_rclcpp_pkg/install/my_first_ros_rclcpp_pkg/share/my_first_ros_rclcpp_pkg/local_setup.dsv
[0.425s] -- Symlinking: /home/daeyun/Desktop/github_repositories/ros2_ws/src/my_first_ros_rclcpp_pkg/install/my_first_ros_rclcpp_pkg/share/my_first_ros_rclcpp_pkg/package.dsv
[0.429s] -- Up-to-date symlink: /home/daeyun/Desktop/github_repositories/ros2_ws/src/my_first_ros_rclcpp_pkg/install/my_first_ros_rclcpp_pkg/share/ament_index/resource_index/packages/my_first_ros_rclcpp_pkg
[0.429s] -- Up-to-date symlink: /home/daeyun/Desktop/github_repositories/ros2_ws/src/my_first_ros_rclcpp_pkg/install/my_first_ros_rclcpp_pkg/share/my_first_ros_rclcpp_pkg/cmake/my_first_ros_rclcpp_pkgConfig.cmake
[0.429s] -- Up-to-date symlink: /home/daeyun/Desktop/github_repositories/ros2_ws/src/my_first_ros_rclcpp_pkg/install/my_first_ros_rclcpp_pkg/share/my_first_ros_rclcpp_pkg/cmake/my_first_ros_rclcpp_pkgConfig-version.cmake
[0.430s] -- Up-to-date symlink: /home/daeyun/Desktop/github_repositories/ros2_ws/src/my_first_ros_rclcpp_pkg/install/my_first_ros_rclcpp_pkg/share/my_first_ros_rclcpp_pkg/package.xml
[0.431s] Invoked command in '/home/daeyun/Desktop/github_repositories/ros2_ws/src/my_first_ros_rclcpp_pkg/build/my_first_ros_rclcpp_pkg' returned '0': CMAKE_PREFIX_PATH=/opt/ros/humble /usr/bin/cmake --install /home/daeyun/Desktop/github_repositories/ros2_ws/src/my_first_ros_rclcpp_pkg/build/my_first_ros_rclcpp_pkg
