-- Found ament_cmake: 0.9.11 (/opt/ros/foxy/share/ament_cmake/cmake)
-- Using PYTHON_EXECUTABLE: /usr/bin/python3
-- Override CMake install command with custom implementation using symlinks instead of copying resources
-- Found action_tutorials_interfaces: 0.0.0 (/home/bigyun/Desktop/github_repositories-Bigyuun/ros2_ws/install/action_tutorials_interfaces/share/action_tutorials_interfaces/cmake)
-- Using all available rosidl_typesupport_c: rosidl_typesupport_fastrtps_c;rosidl_typesupport_introspection_c
-- Found rosidl_adapter: 1.3.0 (/opt/ros/foxy/share/rosidl_adapter/cmake)
-- Using all available rosidl_typesupport_cpp: rosidl_typesupport_fastrtps_cpp;rosidl_typesupport_introspection_cpp
-- Found rclcpp: 2.4.2 (/opt/ros/foxy/share/rclcpp/cmake)
-- Found rmw_implementation_cmake: 1.0.4 (/opt/ros/foxy/share/rmw_implementation_cmake/cmake)
-- Using RMW implementation 'rmw_fastrtps_cpp' as default
-- Found rclcpp_action: 2.4.2 (/opt/ros/foxy/share/rclcpp_action/cmake)
-- Found rclcpp_components: 2.4.2 (/opt/ros/foxy/share/rclcpp_components/cmake)
-- Found ament_lint_auto: 0.9.8 (/opt/ros/foxy/share/ament_lint_auto/cmake)
-- Added test 'cppcheck' to perform static code analysis on C / C++ code
-- Configured cppcheck include dirs: $<BUILD_INTERFACE:/home/bigyun/Desktop/github_repositories-Bigyuun/ros2_ws/src/action_tutorials_cpp/include>
-- Configured cppcheck exclude dirs and/or files: 
-- Added test 'lint_cmake' to check CMake code style
-- Added test 'uncrustify' to check C / C++ code style
-- Configured uncrustify additional arguments: 
-- Added test 'xmllint' to check XML markup files
-- Configuring done
-- Generating done
-- Build files have been written to: /home/bigyun/Desktop/github_repositories-Bigyuun/ros2_ws/build/action_tutorials_cpp
[ 25%] [32m[1mLinking CXX executable fibonacci_action_server[0m
[ 50%] [32m[1mLinking CXX shared library libaction_server.so[0m
[ 75%] Built target fibonacci_action_server
[100%] Built target action_server
-- Install configuration: ""
-- Execute custom install script
-- Symlinking: /home/bigyun/Desktop/github_repositories-Bigyuun/ros2_ws/install/action_tutorials_cpp/lib/action_tutorials_cpp/fibonacci_action_server
-- Symlinking: /home/bigyun/Desktop/github_repositories-Bigyuun/ros2_ws/install/action_tutorials_cpp/lib/libaction_server.so
-- Symlinking: /home/bigyun/Desktop/github_repositories-Bigyuun/ros2_ws/install/action_tutorials_cpp/share/ament_index/resource_index/package_run_dependencies/action_tutorials_cpp
-- Symlinking: /home/bigyun/Desktop/github_repositories-Bigyuun/ros2_ws/install/action_tutorials_cpp/share/ament_index/resource_index/parent_prefix_path/action_tutorials_cpp
-- Symlinking: /home/bigyun/Desktop/github_repositories-Bigyuun/ros2_ws/install/action_tutorials_cpp/share/action_tutorials_cpp/environment/ament_prefix_path.sh
-- Symlinking: /home/bigyun/Desktop/github_repositories-Bigyuun/ros2_ws/install/action_tutorials_cpp/share/action_tutorials_cpp/environment/ament_prefix_path.dsv
-- Symlinking: /home/bigyun/Desktop/github_repositories-Bigyuun/ros2_ws/install/action_tutorials_cpp/share/action_tutorials_cpp/environment/path.sh
-- Symlinking: /home/bigyun/Desktop/github_repositories-Bigyuun/ros2_ws/install/action_tutorials_cpp/share/action_tutorials_cpp/environment/path.dsv
-- Symlinking: /home/bigyun/Desktop/github_repositories-Bigyuun/ros2_ws/install/action_tutorials_cpp/share/action_tutorials_cpp/local_setup.bash
-- Symlinking: /home/bigyun/Desktop/github_repositories-Bigyuun/ros2_ws/install/action_tutorials_cpp/share/action_tutorials_cpp/local_setup.sh
-- Symlinking: /home/bigyun/Desktop/github_repositories-Bigyuun/ros2_ws/install/action_tutorials_cpp/share/action_tutorials_cpp/local_setup.zsh
-- Symlinking: /home/bigyun/Desktop/github_repositories-Bigyuun/ros2_ws/install/action_tutorials_cpp/share/action_tutorials_cpp/local_setup.dsv
-- Symlinking: /home/bigyun/Desktop/github_repositories-Bigyuun/ros2_ws/install/action_tutorials_cpp/share/action_tutorials_cpp/package.dsv
-- Symlinking: /home/bigyun/Desktop/github_repositories-Bigyuun/ros2_ws/install/action_tutorials_cpp/share/ament_index/resource_index/packages/action_tutorials_cpp
-- Symlinking: /home/bigyun/Desktop/github_repositories-Bigyuun/ros2_ws/install/action_tutorials_cpp/share/ament_index/resource_index/rclcpp_components/action_tutorials_cpp
-- Symlinking: /home/bigyun/Desktop/github_repositories-Bigyuun/ros2_ws/install/action_tutorials_cpp/share/action_tutorials_cpp/cmake/action_tutorials_cppConfig.cmake
-- Symlinking: /home/bigyun/Desktop/github_repositories-Bigyuun/ros2_ws/install/action_tutorials_cpp/share/action_tutorials_cpp/cmake/action_tutorials_cppConfig-version.cmake
-- Symlinking: /home/bigyun/Desktop/github_repositories-Bigyuun/ros2_ws/install/action_tutorials_cpp/share/action_tutorials_cpp/package.xml
