[0.007s] Invoking command in '/home/bigyun/Desktop/github_repositories-Bigyuun/ros2_ws/build/topic_service_action_rclcpp_example': AMENT_PREFIX_PATH=/home/bigyun/Desktop/github_repositories-Bigyuun/ros2_ws/install/msg_srv_action_interface_example:${AMENT_PREFIX_PATH} CMAKE_PREFIX_PATH=/home/bigyun/Desktop/github_repositories-Bigyuun/ros2_ws/install/msg_srv_action_interface_example:/opt/ros/foxy LD_LIBRARY_PATH=/home/bigyun/Desktop/github_repositories-Bigyuun/ros2_ws/install/msg_srv_action_interface_example/lib:${LD_LIBRARY_PATH} PYTHONPATH=/home/bigyun/Desktop/github_repositories-Bigyuun/ros2_ws/install/msg_srv_action_interface_example/lib/python3.8/site-packages:${PYTHONPATH} /usr/bin/cmake /home/bigyun/Desktop/github_repositories-Bigyuun/ros2_ws/src/topic_service_action_rclcpp_example -DCMAKE_INSTALL_PREFIX=/home/bigyun/Desktop/github_repositories-Bigyuun/ros2_ws/install/topic_service_action_rclcpp_example
[0.040s] -- The C compiler identification is GNU 9.4.0
[0.074s] -- The CXX compiler identification is GNU 9.4.0
[0.077s] -- Check for working C compiler: /usr/bin/cc
[0.121s] -- Check for working C compiler: /usr/bin/cc -- works
[0.122s] -- Detecting C compiler ABI info
[0.166s] -- Detecting C compiler ABI info - done
[0.174s] -- Detecting C compile features
[0.174s] -- Detecting C compile features - done
[0.176s] -- Check for working CXX compiler: /usr/bin/c++
[0.226s] -- Check for working CXX compiler: /usr/bin/c++ -- works
[0.227s] -- Detecting CXX compiler ABI info
[0.276s] -- Detecting CXX compiler ABI info - done
[0.284s] -- Detecting CXX compile features
[0.285s] -- Detecting CXX compile features - done
[0.286s] -- Found ament_cmake: 0.9.11 (/opt/ros/foxy/share/ament_cmake/cmake)
[0.302s] -- Found PythonInterp: /usr/bin/python3 (found suitable version "3.8.10", minimum required is "3") 
[0.302s] -- Using PYTHON_EXECUTABLE: /usr/bin/python3
[0.416s] -- Found msg_srv_action_interface_example: 0.0.0 (/home/bigyun/Desktop/github_repositories-Bigyuun/ros2_ws/install/msg_srv_action_interface_example/share/msg_srv_action_interface_example/cmake)
[0.434s] -- Using all available rosidl_typesupport_c: rosidl_typesupport_fastrtps_c;rosidl_typesupport_introspection_c
[0.438s] -- Found rosidl_adapter: 1.3.0 (/opt/ros/foxy/share/rosidl_adapter/cmake)
[0.483s] -- Found OpenSSL: /usr/lib/x86_64-linux-gnu/libcrypto.so (found version "1.1.1f")  
[0.501s] -- Found FastRTPS: /opt/ros/foxy/include  
[0.548s] -- Using all available rosidl_typesupport_cpp: rosidl_typesupport_fastrtps_cpp;rosidl_typesupport_introspection_cpp
[0.645s] -- Found rclcpp: 2.4.2 (/opt/ros/foxy/share/rclcpp/cmake)
[0.673s] -- Found rmw_implementation_cmake: 1.0.4 (/opt/ros/foxy/share/rmw_implementation_cmake/cmake)
[0.674s] -- Using RMW implementation 'rmw_fastrtps_cpp' as default
[0.674s] -- Looking for pthread.h
[0.720s] -- Looking for pthread.h - found
[0.720s] -- Performing Test CMAKE_HAVE_LIBC_PTHREAD
[0.769s] -- Performing Test CMAKE_HAVE_LIBC_PTHREAD - Failed
[0.769s] -- Looking for pthread_create in pthreads
[0.809s] -- Looking for pthread_create in pthreads - not found
[0.809s] -- Looking for pthread_create in pthread
[0.856s] -- Looking for pthread_create in pthread - found
[0.857s] -- Found Threads: TRUE  
[0.968s] -- Found rclcpp_action: 2.4.2 (/opt/ros/foxy/share/rclcpp_action/cmake)
[0.991s] -- Found ament_lint_auto: 0.9.8 (/opt/ros/foxy/share/ament_lint_auto/cmake)
[1.041s] -- Added test 'cppcheck' to perform static code analysis on C / C++ code
[1.041s] -- Configured cppcheck include dirs: /home/bigyun/Desktop/github_repositories-Bigyuun/ros2_ws/src/topic_service_action_rclcpp_example/include
[1.041s] -- Configured cppcheck exclude dirs and/or files: 
[1.041s] -- Added test 'lint_cmake' to check CMake code style
[1.043s] -- Added test 'uncrustify' to check C / C++ code style
[1.043s] -- Configured uncrustify additional arguments: 
[1.043s] -- Added test 'xmllint' to check XML markup files
[1.045s] -- Configuring done
[1.047s] -- Generating done
[1.048s] -- Build files have been written to: /home/bigyun/Desktop/github_repositories-Bigyuun/ros2_ws/build/topic_service_action_rclcpp_example
[1.054s] Invoked command in '/home/bigyun/Desktop/github_repositories-Bigyuun/ros2_ws/build/topic_service_action_rclcpp_example' returned '0': AMENT_PREFIX_PATH=/home/bigyun/Desktop/github_repositories-Bigyuun/ros2_ws/install/msg_srv_action_interface_example:${AMENT_PREFIX_PATH} CMAKE_PREFIX_PATH=/home/bigyun/Desktop/github_repositories-Bigyuun/ros2_ws/install/msg_srv_action_interface_example:/opt/ros/foxy LD_LIBRARY_PATH=/home/bigyun/Desktop/github_repositories-Bigyuun/ros2_ws/install/msg_srv_action_interface_example/lib:${LD_LIBRARY_PATH} PYTHONPATH=/home/bigyun/Desktop/github_repositories-Bigyuun/ros2_ws/install/msg_srv_action_interface_example/lib/python3.8/site-packages:${PYTHONPATH} /usr/bin/cmake /home/bigyun/Desktop/github_repositories-Bigyuun/ros2_ws/src/topic_service_action_rclcpp_example -DCMAKE_INSTALL_PREFIX=/home/bigyun/Desktop/github_repositories-Bigyuun/ros2_ws/install/topic_service_action_rclcpp_example
[1.055s] Invoking command in '/home/bigyun/Desktop/github_repositories-Bigyuun/ros2_ws/build/topic_service_action_rclcpp_example': AMENT_PREFIX_PATH=/home/bigyun/Desktop/github_repositories-Bigyuun/ros2_ws/install/msg_srv_action_interface_example:${AMENT_PREFIX_PATH} CMAKE_PREFIX_PATH=/home/bigyun/Desktop/github_repositories-Bigyuun/ros2_ws/install/msg_srv_action_interface_example:/opt/ros/foxy LD_LIBRARY_PATH=/home/bigyun/Desktop/github_repositories-Bigyuun/ros2_ws/install/msg_srv_action_interface_example/lib:${LD_LIBRARY_PATH} PYTHONPATH=/home/bigyun/Desktop/github_repositories-Bigyuun/ros2_ws/install/msg_srv_action_interface_example/lib/python3.8/site-packages:${PYTHONPATH} /usr/bin/cmake --build /home/bigyun/Desktop/github_repositories-Bigyuun/ros2_ws/build/topic_service_action_rclcpp_example -- -j20 -l20
[1.084s] Invoked command in '/home/bigyun/Desktop/github_repositories-Bigyuun/ros2_ws/build/topic_service_action_rclcpp_example' returned '0': AMENT_PREFIX_PATH=/home/bigyun/Desktop/github_repositories-Bigyuun/ros2_ws/install/msg_srv_action_interface_example:${AMENT_PREFIX_PATH} CMAKE_PREFIX_PATH=/home/bigyun/Desktop/github_repositories-Bigyuun/ros2_ws/install/msg_srv_action_interface_example:/opt/ros/foxy LD_LIBRARY_PATH=/home/bigyun/Desktop/github_repositories-Bigyuun/ros2_ws/install/msg_srv_action_interface_example/lib:${LD_LIBRARY_PATH} PYTHONPATH=/home/bigyun/Desktop/github_repositories-Bigyuun/ros2_ws/install/msg_srv_action_interface_example/lib/python3.8/site-packages:${PYTHONPATH} /usr/bin/cmake --build /home/bigyun/Desktop/github_repositories-Bigyuun/ros2_ws/build/topic_service_action_rclcpp_example -- -j20 -l20
[1.098s] Invoking command in '/home/bigyun/Desktop/github_repositories-Bigyuun/ros2_ws/build/topic_service_action_rclcpp_example': AMENT_PREFIX_PATH=/home/bigyun/Desktop/github_repositories-Bigyuun/ros2_ws/install/msg_srv_action_interface_example:${AMENT_PREFIX_PATH} CMAKE_PREFIX_PATH=/home/bigyun/Desktop/github_repositories-Bigyuun/ros2_ws/install/msg_srv_action_interface_example:/opt/ros/foxy LD_LIBRARY_PATH=/home/bigyun/Desktop/github_repositories-Bigyuun/ros2_ws/install/msg_srv_action_interface_example/lib:${LD_LIBRARY_PATH} PYTHONPATH=/home/bigyun/Desktop/github_repositories-Bigyuun/ros2_ws/install/msg_srv_action_interface_example/lib/python3.8/site-packages:${PYTHONPATH} /usr/bin/cmake --install /home/bigyun/Desktop/github_repositories-Bigyuun/ros2_ws/build/topic_service_action_rclcpp_example
[1.104s] -- Install configuration: ""
[1.104s] -- Installing: /home/bigyun/Desktop/github_repositories-Bigyuun/ros2_ws/install/topic_service_action_rclcpp_example/share/ament_index/resource_index/package_run_dependencies/topic_service_action_rclcpp_example
[1.104s] -- Installing: /home/bigyun/Desktop/github_repositories-Bigyuun/ros2_ws/install/topic_service_action_rclcpp_example/share/ament_index/resource_index/parent_prefix_path/topic_service_action_rclcpp_example
[1.104s] -- Installing: /home/bigyun/Desktop/github_repositories-Bigyuun/ros2_ws/install/topic_service_action_rclcpp_example/share/topic_service_action_rclcpp_example/environment/ament_prefix_path.sh
[1.104s] -- Installing: /home/bigyun/Desktop/github_repositories-Bigyuun/ros2_ws/install/topic_service_action_rclcpp_example/share/topic_service_action_rclcpp_example/environment/ament_prefix_path.dsv
[1.104s] -- Installing: /home/bigyun/Desktop/github_repositories-Bigyuun/ros2_ws/install/topic_service_action_rclcpp_example/share/topic_service_action_rclcpp_example/environment/path.sh
[1.105s] -- Installing: /home/bigyun/Desktop/github_repositories-Bigyuun/ros2_ws/install/topic_service_action_rclcpp_example/share/topic_service_action_rclcpp_example/environment/path.dsv
[1.105s] -- Installing: /home/bigyun/Desktop/github_repositories-Bigyuun/ros2_ws/install/topic_service_action_rclcpp_example/share/topic_service_action_rclcpp_example/local_setup.bash
[1.105s] -- Installing: /home/bigyun/Desktop/github_repositories-Bigyuun/ros2_ws/install/topic_service_action_rclcpp_example/share/topic_service_action_rclcpp_example/local_setup.sh
[1.105s] -- Installing: /home/bigyun/Desktop/github_repositories-Bigyuun/ros2_ws/install/topic_service_action_rclcpp_example/share/topic_service_action_rclcpp_example/local_setup.zsh
[1.105s] -- Installing: /home/bigyun/Desktop/github_repositories-Bigyuun/ros2_ws/install/topic_service_action_rclcpp_example/share/topic_service_action_rclcpp_example/local_setup.dsv
[1.105s] -- Installing: /home/bigyun/Desktop/github_repositories-Bigyuun/ros2_ws/install/topic_service_action_rclcpp_example/share/topic_service_action_rclcpp_example/package.dsv
[1.105s] -- Installing: /home/bigyun/Desktop/github_repositories-Bigyuun/ros2_ws/install/topic_service_action_rclcpp_example/share/ament_index/resource_index/packages/topic_service_action_rclcpp_example
[1.105s] -- Installing: /home/bigyun/Desktop/github_repositories-Bigyuun/ros2_ws/install/topic_service_action_rclcpp_example/share/topic_service_action_rclcpp_example/cmake/topic_service_action_rclcpp_exampleConfig.cmake
[1.105s] -- Installing: /home/bigyun/Desktop/github_repositories-Bigyuun/ros2_ws/install/topic_service_action_rclcpp_example/share/topic_service_action_rclcpp_example/cmake/topic_service_action_rclcpp_exampleConfig-version.cmake
[1.105s] -- Installing: /home/bigyun/Desktop/github_repositories-Bigyuun/ros2_ws/install/topic_service_action_rclcpp_example/share/topic_service_action_rclcpp_example/package.xml
[1.108s] Invoked command in '/home/bigyun/Desktop/github_repositories-Bigyuun/ros2_ws/build/topic_service_action_rclcpp_example' returned '0': AMENT_PREFIX_PATH=/home/bigyun/Desktop/github_repositories-Bigyuun/ros2_ws/install/msg_srv_action_interface_example:${AMENT_PREFIX_PATH} CMAKE_PREFIX_PATH=/home/bigyun/Desktop/github_repositories-Bigyuun/ros2_ws/install/msg_srv_action_interface_example:/opt/ros/foxy LD_LIBRARY_PATH=/home/bigyun/Desktop/github_repositories-Bigyuun/ros2_ws/install/msg_srv_action_interface_example/lib:${LD_LIBRARY_PATH} PYTHONPATH=/home/bigyun/Desktop/github_repositories-Bigyuun/ros2_ws/install/msg_srv_action_interface_example/lib/python3.8/site-packages:${PYTHONPATH} /usr/bin/cmake --install /home/bigyun/Desktop/github_repositories-Bigyuun/ros2_ws/build/topic_service_action_rclcpp_example
