[0.012s] Invoking command in '/home/bigyun/Desktop/github_repositories-Bigyuun/ros2_ws/build/msg_srv_action_interface_example': CMAKE_PREFIX_PATH=/opt/ros/foxy /usr/bin/cmake /home/bigyun/Desktop/github_repositories-Bigyuun/ros2_ws/src/msg_srv_action_interface_example -DCMAKE_INSTALL_PREFIX=/home/bigyun/Desktop/github_repositories-Bigyuun/ros2_ws/install/msg_srv_action_interface_example
[0.046s] -- The C compiler identification is GNU 9.4.0
[0.079s] -- The CXX compiler identification is GNU 9.4.0
[0.082s] -- Check for working C compiler: /usr/bin/cc
[0.122s] -- Check for working C compiler: /usr/bin/cc -- works
[0.122s] -- Detecting C compiler ABI info
[0.162s] -- Detecting C compiler ABI info - done
[0.172s] -- Detecting C compile features
[0.172s] -- Detecting C compile features - done
[0.174s] -- Check for working CXX compiler: /usr/bin/c++
[0.220s] -- Check for working CXX compiler: /usr/bin/c++ -- works
[0.221s] -- Detecting CXX compiler ABI info
[0.269s] -- Detecting CXX compiler ABI info - done
[0.276s] -- Detecting CXX compile features
[0.276s] -- Detecting CXX compile features - done
[0.277s] -- Found ament_cmake: 0.9.11 (/opt/ros/foxy/share/ament_cmake/cmake)
[0.293s] -- Found PythonInterp: /usr/bin/python3 (found suitable version "3.8.10", minimum required is "3") 
[0.293s] -- Using PYTHON_EXECUTABLE: /usr/bin/python3
[0.397s] -- Found builtin_interfaces: 1.0.0 (/opt/ros/foxy/share/builtin_interfaces/cmake)
[0.412s] -- Using all available rosidl_typesupport_c: rosidl_typesupport_fastrtps_c;rosidl_typesupport_introspection_c
[0.416s] -- Found rosidl_adapter: 1.3.0 (/opt/ros/foxy/share/rosidl_adapter/cmake)
[0.459s] -- Found OpenSSL: /usr/lib/x86_64-linux-gnu/libcrypto.so (found version "1.1.1f")  
[0.477s] -- Found FastRTPS: /opt/ros/foxy/include  
[0.525s] -- Using all available rosidl_typesupport_cpp: rosidl_typesupport_fastrtps_cpp;rosidl_typesupport_introspection_cpp
[0.542s] -- Found rosidl_default_generators: 1.0.1 (/opt/ros/foxy/share/rosidl_default_generators/cmake)
[0.563s] -- Found PythonInterp: /usr/bin/python3 (found version "3.8.10") 
[0.688s] -- Found ament_cmake_ros: 0.9.2 (/opt/ros/foxy/share/ament_cmake_ros/cmake)
[0.766s] -- Using all available rosidl_typesupport_c: rosidl_typesupport_fastrtps_c;rosidl_typesupport_introspection_c
[0.780s] -- Using all available rosidl_typesupport_cpp: rosidl_typesupport_fastrtps_cpp;rosidl_typesupport_introspection_cpp
[0.796s] -- Found PythonInterp: /usr/bin/python3 (found suitable version "3.8.10", minimum required is "3.5") 
[0.797s] -- Found python_cmake_module: 0.8.1 (/opt/ros/foxy/share/python_cmake_module/cmake)
[0.813s] -- Found PythonLibs: /usr/lib/x86_64-linux-gnu/libpython3.8.so (found suitable version "3.8.10", minimum required is "3.5") 
[0.813s] -- Using PYTHON_EXECUTABLE: /usr/bin/python3
[0.813s] -- Using PYTHON_INCLUDE_DIRS: /usr/include/python3.8
[0.813s] -- Using PYTHON_LIBRARIES: /usr/lib/x86_64-linux-gnu/libpython3.8.so
[0.827s] -- Found PythonExtra: .so  
[0.858s] -- Found ament_lint_auto: 0.9.8 (/opt/ros/foxy/share/ament_lint_auto/cmake)
[0.867s] -- Added test 'lint_cmake' to check CMake code style
[0.868s] -- Added test 'xmllint' to check XML markup files
[0.870s] -- Configuring done
[0.901s] -- Generating done
[0.903s] -- Build files have been written to: /home/bigyun/Desktop/github_repositories-Bigyuun/ros2_ws/build/msg_srv_action_interface_example
[0.909s] Invoked command in '/home/bigyun/Desktop/github_repositories-Bigyuun/ros2_ws/build/msg_srv_action_interface_example' returned '0': CMAKE_PREFIX_PATH=/opt/ros/foxy /usr/bin/cmake /home/bigyun/Desktop/github_repositories-Bigyuun/ros2_ws/src/msg_srv_action_interface_example -DCMAKE_INSTALL_PREFIX=/home/bigyun/Desktop/github_repositories-Bigyuun/ros2_ws/install/msg_srv_action_interface_example
[0.911s] Invoking command in '/home/bigyun/Desktop/github_repositories-Bigyuun/ros2_ws/build/msg_srv_action_interface_example': CMAKE_PREFIX_PATH=/opt/ros/foxy /usr/bin/cmake --build /home/bigyun/Desktop/github_repositories-Bigyuun/ros2_ws/build/msg_srv_action_interface_example -- -j20 -l20
[0.935s] [  2%] [34m[1mGenerating C code for ROS interfaces[0m
[0.935s] [35m[1mScanning dependencies of target msg_srv_action_interface_example__cpp[0m
[0.941s] [  4%] [34m[1mGenerating C++ code for ROS interfaces[0m
[1.352s] [  4%] Built target msg_srv_action_interface_example__cpp
[1.360s] [  6%] [34m[1mGenerating C++ type support for eProsima Fast-RTPS[0m
[1.364s] [  8%] [34m[1mGenerating C++ type support dispatch for ROS interfaces[0m
[1.364s] [ 10%] [34m[1mGenerating C++ introspection for ROS interfaces[0m
[1.414s] [35m[1mScanning dependencies of target msg_srv_action_interface_example__rosidl_generator_c[0m
[1.432s] [ 14%] [32mBuilding C object CMakeFiles/msg_srv_action_interface_example__rosidl_generator_c.dir/rosidl_generator_c/msg_srv_action_interface_example/msg/detail/arithmetic_argument__functions.c.o[0m
[1.432s] [ 14%] [32mBuilding C object CMakeFiles/msg_srv_action_interface_example__rosidl_generator_c.dir/rosidl_generator_c/msg_srv_action_interface_example/srv/detail/arithmetic_operator__functions.c.o[0m
[1.432s] [ 17%] [32mBuilding C object CMakeFiles/msg_srv_action_interface_example__rosidl_generator_c.dir/rosidl_generator_c/msg_srv_action_interface_example/action/detail/arithmetic_checker__functions.c.o[0m
[1.603s] [ 19%] [32m[1mLinking C shared library libmsg_srv_action_interface_example__rosidl_generator_c.so[0m
[1.645s] [ 19%] Built target msg_srv_action_interface_example__rosidl_generator_c
[1.658s] [ 23%] [34m[1mGenerating C type support dispatch for ROS interfaces[0m
[1.658s] [ 23%] [34m[1mGenerating C introspection for ROS interfaces[0m
[1.854s] [35m[1mScanning dependencies of target msg_srv_action_interface_example__rosidl_typesupport_fastrtps_cpp[0m
[1.872s] [ 25%] [32mBuilding CXX object CMakeFiles/msg_srv_action_interface_example__rosidl_typesupport_fastrtps_cpp.dir/rosidl_typesupport_fastrtps_cpp/msg_srv_action_interface_example/srv/detail/dds_fastrtps/arithmetic_operator__type_support.cpp.o[0m
[1.874s] [ 27%] [32mBuilding CXX object CMakeFiles/msg_srv_action_interface_example__rosidl_typesupport_fastrtps_cpp.dir/rosidl_typesupport_fastrtps_cpp/msg_srv_action_interface_example/msg/detail/dds_fastrtps/arithmetic_argument__type_support.cpp.o[0m
[1.875s] [ 29%] [32mBuilding CXX object CMakeFiles/msg_srv_action_interface_example__rosidl_typesupport_fastrtps_cpp.dir/rosidl_typesupport_fastrtps_cpp/msg_srv_action_interface_example/action/detail/dds_fastrtps/arithmetic_checker__type_support.cpp.o[0m
[1.909s] [35m[1mScanning dependencies of target msg_srv_action_interface_example__rosidl_typesupport_cpp[0m
[1.927s] [ 36%] [32mBuilding CXX object CMakeFiles/msg_srv_action_interface_example__rosidl_typesupport_cpp.dir/rosidl_typesupport_cpp/msg_srv_action_interface_example/msg/arithmetic_argument__type_support.cpp.o[0m
[1.927s] [ 36%] [32mBuilding CXX object CMakeFiles/msg_srv_action_interface_example__rosidl_typesupport_cpp.dir/rosidl_typesupport_cpp/msg_srv_action_interface_example/srv/arithmetic_operator__type_support.cpp.o[0m
[1.928s] [ 36%] [32mBuilding CXX object CMakeFiles/msg_srv_action_interface_example__rosidl_typesupport_cpp.dir/rosidl_typesupport_cpp/msg_srv_action_interface_example/action/arithmetic_checker__type_support.cpp.o[0m
[1.978s] [35m[1mScanning dependencies of target msg_srv_action_interface_example__rosidl_typesupport_introspection_cpp[0m
[1.994s] [ 40%] [32mBuilding CXX object CMakeFiles/msg_srv_action_interface_example__rosidl_typesupport_introspection_cpp.dir/rosidl_typesupport_introspection_cpp/msg_srv_action_interface_example/srv/detail/arithmetic_operator__type_support.cpp.o[0m
[1.995s] [ 40%] [32mBuilding CXX object CMakeFiles/msg_srv_action_interface_example__rosidl_typesupport_introspection_cpp.dir/rosidl_typesupport_introspection_cpp/msg_srv_action_interface_example/action/detail/arithmetic_checker__type_support.cpp.o[0m
[1.995s] [ 42%] [32mBuilding CXX object CMakeFiles/msg_srv_action_interface_example__rosidl_typesupport_introspection_cpp.dir/rosidl_typesupport_introspection_cpp/msg_srv_action_interface_example/msg/detail/arithmetic_argument__type_support.cpp.o[0m
[2.137s] [35m[1mScanning dependencies of target msg_srv_action_interface_example__rosidl_typesupport_introspection_c[0m
[2.159s] [ 44%] [32mBuilding C object CMakeFiles/msg_srv_action_interface_example__rosidl_typesupport_introspection_c.dir/rosidl_typesupport_introspection_c/msg_srv_action_interface_example/msg/detail/arithmetic_argument__type_support.c.o[0m
[2.159s] [ 46%] [32mBuilding C object CMakeFiles/msg_srv_action_interface_example__rosidl_typesupport_introspection_c.dir/rosidl_typesupport_introspection_c/msg_srv_action_interface_example/action/detail/arithmetic_checker__type_support.c.o[0m
[2.159s] [ 48%] [32mBuilding C object CMakeFiles/msg_srv_action_interface_example__rosidl_typesupport_introspection_c.dir/rosidl_typesupport_introspection_c/msg_srv_action_interface_example/srv/detail/arithmetic_operator__type_support.c.o[0m
[2.230s] [ 51%] [32m[1mLinking C shared library libmsg_srv_action_interface_example__rosidl_typesupport_introspection_c.so[0m
[2.255s] [35m[1mScanning dependencies of target msg_srv_action_interface_example__rosidl_typesupport_c[0m
[2.274s] [ 53%] [32mBuilding CXX object CMakeFiles/msg_srv_action_interface_example__rosidl_typesupport_c.dir/rosidl_typesupport_c/msg_srv_action_interface_example/msg/arithmetic_argument__type_support.cpp.o[0m
[2.274s] [ 53%] Built target msg_srv_action_interface_example__rosidl_typesupport_introspection_c
[2.274s] [ 55%] [32mBuilding CXX object CMakeFiles/msg_srv_action_interface_example__rosidl_typesupport_c.dir/rosidl_typesupport_c/msg_srv_action_interface_example/action/arithmetic_checker__type_support.cpp.o[0m
[2.275s] [ 57%] [32mBuilding CXX object CMakeFiles/msg_srv_action_interface_example__rosidl_typesupport_c.dir/rosidl_typesupport_c/msg_srv_action_interface_example/srv/arithmetic_operator__type_support.cpp.o[0m
[2.340s] [ 59%] [32m[1mLinking CXX shared library libmsg_srv_action_interface_example__rosidl_typesupport_c.so[0m
[2.378s] [ 59%] Built target msg_srv_action_interface_example__rosidl_typesupport_c
[2.391s] [ 61%] [32m[1mLinking CXX shared library libmsg_srv_action_interface_example__rosidl_typesupport_introspection_cpp.so[0m
[2.399s] [ 63%] [32m[1mLinking CXX shared library libmsg_srv_action_interface_example__rosidl_typesupport_cpp.so[0m
[2.434s] [ 63%] Built target msg_srv_action_interface_example__rosidl_typesupport_cpp
[2.448s] [ 63%] Built target msg_srv_action_interface_example__rosidl_typesupport_introspection_cpp
[2.470s] [ 65%] [32m[1mLinking CXX shared library libmsg_srv_action_interface_example__rosidl_typesupport_fastrtps_cpp.so[0m
[2.528s] [ 65%] Built target msg_srv_action_interface_example__rosidl_typesupport_fastrtps_cpp
[2.536s] [ 68%] [34m[1mGenerating C type support for eProsima Fast-RTPS[0m
[2.838s] [35m[1mScanning dependencies of target msg_srv_action_interface_example__rosidl_typesupport_fastrtps_c[0m
[2.851s] [ 70%] [32mBuilding CXX object CMakeFiles/msg_srv_action_interface_example__rosidl_typesupport_fastrtps_c.dir/rosidl_typesupport_fastrtps_c/msg_srv_action_interface_example/msg/detail/arithmetic_argument__type_support_c.cpp.o[0m
[2.851s] [ 72%] [32mBuilding CXX object CMakeFiles/msg_srv_action_interface_example__rosidl_typesupport_fastrtps_c.dir/rosidl_typesupport_fastrtps_c/msg_srv_action_interface_example/srv/detail/arithmetic_operator__type_support_c.cpp.o[0m
[2.854s] [ 74%] [32mBuilding CXX object CMakeFiles/msg_srv_action_interface_example__rosidl_typesupport_fastrtps_c.dir/rosidl_typesupport_fastrtps_c/msg_srv_action_interface_example/action/detail/arithmetic_checker__type_support_c.cpp.o[0m
[3.132s] [ 76%] [32m[1mLinking CXX shared library libmsg_srv_action_interface_example__rosidl_typesupport_fastrtps_c.so[0m
[3.189s] [ 76%] Built target msg_srv_action_interface_example__rosidl_typesupport_fastrtps_c
[3.196s] [35m[1mScanning dependencies of target msg_srv_action_interface_example[0m
[3.202s] [ 76%] Built target msg_srv_action_interface_example
[3.209s] [35m[1mScanning dependencies of target msg_srv_action_interface_example__py[0m
[3.216s] [ 78%] [34m[1mGenerating Python code for ROS interfaces[0m
[3.907s] [ 78%] Built target msg_srv_action_interface_example__py
[3.914s] [35m[1mScanning dependencies of target msg_srv_action_interface_example__python[0m
[3.927s] [ 82%] [32mBuilding C object CMakeFiles/msg_srv_action_interface_example__python.dir/rosidl_generator_py/msg_srv_action_interface_example/srv/_arithmetic_operator_s.c.o[0m
[3.927s] [ 80%] [32mBuilding C object CMakeFiles/msg_srv_action_interface_example__python.dir/rosidl_generator_py/msg_srv_action_interface_example/msg/_arithmetic_argument_s.c.o[0m
[3.928s] [ 85%] [32mBuilding C object CMakeFiles/msg_srv_action_interface_example__python.dir/rosidl_generator_py/msg_srv_action_interface_example/action/_arithmetic_checker_s.c.o[0m
[4.021s] [ 87%] [32m[1mLinking C shared library rosidl_generator_py/msg_srv_action_interface_example/libmsg_srv_action_interface_example__python.so[0m
[4.050s] [ 87%] Built target msg_srv_action_interface_example__python
[4.056s] [35m[1mScanning dependencies of target msg_srv_action_interface_example__rosidl_typesupport_c__pyext[0m
[4.056s] [35m[1mScanning dependencies of target msg_srv_action_interface_example__rosidl_typesupport_introspection_c__pyext[0m
[4.056s] [35m[1mScanning dependencies of target msg_srv_action_interface_example__rosidl_typesupport_fastrtps_c__pyext[0m
[4.068s] [ 91%] [32mBuilding C object CMakeFiles/msg_srv_action_interface_example__rosidl_typesupport_introspection_c__pyext.dir/rosidl_generator_py/msg_srv_action_interface_example/_msg_srv_action_interface_example_s.ep.rosidl_typesupport_introspection_c.c.o[0m
[4.068s] [ 89%] [32mBuilding C object CMakeFiles/msg_srv_action_interface_example__rosidl_typesupport_c__pyext.dir/rosidl_generator_py/msg_srv_action_interface_example/_msg_srv_action_interface_example_s.ep.rosidl_typesupport_c.c.o[0m
[4.069s] [ 93%] [32mBuilding C object CMakeFiles/msg_srv_action_interface_example__rosidl_typesupport_fastrtps_c__pyext.dir/rosidl_generator_py/msg_srv_action_interface_example/_msg_srv_action_interface_example_s.ep.rosidl_typesupport_fastrtps_c.c.o[0m
[4.151s] [100%] [32m[1mLinking C shared library rosidl_generator_py/msg_srv_action_interface_example/msg_srv_action_interface_example_s__rosidl_typesupport_introspection_c.cpython-38-x86_64-linux-gnu.so[0m
[4.151s] [100%] [32m[1mLinking C shared library rosidl_generator_py/msg_srv_action_interface_example/msg_srv_action_interface_example_s__rosidl_typesupport_c.cpython-38-x86_64-linux-gnu.so[0m
[4.151s] [100%] [32m[1mLinking CXX shared library rosidl_generator_py/msg_srv_action_interface_example/msg_srv_action_interface_example_s__rosidl_typesupport_fastrtps_c.cpython-38-x86_64-linux-gnu.so[0m
[4.182s] [100%] Built target msg_srv_action_interface_example__rosidl_typesupport_c__pyext
[4.182s] [100%] Built target msg_srv_action_interface_example__rosidl_typesupport_introspection_c__pyext
[4.208s] [100%] Built target msg_srv_action_interface_example__rosidl_typesupport_fastrtps_c__pyext
[4.218s] Invoked command in '/home/bigyun/Desktop/github_repositories-Bigyuun/ros2_ws/build/msg_srv_action_interface_example' returned '0': CMAKE_PREFIX_PATH=/opt/ros/foxy /usr/bin/cmake --build /home/bigyun/Desktop/github_repositories-Bigyuun/ros2_ws/build/msg_srv_action_interface_example -- -j20 -l20
[4.264s] Invoking command in '/home/bigyun/Desktop/github_repositories-Bigyuun/ros2_ws/build/msg_srv_action_interface_example': CMAKE_PREFIX_PATH=/opt/ros/foxy /usr/bin/cmake --install /home/bigyun/Desktop/github_repositories-Bigyuun/ros2_ws/build/msg_srv_action_interface_example
[4.269s] -- Install configuration: ""
[4.269s] -- Installing: /home/bigyun/Desktop/github_repositories-Bigyuun/ros2_ws/install/msg_srv_action_interface_example/share/ament_index/resource_index/rosidl_interfaces/msg_srv_action_interface_example
[4.269s] -- Installing: /home/bigyun/Desktop/github_repositories-Bigyuun/ros2_ws/install/msg_srv_action_interface_example/include/msg_srv_action_interface_example
[4.269s] -- Installing: /home/bigyun/Desktop/github_repositories-Bigyuun/ros2_ws/install/msg_srv_action_interface_example/include/msg_srv_action_interface_example/action
[4.269s] -- Installing: /home/bigyun/Desktop/github_repositories-Bigyuun/ros2_ws/install/msg_srv_action_interface_example/include/msg_srv_action_interface_example/action/arithmetic_checker.h
[4.269s] -- Installing: /home/bigyun/Desktop/github_repositories-Bigyuun/ros2_ws/install/msg_srv_action_interface_example/include/msg_srv_action_interface_example/action/detail
[4.269s] -- Installing: /home/bigyun/Desktop/github_repositories-Bigyuun/ros2_ws/install/msg_srv_action_interface_example/include/msg_srv_action_interface_example/action/detail/arithmetic_checker__functions.h
[4.269s] -- Installing: /home/bigyun/Desktop/github_repositories-Bigyuun/ros2_ws/install/msg_srv_action_interface_example/include/msg_srv_action_interface_example/action/detail/arithmetic_checker__struct.h
[4.269s] -- Installing: /home/bigyun/Desktop/github_repositories-Bigyuun/ros2_ws/install/msg_srv_action_interface_example/include/msg_srv_action_interface_example/action/detail/arithmetic_checker__functions.c
[4.269s] -- Installing: /home/bigyun/Desktop/github_repositories-Bigyuun/ros2_ws/install/msg_srv_action_interface_example/include/msg_srv_action_interface_example/action/detail/arithmetic_checker__type_support.h
[4.269s] -- Installing: /home/bigyun/Desktop/github_repositories-Bigyuun/ros2_ws/install/msg_srv_action_interface_example/include/msg_srv_action_interface_example/msg
[4.269s] -- Installing: /home/bigyun/Desktop/github_repositories-Bigyuun/ros2_ws/install/msg_srv_action_interface_example/include/msg_srv_action_interface_example/msg/rosidl_generator_c__visibility_control.h
[4.269s] -- Installing: /home/bigyun/Desktop/github_repositories-Bigyuun/ros2_ws/install/msg_srv_action_interface_example/include/msg_srv_action_interface_example/msg/arithmetic_argument.h
[4.269s] -- Installing: /home/bigyun/Desktop/github_repositories-Bigyuun/ros2_ws/install/msg_srv_action_interface_example/include/msg_srv_action_interface_example/msg/detail
[4.270s] -- Installing: /home/bigyun/Desktop/github_repositories-Bigyuun/ros2_ws/install/msg_srv_action_interface_example/include/msg_srv_action_interface_example/msg/detail/arithmetic_argument__struct.h
[4.270s] -- Installing: /home/bigyun/Desktop/github_repositories-Bigyuun/ros2_ws/install/msg_srv_action_interface_example/include/msg_srv_action_interface_example/msg/detail/arithmetic_argument__type_support.h
[4.270s] -- Installing: /home/bigyun/Desktop/github_repositories-Bigyuun/ros2_ws/install/msg_srv_action_interface_example/include/msg_srv_action_interface_example/msg/detail/arithmetic_argument__functions.c
[4.270s] -- Installing: /home/bigyun/Desktop/github_repositories-Bigyuun/ros2_ws/install/msg_srv_action_interface_example/include/msg_srv_action_interface_example/msg/detail/arithmetic_argument__functions.h
[4.270s] -- Installing: /home/bigyun/Desktop/github_repositories-Bigyuun/ros2_ws/install/msg_srv_action_interface_example/include/msg_srv_action_interface_example/srv
[4.270s] -- Installing: /home/bigyun/Desktop/github_repositories-Bigyuun/ros2_ws/install/msg_srv_action_interface_example/include/msg_srv_action_interface_example/srv/arithmetic_operator.h
[4.270s] -- Installing: /home/bigyun/Desktop/github_repositories-Bigyuun/ros2_ws/install/msg_srv_action_interface_example/include/msg_srv_action_interface_example/srv/detail
[4.270s] -- Installing: /home/bigyun/Desktop/github_repositories-Bigyuun/ros2_ws/install/msg_srv_action_interface_example/include/msg_srv_action_interface_example/srv/detail/arithmetic_operator__struct.h
[4.270s] -- Installing: /home/bigyun/Desktop/github_repositories-Bigyuun/ros2_ws/install/msg_srv_action_interface_example/include/msg_srv_action_interface_example/srv/detail/arithmetic_operator__functions.c
[4.270s] -- Installing: /home/bigyun/Desktop/github_repositories-Bigyuun/ros2_ws/install/msg_srv_action_interface_example/include/msg_srv_action_interface_example/srv/detail/arithmetic_operator__type_support.h
[4.270s] -- Installing: /home/bigyun/Desktop/github_repositories-Bigyuun/ros2_ws/install/msg_srv_action_interface_example/include/msg_srv_action_interface_example/srv/detail/arithmetic_operator__functions.h
[4.270s] -- Installing: /home/bigyun/Desktop/github_repositories-Bigyuun/ros2_ws/install/msg_srv_action_interface_example/share/msg_srv_action_interface_example/environment/library_path.sh
[4.270s] -- Installing: /home/bigyun/Desktop/github_repositories-Bigyuun/ros2_ws/install/msg_srv_action_interface_example/share/msg_srv_action_interface_example/environment/library_path.dsv
[4.270s] -- Installing: /home/bigyun/Desktop/github_repositories-Bigyuun/ros2_ws/install/msg_srv_action_interface_example/lib/libmsg_srv_action_interface_example__rosidl_generator_c.so
[4.270s] -- Set runtime path of "/home/bigyun/Desktop/github_repositories-Bigyuun/ros2_ws/install/msg_srv_action_interface_example/lib/libmsg_srv_action_interface_example__rosidl_generator_c.so" to ""
[4.270s] -- Up-to-date: /home/bigyun/Desktop/github_repositories-Bigyuun/ros2_ws/install/msg_srv_action_interface_example/include/msg_srv_action_interface_example
[4.270s] -- Up-to-date: /home/bigyun/Desktop/github_repositories-Bigyuun/ros2_ws/install/msg_srv_action_interface_example/include/msg_srv_action_interface_example/action
[4.270s] -- Up-to-date: /home/bigyun/Desktop/github_repositories-Bigyuun/ros2_ws/install/msg_srv_action_interface_example/include/msg_srv_action_interface_example/action/detail
[4.270s] -- Installing: /home/bigyun/Desktop/github_repositories-Bigyuun/ros2_ws/install/msg_srv_action_interface_example/include/msg_srv_action_interface_example/action/detail/arithmetic_checker__rosidl_typesupport_fastrtps_c.h
[4.270s] -- Up-to-date: /home/bigyun/Desktop/github_repositories-Bigyuun/ros2_ws/install/msg_srv_action_interface_example/include/msg_srv_action_interface_example/msg
[4.271s] -- Up-to-date: /home/bigyun/Desktop/github_repositories-Bigyuun/ros2_ws/install/msg_srv_action_interface_example/include/msg_srv_action_interface_example/msg/detail
[4.271s] -- Installing: /home/bigyun/Desktop/github_repositories-Bigyuun/ros2_ws/install/msg_srv_action_interface_example/include/msg_srv_action_interface_example/msg/detail/arithmetic_argument__rosidl_typesupport_fastrtps_c.h
[4.271s] -- Installing: /home/bigyun/Desktop/github_repositories-Bigyuun/ros2_ws/install/msg_srv_action_interface_example/include/msg_srv_action_interface_example/msg/rosidl_typesupport_fastrtps_c__visibility_control.h
[4.271s] -- Up-to-date: /home/bigyun/Desktop/github_repositories-Bigyuun/ros2_ws/install/msg_srv_action_interface_example/include/msg_srv_action_interface_example/srv
[4.271s] -- Up-to-date: /home/bigyun/Desktop/github_repositories-Bigyuun/ros2_ws/install/msg_srv_action_interface_example/include/msg_srv_action_interface_example/srv/detail
[4.271s] -- Installing: /home/bigyun/Desktop/github_repositories-Bigyuun/ros2_ws/install/msg_srv_action_interface_example/include/msg_srv_action_interface_example/srv/detail/arithmetic_operator__rosidl_typesupport_fastrtps_c.h
[4.271s] -- Installing: /home/bigyun/Desktop/github_repositories-Bigyuun/ros2_ws/install/msg_srv_action_interface_example/lib/libmsg_srv_action_interface_example__rosidl_typesupport_fastrtps_c.so
[4.271s] -- Set runtime path of "/home/bigyun/Desktop/github_repositories-Bigyuun/ros2_ws/install/msg_srv_action_interface_example/lib/libmsg_srv_action_interface_example__rosidl_typesupport_fastrtps_c.so" to ""
[4.271s] -- Up-to-date: /home/bigyun/Desktop/github_repositories-Bigyuun/ros2_ws/install/msg_srv_action_interface_example/include/msg_srv_action_interface_example
[4.271s] -- Up-to-date: /home/bigyun/Desktop/github_repositories-Bigyuun/ros2_ws/install/msg_srv_action_interface_example/include/msg_srv_action_interface_example/action
[4.271s] -- Up-to-date: /home/bigyun/Desktop/github_repositories-Bigyuun/ros2_ws/install/msg_srv_action_interface_example/include/msg_srv_action_interface_example/action/detail
[4.271s] -- Installing: /home/bigyun/Desktop/github_repositories-Bigyuun/ros2_ws/install/msg_srv_action_interface_example/include/msg_srv_action_interface_example/action/detail/dds_fastrtps
[4.271s] -- Installing: /home/bigyun/Desktop/github_repositories-Bigyuun/ros2_ws/install/msg_srv_action_interface_example/include/msg_srv_action_interface_example/action/detail/arithmetic_checker__rosidl_typesupport_fastrtps_cpp.hpp
[4.271s] -- Up-to-date: /home/bigyun/Desktop/github_repositories-Bigyuun/ros2_ws/install/msg_srv_action_interface_example/include/msg_srv_action_interface_example/msg
[4.271s] -- Installing: /home/bigyun/Desktop/github_repositories-Bigyuun/ros2_ws/install/msg_srv_action_interface_example/include/msg_srv_action_interface_example/msg/rosidl_typesupport_fastrtps_cpp__visibility_control.h
[4.271s] -- Up-to-date: /home/bigyun/Desktop/github_repositories-Bigyuun/ros2_ws/install/msg_srv_action_interface_example/include/msg_srv_action_interface_example/msg/detail
[4.271s] -- Installing: /home/bigyun/Desktop/github_repositories-Bigyuun/ros2_ws/install/msg_srv_action_interface_example/include/msg_srv_action_interface_example/msg/detail/dds_fastrtps
[4.271s] -- Installing: /home/bigyun/Desktop/github_repositories-Bigyuun/ros2_ws/install/msg_srv_action_interface_example/include/msg_srv_action_interface_example/msg/detail/arithmetic_argument__rosidl_typesupport_fastrtps_cpp.hpp
[4.271s] -- Up-to-date: /home/bigyun/Desktop/github_repositories-Bigyuun/ros2_ws/install/msg_srv_action_interface_example/include/msg_srv_action_interface_example/srv
[4.271s] -- Up-to-date: /home/bigyun/Desktop/github_repositories-Bigyuun/ros2_ws/install/msg_srv_action_interface_example/include/msg_srv_action_interface_example/srv/detail
[4.271s] -- Installing: /home/bigyun/Desktop/github_repositories-Bigyuun/ros2_ws/install/msg_srv_action_interface_example/include/msg_srv_action_interface_example/srv/detail/dds_fastrtps
[4.271s] -- Installing: /home/bigyun/Desktop/github_repositories-Bigyuun/ros2_ws/install/msg_srv_action_interface_example/include/msg_srv_action_interface_example/srv/detail/arithmetic_operator__rosidl_typesupport_fastrtps_cpp.hpp
[4.271s] -- Installing: /home/bigyun/Desktop/github_repositories-Bigyuun/ros2_ws/install/msg_srv_action_interface_example/lib/libmsg_srv_action_interface_example__rosidl_typesupport_fastrtps_cpp.so
[4.272s] -- Set runtime path of "/home/bigyun/Desktop/github_repositories-Bigyuun/ros2_ws/install/msg_srv_action_interface_example/lib/libmsg_srv_action_interface_example__rosidl_typesupport_fastrtps_cpp.so" to ""
[4.272s] -- Up-to-date: /home/bigyun/Desktop/github_repositories-Bigyuun/ros2_ws/install/msg_srv_action_interface_example/include/msg_srv_action_interface_example
[4.272s] -- Up-to-date: /home/bigyun/Desktop/github_repositories-Bigyuun/ros2_ws/install/msg_srv_action_interface_example/include/msg_srv_action_interface_example/action
[4.272s] -- Up-to-date: /home/bigyun/Desktop/github_repositories-Bigyuun/ros2_ws/install/msg_srv_action_interface_example/include/msg_srv_action_interface_example/action/detail
[4.272s] -- Installing: /home/bigyun/Desktop/github_repositories-Bigyuun/ros2_ws/install/msg_srv_action_interface_example/include/msg_srv_action_interface_example/action/detail/arithmetic_checker__type_support.c
[4.272s] -- Installing: /home/bigyun/Desktop/github_repositories-Bigyuun/ros2_ws/install/msg_srv_action_interface_example/include/msg_srv_action_interface_example/action/detail/arithmetic_checker__rosidl_typesupport_introspection_c.h
[4.272s] -- Up-to-date: /home/bigyun/Desktop/github_repositories-Bigyuun/ros2_ws/install/msg_srv_action_interface_example/include/msg_srv_action_interface_example/msg
[4.272s] -- Installing: /home/bigyun/Desktop/github_repositories-Bigyuun/ros2_ws/install/msg_srv_action_interface_example/include/msg_srv_action_interface_example/msg/rosidl_typesupport_introspection_c__visibility_control.h
[4.272s] -- Up-to-date: /home/bigyun/Desktop/github_repositories-Bigyuun/ros2_ws/install/msg_srv_action_interface_example/include/msg_srv_action_interface_example/msg/detail
[4.272s] -- Installing: /home/bigyun/Desktop/github_repositories-Bigyuun/ros2_ws/install/msg_srv_action_interface_example/include/msg_srv_action_interface_example/msg/detail/arithmetic_argument__rosidl_typesupport_introspection_c.h
[4.272s] -- Installing: /home/bigyun/Desktop/github_repositories-Bigyuun/ros2_ws/install/msg_srv_action_interface_example/include/msg_srv_action_interface_example/msg/detail/arithmetic_argument__type_support.c
[4.272s] -- Up-to-date: /home/bigyun/Desktop/github_repositories-Bigyuun/ros2_ws/install/msg_srv_action_interface_example/include/msg_srv_action_interface_example/srv
[4.272s] -- Up-to-date: /home/bigyun/Desktop/github_repositories-Bigyuun/ros2_ws/install/msg_srv_action_interface_example/include/msg_srv_action_interface_example/srv/detail
[4.272s] -- Installing: /home/bigyun/Desktop/github_repositories-Bigyuun/ros2_ws/install/msg_srv_action_interface_example/include/msg_srv_action_interface_example/srv/detail/arithmetic_operator__rosidl_typesupport_introspection_c.h
[4.272s] -- Installing: /home/bigyun/Desktop/github_repositories-Bigyuun/ros2_ws/install/msg_srv_action_interface_example/include/msg_srv_action_interface_example/srv/detail/arithmetic_operator__type_support.c
[4.272s] -- Installing: /home/bigyun/Desktop/github_repositories-Bigyuun/ros2_ws/install/msg_srv_action_interface_example/lib/libmsg_srv_action_interface_example__rosidl_typesupport_introspection_c.so
[4.272s] -- Set runtime path of "/home/bigyun/Desktop/github_repositories-Bigyuun/ros2_ws/install/msg_srv_action_interface_example/lib/libmsg_srv_action_interface_example__rosidl_typesupport_introspection_c.so" to ""
[4.272s] -- Installing: /home/bigyun/Desktop/github_repositories-Bigyuun/ros2_ws/install/msg_srv_action_interface_example/lib/libmsg_srv_action_interface_example__rosidl_typesupport_c.so
[4.273s] -- Set runtime path of "/home/bigyun/Desktop/github_repositories-Bigyuun/ros2_ws/install/msg_srv_action_interface_example/lib/libmsg_srv_action_interface_example__rosidl_typesupport_c.so" to ""
[4.273s] -- Up-to-date: /home/bigyun/Desktop/github_repositories-Bigyuun/ros2_ws/install/msg_srv_action_interface_example/include/msg_srv_action_interface_example
[4.273s] -- Up-to-date: /home/bigyun/Desktop/github_repositories-Bigyuun/ros2_ws/install/msg_srv_action_interface_example/include/msg_srv_action_interface_example/action
[4.273s] -- Installing: /home/bigyun/Desktop/github_repositories-Bigyuun/ros2_ws/install/msg_srv_action_interface_example/include/msg_srv_action_interface_example/action/arithmetic_checker.hpp
[4.273s] -- Up-to-date: /home/bigyun/Desktop/github_repositories-Bigyuun/ros2_ws/install/msg_srv_action_interface_example/include/msg_srv_action_interface_example/action/detail
[4.273s] -- Installing: /home/bigyun/Desktop/github_repositories-Bigyuun/ros2_ws/install/msg_srv_action_interface_example/include/msg_srv_action_interface_example/action/detail/arithmetic_checker__struct.hpp
[4.273s] -- Installing: /home/bigyun/Desktop/github_repositories-Bigyuun/ros2_ws/install/msg_srv_action_interface_example/include/msg_srv_action_interface_example/action/detail/arithmetic_checker__builder.hpp
[4.273s] -- Installing: /home/bigyun/Desktop/github_repositories-Bigyuun/ros2_ws/install/msg_srv_action_interface_example/include/msg_srv_action_interface_example/action/detail/arithmetic_checker__traits.hpp
[4.273s] -- Up-to-date: /home/bigyun/Desktop/github_repositories-Bigyuun/ros2_ws/install/msg_srv_action_interface_example/include/msg_srv_action_interface_example/msg
[4.273s] -- Installing: /home/bigyun/Desktop/github_repositories-Bigyuun/ros2_ws/install/msg_srv_action_interface_example/include/msg_srv_action_interface_example/msg/arithmetic_argument.hpp
[4.273s] -- Up-to-date: /home/bigyun/Desktop/github_repositories-Bigyuun/ros2_ws/install/msg_srv_action_interface_example/include/msg_srv_action_interface_example/msg/detail
[4.273s] -- Installing: /home/bigyun/Desktop/github_repositories-Bigyuun/ros2_ws/install/msg_srv_action_interface_example/include/msg_srv_action_interface_example/msg/detail/arithmetic_argument__traits.hpp
[4.273s] -- Installing: /home/bigyun/Desktop/github_repositories-Bigyuun/ros2_ws/install/msg_srv_action_interface_example/include/msg_srv_action_interface_example/msg/detail/arithmetic_argument__builder.hpp
[4.273s] -- Installing: /home/bigyun/Desktop/github_repositories-Bigyuun/ros2_ws/install/msg_srv_action_interface_example/include/msg_srv_action_interface_example/msg/detail/arithmetic_argument__struct.hpp
[4.273s] -- Up-to-date: /home/bigyun/Desktop/github_repositories-Bigyuun/ros2_ws/install/msg_srv_action_interface_example/include/msg_srv_action_interface_example/srv
[4.273s] -- Installing: /home/bigyun/Desktop/github_repositories-Bigyuun/ros2_ws/install/msg_srv_action_interface_example/include/msg_srv_action_interface_example/srv/arithmetic_operator.hpp
[4.273s] -- Up-to-date: /home/bigyun/Desktop/github_repositories-Bigyuun/ros2_ws/install/msg_srv_action_interface_example/include/msg_srv_action_interface_example/srv/detail
[4.273s] -- Installing: /home/bigyun/Desktop/github_repositories-Bigyuun/ros2_ws/install/msg_srv_action_interface_example/include/msg_srv_action_interface_example/srv/detail/arithmetic_operator__traits.hpp
[4.273s] -- Installing: /home/bigyun/Desktop/github_repositories-Bigyuun/ros2_ws/install/msg_srv_action_interface_example/include/msg_srv_action_interface_example/srv/detail/arithmetic_operator__builder.hpp
[4.273s] -- Installing: /home/bigyun/Desktop/github_repositories-Bigyuun/ros2_ws/install/msg_srv_action_interface_example/include/msg_srv_action_interface_example/srv/detail/arithmetic_operator__struct.hpp
[4.273s] -- Up-to-date: /home/bigyun/Desktop/github_repositories-Bigyuun/ros2_ws/install/msg_srv_action_interface_example/include/msg_srv_action_interface_example
[4.274s] -- Up-to-date: /home/bigyun/Desktop/github_repositories-Bigyuun/ros2_ws/install/msg_srv_action_interface_example/include/msg_srv_action_interface_example/action
[4.274s] -- Up-to-date: /home/bigyun/Desktop/github_repositories-Bigyuun/ros2_ws/install/msg_srv_action_interface_example/include/msg_srv_action_interface_example/action/detail
[4.274s] -- Installing: /home/bigyun/Desktop/github_repositories-Bigyuun/ros2_ws/install/msg_srv_action_interface_example/include/msg_srv_action_interface_example/action/detail/arithmetic_checker__rosidl_typesupport_introspection_cpp.hpp
[4.274s] -- Installing: /home/bigyun/Desktop/github_repositories-Bigyuun/ros2_ws/install/msg_srv_action_interface_example/include/msg_srv_action_interface_example/action/detail/arithmetic_checker__type_support.cpp
[4.274s] -- Up-to-date: /home/bigyun/Desktop/github_repositories-Bigyuun/ros2_ws/install/msg_srv_action_interface_example/include/msg_srv_action_interface_example/msg
[4.274s] -- Up-to-date: /home/bigyun/Desktop/github_repositories-Bigyuun/ros2_ws/install/msg_srv_action_interface_example/include/msg_srv_action_interface_example/msg/detail
[4.274s] -- Installing: /home/bigyun/Desktop/github_repositories-Bigyuun/ros2_ws/install/msg_srv_action_interface_example/include/msg_srv_action_interface_example/msg/detail/arithmetic_argument__type_support.cpp
[4.274s] -- Installing: /home/bigyun/Desktop/github_repositories-Bigyuun/ros2_ws/install/msg_srv_action_interface_example/include/msg_srv_action_interface_example/msg/detail/arithmetic_argument__rosidl_typesupport_introspection_cpp.hpp
[4.274s] -- Up-to-date: /home/bigyun/Desktop/github_repositories-Bigyuun/ros2_ws/install/msg_srv_action_interface_example/include/msg_srv_action_interface_example/srv
[4.274s] -- Up-to-date: /home/bigyun/Desktop/github_repositories-Bigyuun/ros2_ws/install/msg_srv_action_interface_example/include/msg_srv_action_interface_example/srv/detail
[4.274s] -- Installing: /home/bigyun/Desktop/github_repositories-Bigyuun/ros2_ws/install/msg_srv_action_interface_example/include/msg_srv_action_interface_example/srv/detail/arithmetic_operator__rosidl_typesupport_introspection_cpp.hpp
[4.274s] -- Installing: /home/bigyun/Desktop/github_repositories-Bigyuun/ros2_ws/install/msg_srv_action_interface_example/include/msg_srv_action_interface_example/srv/detail/arithmetic_operator__type_support.cpp
[4.274s] -- Installing: /home/bigyun/Desktop/github_repositories-Bigyuun/ros2_ws/install/msg_srv_action_interface_example/lib/libmsg_srv_action_interface_example__rosidl_typesupport_introspection_cpp.so
[4.274s] -- Set runtime path of "/home/bigyun/Desktop/github_repositories-Bigyuun/ros2_ws/install/msg_srv_action_interface_example/lib/libmsg_srv_action_interface_example__rosidl_typesupport_introspection_cpp.so" to ""
[4.274s] -- Installing: /home/bigyun/Desktop/github_repositories-Bigyuun/ros2_ws/install/msg_srv_action_interface_example/lib/libmsg_srv_action_interface_example__rosidl_typesupport_cpp.so
[4.274s] -- Set runtime path of "/home/bigyun/Desktop/github_repositories-Bigyuun/ros2_ws/install/msg_srv_action_interface_example/lib/libmsg_srv_action_interface_example__rosidl_typesupport_cpp.so" to ""
[4.274s] -- Installing: /home/bigyun/Desktop/github_repositories-Bigyuun/ros2_ws/install/msg_srv_action_interface_example/share/msg_srv_action_interface_example/environment/pythonpath.sh
[4.274s] -- Installing: /home/bigyun/Desktop/github_repositories-Bigyuun/ros2_ws/install/msg_srv_action_interface_example/share/msg_srv_action_interface_example/environment/pythonpath.dsv
[4.275s] -- Installing: /home/bigyun/Desktop/github_repositories-Bigyuun/ros2_ws/install/msg_srv_action_interface_example/lib/python3.8/site-packages/msg_srv_action_interface_example/__init__.py
[4.296s] Compiling '/home/bigyun/Desktop/github_repositories-Bigyuun/ros2_ws/install/msg_srv_action_interface_example/lib/python3.8/site-packages/msg_srv_action_interface_example/__init__.py'...
[4.299s] -- Installing: /home/bigyun/Desktop/github_repositories-Bigyuun/ros2_ws/install/msg_srv_action_interface_example/lib/python3.8/site-packages/msg_srv_action_interface_example/msg
[4.299s] -- Installing: /home/bigyun/Desktop/github_repositories-Bigyuun/ros2_ws/install/msg_srv_action_interface_example/lib/python3.8/site-packages/msg_srv_action_interface_example/msg/_arithmetic_argument.py
[4.299s] -- Installing: /home/bigyun/Desktop/github_repositories-Bigyuun/ros2_ws/install/msg_srv_action_interface_example/lib/python3.8/site-packages/msg_srv_action_interface_example/msg/__init__.py
[4.299s] -- Installing: /home/bigyun/Desktop/github_repositories-Bigyuun/ros2_ws/install/msg_srv_action_interface_example/lib/python3.8/site-packages/msg_srv_action_interface_example/msg/_arithmetic_argument_s.c
[4.299s] -- Installing: /home/bigyun/Desktop/github_repositories-Bigyuun/ros2_ws/install/msg_srv_action_interface_example/lib/python3.8/site-packages/msg_srv_action_interface_example/srv
[4.299s] -- Installing: /home/bigyun/Desktop/github_repositories-Bigyuun/ros2_ws/install/msg_srv_action_interface_example/lib/python3.8/site-packages/msg_srv_action_interface_example/srv/_arithmetic_operator_s.c
[4.299s] -- Installing: /home/bigyun/Desktop/github_repositories-Bigyuun/ros2_ws/install/msg_srv_action_interface_example/lib/python3.8/site-packages/msg_srv_action_interface_example/srv/__init__.py
[4.299s] -- Installing: /home/bigyun/Desktop/github_repositories-Bigyuun/ros2_ws/install/msg_srv_action_interface_example/lib/python3.8/site-packages/msg_srv_action_interface_example/srv/_arithmetic_operator.py
[4.299s] -- Installing: /home/bigyun/Desktop/github_repositories-Bigyuun/ros2_ws/install/msg_srv_action_interface_example/lib/python3.8/site-packages/msg_srv_action_interface_example/action
[4.299s] -- Installing: /home/bigyun/Desktop/github_repositories-Bigyuun/ros2_ws/install/msg_srv_action_interface_example/lib/python3.8/site-packages/msg_srv_action_interface_example/action/_arithmetic_checker_s.c
[4.299s] -- Installing: /home/bigyun/Desktop/github_repositories-Bigyuun/ros2_ws/install/msg_srv_action_interface_example/lib/python3.8/site-packages/msg_srv_action_interface_example/action/_arithmetic_checker.py
[4.299s] -- Installing: /home/bigyun/Desktop/github_repositories-Bigyuun/ros2_ws/install/msg_srv_action_interface_example/lib/python3.8/site-packages/msg_srv_action_interface_example/action/__init__.py
[4.299s] -- Installing: /home/bigyun/Desktop/github_repositories-Bigyuun/ros2_ws/install/msg_srv_action_interface_example/lib/python3.8/site-packages/msg_srv_action_interface_example/msg_srv_action_interface_example_s__rosidl_typesupport_fastrtps_c.cpython-38-x86_64-linux-gnu.so
[4.300s] -- Set runtime path of "/home/bigyun/Desktop/github_repositories-Bigyuun/ros2_ws/install/msg_srv_action_interface_example/lib/python3.8/site-packages/msg_srv_action_interface_example/msg_srv_action_interface_example_s__rosidl_typesupport_fastrtps_c.cpython-38-x86_64-linux-gnu.so" to ""
[4.300s] -- Installing: /home/bigyun/Desktop/github_repositories-Bigyuun/ros2_ws/install/msg_srv_action_interface_example/lib/python3.8/site-packages/msg_srv_action_interface_example/msg_srv_action_interface_example_s__rosidl_typesupport_introspection_c.cpython-38-x86_64-linux-gnu.so
[4.301s] -- Set runtime path of "/home/bigyun/Desktop/github_repositories-Bigyuun/ros2_ws/install/msg_srv_action_interface_example/lib/python3.8/site-packages/msg_srv_action_interface_example/msg_srv_action_interface_example_s__rosidl_typesupport_introspection_c.cpython-38-x86_64-linux-gnu.so" to ""
[4.301s] -- Installing: /home/bigyun/Desktop/github_repositories-Bigyuun/ros2_ws/install/msg_srv_action_interface_example/lib/python3.8/site-packages/msg_srv_action_interface_example/msg_srv_action_interface_example_s__rosidl_typesupport_c.cpython-38-x86_64-linux-gnu.so
[4.301s] -- Set runtime path of "/home/bigyun/Desktop/github_repositories-Bigyuun/ros2_ws/install/msg_srv_action_interface_example/lib/python3.8/site-packages/msg_srv_action_interface_example/msg_srv_action_interface_example_s__rosidl_typesupport_c.cpython-38-x86_64-linux-gnu.so" to ""
[4.301s] -- Installing: /home/bigyun/Desktop/github_repositories-Bigyuun/ros2_ws/install/msg_srv_action_interface_example/lib/libmsg_srv_action_interface_example__python.so
[4.301s] -- Set runtime path of "/home/bigyun/Desktop/github_repositories-Bigyuun/ros2_ws/install/msg_srv_action_interface_example/lib/libmsg_srv_action_interface_example__python.so" to ""
[4.302s] -- Installing: /home/bigyun/Desktop/github_repositories-Bigyuun/ros2_ws/install/msg_srv_action_interface_example/share/msg_srv_action_interface_example/msg/ArithmeticArgument.idl
[4.302s] -- Installing: /home/bigyun/Desktop/github_repositories-Bigyuun/ros2_ws/install/msg_srv_action_interface_example/share/msg_srv_action_interface_example/srv/ArithmeticOperator.idl
[4.302s] -- Installing: /home/bigyun/Desktop/github_repositories-Bigyuun/ros2_ws/install/msg_srv_action_interface_example/share/msg_srv_action_interface_example/action/ArithmeticChecker.idl
[4.302s] -- Installing: /home/bigyun/Desktop/github_repositories-Bigyuun/ros2_ws/install/msg_srv_action_interface_example/share/msg_srv_action_interface_example/msg/ArithmeticArgument.msg
[4.302s] -- Installing: /home/bigyun/Desktop/github_repositories-Bigyuun/ros2_ws/install/msg_srv_action_interface_example/share/msg_srv_action_interface_example/srv/ArithmeticOperator.srv
[4.302s] -- Installing: /home/bigyun/Desktop/github_repositories-Bigyuun/ros2_ws/install/msg_srv_action_interface_example/share/msg_srv_action_interface_example/srv/ArithmeticOperator_Request.msg
[4.302s] -- Installing: /home/bigyun/Desktop/github_repositories-Bigyuun/ros2_ws/install/msg_srv_action_interface_example/share/msg_srv_action_interface_example/srv/ArithmeticOperator_Response.msg
[4.302s] -- Installing: /home/bigyun/Desktop/github_repositories-Bigyuun/ros2_ws/install/msg_srv_action_interface_example/share/msg_srv_action_interface_example/action/ArithmeticChecker.action
[4.302s] -- Installing: /home/bigyun/Desktop/github_repositories-Bigyuun/ros2_ws/install/msg_srv_action_interface_example/share/ament_index/resource_index/package_run_dependencies/msg_srv_action_interface_example
[4.302s] -- Installing: /home/bigyun/Desktop/github_repositories-Bigyuun/ros2_ws/install/msg_srv_action_interface_example/share/ament_index/resource_index/parent_prefix_path/msg_srv_action_interface_example
[4.302s] -- Installing: /home/bigyun/Desktop/github_repositories-Bigyuun/ros2_ws/install/msg_srv_action_interface_example/share/msg_srv_action_interface_example/environment/ament_prefix_path.sh
[4.302s] -- Installing: /home/bigyun/Desktop/github_repositories-Bigyuun/ros2_ws/install/msg_srv_action_interface_example/share/msg_srv_action_interface_example/environment/ament_prefix_path.dsv
[4.302s] -- Installing: /home/bigyun/Desktop/github_repositories-Bigyuun/ros2_ws/install/msg_srv_action_interface_example/share/msg_srv_action_interface_example/environment/path.sh
[4.302s] -- Installing: /home/bigyun/Desktop/github_repositories-Bigyuun/ros2_ws/install/msg_srv_action_interface_example/share/msg_srv_action_interface_example/environment/path.dsv
[4.302s] -- Installing: /home/bigyun/Desktop/github_repositories-Bigyuun/ros2_ws/install/msg_srv_action_interface_example/share/msg_srv_action_interface_example/local_setup.bash
[4.302s] -- Installing: /home/bigyun/Desktop/github_repositories-Bigyuun/ros2_ws/install/msg_srv_action_interface_example/share/msg_srv_action_interface_example/local_setup.sh
[4.303s] -- Installing: /home/bigyun/Desktop/github_repositories-Bigyuun/ros2_ws/install/msg_srv_action_interface_example/share/msg_srv_action_interface_example/local_setup.zsh
[4.303s] -- Installing: /home/bigyun/Desktop/github_repositories-Bigyuun/ros2_ws/install/msg_srv_action_interface_example/share/msg_srv_action_interface_example/local_setup.dsv
[4.303s] -- Installing: /home/bigyun/Desktop/github_repositories-Bigyuun/ros2_ws/install/msg_srv_action_interface_example/share/msg_srv_action_interface_example/package.dsv
[4.303s] -- Installing: /home/bigyun/Desktop/github_repositories-Bigyuun/ros2_ws/install/msg_srv_action_interface_example/share/ament_index/resource_index/packages/msg_srv_action_interface_example
[4.303s] -- Installing: /home/bigyun/Desktop/github_repositories-Bigyuun/ros2_ws/install/msg_srv_action_interface_example/share/msg_srv_action_interface_example/cmake/msg_srv_action_interface_example__rosidl_generator_cExport.cmake
[4.303s] -- Installing: /home/bigyun/Desktop/github_repositories-Bigyuun/ros2_ws/install/msg_srv_action_interface_example/share/msg_srv_action_interface_example/cmake/msg_srv_action_interface_example__rosidl_generator_cExport-noconfig.cmake
[4.303s] -- Installing: /home/bigyun/Desktop/github_repositories-Bigyuun/ros2_ws/install/msg_srv_action_interface_example/share/msg_srv_action_interface_example/cmake/msg_srv_action_interface_example__rosidl_typesupport_introspection_cExport.cmake
[4.303s] -- Installing: /home/bigyun/Desktop/github_repositories-Bigyuun/ros2_ws/install/msg_srv_action_interface_example/share/msg_srv_action_interface_example/cmake/msg_srv_action_interface_example__rosidl_typesupport_introspection_cExport-noconfig.cmake
[4.303s] -- Installing: /home/bigyun/Desktop/github_repositories-Bigyuun/ros2_ws/install/msg_srv_action_interface_example/share/msg_srv_action_interface_example/cmake/msg_srv_action_interface_example__rosidl_typesupport_cExport.cmake
[4.303s] -- Installing: /home/bigyun/Desktop/github_repositories-Bigyuun/ros2_ws/install/msg_srv_action_interface_example/share/msg_srv_action_interface_example/cmake/msg_srv_action_interface_example__rosidl_typesupport_cExport-noconfig.cmake
[4.303s] -- Installing: /home/bigyun/Desktop/github_repositories-Bigyuun/ros2_ws/install/msg_srv_action_interface_example/share/msg_srv_action_interface_example/cmake/msg_srv_action_interface_example__rosidl_generator_cppExport.cmake
[4.304s] -- Installing: /home/bigyun/Desktop/github_repositories-Bigyuun/ros2_ws/install/msg_srv_action_interface_example/share/msg_srv_action_interface_example/cmake/msg_srv_action_interface_example__rosidl_typesupport_introspection_cppExport.cmake
[4.304s] -- Installing: /home/bigyun/Desktop/github_repositories-Bigyuun/ros2_ws/install/msg_srv_action_interface_example/share/msg_srv_action_interface_example/cmake/msg_srv_action_interface_example__rosidl_typesupport_introspection_cppExport-noconfig.cmake
[4.304s] -- Installing: /home/bigyun/Desktop/github_repositories-Bigyuun/ros2_ws/install/msg_srv_action_interface_example/share/msg_srv_action_interface_example/cmake/msg_srv_action_interface_example__rosidl_typesupport_cppExport.cmake
[4.304s] -- Installing: /home/bigyun/Desktop/github_repositories-Bigyuun/ros2_ws/install/msg_srv_action_interface_example/share/msg_srv_action_interface_example/cmake/msg_srv_action_interface_example__rosidl_typesupport_cppExport-noconfig.cmake
[4.304s] -- Installing: /home/bigyun/Desktop/github_repositories-Bigyuun/ros2_ws/install/msg_srv_action_interface_example/share/msg_srv_action_interface_example/cmake/rosidl_cmake-extras.cmake
[4.304s] -- Installing: /home/bigyun/Desktop/github_repositories-Bigyuun/ros2_ws/install/msg_srv_action_interface_example/share/msg_srv_action_interface_example/cmake/ament_cmake_export_dependencies-extras.cmake
[4.304s] -- Installing: /home/bigyun/Desktop/github_repositories-Bigyuun/ros2_ws/install/msg_srv_action_interface_example/share/msg_srv_action_interface_example/cmake/ament_cmake_export_libraries-extras.cmake
[4.304s] -- Installing: /home/bigyun/Desktop/github_repositories-Bigyuun/ros2_ws/install/msg_srv_action_interface_example/share/msg_srv_action_interface_example/cmake/ament_cmake_export_targets-extras.cmake
[4.304s] -- Installing: /home/bigyun/Desktop/github_repositories-Bigyuun/ros2_ws/install/msg_srv_action_interface_example/share/msg_srv_action_interface_example/cmake/ament_cmake_export_include_directories-extras.cmake
[4.304s] -- Installing: /home/bigyun/Desktop/github_repositories-Bigyuun/ros2_ws/install/msg_srv_action_interface_example/share/msg_srv_action_interface_example/cmake/rosidl_cmake_export_typesupport_libraries-extras.cmake
[4.304s] -- Installing: /home/bigyun/Desktop/github_repositories-Bigyuun/ros2_ws/install/msg_srv_action_interface_example/share/msg_srv_action_interface_example/cmake/rosidl_cmake_export_typesupport_targets-extras.cmake
[4.304s] -- Installing: /home/bigyun/Desktop/github_repositories-Bigyuun/ros2_ws/install/msg_srv_action_interface_example/share/msg_srv_action_interface_example/cmake/msg_srv_action_interface_exampleConfig.cmake
[4.304s] -- Installing: /home/bigyun/Desktop/github_repositories-Bigyuun/ros2_ws/install/msg_srv_action_interface_example/share/msg_srv_action_interface_example/cmake/msg_srv_action_interface_exampleConfig-version.cmake
[4.304s] -- Installing: /home/bigyun/Desktop/github_repositories-Bigyuun/ros2_ws/install/msg_srv_action_interface_example/share/msg_srv_action_interface_example/package.xml
[4.306s] Invoked command in '/home/bigyun/Desktop/github_repositories-Bigyuun/ros2_ws/build/msg_srv_action_interface_example' returned '0': CMAKE_PREFIX_PATH=/opt/ros/foxy /usr/bin/cmake --install /home/bigyun/Desktop/github_repositories-Bigyuun/ros2_ws/build/msg_srv_action_interface_example
