[0.017s] Invoking command in '/home/bigyun/Desktop/github_repositories-Bigyuun/ros2_ws/build/action_tutorials_interfaces': CMAKE_PREFIX_PATH=/opt/ros/foxy /usr/bin/cmake /home/bigyun/Desktop/github_repositories-Bigyuun/ros2_ws/src/action_tutorials_interfaces -DCMAKE_INSTALL_PREFIX=/home/bigyun/Desktop/github_repositories-Bigyuun/ros2_ws/install/action_tutorials_interfaces
[0.050s] -- The C compiler identification is GNU 9.4.0
[0.083s] -- The CXX compiler identification is GNU 9.4.0
[0.086s] -- Check for working C compiler: /usr/bin/cc
[0.127s] -- Check for working C compiler: /usr/bin/cc -- works
[0.127s] -- Detecting C compiler ABI info
[0.170s] -- Detecting C compiler ABI info - done
[0.178s] -- Detecting C compile features
[0.178s] -- Detecting C compile features - done
[0.180s] -- Check for working CXX compiler: /usr/bin/c++
[0.226s] -- Check for working CXX compiler: /usr/bin/c++ -- works
[0.227s] -- Detecting CXX compiler ABI info
[0.276s] -- Detecting CXX compiler ABI info - done
[0.283s] -- Detecting CXX compile features
[0.284s] -- Detecting CXX compile features - done
[0.285s] -- Found ament_cmake: 0.9.11 (/opt/ros/foxy/share/ament_cmake/cmake)
[0.300s] -- Found PythonInterp: /usr/bin/python3 (found suitable version "3.8.10", minimum required is "3") 
[0.300s] -- Using PYTHON_EXECUTABLE: /usr/bin/python3
[0.404s] -- Found builtin_interfaces: 1.0.0 (/opt/ros/foxy/share/builtin_interfaces/cmake)
[0.419s] -- Using all available rosidl_typesupport_c: rosidl_typesupport_fastrtps_c;rosidl_typesupport_introspection_c
[0.423s] -- Found rosidl_adapter: 1.3.0 (/opt/ros/foxy/share/rosidl_adapter/cmake)
[0.468s] -- Found OpenSSL: /usr/lib/x86_64-linux-gnu/libcrypto.so (found version "1.1.1f")  
[0.487s] -- Found FastRTPS: /opt/ros/foxy/include  
[0.535s] -- Using all available rosidl_typesupport_cpp: rosidl_typesupport_fastrtps_cpp;rosidl_typesupport_introspection_cpp
[0.552s] -- Found rosidl_default_generators: 1.0.1 (/opt/ros/foxy/share/rosidl_default_generators/cmake)
[0.572s] -- Found PythonInterp: /usr/bin/python3 (found version "3.8.10") 
[0.684s] -- Found ament_cmake_ros: 0.9.2 (/opt/ros/foxy/share/ament_cmake_ros/cmake)
[0.761s] -- Using all available rosidl_typesupport_c: rosidl_typesupport_fastrtps_c;rosidl_typesupport_introspection_c
[0.775s] -- Using all available rosidl_typesupport_cpp: rosidl_typesupport_fastrtps_cpp;rosidl_typesupport_introspection_cpp
[0.792s] -- Found PythonInterp: /usr/bin/python3 (found suitable version "3.8.10", minimum required is "3.5") 
[0.793s] -- Found python_cmake_module: 0.8.1 (/opt/ros/foxy/share/python_cmake_module/cmake)
[0.809s] -- Found PythonLibs: /usr/lib/x86_64-linux-gnu/libpython3.8.so (found suitable version "3.8.10", minimum required is "3.5") 
[0.809s] -- Using PYTHON_EXECUTABLE: /usr/bin/python3
[0.809s] -- Using PYTHON_INCLUDE_DIRS: /usr/include/python3.8
[0.809s] -- Using PYTHON_LIBRARIES: /usr/lib/x86_64-linux-gnu/libpython3.8.so
[0.822s] -- Found PythonExtra: .so  
[0.854s] -- Found ament_lint_auto: 0.9.8 (/opt/ros/foxy/share/ament_lint_auto/cmake)
[0.863s] -- Added test 'lint_cmake' to check CMake code style
[0.863s] -- Added test 'xmllint' to check XML markup files
[0.866s] -- Configuring done
[0.892s] -- Generating done
[0.894s] -- Build files have been written to: /home/bigyun/Desktop/github_repositories-Bigyuun/ros2_ws/build/action_tutorials_interfaces
[0.902s] Invoked command in '/home/bigyun/Desktop/github_repositories-Bigyuun/ros2_ws/build/action_tutorials_interfaces' returned '0': CMAKE_PREFIX_PATH=/opt/ros/foxy /usr/bin/cmake /home/bigyun/Desktop/github_repositories-Bigyuun/ros2_ws/src/action_tutorials_interfaces -DCMAKE_INSTALL_PREFIX=/home/bigyun/Desktop/github_repositories-Bigyuun/ros2_ws/install/action_tutorials_interfaces
[0.903s] Invoking command in '/home/bigyun/Desktop/github_repositories-Bigyuun/ros2_ws/build/action_tutorials_interfaces': CMAKE_PREFIX_PATH=/opt/ros/foxy /usr/bin/cmake --build /home/bigyun/Desktop/github_repositories-Bigyuun/ros2_ws/build/action_tutorials_interfaces -- -j20 -l20
[0.926s] [35m[1mScanning dependencies of target action_tutorials_interfaces__cpp[0m
[0.926s] [  3%] [34m[1mGenerating C code for ROS interfaces[0m
[0.932s] [  6%] [34m[1mGenerating C++ code for ROS interfaces[0m
[1.203s] [  6%] Built target action_tutorials_interfaces__cpp
[1.211s] [  9%] [34m[1mGenerating C++ introspection for ROS interfaces[0m
[1.211s] [ 12%] [34m[1mGenerating C++ type support for eProsima Fast-RTPS[0m
[1.214s] [ 16%] [34m[1mGenerating C++ type support dispatch for ROS interfaces[0m
[1.225s] [35m[1mScanning dependencies of target action_tutorials_interfaces__rosidl_generator_c[0m
[1.240s] [ 19%] [32mBuilding C object CMakeFiles/action_tutorials_interfaces__rosidl_generator_c.dir/rosidl_generator_c/action_tutorials_interfaces/action/detail/fibonacci__functions.c.o[0m
[1.419s] [ 22%] [32m[1mLinking C shared library libaction_tutorials_interfaces__rosidl_generator_c.so[0m
[1.466s] [ 22%] Built target action_tutorials_interfaces__rosidl_generator_c
[1.470s] [35m[1mScanning dependencies of target action_tutorials_interfaces__rosidl_typesupport_introspection_cpp[0m
[1.475s] [ 25%] [34m[1mGenerating C introspection for ROS interfaces[0m
[1.479s] [ 29%] [34m[1mGenerating C type support dispatch for ROS interfaces[0m
[1.487s] [ 32%] [32mBuilding CXX object CMakeFiles/action_tutorials_interfaces__rosidl_typesupport_introspection_cpp.dir/rosidl_typesupport_introspection_cpp/action_tutorials_interfaces/action/detail/fibonacci__type_support.cpp.o[0m
[1.523s] [35m[1mScanning dependencies of target action_tutorials_interfaces__rosidl_typesupport_fastrtps_cpp[0m
[1.547s] [ 35%] [32mBuilding CXX object CMakeFiles/action_tutorials_interfaces__rosidl_typesupport_fastrtps_cpp.dir/rosidl_typesupport_fastrtps_cpp/action_tutorials_interfaces/action/detail/dds_fastrtps/fibonacci__type_support.cpp.o[0m
[1.574s] [35m[1mScanning dependencies of target action_tutorials_interfaces__rosidl_typesupport_cpp[0m
[1.592s] [ 38%] [32mBuilding CXX object CMakeFiles/action_tutorials_interfaces__rosidl_typesupport_cpp.dir/rosidl_typesupport_cpp/action_tutorials_interfaces/action/fibonacci__type_support.cpp.o[0m
[1.705s] [35m[1mScanning dependencies of target action_tutorials_interfaces__rosidl_typesupport_c[0m
[1.724s] [ 41%] [32mBuilding CXX object CMakeFiles/action_tutorials_interfaces__rosidl_typesupport_c.dir/rosidl_typesupport_c/action_tutorials_interfaces/action/fibonacci__type_support.cpp.o[0m
[1.754s] [35m[1mScanning dependencies of target action_tutorials_interfaces__rosidl_typesupport_introspection_c[0m
[1.770s] [ 45%] [32mBuilding C object CMakeFiles/action_tutorials_interfaces__rosidl_typesupport_introspection_c.dir/rosidl_typesupport_introspection_c/action_tutorials_interfaces/action/detail/fibonacci__type_support.c.o[0m
[1.793s] [ 48%] [32m[1mLinking CXX shared library libaction_tutorials_interfaces__rosidl_typesupport_c.so[0m
[1.812s] [ 51%] [32m[1mLinking C shared library libaction_tutorials_interfaces__rosidl_typesupport_introspection_c.so[0m
[1.840s] [ 51%] Built target action_tutorials_interfaces__rosidl_typesupport_introspection_c
[1.847s] [ 51%] Built target action_tutorials_interfaces__rosidl_typesupport_c
[1.972s] [ 54%] [32m[1mLinking CXX shared library libaction_tutorials_interfaces__rosidl_typesupport_introspection_cpp.so[0m
[2.052s] [ 58%] [32m[1mLinking CXX shared library libaction_tutorials_interfaces__rosidl_typesupport_fastrtps_cpp.so[0m
[2.080s] [ 58%] Built target action_tutorials_interfaces__rosidl_typesupport_introspection_cpp
[2.082s] [ 61%] [32m[1mLinking CXX shared library libaction_tutorials_interfaces__rosidl_typesupport_cpp.so[0m
[2.148s] [ 61%] Built target action_tutorials_interfaces__rosidl_typesupport_cpp
[2.194s] [ 61%] Built target action_tutorials_interfaces__rosidl_typesupport_fastrtps_cpp
[2.208s] [ 64%] [34m[1mGenerating C type support for eProsima Fast-RTPS[0m
[2.542s] [35m[1mScanning dependencies of target action_tutorials_interfaces__rosidl_typesupport_fastrtps_c[0m
[2.554s] [ 67%] [32mBuilding CXX object CMakeFiles/action_tutorials_interfaces__rosidl_typesupport_fastrtps_c.dir/rosidl_typesupport_fastrtps_c/action_tutorials_interfaces/action/detail/fibonacci__type_support_c.cpp.o[0m
[2.787s] [ 70%] [32m[1mLinking CXX shared library libaction_tutorials_interfaces__rosidl_typesupport_fastrtps_c.so[0m
[2.846s] [ 70%] Built target action_tutorials_interfaces__rosidl_typesupport_fastrtps_c
[2.852s] [35m[1mScanning dependencies of target action_tutorials_interfaces[0m
[2.859s] [ 70%] Built target action_tutorials_interfaces
[2.866s] [35m[1mScanning dependencies of target action_tutorials_interfaces__py[0m
[2.873s] [ 74%] [34m[1mGenerating Python code for ROS interfaces[0m
[3.372s] [ 74%] Built target action_tutorials_interfaces__py
[3.379s] [35m[1mScanning dependencies of target action_tutorials_interfaces__python[0m
[3.391s] [ 77%] [32mBuilding C object CMakeFiles/action_tutorials_interfaces__python.dir/rosidl_generator_py/action_tutorials_interfaces/action/_fibonacci_s.c.o[0m
[3.484s] [ 80%] [32m[1mLinking C shared library rosidl_generator_py/action_tutorials_interfaces/libaction_tutorials_interfaces__python.so[0m
[3.512s] [ 80%] Built target action_tutorials_interfaces__python
[3.518s] [35m[1mScanning dependencies of target action_tutorials_interfaces__rosidl_typesupport_c__pyext[0m
[3.519s] [35m[1mScanning dependencies of target action_tutorials_interfaces__rosidl_typesupport_fastrtps_c__pyext[0m
[3.519s] [35m[1mScanning dependencies of target action_tutorials_interfaces__rosidl_typesupport_introspection_c__pyext[0m
[3.529s] [ 83%] [32mBuilding C object CMakeFiles/action_tutorials_interfaces__rosidl_typesupport_c__pyext.dir/rosidl_generator_py/action_tutorials_interfaces/_action_tutorials_interfaces_s.ep.rosidl_typesupport_c.c.o[0m
[3.531s] [ 87%] [32mBuilding C object CMakeFiles/action_tutorials_interfaces__rosidl_typesupport_introspection_c__pyext.dir/rosidl_generator_py/action_tutorials_interfaces/_action_tutorials_interfaces_s.ep.rosidl_typesupport_introspection_c.c.o[0m
[3.532s] [ 90%] [32mBuilding C object CMakeFiles/action_tutorials_interfaces__rosidl_typesupport_fastrtps_c__pyext.dir/rosidl_generator_py/action_tutorials_interfaces/_action_tutorials_interfaces_s.ep.rosidl_typesupport_fastrtps_c.c.o[0m
[3.603s] [ 93%] [32m[1mLinking C shared library rosidl_generator_py/action_tutorials_interfaces/action_tutorials_interfaces_s__rosidl_typesupport_c.cpython-38-x86_64-linux-gnu.so[0m
[3.605s] [ 96%] [32m[1mLinking C shared library rosidl_generator_py/action_tutorials_interfaces/action_tutorials_interfaces_s__rosidl_typesupport_introspection_c.cpython-38-x86_64-linux-gnu.so[0m
[3.606s] [100%] [32m[1mLinking CXX shared library rosidl_generator_py/action_tutorials_interfaces/action_tutorials_interfaces_s__rosidl_typesupport_fastrtps_c.cpython-38-x86_64-linux-gnu.so[0m
[3.633s] [100%] Built target action_tutorials_interfaces__rosidl_typesupport_c__pyext
[3.634s] [100%] Built target action_tutorials_interfaces__rosidl_typesupport_introspection_c__pyext
[3.660s] [100%] Built target action_tutorials_interfaces__rosidl_typesupport_fastrtps_c__pyext
[3.669s] Invoked command in '/home/bigyun/Desktop/github_repositories-Bigyuun/ros2_ws/build/action_tutorials_interfaces' returned '0': CMAKE_PREFIX_PATH=/opt/ros/foxy /usr/bin/cmake --build /home/bigyun/Desktop/github_repositories-Bigyuun/ros2_ws/build/action_tutorials_interfaces -- -j20 -l20
[3.705s] Invoking command in '/home/bigyun/Desktop/github_repositories-Bigyuun/ros2_ws/build/action_tutorials_interfaces': CMAKE_PREFIX_PATH=/opt/ros/foxy /usr/bin/cmake --install /home/bigyun/Desktop/github_repositories-Bigyuun/ros2_ws/build/action_tutorials_interfaces
[3.709s] -- Install configuration: ""
[3.710s] -- Installing: /home/bigyun/Desktop/github_repositories-Bigyuun/ros2_ws/install/action_tutorials_interfaces/share/ament_index/resource_index/rosidl_interfaces/action_tutorials_interfaces
[3.710s] -- Installing: /home/bigyun/Desktop/github_repositories-Bigyuun/ros2_ws/install/action_tutorials_interfaces/include/action_tutorials_interfaces
[3.710s] -- Installing: /home/bigyun/Desktop/github_repositories-Bigyuun/ros2_ws/install/action_tutorials_interfaces/include/action_tutorials_interfaces/action
[3.710s] -- Installing: /home/bigyun/Desktop/github_repositories-Bigyuun/ros2_ws/install/action_tutorials_interfaces/include/action_tutorials_interfaces/action/fibonacci.h
[3.710s] -- Installing: /home/bigyun/Desktop/github_repositories-Bigyuun/ros2_ws/install/action_tutorials_interfaces/include/action_tutorials_interfaces/action/detail
[3.710s] -- Installing: /home/bigyun/Desktop/github_repositories-Bigyuun/ros2_ws/install/action_tutorials_interfaces/include/action_tutorials_interfaces/action/detail/fibonacci__functions.h
[3.710s] -- Installing: /home/bigyun/Desktop/github_repositories-Bigyuun/ros2_ws/install/action_tutorials_interfaces/include/action_tutorials_interfaces/action/detail/fibonacci__type_support.h
[3.710s] -- Installing: /home/bigyun/Desktop/github_repositories-Bigyuun/ros2_ws/install/action_tutorials_interfaces/include/action_tutorials_interfaces/action/detail/fibonacci__functions.c
[3.710s] -- Installing: /home/bigyun/Desktop/github_repositories-Bigyuun/ros2_ws/install/action_tutorials_interfaces/include/action_tutorials_interfaces/action/detail/fibonacci__struct.h
[3.711s] -- Installing: /home/bigyun/Desktop/github_repositories-Bigyuun/ros2_ws/install/action_tutorials_interfaces/include/action_tutorials_interfaces/msg
[3.711s] -- Installing: /home/bigyun/Desktop/github_repositories-Bigyuun/ros2_ws/install/action_tutorials_interfaces/include/action_tutorials_interfaces/msg/rosidl_generator_c__visibility_control.h
[3.711s] -- Installing: /home/bigyun/Desktop/github_repositories-Bigyuun/ros2_ws/install/action_tutorials_interfaces/share/action_tutorials_interfaces/environment/library_path.sh
[3.711s] -- Installing: /home/bigyun/Desktop/github_repositories-Bigyuun/ros2_ws/install/action_tutorials_interfaces/share/action_tutorials_interfaces/environment/library_path.dsv
[3.711s] -- Installing: /home/bigyun/Desktop/github_repositories-Bigyuun/ros2_ws/install/action_tutorials_interfaces/lib/libaction_tutorials_interfaces__rosidl_generator_c.so
[3.711s] -- Set runtime path of "/home/bigyun/Desktop/github_repositories-Bigyuun/ros2_ws/install/action_tutorials_interfaces/lib/libaction_tutorials_interfaces__rosidl_generator_c.so" to ""
[3.711s] -- Up-to-date: /home/bigyun/Desktop/github_repositories-Bigyuun/ros2_ws/install/action_tutorials_interfaces/include/action_tutorials_interfaces
[3.711s] -- Up-to-date: /home/bigyun/Desktop/github_repositories-Bigyuun/ros2_ws/install/action_tutorials_interfaces/include/action_tutorials_interfaces/action
[3.711s] -- Up-to-date: /home/bigyun/Desktop/github_repositories-Bigyuun/ros2_ws/install/action_tutorials_interfaces/include/action_tutorials_interfaces/action/detail
[3.711s] -- Installing: /home/bigyun/Desktop/github_repositories-Bigyuun/ros2_ws/install/action_tutorials_interfaces/include/action_tutorials_interfaces/action/detail/fibonacci__rosidl_typesupport_fastrtps_c.h
[3.711s] -- Up-to-date: /home/bigyun/Desktop/github_repositories-Bigyuun/ros2_ws/install/action_tutorials_interfaces/include/action_tutorials_interfaces/msg
[3.712s] -- Installing: /home/bigyun/Desktop/github_repositories-Bigyuun/ros2_ws/install/action_tutorials_interfaces/include/action_tutorials_interfaces/msg/rosidl_typesupport_fastrtps_c__visibility_control.h
[3.712s] -- Installing: /home/bigyun/Desktop/github_repositories-Bigyuun/ros2_ws/install/action_tutorials_interfaces/lib/libaction_tutorials_interfaces__rosidl_typesupport_fastrtps_c.so
[3.712s] -- Set runtime path of "/home/bigyun/Desktop/github_repositories-Bigyuun/ros2_ws/install/action_tutorials_interfaces/lib/libaction_tutorials_interfaces__rosidl_typesupport_fastrtps_c.so" to ""
[3.712s] -- Up-to-date: /home/bigyun/Desktop/github_repositories-Bigyuun/ros2_ws/install/action_tutorials_interfaces/include/action_tutorials_interfaces
[3.712s] -- Up-to-date: /home/bigyun/Desktop/github_repositories-Bigyuun/ros2_ws/install/action_tutorials_interfaces/include/action_tutorials_interfaces/action
[3.712s] -- Up-to-date: /home/bigyun/Desktop/github_repositories-Bigyuun/ros2_ws/install/action_tutorials_interfaces/include/action_tutorials_interfaces/action/detail
[3.712s] -- Installing: /home/bigyun/Desktop/github_repositories-Bigyuun/ros2_ws/install/action_tutorials_interfaces/include/action_tutorials_interfaces/action/detail/dds_fastrtps
[3.712s] -- Installing: /home/bigyun/Desktop/github_repositories-Bigyuun/ros2_ws/install/action_tutorials_interfaces/include/action_tutorials_interfaces/action/detail/fibonacci__rosidl_typesupport_fastrtps_cpp.hpp
[3.712s] -- Up-to-date: /home/bigyun/Desktop/github_repositories-Bigyuun/ros2_ws/install/action_tutorials_interfaces/include/action_tutorials_interfaces/msg
[3.712s] -- Installing: /home/bigyun/Desktop/github_repositories-Bigyuun/ros2_ws/install/action_tutorials_interfaces/include/action_tutorials_interfaces/msg/rosidl_typesupport_fastrtps_cpp__visibility_control.h
[3.712s] -- Installing: /home/bigyun/Desktop/github_repositories-Bigyuun/ros2_ws/install/action_tutorials_interfaces/lib/libaction_tutorials_interfaces__rosidl_typesupport_fastrtps_cpp.so
[3.712s] -- Set runtime path of "/home/bigyun/Desktop/github_repositories-Bigyuun/ros2_ws/install/action_tutorials_interfaces/lib/libaction_tutorials_interfaces__rosidl_typesupport_fastrtps_cpp.so" to ""
[3.713s] -- Up-to-date: /home/bigyun/Desktop/github_repositories-Bigyuun/ros2_ws/install/action_tutorials_interfaces/include/action_tutorials_interfaces
[3.713s] -- Up-to-date: /home/bigyun/Desktop/github_repositories-Bigyuun/ros2_ws/install/action_tutorials_interfaces/include/action_tutorials_interfaces/action
[3.713s] -- Up-to-date: /home/bigyun/Desktop/github_repositories-Bigyuun/ros2_ws/install/action_tutorials_interfaces/include/action_tutorials_interfaces/action/detail
[3.713s] -- Installing: /home/bigyun/Desktop/github_repositories-Bigyuun/ros2_ws/install/action_tutorials_interfaces/include/action_tutorials_interfaces/action/detail/fibonacci__rosidl_typesupport_introspection_c.h
[3.713s] -- Installing: /home/bigyun/Desktop/github_repositories-Bigyuun/ros2_ws/install/action_tutorials_interfaces/include/action_tutorials_interfaces/action/detail/fibonacci__type_support.c
[3.713s] -- Up-to-date: /home/bigyun/Desktop/github_repositories-Bigyuun/ros2_ws/install/action_tutorials_interfaces/include/action_tutorials_interfaces/msg
[3.713s] -- Installing: /home/bigyun/Desktop/github_repositories-Bigyuun/ros2_ws/install/action_tutorials_interfaces/include/action_tutorials_interfaces/msg/rosidl_typesupport_introspection_c__visibility_control.h
[3.713s] -- Installing: /home/bigyun/Desktop/github_repositories-Bigyuun/ros2_ws/install/action_tutorials_interfaces/lib/libaction_tutorials_interfaces__rosidl_typesupport_introspection_c.so
[3.713s] -- Set runtime path of "/home/bigyun/Desktop/github_repositories-Bigyuun/ros2_ws/install/action_tutorials_interfaces/lib/libaction_tutorials_interfaces__rosidl_typesupport_introspection_c.so" to ""
[3.713s] -- Installing: /home/bigyun/Desktop/github_repositories-Bigyuun/ros2_ws/install/action_tutorials_interfaces/lib/libaction_tutorials_interfaces__rosidl_typesupport_c.so
[3.713s] -- Set runtime path of "/home/bigyun/Desktop/github_repositories-Bigyuun/ros2_ws/install/action_tutorials_interfaces/lib/libaction_tutorials_interfaces__rosidl_typesupport_c.so" to ""
[3.713s] -- Up-to-date: /home/bigyun/Desktop/github_repositories-Bigyuun/ros2_ws/install/action_tutorials_interfaces/include/action_tutorials_interfaces
[3.713s] -- Up-to-date: /home/bigyun/Desktop/github_repositories-Bigyuun/ros2_ws/install/action_tutorials_interfaces/include/action_tutorials_interfaces/action
[3.714s] -- Up-to-date: /home/bigyun/Desktop/github_repositories-Bigyuun/ros2_ws/install/action_tutorials_interfaces/include/action_tutorials_interfaces/action/detail
[3.714s] -- Installing: /home/bigyun/Desktop/github_repositories-Bigyuun/ros2_ws/install/action_tutorials_interfaces/include/action_tutorials_interfaces/action/detail/fibonacci__traits.hpp
[3.714s] -- Installing: /home/bigyun/Desktop/github_repositories-Bigyuun/ros2_ws/install/action_tutorials_interfaces/include/action_tutorials_interfaces/action/detail/fibonacci__builder.hpp
[3.714s] -- Installing: /home/bigyun/Desktop/github_repositories-Bigyuun/ros2_ws/install/action_tutorials_interfaces/include/action_tutorials_interfaces/action/detail/fibonacci__struct.hpp
[3.714s] -- Installing: /home/bigyun/Desktop/github_repositories-Bigyuun/ros2_ws/install/action_tutorials_interfaces/include/action_tutorials_interfaces/action/fibonacci.hpp
[3.714s] -- Up-to-date: /home/bigyun/Desktop/github_repositories-Bigyuun/ros2_ws/install/action_tutorials_interfaces/include/action_tutorials_interfaces
[3.714s] -- Up-to-date: /home/bigyun/Desktop/github_repositories-Bigyuun/ros2_ws/install/action_tutorials_interfaces/include/action_tutorials_interfaces/action
[3.714s] -- Up-to-date: /home/bigyun/Desktop/github_repositories-Bigyuun/ros2_ws/install/action_tutorials_interfaces/include/action_tutorials_interfaces/action/detail
[3.714s] -- Installing: /home/bigyun/Desktop/github_repositories-Bigyuun/ros2_ws/install/action_tutorials_interfaces/include/action_tutorials_interfaces/action/detail/fibonacci__type_support.cpp
[3.714s] -- Installing: /home/bigyun/Desktop/github_repositories-Bigyuun/ros2_ws/install/action_tutorials_interfaces/include/action_tutorials_interfaces/action/detail/fibonacci__rosidl_typesupport_introspection_cpp.hpp
[3.714s] -- Installing: /home/bigyun/Desktop/github_repositories-Bigyuun/ros2_ws/install/action_tutorials_interfaces/lib/libaction_tutorials_interfaces__rosidl_typesupport_introspection_cpp.so
[3.714s] -- Set runtime path of "/home/bigyun/Desktop/github_repositories-Bigyuun/ros2_ws/install/action_tutorials_interfaces/lib/libaction_tutorials_interfaces__rosidl_typesupport_introspection_cpp.so" to ""
[3.714s] -- Installing: /home/bigyun/Desktop/github_repositories-Bigyuun/ros2_ws/install/action_tutorials_interfaces/lib/libaction_tutorials_interfaces__rosidl_typesupport_cpp.so
[3.715s] -- Set runtime path of "/home/bigyun/Desktop/github_repositories-Bigyuun/ros2_ws/install/action_tutorials_interfaces/lib/libaction_tutorials_interfaces__rosidl_typesupport_cpp.so" to ""
[3.715s] -- Installing: /home/bigyun/Desktop/github_repositories-Bigyuun/ros2_ws/install/action_tutorials_interfaces/share/action_tutorials_interfaces/environment/pythonpath.sh
[3.715s] -- Installing: /home/bigyun/Desktop/github_repositories-Bigyuun/ros2_ws/install/action_tutorials_interfaces/share/action_tutorials_interfaces/environment/pythonpath.dsv
[3.715s] -- Installing: /home/bigyun/Desktop/github_repositories-Bigyuun/ros2_ws/install/action_tutorials_interfaces/lib/python3.8/site-packages/action_tutorials_interfaces/__init__.py
[3.733s] Compiling '/home/bigyun/Desktop/github_repositories-Bigyuun/ros2_ws/install/action_tutorials_interfaces/lib/python3.8/site-packages/action_tutorials_interfaces/__init__.py'...
[3.735s] -- Installing: /home/bigyun/Desktop/github_repositories-Bigyuun/ros2_ws/install/action_tutorials_interfaces/lib/python3.8/site-packages/action_tutorials_interfaces/action
[3.735s] -- Installing: /home/bigyun/Desktop/github_repositories-Bigyuun/ros2_ws/install/action_tutorials_interfaces/lib/python3.8/site-packages/action_tutorials_interfaces/action/_fibonacci.py
[3.735s] -- Installing: /home/bigyun/Desktop/github_repositories-Bigyuun/ros2_ws/install/action_tutorials_interfaces/lib/python3.8/site-packages/action_tutorials_interfaces/action/__init__.py
[3.736s] -- Installing: /home/bigyun/Desktop/github_repositories-Bigyuun/ros2_ws/install/action_tutorials_interfaces/lib/python3.8/site-packages/action_tutorials_interfaces/action/_fibonacci_s.c
[3.736s] -- Installing: /home/bigyun/Desktop/github_repositories-Bigyuun/ros2_ws/install/action_tutorials_interfaces/lib/python3.8/site-packages/action_tutorials_interfaces/action_tutorials_interfaces_s__rosidl_typesupport_fastrtps_c.cpython-38-x86_64-linux-gnu.so
[3.736s] -- Set runtime path of "/home/bigyun/Desktop/github_repositories-Bigyuun/ros2_ws/install/action_tutorials_interfaces/lib/python3.8/site-packages/action_tutorials_interfaces/action_tutorials_interfaces_s__rosidl_typesupport_fastrtps_c.cpython-38-x86_64-linux-gnu.so" to ""
[3.736s] -- Installing: /home/bigyun/Desktop/github_repositories-Bigyuun/ros2_ws/install/action_tutorials_interfaces/lib/python3.8/site-packages/action_tutorials_interfaces/action_tutorials_interfaces_s__rosidl_typesupport_introspection_c.cpython-38-x86_64-linux-gnu.so
[3.737s] -- Set runtime path of "/home/bigyun/Desktop/github_repositories-Bigyuun/ros2_ws/install/action_tutorials_interfaces/lib/python3.8/site-packages/action_tutorials_interfaces/action_tutorials_interfaces_s__rosidl_typesupport_introspection_c.cpython-38-x86_64-linux-gnu.so" to ""
[3.737s] -- Installing: /home/bigyun/Desktop/github_repositories-Bigyuun/ros2_ws/install/action_tutorials_interfaces/lib/python3.8/site-packages/action_tutorials_interfaces/action_tutorials_interfaces_s__rosidl_typesupport_c.cpython-38-x86_64-linux-gnu.so
[3.737s] -- Set runtime path of "/home/bigyun/Desktop/github_repositories-Bigyuun/ros2_ws/install/action_tutorials_interfaces/lib/python3.8/site-packages/action_tutorials_interfaces/action_tutorials_interfaces_s__rosidl_typesupport_c.cpython-38-x86_64-linux-gnu.so" to ""
[3.737s] -- Installing: /home/bigyun/Desktop/github_repositories-Bigyuun/ros2_ws/install/action_tutorials_interfaces/lib/libaction_tutorials_interfaces__python.so
[3.737s] -- Set runtime path of "/home/bigyun/Desktop/github_repositories-Bigyuun/ros2_ws/install/action_tutorials_interfaces/lib/libaction_tutorials_interfaces__python.so" to ""
[3.737s] -- Installing: /home/bigyun/Desktop/github_repositories-Bigyuun/ros2_ws/install/action_tutorials_interfaces/share/action_tutorials_interfaces/action/Fibonacci.idl
[3.738s] -- Installing: /home/bigyun/Desktop/github_repositories-Bigyuun/ros2_ws/install/action_tutorials_interfaces/share/action_tutorials_interfaces/action/Fibonacci.action
[3.738s] -- Installing: /home/bigyun/Desktop/github_repositories-Bigyuun/ros2_ws/install/action_tutorials_interfaces/share/ament_index/resource_index/package_run_dependencies/action_tutorials_interfaces
[3.738s] -- Installing: /home/bigyun/Desktop/github_repositories-Bigyuun/ros2_ws/install/action_tutorials_interfaces/share/ament_index/resource_index/parent_prefix_path/action_tutorials_interfaces
[3.738s] -- Installing: /home/bigyun/Desktop/github_repositories-Bigyuun/ros2_ws/install/action_tutorials_interfaces/share/action_tutorials_interfaces/environment/ament_prefix_path.sh
[3.738s] -- Installing: /home/bigyun/Desktop/github_repositories-Bigyuun/ros2_ws/install/action_tutorials_interfaces/share/action_tutorials_interfaces/environment/ament_prefix_path.dsv
[3.738s] -- Installing: /home/bigyun/Desktop/github_repositories-Bigyuun/ros2_ws/install/action_tutorials_interfaces/share/action_tutorials_interfaces/environment/path.sh
[3.738s] -- Installing: /home/bigyun/Desktop/github_repositories-Bigyuun/ros2_ws/install/action_tutorials_interfaces/share/action_tutorials_interfaces/environment/path.dsv
[3.738s] -- Installing: /home/bigyun/Desktop/github_repositories-Bigyuun/ros2_ws/install/action_tutorials_interfaces/share/action_tutorials_interfaces/local_setup.bash
[3.738s] -- Installing: /home/bigyun/Desktop/github_repositories-Bigyuun/ros2_ws/install/action_tutorials_interfaces/share/action_tutorials_interfaces/local_setup.sh
[3.738s] -- Installing: /home/bigyun/Desktop/github_repositories-Bigyuun/ros2_ws/install/action_tutorials_interfaces/share/action_tutorials_interfaces/local_setup.zsh
[3.738s] -- Installing: /home/bigyun/Desktop/github_repositories-Bigyuun/ros2_ws/install/action_tutorials_interfaces/share/action_tutorials_interfaces/local_setup.dsv
[3.738s] -- Installing: /home/bigyun/Desktop/github_repositories-Bigyuun/ros2_ws/install/action_tutorials_interfaces/share/action_tutorials_interfaces/package.dsv
[3.738s] -- Installing: /home/bigyun/Desktop/github_repositories-Bigyuun/ros2_ws/install/action_tutorials_interfaces/share/ament_index/resource_index/packages/action_tutorials_interfaces
[3.738s] -- Installing: /home/bigyun/Desktop/github_repositories-Bigyuun/ros2_ws/install/action_tutorials_interfaces/share/action_tutorials_interfaces/cmake/action_tutorials_interfaces__rosidl_generator_cExport.cmake
[3.738s] -- Installing: /home/bigyun/Desktop/github_repositories-Bigyuun/ros2_ws/install/action_tutorials_interfaces/share/action_tutorials_interfaces/cmake/action_tutorials_interfaces__rosidl_generator_cExport-noconfig.cmake
[3.738s] -- Installing: /home/bigyun/Desktop/github_repositories-Bigyuun/ros2_ws/install/action_tutorials_interfaces/share/action_tutorials_interfaces/cmake/action_tutorials_interfaces__rosidl_typesupport_introspection_cExport.cmake
[3.739s] -- Installing: /home/bigyun/Desktop/github_repositories-Bigyuun/ros2_ws/install/action_tutorials_interfaces/share/action_tutorials_interfaces/cmake/action_tutorials_interfaces__rosidl_typesupport_introspection_cExport-noconfig.cmake
[3.739s] -- Installing: /home/bigyun/Desktop/github_repositories-Bigyuun/ros2_ws/install/action_tutorials_interfaces/share/action_tutorials_interfaces/cmake/action_tutorials_interfaces__rosidl_typesupport_cExport.cmake
[3.739s] -- Installing: /home/bigyun/Desktop/github_repositories-Bigyuun/ros2_ws/install/action_tutorials_interfaces/share/action_tutorials_interfaces/cmake/action_tutorials_interfaces__rosidl_typesupport_cExport-noconfig.cmake
[3.739s] -- Installing: /home/bigyun/Desktop/github_repositories-Bigyuun/ros2_ws/install/action_tutorials_interfaces/share/action_tutorials_interfaces/cmake/action_tutorials_interfaces__rosidl_generator_cppExport.cmake
[3.739s] -- Installing: /home/bigyun/Desktop/github_repositories-Bigyuun/ros2_ws/install/action_tutorials_interfaces/share/action_tutorials_interfaces/cmake/action_tutorials_interfaces__rosidl_typesupport_introspection_cppExport.cmake
[3.739s] -- Installing: /home/bigyun/Desktop/github_repositories-Bigyuun/ros2_ws/install/action_tutorials_interfaces/share/action_tutorials_interfaces/cmake/action_tutorials_interfaces__rosidl_typesupport_introspection_cppExport-noconfig.cmake
[3.739s] -- Installing: /home/bigyun/Desktop/github_repositories-Bigyuun/ros2_ws/install/action_tutorials_interfaces/share/action_tutorials_interfaces/cmake/action_tutorials_interfaces__rosidl_typesupport_cppExport.cmake
[3.739s] -- Installing: /home/bigyun/Desktop/github_repositories-Bigyuun/ros2_ws/install/action_tutorials_interfaces/share/action_tutorials_interfaces/cmake/action_tutorials_interfaces__rosidl_typesupport_cppExport-noconfig.cmake
[3.739s] -- Installing: /home/bigyun/Desktop/github_repositories-Bigyuun/ros2_ws/install/action_tutorials_interfaces/share/action_tutorials_interfaces/cmake/rosidl_cmake-extras.cmake
[3.739s] -- Installing: /home/bigyun/Desktop/github_repositories-Bigyuun/ros2_ws/install/action_tutorials_interfaces/share/action_tutorials_interfaces/cmake/ament_cmake_export_dependencies-extras.cmake
[3.739s] -- Installing: /home/bigyun/Desktop/github_repositories-Bigyuun/ros2_ws/install/action_tutorials_interfaces/share/action_tutorials_interfaces/cmake/ament_cmake_export_libraries-extras.cmake
[3.739s] -- Installing: /home/bigyun/Desktop/github_repositories-Bigyuun/ros2_ws/install/action_tutorials_interfaces/share/action_tutorials_interfaces/cmake/ament_cmake_export_targets-extras.cmake
[3.739s] -- Installing: /home/bigyun/Desktop/github_repositories-Bigyuun/ros2_ws/install/action_tutorials_interfaces/share/action_tutorials_interfaces/cmake/ament_cmake_export_include_directories-extras.cmake
[3.739s] -- Installing: /home/bigyun/Desktop/github_repositories-Bigyuun/ros2_ws/install/action_tutorials_interfaces/share/action_tutorials_interfaces/cmake/rosidl_cmake_export_typesupport_libraries-extras.cmake
[3.739s] -- Installing: /home/bigyun/Desktop/github_repositories-Bigyuun/ros2_ws/install/action_tutorials_interfaces/share/action_tutorials_interfaces/cmake/rosidl_cmake_export_typesupport_targets-extras.cmake
[3.740s] -- Installing: /home/bigyun/Desktop/github_repositories-Bigyuun/ros2_ws/install/action_tutorials_interfaces/share/action_tutorials_interfaces/cmake/action_tutorials_interfacesConfig.cmake
[3.740s] -- Installing: /home/bigyun/Desktop/github_repositories-Bigyuun/ros2_ws/install/action_tutorials_interfaces/share/action_tutorials_interfaces/cmake/action_tutorials_interfacesConfig-version.cmake
[3.740s] -- Installing: /home/bigyun/Desktop/github_repositories-Bigyuun/ros2_ws/install/action_tutorials_interfaces/share/action_tutorials_interfaces/package.xml
[3.742s] Invoked command in '/home/bigyun/Desktop/github_repositories-Bigyuun/ros2_ws/build/action_tutorials_interfaces' returned '0': CMAKE_PREFIX_PATH=/opt/ros/foxy /usr/bin/cmake --install /home/bigyun/Desktop/github_repositories-Bigyuun/ros2_ws/build/action_tutorials_interfaces
