[0.008s] Invoking command in '/home/daeyun/Desktop/github repositories_Bigyuun/ros2_ws/build/msg_srv_action_interface_example': CMAKE_PREFIX_PATH=${CMAKE_PREFIX_PATH}:/home/daeyun/ws_moveit2/install/moveit_configs_utils:/home/daeyun/ws_moveit2/install/launch_param_builder:/opt/ros/humble /usr/bin/cmake /home/daeyun/Desktop/github repositories_Bigyuun/ros2_ws/src/msg_srv_action_interface_example -DCMAKE_INSTALL_PREFIX=/home/daeyun/Desktop/github repositories_Bigyuun/ros2_ws/install/msg_srv_action_interface_example
[0.046s] -- The C compiler identification is GNU 11.3.0
[0.076s] -- The CXX compiler identification is GNU 11.3.0
[0.080s] -- Detecting C compiler ABI info
[0.123s] -- Detecting C compiler ABI info - done
[0.127s] -- Check for working C compiler: /usr/bin/cc - skipped
[0.127s] -- Detecting C compile features
[0.127s] -- Detecting C compile features - done
[0.129s] -- Detecting CXX compiler ABI info
[0.175s] -- Detecting CXX compiler ABI info - done
[0.178s] -- Check for working CXX compiler: /usr/bin/c++ - skipped
[0.179s] -- Detecting CXX compile features
[0.179s] -- Detecting CXX compile features - done
[0.182s] -- Found ament_cmake: 1.3.3 (/opt/ros/humble/share/ament_cmake/cmake)
[0.281s] -- Found Python3: /usr/bin/python3.10 (found version "3.10.6") found components: Interpreter 
[0.353s] -- Found builtin_interfaces: 1.2.1 (/opt/ros/humble/share/builtin_interfaces/cmake)
[0.386s] -- Found rosidl_generator_c: 3.1.4 (/opt/ros/humble/share/rosidl_generator_c/cmake)
[0.392s] -- Found rosidl_adapter: 3.1.4 (/opt/ros/humble/share/rosidl_adapter/cmake)
[0.399s] -- Found rosidl_generator_cpp: 3.1.4 (/opt/ros/humble/share/rosidl_generator_cpp/cmake)
[0.410s] -- Using all available rosidl_typesupport_c: rosidl_typesupport_fastrtps_c;rosidl_typesupport_introspection_c
[0.426s] -- Using all available rosidl_typesupport_cpp: rosidl_typesupport_fastrtps_cpp;rosidl_typesupport_introspection_cpp
[0.441s] -- Found rosidl_default_generators: 1.2.0 (/opt/ros/humble/share/rosidl_default_generators/cmake)
[0.635s] -- Found ament_cmake_ros: 0.10.0 (/opt/ros/humble/share/ament_cmake_ros/cmake)
[0.812s] -- Using all available rosidl_typesupport_c: rosidl_typesupport_fastrtps_c;rosidl_typesupport_introspection_c
[0.879s] -- Using all available rosidl_typesupport_cpp: rosidl_typesupport_fastrtps_cpp;rosidl_typesupport_introspection_cpp
[0.892s] -- Found PythonInterp: /usr/bin/python3 (found suitable version "3.10.6", minimum required is "3.6") 
[0.895s] -- Found python_cmake_module: 0.10.0 (/opt/ros/humble/share/python_cmake_module/cmake)
[0.911s] -- Found PythonLibs: /usr/lib/x86_64-linux-gnu/libpython3.10.so (found suitable version "3.10.6", minimum required is "3.5") 
[0.912s] -- Using PYTHON_EXECUTABLE: /usr/bin/python3
[0.912s] -- Using PYTHON_INCLUDE_DIRS: /usr/include/python3.10
[0.912s] -- Using PYTHON_LIBRARIES: /usr/lib/x86_64-linux-gnu/libpython3.10.so
[0.923s] -- Found PythonExtra: .so  
[0.969s] -- Found ament_lint_auto: 0.12.5 (/opt/ros/humble/share/ament_lint_auto/cmake)
[0.989s] -- Added test 'lint_cmake' to check CMake code style
[0.990s] -- Added test 'xmllint' to check XML markup files
[0.991s] -- Configuring done
[1.008s] -- Generating done
[1.010s] -- Build files have been written to: /home/daeyun/Desktop/github repositories_Bigyuun/ros2_ws/build/msg_srv_action_interface_example
[1.015s] Invoked command in '/home/daeyun/Desktop/github repositories_Bigyuun/ros2_ws/build/msg_srv_action_interface_example' returned '0': CMAKE_PREFIX_PATH=${CMAKE_PREFIX_PATH}:/home/daeyun/ws_moveit2/install/moveit_configs_utils:/home/daeyun/ws_moveit2/install/launch_param_builder:/opt/ros/humble /usr/bin/cmake /home/daeyun/Desktop/github repositories_Bigyuun/ros2_ws/src/msg_srv_action_interface_example -DCMAKE_INSTALL_PREFIX=/home/daeyun/Desktop/github repositories_Bigyuun/ros2_ws/install/msg_srv_action_interface_example
[1.015s] Invoking command in '/home/daeyun/Desktop/github repositories_Bigyuun/ros2_ws/build/msg_srv_action_interface_example': CMAKE_PREFIX_PATH=${CMAKE_PREFIX_PATH}:/home/daeyun/ws_moveit2/install/moveit_configs_utils:/home/daeyun/ws_moveit2/install/launch_param_builder:/opt/ros/humble /usr/bin/cmake --build /home/daeyun/Desktop/github repositories_Bigyuun/ros2_ws/build/msg_srv_action_interface_example -- -j20 -l20
[1.041s] [  2%] [34m[1mGenerating C code for ROS interfaces[0m
[1.048s] [  4%] [34m[1mGenerating C++ code for ROS interfaces[0m
[1.053s] [  4%] Built target ament_cmake_python_copy_msg_srv_action_interface_example
[1.189s] running egg_info
[1.189s] creating msg_srv_action_interface_example.egg-info
[1.189s] writing msg_srv_action_interface_example.egg-info/PKG-INFO
[1.189s] writing dependency_links to msg_srv_action_interface_example.egg-info/dependency_links.txt
[1.189s] writing top-level names to msg_srv_action_interface_example.egg-info/top_level.txt
[1.189s] writing manifest file 'msg_srv_action_interface_example.egg-info/SOURCES.txt'
[1.191s] reading manifest file 'msg_srv_action_interface_example.egg-info/SOURCES.txt'
[1.191s] writing manifest file 'msg_srv_action_interface_example.egg-info/SOURCES.txt'
[1.206s] [  4%] Built target ament_cmake_python_build_msg_srv_action_interface_example_egg
[1.344s] [  4%] Built target msg_srv_action_interface_example__cpp
[1.352s] [ 12%] [32mBuilding C object CMakeFiles/msg_srv_action_interface_example__rosidl_generator_c.dir/rosidl_generator_c/msg_srv_action_interface_example/srv/detail/arithmetic_operator__functions.c.o[0m
[1.352s] [ 17%] [34m[1mGenerating C++ type support for eProsima Fast-RTPS[0m
[1.352s] [ 17%] [32mBuilding C object CMakeFiles/msg_srv_action_interface_example__rosidl_generator_c.dir/rosidl_generator_c/msg_srv_action_interface_example/action/detail/arithmetic_checker__functions.c.o[0m
[1.352s] [ 12%] [34m[1mGenerating C++ introspection for ROS interfaces[0m
[1.352s] [ 17%] [34m[1mGenerating C++ type support dispatch for ROS interfaces[0m
[1.352s] [ 17%] [32mBuilding C object CMakeFiles/msg_srv_action_interface_example__rosidl_generator_c.dir/rosidl_generator_c/msg_srv_action_interface_example/msg/detail/arithmetic_argument__functions.c.o[0m
[1.431s] [ 19%] [32m[1mLinking C shared library libmsg_srv_action_interface_example__rosidl_generator_c.so[0m
[1.455s] [ 19%] Built target msg_srv_action_interface_example__rosidl_generator_c
[1.462s] [ 25%] [34m[1mGenerating C type support for eProsima Fast-RTPS[0m
[1.462s] [ 25%] [34m[1mGenerating C introspection for ROS interfaces[0m
[1.462s] [ 25%] [34m[1mGenerating C type support dispatch for ROS interfaces[0m
[1.583s] [ 27%] [32mBuilding CXX object CMakeFiles/msg_srv_action_interface_example__rosidl_typesupport_cpp.dir/rosidl_typesupport_cpp/msg_srv_action_interface_example/msg/arithmetic_argument__type_support.cpp.o[0m
[1.586s] [ 29%] [32mBuilding CXX object CMakeFiles/msg_srv_action_interface_example__rosidl_typesupport_cpp.dir/rosidl_typesupport_cpp/msg_srv_action_interface_example/srv/arithmetic_operator__type_support.cpp.o[0m
[1.586s] [ 31%] [32mBuilding CXX object CMakeFiles/msg_srv_action_interface_example__rosidl_typesupport_cpp.dir/rosidl_typesupport_cpp/msg_srv_action_interface_example/action/arithmetic_checker__type_support.cpp.o[0m
[1.624s] [ 34%] [32mBuilding CXX object CMakeFiles/msg_srv_action_interface_example__rosidl_typesupport_introspection_cpp.dir/rosidl_typesupport_introspection_cpp/msg_srv_action_interface_example/msg/detail/arithmetic_argument__type_support.cpp.o[0m
[1.628s] [ 38%] [32mBuilding CXX object CMakeFiles/msg_srv_action_interface_example__rosidl_typesupport_introspection_cpp.dir/rosidl_typesupport_introspection_cpp/msg_srv_action_interface_example/action/detail/arithmetic_checker__type_support.cpp.o[0m
[1.628s] [ 38%] [32mBuilding CXX object CMakeFiles/msg_srv_action_interface_example__rosidl_typesupport_introspection_cpp.dir/rosidl_typesupport_introspection_cpp/msg_srv_action_interface_example/srv/detail/arithmetic_operator__type_support.cpp.o[0m
[1.668s] [ 42%] [32mBuilding CXX object CMakeFiles/msg_srv_action_interface_example__rosidl_typesupport_fastrtps_cpp.dir/rosidl_typesupport_fastrtps_cpp/msg_srv_action_interface_example/msg/detail/dds_fastrtps/arithmetic_argument__type_support.cpp.o[0m
[1.668s] [ 42%] [32mBuilding CXX object CMakeFiles/msg_srv_action_interface_example__rosidl_typesupport_fastrtps_cpp.dir/rosidl_typesupport_fastrtps_cpp/msg_srv_action_interface_example/srv/detail/dds_fastrtps/arithmetic_operator__type_support.cpp.o[0m
[1.672s] [ 44%] [32mBuilding CXX object CMakeFiles/msg_srv_action_interface_example__rosidl_typesupport_fastrtps_cpp.dir/rosidl_typesupport_fastrtps_cpp/msg_srv_action_interface_example/action/detail/dds_fastrtps/arithmetic_checker__type_support.cpp.o[0m
[1.723s] [ 51%] [32mBuilding CXX object CMakeFiles/msg_srv_action_interface_example__rosidl_typesupport_c.dir/rosidl_typesupport_c/msg_srv_action_interface_example/msg/arithmetic_argument__type_support.cpp.o[0m
[1.724s] [ 51%] [32mBuilding CXX object CMakeFiles/msg_srv_action_interface_example__rosidl_typesupport_c.dir/rosidl_typesupport_c/msg_srv_action_interface_example/srv/arithmetic_operator__type_support.cpp.o[0m
[1.724s] [ 51%] [32mBuilding CXX object CMakeFiles/msg_srv_action_interface_example__rosidl_typesupport_c.dir/rosidl_typesupport_c/msg_srv_action_interface_example/action/arithmetic_checker__type_support.cpp.o[0m
[1.784s] [ 53%] [32m[1mLinking CXX shared library libmsg_srv_action_interface_example__rosidl_typesupport_c.so[0m
[1.838s] [ 53%] Built target msg_srv_action_interface_example__rosidl_typesupport_c
[1.889s] [ 55%] [32mBuilding C object CMakeFiles/msg_srv_action_interface_example__rosidl_typesupport_introspection_c.dir/rosidl_typesupport_introspection_c/msg_srv_action_interface_example/msg/detail/arithmetic_argument__type_support.c.o[0m
[1.892s] [ 57%] [32mBuilding C object CMakeFiles/msg_srv_action_interface_example__rosidl_typesupport_introspection_c.dir/rosidl_typesupport_introspection_c/msg_srv_action_interface_example/srv/detail/arithmetic_operator__type_support.c.o[0m
[1.892s] [ 59%] [32mBuilding C object CMakeFiles/msg_srv_action_interface_example__rosidl_typesupport_introspection_c.dir/rosidl_typesupport_introspection_c/msg_srv_action_interface_example/action/detail/arithmetic_checker__type_support.c.o[0m
[1.895s] [ 61%] [32m[1mLinking CXX shared library libmsg_srv_action_interface_example__rosidl_typesupport_cpp.so[0m
[1.908s] [ 63%] [32mBuilding CXX object CMakeFiles/msg_srv_action_interface_example__rosidl_typesupport_fastrtps_c.dir/rosidl_typesupport_fastrtps_c/msg_srv_action_interface_example/msg/detail/arithmetic_argument__type_support_c.cpp.o[0m
[1.912s] [ 68%] [32mBuilding CXX object CMakeFiles/msg_srv_action_interface_example__rosidl_typesupport_fastrtps_c.dir/rosidl_typesupport_fastrtps_c/msg_srv_action_interface_example/action/detail/arithmetic_checker__type_support_c.cpp.o[0m
[1.912s] [ 68%] [32mBuilding CXX object CMakeFiles/msg_srv_action_interface_example__rosidl_typesupport_fastrtps_c.dir/rosidl_typesupport_fastrtps_c/msg_srv_action_interface_example/srv/detail/arithmetic_operator__type_support_c.cpp.o[0m
[1.941s] [ 68%] Built target msg_srv_action_interface_example__rosidl_typesupport_cpp
[1.947s] [ 70%] [32m[1mLinking C shared library libmsg_srv_action_interface_example__rosidl_typesupport_introspection_c.so[0m
[1.971s] [ 70%] Built target msg_srv_action_interface_example__rosidl_typesupport_introspection_c
[2.051s] [ 72%] [32m[1mLinking CXX shared library libmsg_srv_action_interface_example__rosidl_typesupport_introspection_cpp.so[0m
[2.060s] [ 74%] [32m[1mLinking CXX shared library libmsg_srv_action_interface_example__rosidl_typesupport_fastrtps_cpp.so[0m
[2.099s] [ 74%] Built target msg_srv_action_interface_example__rosidl_typesupport_introspection_cpp
[2.108s] [ 74%] Built target msg_srv_action_interface_example__rosidl_typesupport_fastrtps_cpp
[2.130s] [ 76%] [32m[1mLinking CXX shared library libmsg_srv_action_interface_example__rosidl_typesupport_fastrtps_c.so[0m
[2.171s] [ 76%] Built target msg_srv_action_interface_example__rosidl_typesupport_fastrtps_c
[2.184s] [ 76%] Built target msg_srv_action_interface_example
[2.197s] [ 78%] [34m[1mGenerating Python code for ROS interfaces[0m
[2.696s] [ 78%] Built target msg_srv_action_interface_example__py
[2.709s] [ 80%] [32mBuilding C object CMakeFiles/msg_srv_action_interface_example__rosidl_generator_py.dir/rosidl_generator_py/msg_srv_action_interface_example/msg/_arithmetic_argument_s.c.o[0m
[2.710s] [ 82%] [32mBuilding C object CMakeFiles/msg_srv_action_interface_example__rosidl_generator_py.dir/rosidl_generator_py/msg_srv_action_interface_example/action/_arithmetic_checker_s.c.o[0m
[2.710s] [ 85%] [32mBuilding C object CMakeFiles/msg_srv_action_interface_example__rosidl_generator_py.dir/rosidl_generator_py/msg_srv_action_interface_example/srv/_arithmetic_operator_s.c.o[0m
[2.800s] [ 87%] [32m[1mLinking C shared library rosidl_generator_py/msg_srv_action_interface_example/libmsg_srv_action_interface_example__rosidl_generator_py.so[0m
[2.827s] [ 87%] Built target msg_srv_action_interface_example__rosidl_generator_py
[2.843s] [ 93%] [32mBuilding C object CMakeFiles/msg_srv_action_interface_example__rosidl_typesupport_introspection_c__pyext.dir/rosidl_generator_py/msg_srv_action_interface_example/_msg_srv_action_interface_example_s.ep.rosidl_typesupport_introspection_c.c.o[0m
[2.843s] [ 93%] [32mBuilding C object CMakeFiles/msg_srv_action_interface_example__rosidl_typesupport_fastrtps_c__pyext.dir/rosidl_generator_py/msg_srv_action_interface_example/_msg_srv_action_interface_example_s.ep.rosidl_typesupport_fastrtps_c.c.o[0m
[2.843s] [ 93%] [32mBuilding C object CMakeFiles/msg_srv_action_interface_example__rosidl_typesupport_c__pyext.dir/rosidl_generator_py/msg_srv_action_interface_example/_msg_srv_action_interface_example_s.ep.rosidl_typesupport_c.c.o[0m
[2.913s] [100%] [32m[1mLinking C shared library rosidl_generator_py/msg_srv_action_interface_example/msg_srv_action_interface_example_s__rosidl_typesupport_c.cpython-310-x86_64-linux-gnu.so[0m
[2.913s] [100%] [32m[1mLinking C shared library rosidl_generator_py/msg_srv_action_interface_example/msg_srv_action_interface_example_s__rosidl_typesupport_fastrtps_c.cpython-310-x86_64-linux-gnu.so[0m
[2.914s] [100%] [32m[1mLinking C shared library rosidl_generator_py/msg_srv_action_interface_example/msg_srv_action_interface_example_s__rosidl_typesupport_introspection_c.cpython-310-x86_64-linux-gnu.so[0m
[2.939s] [100%] Built target msg_srv_action_interface_example__rosidl_typesupport_c__pyext
[2.939s] [100%] Built target msg_srv_action_interface_example__rosidl_typesupport_introspection_c__pyext
[2.940s] [100%] Built target msg_srv_action_interface_example__rosidl_typesupport_fastrtps_c__pyext
[2.948s] Invoked command in '/home/daeyun/Desktop/github repositories_Bigyuun/ros2_ws/build/msg_srv_action_interface_example' returned '0': CMAKE_PREFIX_PATH=${CMAKE_PREFIX_PATH}:/home/daeyun/ws_moveit2/install/moveit_configs_utils:/home/daeyun/ws_moveit2/install/launch_param_builder:/opt/ros/humble /usr/bin/cmake --build /home/daeyun/Desktop/github repositories_Bigyuun/ros2_ws/build/msg_srv_action_interface_example -- -j20 -l20
[3.085s] Invoking command in '/home/daeyun/Desktop/github repositories_Bigyuun/ros2_ws/build/msg_srv_action_interface_example': CMAKE_PREFIX_PATH=${CMAKE_PREFIX_PATH}:/home/daeyun/ws_moveit2/install/moveit_configs_utils:/home/daeyun/ws_moveit2/install/launch_param_builder:/opt/ros/humble /usr/bin/cmake --install /home/daeyun/Desktop/github repositories_Bigyuun/ros2_ws/build/msg_srv_action_interface_example
[3.091s] -- Install configuration: ""
[3.091s] -- Installing: /home/daeyun/Desktop/github repositories_Bigyuun/ros2_ws/install/msg_srv_action_interface_example/share/ament_index/resource_index/rosidl_interfaces/msg_srv_action_interface_example
[3.091s] -- Installing: /home/daeyun/Desktop/github repositories_Bigyuun/ros2_ws/install/msg_srv_action_interface_example/include/msg_srv_action_interface_example/msg_srv_action_interface_example
[3.091s] -- Installing: /home/daeyun/Desktop/github repositories_Bigyuun/ros2_ws/install/msg_srv_action_interface_example/include/msg_srv_action_interface_example/msg_srv_action_interface_example/srv
[3.091s] -- Installing: /home/daeyun/Desktop/github repositories_Bigyuun/ros2_ws/install/msg_srv_action_interface_example/include/msg_srv_action_interface_example/msg_srv_action_interface_example/srv/arithmetic_operator.h
[3.091s] -- Installing: /home/daeyun/Desktop/github repositories_Bigyuun/ros2_ws/install/msg_srv_action_interface_example/include/msg_srv_action_interface_example/msg_srv_action_interface_example/srv/detail
[3.091s] -- Installing: /home/daeyun/Desktop/github repositories_Bigyuun/ros2_ws/install/msg_srv_action_interface_example/include/msg_srv_action_interface_example/msg_srv_action_interface_example/srv/detail/arithmetic_operator__type_support.h
[3.091s] -- Installing: /home/daeyun/Desktop/github repositories_Bigyuun/ros2_ws/install/msg_srv_action_interface_example/include/msg_srv_action_interface_example/msg_srv_action_interface_example/srv/detail/arithmetic_operator__functions.c
[3.091s] -- Installing: /home/daeyun/Desktop/github repositories_Bigyuun/ros2_ws/install/msg_srv_action_interface_example/include/msg_srv_action_interface_example/msg_srv_action_interface_example/srv/detail/arithmetic_operator__struct.h
[3.091s] -- Installing: /home/daeyun/Desktop/github repositories_Bigyuun/ros2_ws/install/msg_srv_action_interface_example/include/msg_srv_action_interface_example/msg_srv_action_interface_example/srv/detail/arithmetic_operator__functions.h
[3.091s] -- Installing: /home/daeyun/Desktop/github repositories_Bigyuun/ros2_ws/install/msg_srv_action_interface_example/include/msg_srv_action_interface_example/msg_srv_action_interface_example/msg
[3.091s] -- Installing: /home/daeyun/Desktop/github repositories_Bigyuun/ros2_ws/install/msg_srv_action_interface_example/include/msg_srv_action_interface_example/msg_srv_action_interface_example/msg/detail
[3.091s] -- Installing: /home/daeyun/Desktop/github repositories_Bigyuun/ros2_ws/install/msg_srv_action_interface_example/include/msg_srv_action_interface_example/msg_srv_action_interface_example/msg/detail/arithmetic_argument__functions.c
[3.091s] -- Installing: /home/daeyun/Desktop/github repositories_Bigyuun/ros2_ws/install/msg_srv_action_interface_example/include/msg_srv_action_interface_example/msg_srv_action_interface_example/msg/detail/arithmetic_argument__type_support.h
[3.091s] -- Installing: /home/daeyun/Desktop/github repositories_Bigyuun/ros2_ws/install/msg_srv_action_interface_example/include/msg_srv_action_interface_example/msg_srv_action_interface_example/msg/detail/arithmetic_argument__struct.h
[3.091s] -- Installing: /home/daeyun/Desktop/github repositories_Bigyuun/ros2_ws/install/msg_srv_action_interface_example/include/msg_srv_action_interface_example/msg_srv_action_interface_example/msg/detail/arithmetic_argument__functions.h
[3.092s] -- Installing: /home/daeyun/Desktop/github repositories_Bigyuun/ros2_ws/install/msg_srv_action_interface_example/include/msg_srv_action_interface_example/msg_srv_action_interface_example/msg/arithmetic_argument.h
[3.092s] -- Installing: /home/daeyun/Desktop/github repositories_Bigyuun/ros2_ws/install/msg_srv_action_interface_example/include/msg_srv_action_interface_example/msg_srv_action_interface_example/msg/rosidl_generator_c__visibility_control.h
[3.092s] -- Installing: /home/daeyun/Desktop/github repositories_Bigyuun/ros2_ws/install/msg_srv_action_interface_example/include/msg_srv_action_interface_example/msg_srv_action_interface_example/action
[3.092s] -- Installing: /home/daeyun/Desktop/github repositories_Bigyuun/ros2_ws/install/msg_srv_action_interface_example/include/msg_srv_action_interface_example/msg_srv_action_interface_example/action/detail
[3.092s] -- Installing: /home/daeyun/Desktop/github repositories_Bigyuun/ros2_ws/install/msg_srv_action_interface_example/include/msg_srv_action_interface_example/msg_srv_action_interface_example/action/detail/arithmetic_checker__functions.c
[3.092s] -- Installing: /home/daeyun/Desktop/github repositories_Bigyuun/ros2_ws/install/msg_srv_action_interface_example/include/msg_srv_action_interface_example/msg_srv_action_interface_example/action/detail/arithmetic_checker__functions.h
[3.092s] -- Installing: /home/daeyun/Desktop/github repositories_Bigyuun/ros2_ws/install/msg_srv_action_interface_example/include/msg_srv_action_interface_example/msg_srv_action_interface_example/action/detail/arithmetic_checker__struct.h
[3.092s] -- Installing: /home/daeyun/Desktop/github repositories_Bigyuun/ros2_ws/install/msg_srv_action_interface_example/include/msg_srv_action_interface_example/msg_srv_action_interface_example/action/detail/arithmetic_checker__type_support.h
[3.092s] -- Installing: /home/daeyun/Desktop/github repositories_Bigyuun/ros2_ws/install/msg_srv_action_interface_example/include/msg_srv_action_interface_example/msg_srv_action_interface_example/action/arithmetic_checker.h
[3.092s] -- Installing: /home/daeyun/Desktop/github repositories_Bigyuun/ros2_ws/install/msg_srv_action_interface_example/share/msg_srv_action_interface_example/environment/library_path.sh
[3.092s] -- Installing: /home/daeyun/Desktop/github repositories_Bigyuun/ros2_ws/install/msg_srv_action_interface_example/share/msg_srv_action_interface_example/environment/library_path.dsv
[3.092s] -- Installing: /home/daeyun/Desktop/github repositories_Bigyuun/ros2_ws/install/msg_srv_action_interface_example/lib/libmsg_srv_action_interface_example__rosidl_generator_c.so
[3.092s] -- Set runtime path of "/home/daeyun/Desktop/github repositories_Bigyuun/ros2_ws/install/msg_srv_action_interface_example/lib/libmsg_srv_action_interface_example__rosidl_generator_c.so" to ""
[3.092s] -- Up-to-date: /home/daeyun/Desktop/github repositories_Bigyuun/ros2_ws/install/msg_srv_action_interface_example/include/msg_srv_action_interface_example/msg_srv_action_interface_example
[3.092s] -- Up-to-date: /home/daeyun/Desktop/github repositories_Bigyuun/ros2_ws/install/msg_srv_action_interface_example/include/msg_srv_action_interface_example/msg_srv_action_interface_example/srv
[3.092s] -- Up-to-date: /home/daeyun/Desktop/github repositories_Bigyuun/ros2_ws/install/msg_srv_action_interface_example/include/msg_srv_action_interface_example/msg_srv_action_interface_example/srv/detail
[3.092s] -- Installing: /home/daeyun/Desktop/github repositories_Bigyuun/ros2_ws/install/msg_srv_action_interface_example/include/msg_srv_action_interface_example/msg_srv_action_interface_example/srv/detail/arithmetic_operator__rosidl_typesupport_fastrtps_c.h
[3.093s] -- Up-to-date: /home/daeyun/Desktop/github repositories_Bigyuun/ros2_ws/install/msg_srv_action_interface_example/include/msg_srv_action_interface_example/msg_srv_action_interface_example/msg
[3.093s] -- Up-to-date: /home/daeyun/Desktop/github repositories_Bigyuun/ros2_ws/install/msg_srv_action_interface_example/include/msg_srv_action_interface_example/msg_srv_action_interface_example/msg/detail
[3.093s] -- Installing: /home/daeyun/Desktop/github repositories_Bigyuun/ros2_ws/install/msg_srv_action_interface_example/include/msg_srv_action_interface_example/msg_srv_action_interface_example/msg/detail/arithmetic_argument__rosidl_typesupport_fastrtps_c.h
[3.093s] -- Installing: /home/daeyun/Desktop/github repositories_Bigyuun/ros2_ws/install/msg_srv_action_interface_example/include/msg_srv_action_interface_example/msg_srv_action_interface_example/msg/rosidl_typesupport_fastrtps_c__visibility_control.h
[3.093s] -- Up-to-date: /home/daeyun/Desktop/github repositories_Bigyuun/ros2_ws/install/msg_srv_action_interface_example/include/msg_srv_action_interface_example/msg_srv_action_interface_example/action
[3.093s] -- Up-to-date: /home/daeyun/Desktop/github repositories_Bigyuun/ros2_ws/install/msg_srv_action_interface_example/include/msg_srv_action_interface_example/msg_srv_action_interface_example/action/detail
[3.093s] -- Installing: /home/daeyun/Desktop/github repositories_Bigyuun/ros2_ws/install/msg_srv_action_interface_example/include/msg_srv_action_interface_example/msg_srv_action_interface_example/action/detail/arithmetic_checker__rosidl_typesupport_fastrtps_c.h
[3.093s] -- Installing: /home/daeyun/Desktop/github repositories_Bigyuun/ros2_ws/install/msg_srv_action_interface_example/lib/libmsg_srv_action_interface_example__rosidl_typesupport_fastrtps_c.so
[3.093s] -- Set runtime path of "/home/daeyun/Desktop/github repositories_Bigyuun/ros2_ws/install/msg_srv_action_interface_example/lib/libmsg_srv_action_interface_example__rosidl_typesupport_fastrtps_c.so" to ""
[3.093s] -- Up-to-date: /home/daeyun/Desktop/github repositories_Bigyuun/ros2_ws/install/msg_srv_action_interface_example/include/msg_srv_action_interface_example/msg_srv_action_interface_example
[3.093s] -- Up-to-date: /home/daeyun/Desktop/github repositories_Bigyuun/ros2_ws/install/msg_srv_action_interface_example/include/msg_srv_action_interface_example/msg_srv_action_interface_example/srv
[3.093s] -- Up-to-date: /home/daeyun/Desktop/github repositories_Bigyuun/ros2_ws/install/msg_srv_action_interface_example/include/msg_srv_action_interface_example/msg_srv_action_interface_example/srv/detail
[3.093s] -- Installing: /home/daeyun/Desktop/github repositories_Bigyuun/ros2_ws/install/msg_srv_action_interface_example/include/msg_srv_action_interface_example/msg_srv_action_interface_example/srv/detail/arithmetic_operator__traits.hpp
[3.093s] -- Installing: /home/daeyun/Desktop/github repositories_Bigyuun/ros2_ws/install/msg_srv_action_interface_example/include/msg_srv_action_interface_example/msg_srv_action_interface_example/srv/detail/arithmetic_operator__builder.hpp
[3.093s] -- Installing: /home/daeyun/Desktop/github repositories_Bigyuun/ros2_ws/install/msg_srv_action_interface_example/include/msg_srv_action_interface_example/msg_srv_action_interface_example/srv/detail/arithmetic_operator__struct.hpp
[3.094s] -- Installing: /home/daeyun/Desktop/github repositories_Bigyuun/ros2_ws/install/msg_srv_action_interface_example/include/msg_srv_action_interface_example/msg_srv_action_interface_example/srv/arithmetic_operator.hpp
[3.094s] -- Up-to-date: /home/daeyun/Desktop/github repositories_Bigyuun/ros2_ws/install/msg_srv_action_interface_example/include/msg_srv_action_interface_example/msg_srv_action_interface_example/msg
[3.094s] -- Up-to-date: /home/daeyun/Desktop/github repositories_Bigyuun/ros2_ws/install/msg_srv_action_interface_example/include/msg_srv_action_interface_example/msg_srv_action_interface_example/msg/detail
[3.094s] -- Installing: /home/daeyun/Desktop/github repositories_Bigyuun/ros2_ws/install/msg_srv_action_interface_example/include/msg_srv_action_interface_example/msg_srv_action_interface_example/msg/detail/arithmetic_argument__traits.hpp
[3.094s] -- Installing: /home/daeyun/Desktop/github repositories_Bigyuun/ros2_ws/install/msg_srv_action_interface_example/include/msg_srv_action_interface_example/msg_srv_action_interface_example/msg/detail/arithmetic_argument__struct.hpp
[3.094s] -- Installing: /home/daeyun/Desktop/github repositories_Bigyuun/ros2_ws/install/msg_srv_action_interface_example/include/msg_srv_action_interface_example/msg_srv_action_interface_example/msg/detail/arithmetic_argument__builder.hpp
[3.094s] -- Installing: /home/daeyun/Desktop/github repositories_Bigyuun/ros2_ws/install/msg_srv_action_interface_example/include/msg_srv_action_interface_example/msg_srv_action_interface_example/msg/arithmetic_argument.hpp
[3.094s] -- Up-to-date: /home/daeyun/Desktop/github repositories_Bigyuun/ros2_ws/install/msg_srv_action_interface_example/include/msg_srv_action_interface_example/msg_srv_action_interface_example/action
[3.094s] -- Up-to-date: /home/daeyun/Desktop/github repositories_Bigyuun/ros2_ws/install/msg_srv_action_interface_example/include/msg_srv_action_interface_example/msg_srv_action_interface_example/action/detail
[3.094s] -- Installing: /home/daeyun/Desktop/github repositories_Bigyuun/ros2_ws/install/msg_srv_action_interface_example/include/msg_srv_action_interface_example/msg_srv_action_interface_example/action/detail/arithmetic_checker__builder.hpp
[3.094s] -- Installing: /home/daeyun/Desktop/github repositories_Bigyuun/ros2_ws/install/msg_srv_action_interface_example/include/msg_srv_action_interface_example/msg_srv_action_interface_example/action/detail/arithmetic_checker__traits.hpp
[3.094s] -- Installing: /home/daeyun/Desktop/github repositories_Bigyuun/ros2_ws/install/msg_srv_action_interface_example/include/msg_srv_action_interface_example/msg_srv_action_interface_example/action/detail/arithmetic_checker__struct.hpp
[3.094s] -- Installing: /home/daeyun/Desktop/github repositories_Bigyuun/ros2_ws/install/msg_srv_action_interface_example/include/msg_srv_action_interface_example/msg_srv_action_interface_example/action/arithmetic_checker.hpp
[3.094s] -- Up-to-date: /home/daeyun/Desktop/github repositories_Bigyuun/ros2_ws/install/msg_srv_action_interface_example/include/msg_srv_action_interface_example/msg_srv_action_interface_example
[3.094s] -- Up-to-date: /home/daeyun/Desktop/github repositories_Bigyuun/ros2_ws/install/msg_srv_action_interface_example/include/msg_srv_action_interface_example/msg_srv_action_interface_example/srv
[3.094s] -- Up-to-date: /home/daeyun/Desktop/github repositories_Bigyuun/ros2_ws/install/msg_srv_action_interface_example/include/msg_srv_action_interface_example/msg_srv_action_interface_example/srv/detail
[3.094s] -- Installing: /home/daeyun/Desktop/github repositories_Bigyuun/ros2_ws/install/msg_srv_action_interface_example/include/msg_srv_action_interface_example/msg_srv_action_interface_example/srv/detail/arithmetic_operator__rosidl_typesupport_fastrtps_cpp.hpp
[3.094s] -- Installing: /home/daeyun/Desktop/github repositories_Bigyuun/ros2_ws/install/msg_srv_action_interface_example/include/msg_srv_action_interface_example/msg_srv_action_interface_example/srv/detail/dds_fastrtps
[3.094s] -- Up-to-date: /home/daeyun/Desktop/github repositories_Bigyuun/ros2_ws/install/msg_srv_action_interface_example/include/msg_srv_action_interface_example/msg_srv_action_interface_example/msg
[3.095s] -- Installing: /home/daeyun/Desktop/github repositories_Bigyuun/ros2_ws/install/msg_srv_action_interface_example/include/msg_srv_action_interface_example/msg_srv_action_interface_example/msg/rosidl_typesupport_fastrtps_cpp__visibility_control.h
[3.095s] -- Up-to-date: /home/daeyun/Desktop/github repositories_Bigyuun/ros2_ws/install/msg_srv_action_interface_example/include/msg_srv_action_interface_example/msg_srv_action_interface_example/msg/detail
[3.095s] -- Installing: /home/daeyun/Desktop/github repositories_Bigyuun/ros2_ws/install/msg_srv_action_interface_example/include/msg_srv_action_interface_example/msg_srv_action_interface_example/msg/detail/arithmetic_argument__rosidl_typesupport_fastrtps_cpp.hpp
[3.095s] -- Installing: /home/daeyun/Desktop/github repositories_Bigyuun/ros2_ws/install/msg_srv_action_interface_example/include/msg_srv_action_interface_example/msg_srv_action_interface_example/msg/detail/dds_fastrtps
[3.095s] -- Up-to-date: /home/daeyun/Desktop/github repositories_Bigyuun/ros2_ws/install/msg_srv_action_interface_example/include/msg_srv_action_interface_example/msg_srv_action_interface_example/action
[3.095s] -- Up-to-date: /home/daeyun/Desktop/github repositories_Bigyuun/ros2_ws/install/msg_srv_action_interface_example/include/msg_srv_action_interface_example/msg_srv_action_interface_example/action/detail
[3.095s] -- Installing: /home/daeyun/Desktop/github repositories_Bigyuun/ros2_ws/install/msg_srv_action_interface_example/include/msg_srv_action_interface_example/msg_srv_action_interface_example/action/detail/arithmetic_checker__rosidl_typesupport_fastrtps_cpp.hpp
[3.095s] -- Installing: /home/daeyun/Desktop/github repositories_Bigyuun/ros2_ws/install/msg_srv_action_interface_example/include/msg_srv_action_interface_example/msg_srv_action_interface_example/action/detail/dds_fastrtps
[3.095s] -- Installing: /home/daeyun/Desktop/github repositories_Bigyuun/ros2_ws/install/msg_srv_action_interface_example/lib/libmsg_srv_action_interface_example__rosidl_typesupport_fastrtps_cpp.so
[3.095s] -- Set runtime path of "/home/daeyun/Desktop/github repositories_Bigyuun/ros2_ws/install/msg_srv_action_interface_example/lib/libmsg_srv_action_interface_example__rosidl_typesupport_fastrtps_cpp.so" to ""
[3.095s] -- Up-to-date: /home/daeyun/Desktop/github repositories_Bigyuun/ros2_ws/install/msg_srv_action_interface_example/include/msg_srv_action_interface_example/msg_srv_action_interface_example
[3.095s] -- Up-to-date: /home/daeyun/Desktop/github repositories_Bigyuun/ros2_ws/install/msg_srv_action_interface_example/include/msg_srv_action_interface_example/msg_srv_action_interface_example/srv
[3.095s] -- Up-to-date: /home/daeyun/Desktop/github repositories_Bigyuun/ros2_ws/install/msg_srv_action_interface_example/include/msg_srv_action_interface_example/msg_srv_action_interface_example/srv/detail
[3.095s] -- Installing: /home/daeyun/Desktop/github repositories_Bigyuun/ros2_ws/install/msg_srv_action_interface_example/include/msg_srv_action_interface_example/msg_srv_action_interface_example/srv/detail/arithmetic_operator__type_support.c
[3.095s] -- Installing: /home/daeyun/Desktop/github repositories_Bigyuun/ros2_ws/install/msg_srv_action_interface_example/include/msg_srv_action_interface_example/msg_srv_action_interface_example/srv/detail/arithmetic_operator__rosidl_typesupport_introspection_c.h
[3.095s] -- Up-to-date: /home/daeyun/Desktop/github repositories_Bigyuun/ros2_ws/install/msg_srv_action_interface_example/include/msg_srv_action_interface_example/msg_srv_action_interface_example/msg
[3.095s] -- Up-to-date: /home/daeyun/Desktop/github repositories_Bigyuun/ros2_ws/install/msg_srv_action_interface_example/include/msg_srv_action_interface_example/msg_srv_action_interface_example/msg/detail
[3.095s] -- Installing: /home/daeyun/Desktop/github repositories_Bigyuun/ros2_ws/install/msg_srv_action_interface_example/include/msg_srv_action_interface_example/msg_srv_action_interface_example/msg/detail/arithmetic_argument__type_support.c
[3.095s] -- Installing: /home/daeyun/Desktop/github repositories_Bigyuun/ros2_ws/install/msg_srv_action_interface_example/include/msg_srv_action_interface_example/msg_srv_action_interface_example/msg/detail/arithmetic_argument__rosidl_typesupport_introspection_c.h
[3.095s] -- Installing: /home/daeyun/Desktop/github repositories_Bigyuun/ros2_ws/install/msg_srv_action_interface_example/include/msg_srv_action_interface_example/msg_srv_action_interface_example/msg/rosidl_typesupport_introspection_c__visibility_control.h
[3.095s] -- Up-to-date: /home/daeyun/Desktop/github repositories_Bigyuun/ros2_ws/install/msg_srv_action_interface_example/include/msg_srv_action_interface_example/msg_srv_action_interface_example/action
[3.095s] -- Up-to-date: /home/daeyun/Desktop/github repositories_Bigyuun/ros2_ws/install/msg_srv_action_interface_example/include/msg_srv_action_interface_example/msg_srv_action_interface_example/action/detail
[3.095s] -- Installing: /home/daeyun/Desktop/github repositories_Bigyuun/ros2_ws/install/msg_srv_action_interface_example/include/msg_srv_action_interface_example/msg_srv_action_interface_example/action/detail/arithmetic_checker__rosidl_typesupport_introspection_c.h
[3.095s] -- Installing: /home/daeyun/Desktop/github repositories_Bigyuun/ros2_ws/install/msg_srv_action_interface_example/include/msg_srv_action_interface_example/msg_srv_action_interface_example/action/detail/arithmetic_checker__type_support.c
[3.095s] -- Installing: /home/daeyun/Desktop/github repositories_Bigyuun/ros2_ws/install/msg_srv_action_interface_example/lib/libmsg_srv_action_interface_example__rosidl_typesupport_introspection_c.so
[3.096s] -- Set runtime path of "/home/daeyun/Desktop/github repositories_Bigyuun/ros2_ws/install/msg_srv_action_interface_example/lib/libmsg_srv_action_interface_example__rosidl_typesupport_introspection_c.so" to ""
[3.096s] -- Installing: /home/daeyun/Desktop/github repositories_Bigyuun/ros2_ws/install/msg_srv_action_interface_example/lib/libmsg_srv_action_interface_example__rosidl_typesupport_c.so
[3.096s] -- Set runtime path of "/home/daeyun/Desktop/github repositories_Bigyuun/ros2_ws/install/msg_srv_action_interface_example/lib/libmsg_srv_action_interface_example__rosidl_typesupport_c.so" to ""
[3.096s] -- Up-to-date: /home/daeyun/Desktop/github repositories_Bigyuun/ros2_ws/install/msg_srv_action_interface_example/include/msg_srv_action_interface_example/msg_srv_action_interface_example
[3.096s] -- Up-to-date: /home/daeyun/Desktop/github repositories_Bigyuun/ros2_ws/install/msg_srv_action_interface_example/include/msg_srv_action_interface_example/msg_srv_action_interface_example/srv
[3.096s] -- Up-to-date: /home/daeyun/Desktop/github repositories_Bigyuun/ros2_ws/install/msg_srv_action_interface_example/include/msg_srv_action_interface_example/msg_srv_action_interface_example/srv/detail
[3.096s] -- Installing: /home/daeyun/Desktop/github repositories_Bigyuun/ros2_ws/install/msg_srv_action_interface_example/include/msg_srv_action_interface_example/msg_srv_action_interface_example/srv/detail/arithmetic_operator__type_support.cpp
[3.096s] -- Installing: /home/daeyun/Desktop/github repositories_Bigyuun/ros2_ws/install/msg_srv_action_interface_example/include/msg_srv_action_interface_example/msg_srv_action_interface_example/srv/detail/arithmetic_operator__rosidl_typesupport_introspection_cpp.hpp
[3.096s] -- Up-to-date: /home/daeyun/Desktop/github repositories_Bigyuun/ros2_ws/install/msg_srv_action_interface_example/include/msg_srv_action_interface_example/msg_srv_action_interface_example/msg
[3.096s] -- Up-to-date: /home/daeyun/Desktop/github repositories_Bigyuun/ros2_ws/install/msg_srv_action_interface_example/include/msg_srv_action_interface_example/msg_srv_action_interface_example/msg/detail
[3.096s] -- Installing: /home/daeyun/Desktop/github repositories_Bigyuun/ros2_ws/install/msg_srv_action_interface_example/include/msg_srv_action_interface_example/msg_srv_action_interface_example/msg/detail/arithmetic_argument__type_support.cpp
[3.096s] -- Installing: /home/daeyun/Desktop/github repositories_Bigyuun/ros2_ws/install/msg_srv_action_interface_example/include/msg_srv_action_interface_example/msg_srv_action_interface_example/msg/detail/arithmetic_argument__rosidl_typesupport_introspection_cpp.hpp
[3.096s] -- Up-to-date: /home/daeyun/Desktop/github repositories_Bigyuun/ros2_ws/install/msg_srv_action_interface_example/include/msg_srv_action_interface_example/msg_srv_action_interface_example/action
[3.096s] -- Up-to-date: /home/daeyun/Desktop/github repositories_Bigyuun/ros2_ws/install/msg_srv_action_interface_example/include/msg_srv_action_interface_example/msg_srv_action_interface_example/action/detail
[3.096s] -- Installing: /home/daeyun/Desktop/github repositories_Bigyuun/ros2_ws/install/msg_srv_action_interface_example/include/msg_srv_action_interface_example/msg_srv_action_interface_example/action/detail/arithmetic_checker__type_support.cpp
[3.096s] -- Installing: /home/daeyun/Desktop/github repositories_Bigyuun/ros2_ws/install/msg_srv_action_interface_example/include/msg_srv_action_interface_example/msg_srv_action_interface_example/action/detail/arithmetic_checker__rosidl_typesupport_introspection_cpp.hpp
[3.096s] -- Installing: /home/daeyun/Desktop/github repositories_Bigyuun/ros2_ws/install/msg_srv_action_interface_example/lib/libmsg_srv_action_interface_example__rosidl_typesupport_introspection_cpp.so
[3.096s] -- Set runtime path of "/home/daeyun/Desktop/github repositories_Bigyuun/ros2_ws/install/msg_srv_action_interface_example/lib/libmsg_srv_action_interface_example__rosidl_typesupport_introspection_cpp.so" to ""
[3.096s] -- Installing: /home/daeyun/Desktop/github repositories_Bigyuun/ros2_ws/install/msg_srv_action_interface_example/lib/libmsg_srv_action_interface_example__rosidl_typesupport_cpp.so
[3.096s] -- Set runtime path of "/home/daeyun/Desktop/github repositories_Bigyuun/ros2_ws/install/msg_srv_action_interface_example/lib/libmsg_srv_action_interface_example__rosidl_typesupport_cpp.so" to ""
[3.096s] -- Installing: /home/daeyun/Desktop/github repositories_Bigyuun/ros2_ws/install/msg_srv_action_interface_example/share/msg_srv_action_interface_example/environment/pythonpath.sh
[3.096s] -- Installing: /home/daeyun/Desktop/github repositories_Bigyuun/ros2_ws/install/msg_srv_action_interface_example/share/msg_srv_action_interface_example/environment/pythonpath.dsv
[3.096s] -- Installing: /home/daeyun/Desktop/github repositories_Bigyuun/ros2_ws/install/msg_srv_action_interface_example/local/lib/python3.10/dist-packages/msg_srv_action_interface_example-0.0.0-py3.10.egg-info
[3.097s] -- Installing: /home/daeyun/Desktop/github repositories_Bigyuun/ros2_ws/install/msg_srv_action_interface_example/local/lib/python3.10/dist-packages/msg_srv_action_interface_example-0.0.0-py3.10.egg-info/dependency_links.txt
[3.097s] -- Installing: /home/daeyun/Desktop/github repositories_Bigyuun/ros2_ws/install/msg_srv_action_interface_example/local/lib/python3.10/dist-packages/msg_srv_action_interface_example-0.0.0-py3.10.egg-info/SOURCES.txt
[3.097s] -- Installing: /home/daeyun/Desktop/github repositories_Bigyuun/ros2_ws/install/msg_srv_action_interface_example/local/lib/python3.10/dist-packages/msg_srv_action_interface_example-0.0.0-py3.10.egg-info/top_level.txt
[3.097s] -- Installing: /home/daeyun/Desktop/github repositories_Bigyuun/ros2_ws/install/msg_srv_action_interface_example/local/lib/python3.10/dist-packages/msg_srv_action_interface_example-0.0.0-py3.10.egg-info/PKG-INFO
[3.097s] -- Installing: /home/daeyun/Desktop/github repositories_Bigyuun/ros2_ws/install/msg_srv_action_interface_example/local/lib/python3.10/dist-packages/msg_srv_action_interface_example
[3.097s] -- Installing: /home/daeyun/Desktop/github repositories_Bigyuun/ros2_ws/install/msg_srv_action_interface_example/local/lib/python3.10/dist-packages/msg_srv_action_interface_example/msg_srv_action_interface_example_s__rosidl_typesupport_introspection_c.cpython-310-x86_64-linux-gnu.so
[3.097s] -- Installing: /home/daeyun/Desktop/github repositories_Bigyuun/ros2_ws/install/msg_srv_action_interface_example/local/lib/python3.10/dist-packages/msg_srv_action_interface_example/srv
[3.097s] -- Installing: /home/daeyun/Desktop/github repositories_Bigyuun/ros2_ws/install/msg_srv_action_interface_example/local/lib/python3.10/dist-packages/msg_srv_action_interface_example/srv/_arithmetic_operator.py
[3.097s] -- Installing: /home/daeyun/Desktop/github repositories_Bigyuun/ros2_ws/install/msg_srv_action_interface_example/local/lib/python3.10/dist-packages/msg_srv_action_interface_example/srv/_arithmetic_operator_s.c
[3.097s] -- Installing: /home/daeyun/Desktop/github repositories_Bigyuun/ros2_ws/install/msg_srv_action_interface_example/local/lib/python3.10/dist-packages/msg_srv_action_interface_example/srv/__init__.py
[3.097s] -- Installing: /home/daeyun/Desktop/github repositories_Bigyuun/ros2_ws/install/msg_srv_action_interface_example/local/lib/python3.10/dist-packages/msg_srv_action_interface_example/msg
[3.097s] -- Installing: /home/daeyun/Desktop/github repositories_Bigyuun/ros2_ws/install/msg_srv_action_interface_example/local/lib/python3.10/dist-packages/msg_srv_action_interface_example/msg/_arithmetic_argument.py
[3.097s] -- Installing: /home/daeyun/Desktop/github repositories_Bigyuun/ros2_ws/install/msg_srv_action_interface_example/local/lib/python3.10/dist-packages/msg_srv_action_interface_example/msg/__init__.py
[3.097s] -- Installing: /home/daeyun/Desktop/github repositories_Bigyuun/ros2_ws/install/msg_srv_action_interface_example/local/lib/python3.10/dist-packages/msg_srv_action_interface_example/msg/_arithmetic_argument_s.c
[3.097s] -- Installing: /home/daeyun/Desktop/github repositories_Bigyuun/ros2_ws/install/msg_srv_action_interface_example/local/lib/python3.10/dist-packages/msg_srv_action_interface_example/msg_srv_action_interface_example_s__rosidl_typesupport_fastrtps_c.cpython-310-x86_64-linux-gnu.so
[3.097s] -- Installing: /home/daeyun/Desktop/github repositories_Bigyuun/ros2_ws/install/msg_srv_action_interface_example/local/lib/python3.10/dist-packages/msg_srv_action_interface_example/msg_srv_action_interface_example_s__rosidl_typesupport_c.cpython-310-x86_64-linux-gnu.so
[3.097s] -- Installing: /home/daeyun/Desktop/github repositories_Bigyuun/ros2_ws/install/msg_srv_action_interface_example/local/lib/python3.10/dist-packages/msg_srv_action_interface_example/_msg_srv_action_interface_example_s.ep.rosidl_typesupport_c.c
[3.097s] -- Installing: /home/daeyun/Desktop/github repositories_Bigyuun/ros2_ws/install/msg_srv_action_interface_example/local/lib/python3.10/dist-packages/msg_srv_action_interface_example/__init__.py
[3.097s] -- Installing: /home/daeyun/Desktop/github repositories_Bigyuun/ros2_ws/install/msg_srv_action_interface_example/local/lib/python3.10/dist-packages/msg_srv_action_interface_example/_msg_srv_action_interface_example_s.ep.rosidl_typesupport_introspection_c.c
[3.097s] -- Installing: /home/daeyun/Desktop/github repositories_Bigyuun/ros2_ws/install/msg_srv_action_interface_example/local/lib/python3.10/dist-packages/msg_srv_action_interface_example/libmsg_srv_action_interface_example__rosidl_generator_py.so
[3.097s] -- Installing: /home/daeyun/Desktop/github repositories_Bigyuun/ros2_ws/install/msg_srv_action_interface_example/local/lib/python3.10/dist-packages/msg_srv_action_interface_example/action
[3.097s] -- Installing: /home/daeyun/Desktop/github repositories_Bigyuun/ros2_ws/install/msg_srv_action_interface_example/local/lib/python3.10/dist-packages/msg_srv_action_interface_example/action/_arithmetic_checker_s.c
[3.097s] -- Installing: /home/daeyun/Desktop/github repositories_Bigyuun/ros2_ws/install/msg_srv_action_interface_example/local/lib/python3.10/dist-packages/msg_srv_action_interface_example/action/_arithmetic_checker.py
[3.097s] -- Installing: /home/daeyun/Desktop/github repositories_Bigyuun/ros2_ws/install/msg_srv_action_interface_example/local/lib/python3.10/dist-packages/msg_srv_action_interface_example/action/__init__.py
[3.097s] -- Installing: /home/daeyun/Desktop/github repositories_Bigyuun/ros2_ws/install/msg_srv_action_interface_example/local/lib/python3.10/dist-packages/msg_srv_action_interface_example/_msg_srv_action_interface_example_s.ep.rosidl_typesupport_fastrtps_c.c
[3.131s] Listing '/home/daeyun/Desktop/github repositories_Bigyuun/ros2_ws/install/msg_srv_action_interface_example/local/lib/python3.10/dist-packages/msg_srv_action_interface_example'...
[3.131s] Compiling '/home/daeyun/Desktop/github repositories_Bigyuun/ros2_ws/install/msg_srv_action_interface_example/local/lib/python3.10/dist-packages/msg_srv_action_interface_example/__init__.py'...
[3.131s] Listing '/home/daeyun/Desktop/github repositories_Bigyuun/ros2_ws/install/msg_srv_action_interface_example/local/lib/python3.10/dist-packages/msg_srv_action_interface_example/action'...
[3.131s] Compiling '/home/daeyun/Desktop/github repositories_Bigyuun/ros2_ws/install/msg_srv_action_interface_example/local/lib/python3.10/dist-packages/msg_srv_action_interface_example/action/__init__.py'...
[3.131s] Compiling '/home/daeyun/Desktop/github repositories_Bigyuun/ros2_ws/install/msg_srv_action_interface_example/local/lib/python3.10/dist-packages/msg_srv_action_interface_example/action/_arithmetic_checker.py'...
[3.131s] Listing '/home/daeyun/Desktop/github repositories_Bigyuun/ros2_ws/install/msg_srv_action_interface_example/local/lib/python3.10/dist-packages/msg_srv_action_interface_example/msg'...
[3.131s] Compiling '/home/daeyun/Desktop/github repositories_Bigyuun/ros2_ws/install/msg_srv_action_interface_example/local/lib/python3.10/dist-packages/msg_srv_action_interface_example/msg/__init__.py'...
[3.131s] Compiling '/home/daeyun/Desktop/github repositories_Bigyuun/ros2_ws/install/msg_srv_action_interface_example/local/lib/python3.10/dist-packages/msg_srv_action_interface_example/msg/_arithmetic_argument.py'...
[3.131s] Listing '/home/daeyun/Desktop/github repositories_Bigyuun/ros2_ws/install/msg_srv_action_interface_example/local/lib/python3.10/dist-packages/msg_srv_action_interface_example/srv'...
[3.131s] Compiling '/home/daeyun/Desktop/github repositories_Bigyuun/ros2_ws/install/msg_srv_action_interface_example/local/lib/python3.10/dist-packages/msg_srv_action_interface_example/srv/__init__.py'...
[3.131s] Compiling '/home/daeyun/Desktop/github repositories_Bigyuun/ros2_ws/install/msg_srv_action_interface_example/local/lib/python3.10/dist-packages/msg_srv_action_interface_example/srv/_arithmetic_operator.py'...
[3.134s] -- Installing: /home/daeyun/Desktop/github repositories_Bigyuun/ros2_ws/install/msg_srv_action_interface_example/local/lib/python3.10/dist-packages/msg_srv_action_interface_example/msg_srv_action_interface_example_s__rosidl_typesupport_fastrtps_c.cpython-310-x86_64-linux-gnu.so
[3.134s] -- Set runtime path of "/home/daeyun/Desktop/github repositories_Bigyuun/ros2_ws/install/msg_srv_action_interface_example/local/lib/python3.10/dist-packages/msg_srv_action_interface_example/msg_srv_action_interface_example_s__rosidl_typesupport_fastrtps_c.cpython-310-x86_64-linux-gnu.so" to ""
[3.134s] -- Installing: /home/daeyun/Desktop/github repositories_Bigyuun/ros2_ws/install/msg_srv_action_interface_example/local/lib/python3.10/dist-packages/msg_srv_action_interface_example/msg_srv_action_interface_example_s__rosidl_typesupport_introspection_c.cpython-310-x86_64-linux-gnu.so
[3.134s] -- Set runtime path of "/home/daeyun/Desktop/github repositories_Bigyuun/ros2_ws/install/msg_srv_action_interface_example/local/lib/python3.10/dist-packages/msg_srv_action_interface_example/msg_srv_action_interface_example_s__rosidl_typesupport_introspection_c.cpython-310-x86_64-linux-gnu.so" to ""
[3.134s] -- Installing: /home/daeyun/Desktop/github repositories_Bigyuun/ros2_ws/install/msg_srv_action_interface_example/local/lib/python3.10/dist-packages/msg_srv_action_interface_example/msg_srv_action_interface_example_s__rosidl_typesupport_c.cpython-310-x86_64-linux-gnu.so
[3.134s] -- Set runtime path of "/home/daeyun/Desktop/github repositories_Bigyuun/ros2_ws/install/msg_srv_action_interface_example/local/lib/python3.10/dist-packages/msg_srv_action_interface_example/msg_srv_action_interface_example_s__rosidl_typesupport_c.cpython-310-x86_64-linux-gnu.so" to ""
[3.134s] -- Installing: /home/daeyun/Desktop/github repositories_Bigyuun/ros2_ws/install/msg_srv_action_interface_example/lib/libmsg_srv_action_interface_example__rosidl_generator_py.so
[3.134s] -- Set runtime path of "/home/daeyun/Desktop/github repositories_Bigyuun/ros2_ws/install/msg_srv_action_interface_example/lib/libmsg_srv_action_interface_example__rosidl_generator_py.so" to ""
[3.134s] -- Installing: /home/daeyun/Desktop/github repositories_Bigyuun/ros2_ws/install/msg_srv_action_interface_example/share/msg_srv_action_interface_example/msg/ArithmeticArgument.idl
[3.134s] -- Installing: /home/daeyun/Desktop/github repositories_Bigyuun/ros2_ws/install/msg_srv_action_interface_example/share/msg_srv_action_interface_example/srv/ArithmeticOperator.idl
[3.134s] -- Installing: /home/daeyun/Desktop/github repositories_Bigyuun/ros2_ws/install/msg_srv_action_interface_example/share/msg_srv_action_interface_example/action/ArithmeticChecker.idl
[3.134s] -- Installing: /home/daeyun/Desktop/github repositories_Bigyuun/ros2_ws/install/msg_srv_action_interface_example/share/msg_srv_action_interface_example/msg/ArithmeticArgument.msg
[3.134s] -- Installing: /home/daeyun/Desktop/github repositories_Bigyuun/ros2_ws/install/msg_srv_action_interface_example/share/msg_srv_action_interface_example/srv/ArithmeticOperator.srv
[3.134s] -- Installing: /home/daeyun/Desktop/github repositories_Bigyuun/ros2_ws/install/msg_srv_action_interface_example/share/msg_srv_action_interface_example/srv/ArithmeticOperator_Request.msg
[3.135s] -- Installing: /home/daeyun/Desktop/github repositories_Bigyuun/ros2_ws/install/msg_srv_action_interface_example/share/msg_srv_action_interface_example/srv/ArithmeticOperator_Response.msg
[3.135s] -- Installing: /home/daeyun/Desktop/github repositories_Bigyuun/ros2_ws/install/msg_srv_action_interface_example/share/msg_srv_action_interface_example/action/ArithmeticChecker.action
[3.135s] -- Installing: /home/daeyun/Desktop/github repositories_Bigyuun/ros2_ws/install/msg_srv_action_interface_example/share/ament_index/resource_index/package_run_dependencies/msg_srv_action_interface_example
[3.135s] -- Installing: /home/daeyun/Desktop/github repositories_Bigyuun/ros2_ws/install/msg_srv_action_interface_example/share/ament_index/resource_index/parent_prefix_path/msg_srv_action_interface_example
[3.135s] -- Installing: /home/daeyun/Desktop/github repositories_Bigyuun/ros2_ws/install/msg_srv_action_interface_example/share/msg_srv_action_interface_example/environment/ament_prefix_path.sh
[3.135s] -- Installing: /home/daeyun/Desktop/github repositories_Bigyuun/ros2_ws/install/msg_srv_action_interface_example/share/msg_srv_action_interface_example/environment/ament_prefix_path.dsv
[3.135s] -- Installing: /home/daeyun/Desktop/github repositories_Bigyuun/ros2_ws/install/msg_srv_action_interface_example/share/msg_srv_action_interface_example/environment/path.sh
[3.135s] -- Installing: /home/daeyun/Desktop/github repositories_Bigyuun/ros2_ws/install/msg_srv_action_interface_example/share/msg_srv_action_interface_example/environment/path.dsv
[3.135s] -- Installing: /home/daeyun/Desktop/github repositories_Bigyuun/ros2_ws/install/msg_srv_action_interface_example/share/msg_srv_action_interface_example/local_setup.bash
[3.135s] -- Installing: /home/daeyun/Desktop/github repositories_Bigyuun/ros2_ws/install/msg_srv_action_interface_example/share/msg_srv_action_interface_example/local_setup.sh
[3.135s] -- Installing: /home/daeyun/Desktop/github repositories_Bigyuun/ros2_ws/install/msg_srv_action_interface_example/share/msg_srv_action_interface_example/local_setup.zsh
[3.135s] -- Installing: /home/daeyun/Desktop/github repositories_Bigyuun/ros2_ws/install/msg_srv_action_interface_example/share/msg_srv_action_interface_example/local_setup.dsv
[3.135s] -- Installing: /home/daeyun/Desktop/github repositories_Bigyuun/ros2_ws/install/msg_srv_action_interface_example/share/msg_srv_action_interface_example/package.dsv
[3.135s] -- Installing: /home/daeyun/Desktop/github repositories_Bigyuun/ros2_ws/install/msg_srv_action_interface_example/share/ament_index/resource_index/packages/msg_srv_action_interface_example
[3.135s] -- Installing: /home/daeyun/Desktop/github repositories_Bigyuun/ros2_ws/install/msg_srv_action_interface_example/share/msg_srv_action_interface_example/cmake/export_msg_srv_action_interface_example__rosidl_generator_cExport.cmake
[3.135s] -- Installing: /home/daeyun/Desktop/github repositories_Bigyuun/ros2_ws/install/msg_srv_action_interface_example/share/msg_srv_action_interface_example/cmake/export_msg_srv_action_interface_example__rosidl_generator_cExport-noconfig.cmake
[3.135s] -- Installing: /home/daeyun/Desktop/github repositories_Bigyuun/ros2_ws/install/msg_srv_action_interface_example/share/msg_srv_action_interface_example/cmake/export_msg_srv_action_interface_example__rosidl_typesupport_fastrtps_cExport.cmake
[3.135s] -- Installing: /home/daeyun/Desktop/github repositories_Bigyuun/ros2_ws/install/msg_srv_action_interface_example/share/msg_srv_action_interface_example/cmake/export_msg_srv_action_interface_example__rosidl_typesupport_fastrtps_cExport-noconfig.cmake
[3.135s] -- Installing: /home/daeyun/Desktop/github repositories_Bigyuun/ros2_ws/install/msg_srv_action_interface_example/share/msg_srv_action_interface_example/cmake/export_msg_srv_action_interface_example__rosidl_generator_cppExport.cmake
[3.135s] -- Installing: /home/daeyun/Desktop/github repositories_Bigyuun/ros2_ws/install/msg_srv_action_interface_example/share/msg_srv_action_interface_example/cmake/export_msg_srv_action_interface_example__rosidl_typesupport_fastrtps_cppExport.cmake
[3.135s] -- Installing: /home/daeyun/Desktop/github repositories_Bigyuun/ros2_ws/install/msg_srv_action_interface_example/share/msg_srv_action_interface_example/cmake/export_msg_srv_action_interface_example__rosidl_typesupport_fastrtps_cppExport-noconfig.cmake
[3.135s] -- Installing: /home/daeyun/Desktop/github repositories_Bigyuun/ros2_ws/install/msg_srv_action_interface_example/share/msg_srv_action_interface_example/cmake/msg_srv_action_interface_example__rosidl_typesupport_introspection_cExport.cmake
[3.135s] -- Installing: /home/daeyun/Desktop/github repositories_Bigyuun/ros2_ws/install/msg_srv_action_interface_example/share/msg_srv_action_interface_example/cmake/msg_srv_action_interface_example__rosidl_typesupport_introspection_cExport-noconfig.cmake
[3.135s] -- Installing: /home/daeyun/Desktop/github repositories_Bigyuun/ros2_ws/install/msg_srv_action_interface_example/share/msg_srv_action_interface_example/cmake/msg_srv_action_interface_example__rosidl_typesupport_cExport.cmake
[3.135s] -- Installing: /home/daeyun/Desktop/github repositories_Bigyuun/ros2_ws/install/msg_srv_action_interface_example/share/msg_srv_action_interface_example/cmake/msg_srv_action_interface_example__rosidl_typesupport_cExport-noconfig.cmake
[3.135s] -- Installing: /home/daeyun/Desktop/github repositories_Bigyuun/ros2_ws/install/msg_srv_action_interface_example/share/msg_srv_action_interface_example/cmake/msg_srv_action_interface_example__rosidl_typesupport_introspection_cppExport.cmake
[3.136s] -- Installing: /home/daeyun/Desktop/github repositories_Bigyuun/ros2_ws/install/msg_srv_action_interface_example/share/msg_srv_action_interface_example/cmake/msg_srv_action_interface_example__rosidl_typesupport_introspection_cppExport-noconfig.cmake
[3.136s] -- Installing: /home/daeyun/Desktop/github repositories_Bigyuun/ros2_ws/install/msg_srv_action_interface_example/share/msg_srv_action_interface_example/cmake/msg_srv_action_interface_example__rosidl_typesupport_cppExport.cmake
[3.136s] -- Installing: /home/daeyun/Desktop/github repositories_Bigyuun/ros2_ws/install/msg_srv_action_interface_example/share/msg_srv_action_interface_example/cmake/msg_srv_action_interface_example__rosidl_typesupport_cppExport-noconfig.cmake
[3.136s] -- Installing: /home/daeyun/Desktop/github repositories_Bigyuun/ros2_ws/install/msg_srv_action_interface_example/share/msg_srv_action_interface_example/cmake/export_msg_srv_action_interface_example__rosidl_generator_pyExport.cmake
[3.136s] -- Installing: /home/daeyun/Desktop/github repositories_Bigyuun/ros2_ws/install/msg_srv_action_interface_example/share/msg_srv_action_interface_example/cmake/export_msg_srv_action_interface_example__rosidl_generator_pyExport-noconfig.cmake
[3.136s] -- Installing: /home/daeyun/Desktop/github repositories_Bigyuun/ros2_ws/install/msg_srv_action_interface_example/share/msg_srv_action_interface_example/cmake/rosidl_cmake-extras.cmake
[3.136s] -- Installing: /home/daeyun/Desktop/github repositories_Bigyuun/ros2_ws/install/msg_srv_action_interface_example/share/msg_srv_action_interface_example/cmake/ament_cmake_export_dependencies-extras.cmake
[3.136s] -- Installing: /home/daeyun/Desktop/github repositories_Bigyuun/ros2_ws/install/msg_srv_action_interface_example/share/msg_srv_action_interface_example/cmake/ament_cmake_export_include_directories-extras.cmake
[3.136s] -- Installing: /home/daeyun/Desktop/github repositories_Bigyuun/ros2_ws/install/msg_srv_action_interface_example/share/msg_srv_action_interface_example/cmake/ament_cmake_export_libraries-extras.cmake
[3.136s] -- Installing: /home/daeyun/Desktop/github repositories_Bigyuun/ros2_ws/install/msg_srv_action_interface_example/share/msg_srv_action_interface_example/cmake/ament_cmake_export_targets-extras.cmake
[3.136s] -- Installing: /home/daeyun/Desktop/github repositories_Bigyuun/ros2_ws/install/msg_srv_action_interface_example/share/msg_srv_action_interface_example/cmake/rosidl_cmake_export_typesupport_targets-extras.cmake
[3.136s] -- Installing: /home/daeyun/Desktop/github repositories_Bigyuun/ros2_ws/install/msg_srv_action_interface_example/share/msg_srv_action_interface_example/cmake/rosidl_cmake_export_typesupport_libraries-extras.cmake
[3.136s] -- Installing: /home/daeyun/Desktop/github repositories_Bigyuun/ros2_ws/install/msg_srv_action_interface_example/share/msg_srv_action_interface_example/cmake/msg_srv_action_interface_exampleConfig.cmake
[3.136s] -- Installing: /home/daeyun/Desktop/github repositories_Bigyuun/ros2_ws/install/msg_srv_action_interface_example/share/msg_srv_action_interface_example/cmake/msg_srv_action_interface_exampleConfig-version.cmake
[3.136s] -- Installing: /home/daeyun/Desktop/github repositories_Bigyuun/ros2_ws/install/msg_srv_action_interface_example/share/msg_srv_action_interface_example/package.xml
[3.138s] Invoked command in '/home/daeyun/Desktop/github repositories_Bigyuun/ros2_ws/build/msg_srv_action_interface_example' returned '0': CMAKE_PREFIX_PATH=${CMAKE_PREFIX_PATH}:/home/daeyun/ws_moveit2/install/moveit_configs_utils:/home/daeyun/ws_moveit2/install/launch_param_builder:/opt/ros/humble /usr/bin/cmake --install /home/daeyun/Desktop/github repositories_Bigyuun/ros2_ws/build/msg_srv_action_interface_example
