-- Found ament_cmake: 0.9.11 (/opt/ros/foxy/share/ament_cmake/cmake)
-- Using PYTHON_EXECUTABLE: /usr/bin/python3
-- Override CMake install command with custom implementation using symlinks instead of copying resources
-- Found msg_srv_action_interface_example: 0.0.0 (/home/bigyun/Desktop/github_repositories-Bigyuun/ros2_ws/install/msg_srv_action_interface_example/share/msg_srv_action_interface_example/cmake)
-- Using all available rosidl_typesupport_c: rosidl_typesupport_fastrtps_c;rosidl_typesupport_introspection_c
-- Found rosidl_adapter: 1.3.0 (/opt/ros/foxy/share/rosidl_adapter/cmake)
-- Using all available rosidl_typesupport_cpp: rosidl_typesupport_fastrtps_cpp;rosidl_typesupport_introspection_cpp
-- Found rclcpp: 2.4.2 (/opt/ros/foxy/share/rclcpp/cmake)
-- Found rmw_implementation_cmake: 1.0.4 (/opt/ros/foxy/share/rmw_implementation_cmake/cmake)
-- Using RMW implementation 'rmw_fastrtps_cpp' as default
-- Found rclcpp_action: 2.4.2 (/opt/ros/foxy/share/rclcpp_action/cmake)
-- Found ament_lint_auto: 0.9.8 (/opt/ros/foxy/share/ament_lint_auto/cmake)
-- Added test 'cppcheck' to perform static code analysis on C / C++ code
-- Configured cppcheck include dirs: /home/bigyun/Desktop/github_repositories-Bigyuun/ros2_ws/src/topic_service_action_rclcpp_example/include
-- Configured cppcheck exclude dirs and/or files: 
-- Added test 'lint_cmake' to check CMake code style
-- Added test 'uncrustify' to check C / C++ code style
-- Configured uncrustify additional arguments: 
-- Added test 'xmllint' to check XML markup files
-- Configuring done
-- Generating done
-- Build files have been written to: /home/bigyun/Desktop/github_repositories-Bigyuun/ros2_ws/build/topic_service_action_rclcpp_example
-- Install configuration: ""
-- Execute custom install script
-- Symlinking: /home/bigyun/Desktop/github_repositories-Bigyuun/ros2_ws/install/topic_service_action_rclcpp_example/share/ament_index/resource_index/package_run_dependencies/topic_service_action_rclcpp_example
-- Symlinking: /home/bigyun/Desktop/github_repositories-Bigyuun/ros2_ws/install/topic_service_action_rclcpp_example/share/ament_index/resource_index/parent_prefix_path/topic_service_action_rclcpp_example
-- Symlinking: /home/bigyun/Desktop/github_repositories-Bigyuun/ros2_ws/install/topic_service_action_rclcpp_example/share/topic_service_action_rclcpp_example/environment/ament_prefix_path.sh
-- Symlinking: /home/bigyun/Desktop/github_repositories-Bigyuun/ros2_ws/install/topic_service_action_rclcpp_example/share/topic_service_action_rclcpp_example/environment/ament_prefix_path.dsv
-- Symlinking: /home/bigyun/Desktop/github_repositories-Bigyuun/ros2_ws/install/topic_service_action_rclcpp_example/share/topic_service_action_rclcpp_example/environment/path.sh
-- Symlinking: /home/bigyun/Desktop/github_repositories-Bigyuun/ros2_ws/install/topic_service_action_rclcpp_example/share/topic_service_action_rclcpp_example/environment/path.dsv
-- Symlinking: /home/bigyun/Desktop/github_repositories-Bigyuun/ros2_ws/install/topic_service_action_rclcpp_example/share/topic_service_action_rclcpp_example/local_setup.bash
-- Symlinking: /home/bigyun/Desktop/github_repositories-Bigyuun/ros2_ws/install/topic_service_action_rclcpp_example/share/topic_service_action_rclcpp_example/local_setup.sh
-- Symlinking: /home/bigyun/Desktop/github_repositories-Bigyuun/ros2_ws/install/topic_service_action_rclcpp_example/share/topic_service_action_rclcpp_example/local_setup.zsh
-- Symlinking: /home/bigyun/Desktop/github_repositories-Bigyuun/ros2_ws/install/topic_service_action_rclcpp_example/share/topic_service_action_rclcpp_example/local_setup.dsv
-- Symlinking: /home/bigyun/Desktop/github_repositories-Bigyuun/ros2_ws/install/topic_service_action_rclcpp_example/share/topic_service_action_rclcpp_example/package.dsv
-- Symlinking: /home/bigyun/Desktop/github_repositories-Bigyuun/ros2_ws/install/topic_service_action_rclcpp_example/share/ament_index/resource_index/packages/topic_service_action_rclcpp_example
-- Symlinking: /home/bigyun/Desktop/github_repositories-Bigyuun/ros2_ws/install/topic_service_action_rclcpp_example/share/topic_service_action_rclcpp_example/cmake/topic_service_action_rclcpp_exampleConfig.cmake
-- Symlinking: /home/bigyun/Desktop/github_repositories-Bigyuun/ros2_ws/install/topic_service_action_rclcpp_example/share/topic_service_action_rclcpp_example/cmake/topic_service_action_rclcpp_exampleConfig-version.cmake
-- Symlinking: /home/bigyun/Desktop/github_repositories-Bigyuun/ros2_ws/install/topic_service_action_rclcpp_example/share/topic_service_action_rclcpp_example/package.xml
