[0.020s] Invoking command in '/home/daeyun/Desktop/github repositories_Bigyuun/ros2_ws/build/action_tutorials_interfaces': CMAKE_PREFIX_PATH=${CMAKE_PREFIX_PATH}:/home/daeyun/ws_moveit2/install/moveit_configs_utils:/home/daeyun/ws_moveit2/install/launch_param_builder:/opt/ros/humble /usr/bin/cmake --build /home/daeyun/Desktop/github repositories_Bigyuun/ros2_ws/build/action_tutorials_interfaces -- -j20 -l20
[0.055s] [  3%] Built target action_tutorials_interfaces__cpp
[0.058s] [ 12%] Built target action_tutorials_interfaces__rosidl_generator_c
[0.063s] [ 12%] Built target ament_cmake_python_copy_action_tutorials_interfaces
[0.075s] [ 22%] Built target action_tutorials_interfaces__rosidl_typesupport_cpp
[0.076s] [ 32%] Built target action_tutorials_interfaces__rosidl_typesupport_introspection_cpp
[0.078s] [ 41%] Built target action_tutorials_interfaces__rosidl_typesupport_fastrtps_cpp
[0.078s] [ 51%] Built target action_tutorials_interfaces__rosidl_typesupport_c
[0.080s] [ 61%] Built target action_tutorials_interfaces__rosidl_typesupport_introspection_c
[0.081s] [ 70%] Built target action_tutorials_interfaces__rosidl_typesupport_fastrtps_c
[0.096s] [ 70%] Built target action_tutorials_interfaces
[0.111s] [ 74%] Built target action_tutorials_interfaces__py
[0.127s] [ 80%] Built target action_tutorials_interfaces__rosidl_generator_py
[0.145s] [ 93%] Built target action_tutorials_interfaces__rosidl_typesupport_c__pyext
[0.145s] [ 93%] Built target action_tutorials_interfaces__rosidl_typesupport_introspection_c__pyext
[0.147s] [100%] Built target action_tutorials_interfaces__rosidl_typesupport_fastrtps_c__pyext
[0.204s] running egg_info
[0.205s] writing action_tutorials_interfaces.egg-info/PKG-INFO
[0.205s] writing dependency_links to action_tutorials_interfaces.egg-info/dependency_links.txt
[0.205s] writing top-level names to action_tutorials_interfaces.egg-info/top_level.txt
[0.206s] reading manifest file 'action_tutorials_interfaces.egg-info/SOURCES.txt'
[0.206s] writing manifest file 'action_tutorials_interfaces.egg-info/SOURCES.txt'
[0.222s] [100%] Built target ament_cmake_python_build_action_tutorials_interfaces_egg
[0.231s] Invoked command in '/home/daeyun/Desktop/github repositories_Bigyuun/ros2_ws/build/action_tutorials_interfaces' returned '0': CMAKE_PREFIX_PATH=${CMAKE_PREFIX_PATH}:/home/daeyun/ws_moveit2/install/moveit_configs_utils:/home/daeyun/ws_moveit2/install/launch_param_builder:/opt/ros/humble /usr/bin/cmake --build /home/daeyun/Desktop/github repositories_Bigyuun/ros2_ws/build/action_tutorials_interfaces -- -j20 -l20
[0.283s] Invoking command in '/home/daeyun/Desktop/github repositories_Bigyuun/ros2_ws/build/action_tutorials_interfaces': CMAKE_PREFIX_PATH=${CMAKE_PREFIX_PATH}:/home/daeyun/ws_moveit2/install/moveit_configs_utils:/home/daeyun/ws_moveit2/install/launch_param_builder:/opt/ros/humble /usr/bin/cmake --install /home/daeyun/Desktop/github repositories_Bigyuun/ros2_ws/build/action_tutorials_interfaces
[0.289s] -- Install configuration: ""
[0.289s] -- Up-to-date: /home/daeyun/Desktop/github repositories_Bigyuun/ros2_ws/install/action_tutorials_interfaces/share/ament_index/resource_index/rosidl_interfaces/action_tutorials_interfaces
[0.289s] -- Up-to-date: /home/daeyun/Desktop/github repositories_Bigyuun/ros2_ws/install/action_tutorials_interfaces/include/action_tutorials_interfaces/action_tutorials_interfaces
[0.289s] -- Up-to-date: /home/daeyun/Desktop/github repositories_Bigyuun/ros2_ws/install/action_tutorials_interfaces/include/action_tutorials_interfaces/action_tutorials_interfaces/msg
[0.289s] -- Up-to-date: /home/daeyun/Desktop/github repositories_Bigyuun/ros2_ws/install/action_tutorials_interfaces/include/action_tutorials_interfaces/action_tutorials_interfaces/msg/rosidl_generator_c__visibility_control.h
[0.289s] -- Up-to-date: /home/daeyun/Desktop/github repositories_Bigyuun/ros2_ws/install/action_tutorials_interfaces/include/action_tutorials_interfaces/action_tutorials_interfaces/action
[0.289s] -- Up-to-date: /home/daeyun/Desktop/github repositories_Bigyuun/ros2_ws/install/action_tutorials_interfaces/include/action_tutorials_interfaces/action_tutorials_interfaces/action/detail
[0.289s] -- Up-to-date: /home/daeyun/Desktop/github repositories_Bigyuun/ros2_ws/install/action_tutorials_interfaces/include/action_tutorials_interfaces/action_tutorials_interfaces/action/detail/fibonacci__type_support.h
[0.290s] -- Up-to-date: /home/daeyun/Desktop/github repositories_Bigyuun/ros2_ws/install/action_tutorials_interfaces/include/action_tutorials_interfaces/action_tutorials_interfaces/action/detail/fibonacci__functions.c
[0.290s] -- Up-to-date: /home/daeyun/Desktop/github repositories_Bigyuun/ros2_ws/install/action_tutorials_interfaces/include/action_tutorials_interfaces/action_tutorials_interfaces/action/detail/fibonacci__functions.h
[0.290s] -- Up-to-date: /home/daeyun/Desktop/github repositories_Bigyuun/ros2_ws/install/action_tutorials_interfaces/include/action_tutorials_interfaces/action_tutorials_interfaces/action/detail/fibonacci__struct.h
[0.290s] -- Up-to-date: /home/daeyun/Desktop/github repositories_Bigyuun/ros2_ws/install/action_tutorials_interfaces/include/action_tutorials_interfaces/action_tutorials_interfaces/action/fibonacci.h
[0.290s] -- Up-to-date: /home/daeyun/Desktop/github repositories_Bigyuun/ros2_ws/install/action_tutorials_interfaces/share/action_tutorials_interfaces/environment/library_path.sh
[0.290s] -- Up-to-date: /home/daeyun/Desktop/github repositories_Bigyuun/ros2_ws/install/action_tutorials_interfaces/share/action_tutorials_interfaces/environment/library_path.dsv
[0.290s] -- Up-to-date: /home/daeyun/Desktop/github repositories_Bigyuun/ros2_ws/install/action_tutorials_interfaces/lib/libaction_tutorials_interfaces__rosidl_generator_c.so
[0.290s] -- Up-to-date: /home/daeyun/Desktop/github repositories_Bigyuun/ros2_ws/install/action_tutorials_interfaces/include/action_tutorials_interfaces/action_tutorials_interfaces
[0.290s] -- Up-to-date: /home/daeyun/Desktop/github repositories_Bigyuun/ros2_ws/install/action_tutorials_interfaces/include/action_tutorials_interfaces/action_tutorials_interfaces/msg
[0.290s] -- Up-to-date: /home/daeyun/Desktop/github repositories_Bigyuun/ros2_ws/install/action_tutorials_interfaces/include/action_tutorials_interfaces/action_tutorials_interfaces/msg/rosidl_typesupport_fastrtps_c__visibility_control.h
[0.290s] -- Up-to-date: /home/daeyun/Desktop/github repositories_Bigyuun/ros2_ws/install/action_tutorials_interfaces/include/action_tutorials_interfaces/action_tutorials_interfaces/action
[0.290s] -- Up-to-date: /home/daeyun/Desktop/github repositories_Bigyuun/ros2_ws/install/action_tutorials_interfaces/include/action_tutorials_interfaces/action_tutorials_interfaces/action/detail
[0.290s] -- Up-to-date: /home/daeyun/Desktop/github repositories_Bigyuun/ros2_ws/install/action_tutorials_interfaces/include/action_tutorials_interfaces/action_tutorials_interfaces/action/detail/fibonacci__rosidl_typesupport_fastrtps_c.h
[0.291s] -- Up-to-date: /home/daeyun/Desktop/github repositories_Bigyuun/ros2_ws/install/action_tutorials_interfaces/lib/libaction_tutorials_interfaces__rosidl_typesupport_fastrtps_c.so
[0.291s] -- Up-to-date: /home/daeyun/Desktop/github repositories_Bigyuun/ros2_ws/install/action_tutorials_interfaces/include/action_tutorials_interfaces/action_tutorials_interfaces
[0.291s] -- Up-to-date: /home/daeyun/Desktop/github repositories_Bigyuun/ros2_ws/install/action_tutorials_interfaces/include/action_tutorials_interfaces/action_tutorials_interfaces/action
[0.291s] -- Up-to-date: /home/daeyun/Desktop/github repositories_Bigyuun/ros2_ws/install/action_tutorials_interfaces/include/action_tutorials_interfaces/action_tutorials_interfaces/action/detail
[0.291s] -- Up-to-date: /home/daeyun/Desktop/github repositories_Bigyuun/ros2_ws/install/action_tutorials_interfaces/include/action_tutorials_interfaces/action_tutorials_interfaces/action/detail/fibonacci__builder.hpp
[0.291s] -- Up-to-date: /home/daeyun/Desktop/github repositories_Bigyuun/ros2_ws/install/action_tutorials_interfaces/include/action_tutorials_interfaces/action_tutorials_interfaces/action/detail/fibonacci__struct.hpp
[0.291s] -- Up-to-date: /home/daeyun/Desktop/github repositories_Bigyuun/ros2_ws/install/action_tutorials_interfaces/include/action_tutorials_interfaces/action_tutorials_interfaces/action/detail/fibonacci__traits.hpp
[0.291s] -- Up-to-date: /home/daeyun/Desktop/github repositories_Bigyuun/ros2_ws/install/action_tutorials_interfaces/include/action_tutorials_interfaces/action_tutorials_interfaces/action/fibonacci.hpp
[0.291s] -- Up-to-date: /home/daeyun/Desktop/github repositories_Bigyuun/ros2_ws/install/action_tutorials_interfaces/include/action_tutorials_interfaces/action_tutorials_interfaces
[0.291s] -- Up-to-date: /home/daeyun/Desktop/github repositories_Bigyuun/ros2_ws/install/action_tutorials_interfaces/include/action_tutorials_interfaces/action_tutorials_interfaces/msg
[0.291s] -- Up-to-date: /home/daeyun/Desktop/github repositories_Bigyuun/ros2_ws/install/action_tutorials_interfaces/include/action_tutorials_interfaces/action_tutorials_interfaces/msg/rosidl_typesupport_fastrtps_cpp__visibility_control.h
[0.291s] -- Up-to-date: /home/daeyun/Desktop/github repositories_Bigyuun/ros2_ws/install/action_tutorials_interfaces/include/action_tutorials_interfaces/action_tutorials_interfaces/action
[0.291s] -- Up-to-date: /home/daeyun/Desktop/github repositories_Bigyuun/ros2_ws/install/action_tutorials_interfaces/include/action_tutorials_interfaces/action_tutorials_interfaces/action/detail
[0.291s] -- Up-to-date: /home/daeyun/Desktop/github repositories_Bigyuun/ros2_ws/install/action_tutorials_interfaces/include/action_tutorials_interfaces/action_tutorials_interfaces/action/detail/fibonacci__rosidl_typesupport_fastrtps_cpp.hpp
[0.291s] -- Up-to-date: /home/daeyun/Desktop/github repositories_Bigyuun/ros2_ws/install/action_tutorials_interfaces/include/action_tutorials_interfaces/action_tutorials_interfaces/action/detail/dds_fastrtps
[0.291s] -- Up-to-date: /home/daeyun/Desktop/github repositories_Bigyuun/ros2_ws/install/action_tutorials_interfaces/lib/libaction_tutorials_interfaces__rosidl_typesupport_fastrtps_cpp.so
[0.291s] -- Up-to-date: /home/daeyun/Desktop/github repositories_Bigyuun/ros2_ws/install/action_tutorials_interfaces/include/action_tutorials_interfaces/action_tutorials_interfaces
[0.291s] -- Up-to-date: /home/daeyun/Desktop/github repositories_Bigyuun/ros2_ws/install/action_tutorials_interfaces/include/action_tutorials_interfaces/action_tutorials_interfaces/msg
[0.291s] -- Up-to-date: /home/daeyun/Desktop/github repositories_Bigyuun/ros2_ws/install/action_tutorials_interfaces/include/action_tutorials_interfaces/action_tutorials_interfaces/msg/rosidl_typesupport_introspection_c__visibility_control.h
[0.291s] -- Up-to-date: /home/daeyun/Desktop/github repositories_Bigyuun/ros2_ws/install/action_tutorials_interfaces/include/action_tutorials_interfaces/action_tutorials_interfaces/action
[0.291s] -- Up-to-date: /home/daeyun/Desktop/github repositories_Bigyuun/ros2_ws/install/action_tutorials_interfaces/include/action_tutorials_interfaces/action_tutorials_interfaces/action/detail
[0.291s] -- Up-to-date: /home/daeyun/Desktop/github repositories_Bigyuun/ros2_ws/install/action_tutorials_interfaces/include/action_tutorials_interfaces/action_tutorials_interfaces/action/detail/fibonacci__rosidl_typesupport_introspection_c.h
[0.291s] -- Up-to-date: /home/daeyun/Desktop/github repositories_Bigyuun/ros2_ws/install/action_tutorials_interfaces/include/action_tutorials_interfaces/action_tutorials_interfaces/action/detail/fibonacci__type_support.c
[0.291s] -- Up-to-date: /home/daeyun/Desktop/github repositories_Bigyuun/ros2_ws/install/action_tutorials_interfaces/lib/libaction_tutorials_interfaces__rosidl_typesupport_introspection_c.so
[0.291s] -- Up-to-date: /home/daeyun/Desktop/github repositories_Bigyuun/ros2_ws/install/action_tutorials_interfaces/lib/libaction_tutorials_interfaces__rosidl_typesupport_c.so
[0.291s] -- Up-to-date: /home/daeyun/Desktop/github repositories_Bigyuun/ros2_ws/install/action_tutorials_interfaces/include/action_tutorials_interfaces/action_tutorials_interfaces
[0.292s] -- Up-to-date: /home/daeyun/Desktop/github repositories_Bigyuun/ros2_ws/install/action_tutorials_interfaces/include/action_tutorials_interfaces/action_tutorials_interfaces/action
[0.292s] -- Up-to-date: /home/daeyun/Desktop/github repositories_Bigyuun/ros2_ws/install/action_tutorials_interfaces/include/action_tutorials_interfaces/action_tutorials_interfaces/action/detail
[0.292s] -- Up-to-date: /home/daeyun/Desktop/github repositories_Bigyuun/ros2_ws/install/action_tutorials_interfaces/include/action_tutorials_interfaces/action_tutorials_interfaces/action/detail/fibonacci__type_support.cpp
[0.292s] -- Up-to-date: /home/daeyun/Desktop/github repositories_Bigyuun/ros2_ws/install/action_tutorials_interfaces/include/action_tutorials_interfaces/action_tutorials_interfaces/action/detail/fibonacci__rosidl_typesupport_introspection_cpp.hpp
[0.292s] -- Up-to-date: /home/daeyun/Desktop/github repositories_Bigyuun/ros2_ws/install/action_tutorials_interfaces/lib/libaction_tutorials_interfaces__rosidl_typesupport_introspection_cpp.so
[0.292s] -- Up-to-date: /home/daeyun/Desktop/github repositories_Bigyuun/ros2_ws/install/action_tutorials_interfaces/lib/libaction_tutorials_interfaces__rosidl_typesupport_cpp.so
[0.292s] -- Up-to-date: /home/daeyun/Desktop/github repositories_Bigyuun/ros2_ws/install/action_tutorials_interfaces/share/action_tutorials_interfaces/environment/pythonpath.sh
[0.292s] -- Up-to-date: /home/daeyun/Desktop/github repositories_Bigyuun/ros2_ws/install/action_tutorials_interfaces/share/action_tutorials_interfaces/environment/pythonpath.dsv
[0.292s] -- Up-to-date: /home/daeyun/Desktop/github repositories_Bigyuun/ros2_ws/install/action_tutorials_interfaces/local/lib/python3.10/dist-packages/action_tutorials_interfaces-0.0.0-py3.10.egg-info
[0.292s] -- Installing: /home/daeyun/Desktop/github repositories_Bigyuun/ros2_ws/install/action_tutorials_interfaces/local/lib/python3.10/dist-packages/action_tutorials_interfaces-0.0.0-py3.10.egg-info/dependency_links.txt
[0.292s] -- Installing: /home/daeyun/Desktop/github repositories_Bigyuun/ros2_ws/install/action_tutorials_interfaces/local/lib/python3.10/dist-packages/action_tutorials_interfaces-0.0.0-py3.10.egg-info/SOURCES.txt
[0.292s] -- Installing: /home/daeyun/Desktop/github repositories_Bigyuun/ros2_ws/install/action_tutorials_interfaces/local/lib/python3.10/dist-packages/action_tutorials_interfaces-0.0.0-py3.10.egg-info/top_level.txt
[0.292s] -- Installing: /home/daeyun/Desktop/github repositories_Bigyuun/ros2_ws/install/action_tutorials_interfaces/local/lib/python3.10/dist-packages/action_tutorials_interfaces-0.0.0-py3.10.egg-info/PKG-INFO
[0.292s] -- Up-to-date: /home/daeyun/Desktop/github repositories_Bigyuun/ros2_ws/install/action_tutorials_interfaces/local/lib/python3.10/dist-packages/action_tutorials_interfaces
[0.292s] -- Up-to-date: /home/daeyun/Desktop/github repositories_Bigyuun/ros2_ws/install/action_tutorials_interfaces/local/lib/python3.10/dist-packages/action_tutorials_interfaces/_action_tutorials_interfaces_s.ep.rosidl_typesupport_fastrtps_c.c
[0.292s] -- Up-to-date: /home/daeyun/Desktop/github repositories_Bigyuun/ros2_ws/install/action_tutorials_interfaces/local/lib/python3.10/dist-packages/action_tutorials_interfaces/action_tutorials_interfaces_s__rosidl_typesupport_c.cpython-310-x86_64-linux-gnu.so
[0.292s] -- Up-to-date: /home/daeyun/Desktop/github repositories_Bigyuun/ros2_ws/install/action_tutorials_interfaces/local/lib/python3.10/dist-packages/action_tutorials_interfaces/_action_tutorials_interfaces_s.ep.rosidl_typesupport_introspection_c.c
[0.292s] -- Up-to-date: /home/daeyun/Desktop/github repositories_Bigyuun/ros2_ws/install/action_tutorials_interfaces/local/lib/python3.10/dist-packages/action_tutorials_interfaces/action_tutorials_interfaces_s__rosidl_typesupport_introspection_c.cpython-310-x86_64-linux-gnu.so
[0.292s] -- Up-to-date: /home/daeyun/Desktop/github repositories_Bigyuun/ros2_ws/install/action_tutorials_interfaces/local/lib/python3.10/dist-packages/action_tutorials_interfaces/action_tutorials_interfaces_s__rosidl_typesupport_fastrtps_c.cpython-310-x86_64-linux-gnu.so
[0.292s] -- Up-to-date: /home/daeyun/Desktop/github repositories_Bigyuun/ros2_ws/install/action_tutorials_interfaces/local/lib/python3.10/dist-packages/action_tutorials_interfaces/_action_tutorials_interfaces_s.ep.rosidl_typesupport_c.c
[0.292s] -- Up-to-date: /home/daeyun/Desktop/github repositories_Bigyuun/ros2_ws/install/action_tutorials_interfaces/local/lib/python3.10/dist-packages/action_tutorials_interfaces/libaction_tutorials_interfaces__rosidl_generator_py.so
[0.292s] -- Up-to-date: /home/daeyun/Desktop/github repositories_Bigyuun/ros2_ws/install/action_tutorials_interfaces/local/lib/python3.10/dist-packages/action_tutorials_interfaces/__init__.py
[0.292s] -- Up-to-date: /home/daeyun/Desktop/github repositories_Bigyuun/ros2_ws/install/action_tutorials_interfaces/local/lib/python3.10/dist-packages/action_tutorials_interfaces/action
[0.292s] -- Up-to-date: /home/daeyun/Desktop/github repositories_Bigyuun/ros2_ws/install/action_tutorials_interfaces/local/lib/python3.10/dist-packages/action_tutorials_interfaces/action/_fibonacci.py
[0.292s] -- Up-to-date: /home/daeyun/Desktop/github repositories_Bigyuun/ros2_ws/install/action_tutorials_interfaces/local/lib/python3.10/dist-packages/action_tutorials_interfaces/action/_fibonacci_s.c
[0.292s] -- Up-to-date: /home/daeyun/Desktop/github repositories_Bigyuun/ros2_ws/install/action_tutorials_interfaces/local/lib/python3.10/dist-packages/action_tutorials_interfaces/action/__init__.py
[0.309s] Listing '/home/daeyun/Desktop/github repositories_Bigyuun/ros2_ws/install/action_tutorials_interfaces/local/lib/python3.10/dist-packages/action_tutorials_interfaces'...
[0.310s] Listing '/home/daeyun/Desktop/github repositories_Bigyuun/ros2_ws/install/action_tutorials_interfaces/local/lib/python3.10/dist-packages/action_tutorials_interfaces/action'...
[0.312s] -- Up-to-date: /home/daeyun/Desktop/github repositories_Bigyuun/ros2_ws/install/action_tutorials_interfaces/local/lib/python3.10/dist-packages/action_tutorials_interfaces/action_tutorials_interfaces_s__rosidl_typesupport_fastrtps_c.cpython-310-x86_64-linux-gnu.so
[0.312s] -- Up-to-date: /home/daeyun/Desktop/github repositories_Bigyuun/ros2_ws/install/action_tutorials_interfaces/local/lib/python3.10/dist-packages/action_tutorials_interfaces/action_tutorials_interfaces_s__rosidl_typesupport_introspection_c.cpython-310-x86_64-linux-gnu.so
[0.312s] -- Up-to-date: /home/daeyun/Desktop/github repositories_Bigyuun/ros2_ws/install/action_tutorials_interfaces/local/lib/python3.10/dist-packages/action_tutorials_interfaces/action_tutorials_interfaces_s__rosidl_typesupport_c.cpython-310-x86_64-linux-gnu.so
[0.313s] -- Up-to-date: /home/daeyun/Desktop/github repositories_Bigyuun/ros2_ws/install/action_tutorials_interfaces/lib/libaction_tutorials_interfaces__rosidl_generator_py.so
[0.313s] -- Up-to-date: /home/daeyun/Desktop/github repositories_Bigyuun/ros2_ws/install/action_tutorials_interfaces/share/action_tutorials_interfaces/action/Fibonacci.idl
[0.313s] -- Up-to-date: /home/daeyun/Desktop/github repositories_Bigyuun/ros2_ws/install/action_tutorials_interfaces/share/action_tutorials_interfaces/action/Fibonacci.action
[0.313s] -- Up-to-date: /home/daeyun/Desktop/github repositories_Bigyuun/ros2_ws/install/action_tutorials_interfaces/share/ament_index/resource_index/package_run_dependencies/action_tutorials_interfaces
[0.313s] -- Up-to-date: /home/daeyun/Desktop/github repositories_Bigyuun/ros2_ws/install/action_tutorials_interfaces/share/ament_index/resource_index/parent_prefix_path/action_tutorials_interfaces
[0.313s] -- Up-to-date: /home/daeyun/Desktop/github repositories_Bigyuun/ros2_ws/install/action_tutorials_interfaces/share/action_tutorials_interfaces/environment/ament_prefix_path.sh
[0.313s] -- Up-to-date: /home/daeyun/Desktop/github repositories_Bigyuun/ros2_ws/install/action_tutorials_interfaces/share/action_tutorials_interfaces/environment/ament_prefix_path.dsv
[0.313s] -- Up-to-date: /home/daeyun/Desktop/github repositories_Bigyuun/ros2_ws/install/action_tutorials_interfaces/share/action_tutorials_interfaces/environment/path.sh
[0.313s] -- Up-to-date: /home/daeyun/Desktop/github repositories_Bigyuun/ros2_ws/install/action_tutorials_interfaces/share/action_tutorials_interfaces/environment/path.dsv
[0.313s] -- Up-to-date: /home/daeyun/Desktop/github repositories_Bigyuun/ros2_ws/install/action_tutorials_interfaces/share/action_tutorials_interfaces/local_setup.bash
[0.313s] -- Up-to-date: /home/daeyun/Desktop/github repositories_Bigyuun/ros2_ws/install/action_tutorials_interfaces/share/action_tutorials_interfaces/local_setup.sh
[0.313s] -- Up-to-date: /home/daeyun/Desktop/github repositories_Bigyuun/ros2_ws/install/action_tutorials_interfaces/share/action_tutorials_interfaces/local_setup.zsh
[0.313s] -- Up-to-date: /home/daeyun/Desktop/github repositories_Bigyuun/ros2_ws/install/action_tutorials_interfaces/share/action_tutorials_interfaces/local_setup.dsv
[0.314s] -- Installing: /home/daeyun/Desktop/github repositories_Bigyuun/ros2_ws/install/action_tutorials_interfaces/share/action_tutorials_interfaces/package.dsv
[0.314s] -- Up-to-date: /home/daeyun/Desktop/github repositories_Bigyuun/ros2_ws/install/action_tutorials_interfaces/share/ament_index/resource_index/packages/action_tutorials_interfaces
[0.314s] -- Up-to-date: /home/daeyun/Desktop/github repositories_Bigyuun/ros2_ws/install/action_tutorials_interfaces/share/action_tutorials_interfaces/cmake/export_action_tutorials_interfaces__rosidl_generator_cExport.cmake
[0.314s] -- Up-to-date: /home/daeyun/Desktop/github repositories_Bigyuun/ros2_ws/install/action_tutorials_interfaces/share/action_tutorials_interfaces/cmake/export_action_tutorials_interfaces__rosidl_generator_cExport-noconfig.cmake
[0.314s] -- Up-to-date: /home/daeyun/Desktop/github repositories_Bigyuun/ros2_ws/install/action_tutorials_interfaces/share/action_tutorials_interfaces/cmake/export_action_tutorials_interfaces__rosidl_typesupport_fastrtps_cExport.cmake
[0.314s] -- Up-to-date: /home/daeyun/Desktop/github repositories_Bigyuun/ros2_ws/install/action_tutorials_interfaces/share/action_tutorials_interfaces/cmake/export_action_tutorials_interfaces__rosidl_typesupport_fastrtps_cExport-noconfig.cmake
[0.314s] -- Up-to-date: /home/daeyun/Desktop/github repositories_Bigyuun/ros2_ws/install/action_tutorials_interfaces/share/action_tutorials_interfaces/cmake/export_action_tutorials_interfaces__rosidl_generator_cppExport.cmake
[0.314s] -- Up-to-date: /home/daeyun/Desktop/github repositories_Bigyuun/ros2_ws/install/action_tutorials_interfaces/share/action_tutorials_interfaces/cmake/export_action_tutorials_interfaces__rosidl_typesupport_fastrtps_cppExport.cmake
[0.314s] -- Up-to-date: /home/daeyun/Desktop/github repositories_Bigyuun/ros2_ws/install/action_tutorials_interfaces/share/action_tutorials_interfaces/cmake/export_action_tutorials_interfaces__rosidl_typesupport_fastrtps_cppExport-noconfig.cmake
[0.314s] -- Up-to-date: /home/daeyun/Desktop/github repositories_Bigyuun/ros2_ws/install/action_tutorials_interfaces/share/action_tutorials_interfaces/cmake/action_tutorials_interfaces__rosidl_typesupport_introspection_cExport.cmake
[0.314s] -- Up-to-date: /home/daeyun/Desktop/github repositories_Bigyuun/ros2_ws/install/action_tutorials_interfaces/share/action_tutorials_interfaces/cmake/action_tutorials_interfaces__rosidl_typesupport_introspection_cExport-noconfig.cmake
[0.314s] -- Up-to-date: /home/daeyun/Desktop/github repositories_Bigyuun/ros2_ws/install/action_tutorials_interfaces/share/action_tutorials_interfaces/cmake/action_tutorials_interfaces__rosidl_typesupport_cExport.cmake
[0.314s] -- Up-to-date: /home/daeyun/Desktop/github repositories_Bigyuun/ros2_ws/install/action_tutorials_interfaces/share/action_tutorials_interfaces/cmake/action_tutorials_interfaces__rosidl_typesupport_cExport-noconfig.cmake
[0.314s] -- Up-to-date: /home/daeyun/Desktop/github repositories_Bigyuun/ros2_ws/install/action_tutorials_interfaces/share/action_tutorials_interfaces/cmake/action_tutorials_interfaces__rosidl_typesupport_introspection_cppExport.cmake
[0.315s] -- Up-to-date: /home/daeyun/Desktop/github repositories_Bigyuun/ros2_ws/install/action_tutorials_interfaces/share/action_tutorials_interfaces/cmake/action_tutorials_interfaces__rosidl_typesupport_introspection_cppExport-noconfig.cmake
[0.315s] -- Up-to-date: /home/daeyun/Desktop/github repositories_Bigyuun/ros2_ws/install/action_tutorials_interfaces/share/action_tutorials_interfaces/cmake/action_tutorials_interfaces__rosidl_typesupport_cppExport.cmake
[0.315s] -- Up-to-date: /home/daeyun/Desktop/github repositories_Bigyuun/ros2_ws/install/action_tutorials_interfaces/share/action_tutorials_interfaces/cmake/action_tutorials_interfaces__rosidl_typesupport_cppExport-noconfig.cmake
[0.315s] -- Up-to-date: /home/daeyun/Desktop/github repositories_Bigyuun/ros2_ws/install/action_tutorials_interfaces/share/action_tutorials_interfaces/cmake/export_action_tutorials_interfaces__rosidl_generator_pyExport.cmake
[0.315s] -- Up-to-date: /home/daeyun/Desktop/github repositories_Bigyuun/ros2_ws/install/action_tutorials_interfaces/share/action_tutorials_interfaces/cmake/export_action_tutorials_interfaces__rosidl_generator_pyExport-noconfig.cmake
[0.315s] -- Up-to-date: /home/daeyun/Desktop/github repositories_Bigyuun/ros2_ws/install/action_tutorials_interfaces/share/action_tutorials_interfaces/cmake/rosidl_cmake-extras.cmake
[0.315s] -- Up-to-date: /home/daeyun/Desktop/github repositories_Bigyuun/ros2_ws/install/action_tutorials_interfaces/share/action_tutorials_interfaces/cmake/ament_cmake_export_dependencies-extras.cmake
[0.315s] -- Up-to-date: /home/daeyun/Desktop/github repositories_Bigyuun/ros2_ws/install/action_tutorials_interfaces/share/action_tutorials_interfaces/cmake/ament_cmake_export_include_directories-extras.cmake
[0.316s] -- Up-to-date: /home/daeyun/Desktop/github repositories_Bigyuun/ros2_ws/install/action_tutorials_interfaces/share/action_tutorials_interfaces/cmake/ament_cmake_export_libraries-extras.cmake
[0.316s] -- Up-to-date: /home/daeyun/Desktop/github repositories_Bigyuun/ros2_ws/install/action_tutorials_interfaces/share/action_tutorials_interfaces/cmake/ament_cmake_export_targets-extras.cmake
[0.317s] -- Up-to-date: /home/daeyun/Desktop/github repositories_Bigyuun/ros2_ws/install/action_tutorials_interfaces/share/action_tutorials_interfaces/cmake/rosidl_cmake_export_typesupport_targets-extras.cmake
[0.317s] -- Up-to-date: /home/daeyun/Desktop/github repositories_Bigyuun/ros2_ws/install/action_tutorials_interfaces/share/action_tutorials_interfaces/cmake/rosidl_cmake_export_typesupport_libraries-extras.cmake
[0.317s] -- Up-to-date: /home/daeyun/Desktop/github repositories_Bigyuun/ros2_ws/install/action_tutorials_interfaces/share/action_tutorials_interfaces/cmake/action_tutorials_interfacesConfig.cmake
[0.317s] -- Up-to-date: /home/daeyun/Desktop/github repositories_Bigyuun/ros2_ws/install/action_tutorials_interfaces/share/action_tutorials_interfaces/cmake/action_tutorials_interfacesConfig-version.cmake
[0.317s] -- Up-to-date: /home/daeyun/Desktop/github repositories_Bigyuun/ros2_ws/install/action_tutorials_interfaces/share/action_tutorials_interfaces/package.xml
[0.317s] Invoked command in '/home/daeyun/Desktop/github repositories_Bigyuun/ros2_ws/build/action_tutorials_interfaces' returned '0': CMAKE_PREFIX_PATH=${CMAKE_PREFIX_PATH}:/home/daeyun/ws_moveit2/install/moveit_configs_utils:/home/daeyun/ws_moveit2/install/launch_param_builder:/opt/ros/humble /usr/bin/cmake --install /home/daeyun/Desktop/github repositories_Bigyuun/ros2_ws/build/action_tutorials_interfaces
