[0.006s] Invoking command in '/home/bigyun/Desktop/github_repositories-Bigyuun/ros2_ws/build/topic_service_action_rclcpp_example': AMENT_PREFIX_PATH=/home/bigyun/Desktop/github_repositories-Bigyuun/ros2_ws/install/msg_srv_action_interface_example:${AMENT_PREFIX_PATH} CMAKE_PREFIX_PATH=/home/bigyun/Desktop/github_repositories-Bigyuun/ros2_ws/install/msg_srv_action_interface_example:/opt/ros/foxy LD_LIBRARY_PATH=/home/bigyun/Desktop/github_repositories-Bigyuun/ros2_ws/install/msg_srv_action_interface_example/lib:${LD_LIBRARY_PATH} PYTHONPATH=/home/bigyun/Desktop/github_repositories-Bigyuun/ros2_ws/install/msg_srv_action_interface_example/lib/python3.8/site-packages:${PYTHONPATH} /usr/bin/cmake --build /home/bigyun/Desktop/github_repositories-Bigyuun/ros2_ws/build/topic_service_action_rclcpp_example -- -j20 -l20
[0.034s] [35m[1mScanning dependencies of target calculator[0m
[0.041s] [ 20%] Built target argument
[0.041s] [ 40%] Built target operator
[0.042s] [ 70%] Built target checker
[0.050s] [ 80%] [32mBuilding CXX object CMakeFiles/calculator.dir/src/calculator/calculator.cpp.o[0m
[3.750s] [ 90%] [32m[1mLinking CXX executable calculator[0m
[3.924s] [100%] Built target calculator
[3.935s] Invoked command in '/home/bigyun/Desktop/github_repositories-Bigyuun/ros2_ws/build/topic_service_action_rclcpp_example' returned '0': AMENT_PREFIX_PATH=/home/bigyun/Desktop/github_repositories-Bigyuun/ros2_ws/install/msg_srv_action_interface_example:${AMENT_PREFIX_PATH} CMAKE_PREFIX_PATH=/home/bigyun/Desktop/github_repositories-Bigyuun/ros2_ws/install/msg_srv_action_interface_example:/opt/ros/foxy LD_LIBRARY_PATH=/home/bigyun/Desktop/github_repositories-Bigyuun/ros2_ws/install/msg_srv_action_interface_example/lib:${LD_LIBRARY_PATH} PYTHONPATH=/home/bigyun/Desktop/github_repositories-Bigyuun/ros2_ws/install/msg_srv_action_interface_example/lib/python3.8/site-packages:${PYTHONPATH} /usr/bin/cmake --build /home/bigyun/Desktop/github_repositories-Bigyuun/ros2_ws/build/topic_service_action_rclcpp_example -- -j20 -l20
[3.956s] Invoking command in '/home/bigyun/Desktop/github_repositories-Bigyuun/ros2_ws/build/topic_service_action_rclcpp_example': AMENT_PREFIX_PATH=/home/bigyun/Desktop/github_repositories-Bigyuun/ros2_ws/install/msg_srv_action_interface_example:${AMENT_PREFIX_PATH} CMAKE_PREFIX_PATH=/home/bigyun/Desktop/github_repositories-Bigyuun/ros2_ws/install/msg_srv_action_interface_example:/opt/ros/foxy LD_LIBRARY_PATH=/home/bigyun/Desktop/github_repositories-Bigyuun/ros2_ws/install/msg_srv_action_interface_example/lib:${LD_LIBRARY_PATH} PYTHONPATH=/home/bigyun/Desktop/github_repositories-Bigyuun/ros2_ws/install/msg_srv_action_interface_example/lib/python3.8/site-packages:${PYTHONPATH} /usr/bin/cmake --install /home/bigyun/Desktop/github_repositories-Bigyuun/ros2_ws/build/topic_service_action_rclcpp_example
[3.964s] -- Install configuration: ""
[3.964s] -- Execute custom install script
[3.965s] -- Up-to-date symlink: /home/bigyun/Desktop/github_repositories-Bigyuun/ros2_ws/install/topic_service_action_rclcpp_example/lib/topic_service_action_rclcpp_example/argument
[3.965s] -- Up-to-date symlink: /home/bigyun/Desktop/github_repositories-Bigyuun/ros2_ws/install/topic_service_action_rclcpp_example/lib/topic_service_action_rclcpp_example/calculator
[3.965s] -- Up-to-date symlink: /home/bigyun/Desktop/github_repositories-Bigyuun/ros2_ws/install/topic_service_action_rclcpp_example/lib/topic_service_action_rclcpp_example/operator
[3.966s] -- Up-to-date symlink: /home/bigyun/Desktop/github_repositories-Bigyuun/ros2_ws/install/topic_service_action_rclcpp_example/lib/topic_service_action_rclcpp_example/checker
[3.966s] CMake Error at ament_cmake_symlink_install/ament_cmake_symlink_install.cmake:100 (message):
[3.966s]   ament_cmake_symlink_install_directory() can't find
[3.966s]   '/home/bigyun/Desktop/github_repositories-Bigyuun/ros2_ws/src/topic_service_action_rclcpp_example/launch'
[3.966s] Call Stack (most recent call first):
[3.966s]   ament_cmake_symlink_install/ament_cmake_symlink_install.cmake:317 (ament_cmake_symlink_install_directory)
[3.966s]   cmake_install.cmake:41 (include)
[3.966s] 
[3.966s] 
[3.967s] Invoked command in '/home/bigyun/Desktop/github_repositories-Bigyuun/ros2_ws/build/topic_service_action_rclcpp_example' returned '1': AMENT_PREFIX_PATH=/home/bigyun/Desktop/github_repositories-Bigyuun/ros2_ws/install/msg_srv_action_interface_example:${AMENT_PREFIX_PATH} CMAKE_PREFIX_PATH=/home/bigyun/Desktop/github_repositories-Bigyuun/ros2_ws/install/msg_srv_action_interface_example:/opt/ros/foxy LD_LIBRARY_PATH=/home/bigyun/Desktop/github_repositories-Bigyuun/ros2_ws/install/msg_srv_action_interface_example/lib:${LD_LIBRARY_PATH} PYTHONPATH=/home/bigyun/Desktop/github_repositories-Bigyuun/ros2_ws/install/msg_srv_action_interface_example/lib/python3.8/site-packages:${PYTHONPATH} /usr/bin/cmake --install /home/bigyun/Desktop/github_repositories-Bigyuun/ros2_ws/build/topic_service_action_rclcpp_example
