[0.016s] Invoking command in '/home/daeyun/Desktop/github repositories_Bigyuun/ros2_ws/build/action_tutorials_interfaces': CMAKE_PREFIX_PATH=${CMAKE_PREFIX_PATH}:/home/daeyun/ws_moveit2/install/moveit_configs_utils:/home/daeyun/ws_moveit2/install/launch_param_builder:/opt/ros/humble /usr/bin/cmake /home/daeyun/Desktop/github repositories_Bigyuun/ros2_ws/src/action_tutorials_interfaces -DAMENT_CMAKE_SYMLINK_INSTALL=1 -DCMAKE_INSTALL_PREFIX=/home/daeyun/Desktop/github repositories_Bigyuun/ros2_ws/install/action_tutorials_interfaces
[0.024s] -- Found ament_cmake: 1.3.3 (/opt/ros/humble/share/ament_cmake/cmake)
[0.104s] -- Override CMake install command with custom implementation using symlinks instead of copying resources
[0.107s] -- Found builtin_interfaces: 1.2.1 (/opt/ros/humble/share/builtin_interfaces/cmake)
[0.122s] -- Found rosidl_generator_c: 3.1.4 (/opt/ros/humble/share/rosidl_generator_c/cmake)
[0.123s] -- Found rosidl_adapter: 3.1.4 (/opt/ros/humble/share/rosidl_adapter/cmake)
[0.126s] -- Found rosidl_generator_cpp: 3.1.4 (/opt/ros/humble/share/rosidl_generator_cpp/cmake)
[0.133s] -- Using all available rosidl_typesupport_c: rosidl_typesupport_fastrtps_c;rosidl_typesupport_introspection_c
[0.143s] -- Using all available rosidl_typesupport_cpp: rosidl_typesupport_fastrtps_cpp;rosidl_typesupport_introspection_cpp
[0.152s] -- Found rosidl_default_generators: 1.2.0 (/opt/ros/humble/share/rosidl_default_generators/cmake)
[0.332s] -- Found ament_cmake_ros: 0.10.0 (/opt/ros/humble/share/ament_cmake_ros/cmake)
[0.525s] -- Using all available rosidl_typesupport_c: rosidl_typesupport_fastrtps_c;rosidl_typesupport_introspection_c
[0.617s] -- Using all available rosidl_typesupport_cpp: rosidl_typesupport_fastrtps_cpp;rosidl_typesupport_introspection_cpp
[0.633s] -- Found python_cmake_module: 0.10.0 (/opt/ros/humble/share/python_cmake_module/cmake)
[0.647s] -- Using PYTHON_EXECUTABLE: /usr/bin/python3
[0.647s] -- Using PYTHON_INCLUDE_DIRS: /usr/include/python3.10
[0.647s] -- Using PYTHON_LIBRARIES: /usr/lib/x86_64-linux-gnu/libpython3.10.so
[0.680s] -- Found ament_lint_auto: 0.12.5 (/opt/ros/humble/share/ament_lint_auto/cmake)
[0.686s] -- Added test 'lint_cmake' to check CMake code style
[0.686s] -- Added test 'xmllint' to check XML markup files
[0.687s] -- Configuring done
[0.704s] -- Generating done
[0.705s] -- Build files have been written to: /home/daeyun/Desktop/github repositories_Bigyuun/ros2_ws/build/action_tutorials_interfaces
[0.708s] Invoked command in '/home/daeyun/Desktop/github repositories_Bigyuun/ros2_ws/build/action_tutorials_interfaces' returned '0': CMAKE_PREFIX_PATH=${CMAKE_PREFIX_PATH}:/home/daeyun/ws_moveit2/install/moveit_configs_utils:/home/daeyun/ws_moveit2/install/launch_param_builder:/opt/ros/humble /usr/bin/cmake /home/daeyun/Desktop/github repositories_Bigyuun/ros2_ws/src/action_tutorials_interfaces -DAMENT_CMAKE_SYMLINK_INSTALL=1 -DCMAKE_INSTALL_PREFIX=/home/daeyun/Desktop/github repositories_Bigyuun/ros2_ws/install/action_tutorials_interfaces
[0.709s] Invoking command in '/home/daeyun/Desktop/github repositories_Bigyuun/ros2_ws/build/action_tutorials_interfaces': CMAKE_PREFIX_PATH=${CMAKE_PREFIX_PATH}:/home/daeyun/ws_moveit2/install/moveit_configs_utils:/home/daeyun/ws_moveit2/install/launch_param_builder:/opt/ros/humble /usr/bin/cmake --build /home/daeyun/Desktop/github repositories_Bigyuun/ros2_ws/build/action_tutorials_interfaces -- -j20 -l20
[0.737s] [35m[1mConsolidate compiler generated dependencies of target action_tutorials_interfaces__rosidl_generator_c[0m
[0.744s] [  3%] Built target action_tutorials_interfaces__cpp
[0.744s] failed to create symbolic link '/home/daeyun/Desktop/github repositories_Bigyuun/ros2_ws/build/action_tutorials_interfaces/ament_cmake_python/action_tutorials_interfaces/action_tutorials_interfaces' because existing path cannot be removed: Is a directory
[0.744s] gmake[2]: *** [CMakeFiles/ament_cmake_python_symlink_action_tutorials_interfaces.dir/build.make:70: CMakeFiles/ament_cmake_python_symlink_action_tutorials_interfaces] Error 1
[0.744s] gmake[1]: *** [CMakeFiles/Makefile2:421: CMakeFiles/ament_cmake_python_symlink_action_tutorials_interfaces.dir/all] Error 2
[0.744s] gmake[1]: *** Waiting for unfinished jobs....
[0.745s] [ 12%] Built target action_tutorials_interfaces__rosidl_generator_c
[0.750s] [35m[1mConsolidate compiler generated dependencies of target action_tutorials_interfaces__rosidl_typesupport_cpp[0m
[0.758s] [ 22%] Built target action_tutorials_interfaces__rosidl_typesupport_cpp
[0.759s] gmake: *** [Makefile:146: all] Error 2
[0.760s] Invoked command in '/home/daeyun/Desktop/github repositories_Bigyuun/ros2_ws/build/action_tutorials_interfaces' returned '2': CMAKE_PREFIX_PATH=${CMAKE_PREFIX_PATH}:/home/daeyun/ws_moveit2/install/moveit_configs_utils:/home/daeyun/ws_moveit2/install/launch_param_builder:/opt/ros/humble /usr/bin/cmake --build /home/daeyun/Desktop/github repositories_Bigyuun/ros2_ws/build/action_tutorials_interfaces -- -j20 -l20
