[0.010s] Invoking command in '/home/daeyun/Desktop/github repositories_Bigyuun/ros2_ws/build/my_first_ros_rclcpp_pkg': CMAKE_PREFIX_PATH=${CMAKE_PREFIX_PATH}:/home/daeyun/ws_moveit2/install/moveit_configs_utils:/home/daeyun/ws_moveit2/install/launch_param_builder:/opt/ros/humble /usr/bin/cmake /home/daeyun/Desktop/github repositories_Bigyuun/ros2_ws/src/my_first_ros_rclcpp_pkg -DAMENT_CMAKE_SYMLINK_INSTALL=1 -DCMAKE_INSTALL_PREFIX=/home/daeyun/Desktop/github repositories_Bigyuun/ros2_ws/install/my_first_ros_rclcpp_pkg
[0.017s] -- Found ament_cmake: 1.3.3 (/opt/ros/humble/share/ament_cmake/cmake)
[0.098s] -- Override CMake install command with custom implementation using symlinks instead of copying resources
[0.101s] -- Found rclcpp: 16.0.3 (/opt/ros/humble/share/rclcpp/cmake)
[0.121s] -- Found rosidl_generator_c: 3.1.4 (/opt/ros/humble/share/rosidl_generator_c/cmake)
[0.123s] -- Found rosidl_adapter: 3.1.4 (/opt/ros/humble/share/rosidl_adapter/cmake)
[0.127s] -- Found rosidl_generator_cpp: 3.1.4 (/opt/ros/humble/share/rosidl_generator_cpp/cmake)
[0.134s] -- Using all available rosidl_typesupport_c: rosidl_typesupport_fastrtps_c;rosidl_typesupport_introspection_c
[0.144s] -- Using all available rosidl_typesupport_cpp: rosidl_typesupport_fastrtps_cpp;rosidl_typesupport_introspection_cpp
[0.181s] -- Found rmw_implementation_cmake: 6.1.1 (/opt/ros/humble/share/rmw_implementation_cmake/cmake)
[0.183s] -- Found rmw_fastrtps_cpp: 6.2.2 (/opt/ros/humble/share/rmw_fastrtps_cpp/cmake)
[0.259s] -- Using RMW implementation 'rmw_fastrtps_cpp' as default
[0.350s] -- Found ament_lint_auto: 0.12.5 (/opt/ros/humble/share/ament_lint_auto/cmake)
[0.390s] -- Added test 'cppcheck' to perform static code analysis on C / C++ code
[0.390s] -- Configured cppcheck include dirs: 
[0.390s] -- Configured cppcheck exclude dirs and/or files: 
[0.391s] -- Added test 'flake8' to check Python code syntax and style conventions
[0.392s] -- Added test 'lint_cmake' to check CMake code style
[0.392s] -- Added test 'pep257' to check Python code against some of the docstring style conventions in PEP 257
[0.395s] -- Added test 'uncrustify' to check C / C++ code style
[0.395s] -- Configured uncrustify additional arguments: 
[0.396s] -- Added test 'xmllint' to check XML markup files
[0.397s] -- Configuring done
[0.403s] -- Generating done
[0.404s] -- Build files have been written to: /home/daeyun/Desktop/github repositories_Bigyuun/ros2_ws/build/my_first_ros_rclcpp_pkg
[0.410s] Invoked command in '/home/daeyun/Desktop/github repositories_Bigyuun/ros2_ws/build/my_first_ros_rclcpp_pkg' returned '0': CMAKE_PREFIX_PATH=${CMAKE_PREFIX_PATH}:/home/daeyun/ws_moveit2/install/moveit_configs_utils:/home/daeyun/ws_moveit2/install/launch_param_builder:/opt/ros/humble /usr/bin/cmake /home/daeyun/Desktop/github repositories_Bigyuun/ros2_ws/src/my_first_ros_rclcpp_pkg -DAMENT_CMAKE_SYMLINK_INSTALL=1 -DCMAKE_INSTALL_PREFIX=/home/daeyun/Desktop/github repositories_Bigyuun/ros2_ws/install/my_first_ros_rclcpp_pkg
[0.411s] Invoking command in '/home/daeyun/Desktop/github repositories_Bigyuun/ros2_ws/build/my_first_ros_rclcpp_pkg': CMAKE_PREFIX_PATH=${CMAKE_PREFIX_PATH}:/home/daeyun/ws_moveit2/install/moveit_configs_utils:/home/daeyun/ws_moveit2/install/launch_param_builder:/opt/ros/humble /usr/bin/cmake --build /home/daeyun/Desktop/github repositories_Bigyuun/ros2_ws/build/my_first_ros_rclcpp_pkg -- -j20 -l20
[0.438s] [35m[1mConsolidate compiler generated dependencies of target helloworld_publisher[0m
[0.439s] [35m[1mConsolidate compiler generated dependencies of target helloworld_subscriber[0m
[0.449s] [ 25%] [32m[1mLinking CXX executable helloworld_subscriber[0m
[0.452s] [ 50%] [32m[1mLinking CXX executable helloworld_publisher[0m
[0.578s] [ 75%] Built target helloworld_publisher
[0.681s] [100%] Built target helloworld_subscriber
[0.689s] Invoked command in '/home/daeyun/Desktop/github repositories_Bigyuun/ros2_ws/build/my_first_ros_rclcpp_pkg' returned '0': CMAKE_PREFIX_PATH=${CMAKE_PREFIX_PATH}:/home/daeyun/ws_moveit2/install/moveit_configs_utils:/home/daeyun/ws_moveit2/install/launch_param_builder:/opt/ros/humble /usr/bin/cmake --build /home/daeyun/Desktop/github repositories_Bigyuun/ros2_ws/build/my_first_ros_rclcpp_pkg -- -j20 -l20
[0.717s] Invoking command in '/home/daeyun/Desktop/github repositories_Bigyuun/ros2_ws/build/my_first_ros_rclcpp_pkg': CMAKE_PREFIX_PATH=${CMAKE_PREFIX_PATH}:/home/daeyun/ws_moveit2/install/moveit_configs_utils:/home/daeyun/ws_moveit2/install/launch_param_builder:/opt/ros/humble /usr/bin/cmake --install /home/daeyun/Desktop/github repositories_Bigyuun/ros2_ws/build/my_first_ros_rclcpp_pkg
[0.722s] -- Install configuration: ""
[0.722s] -- Execute custom install script
[0.722s] -- Symlinking: /home/daeyun/Desktop/github repositories_Bigyuun/ros2_ws/install/my_first_ros_rclcpp_pkg/lib/my_first_ros_rclcpp_pkg/helloworld_publisher
[0.728s] -- Symlinking: /home/daeyun/Desktop/github repositories_Bigyuun/ros2_ws/install/my_first_ros_rclcpp_pkg/lib/my_first_ros_rclcpp_pkg/helloworld_subscriber
[0.734s] -- Symlinking: /home/daeyun/Desktop/github repositories_Bigyuun/ros2_ws/install/my_first_ros_rclcpp_pkg/share/ament_index/resource_index/package_run_dependencies/my_first_ros_rclcpp_pkg
[0.739s] -- Symlinking: /home/daeyun/Desktop/github repositories_Bigyuun/ros2_ws/install/my_first_ros_rclcpp_pkg/share/ament_index/resource_index/parent_prefix_path/my_first_ros_rclcpp_pkg
[0.745s] -- Symlinking: /home/daeyun/Desktop/github repositories_Bigyuun/ros2_ws/install/my_first_ros_rclcpp_pkg/share/my_first_ros_rclcpp_pkg/environment/ament_prefix_path.sh
[0.751s] -- Symlinking: /home/daeyun/Desktop/github repositories_Bigyuun/ros2_ws/install/my_first_ros_rclcpp_pkg/share/my_first_ros_rclcpp_pkg/environment/ament_prefix_path.dsv
[0.758s] -- Symlinking: /home/daeyun/Desktop/github repositories_Bigyuun/ros2_ws/install/my_first_ros_rclcpp_pkg/share/my_first_ros_rclcpp_pkg/environment/path.sh
[0.762s] -- Symlinking: /home/daeyun/Desktop/github repositories_Bigyuun/ros2_ws/install/my_first_ros_rclcpp_pkg/share/my_first_ros_rclcpp_pkg/environment/path.dsv
[0.767s] -- Symlinking: /home/daeyun/Desktop/github repositories_Bigyuun/ros2_ws/install/my_first_ros_rclcpp_pkg/share/my_first_ros_rclcpp_pkg/local_setup.bash
[0.772s] -- Symlinking: /home/daeyun/Desktop/github repositories_Bigyuun/ros2_ws/install/my_first_ros_rclcpp_pkg/share/my_first_ros_rclcpp_pkg/local_setup.sh
[0.778s] -- Symlinking: /home/daeyun/Desktop/github repositories_Bigyuun/ros2_ws/install/my_first_ros_rclcpp_pkg/share/my_first_ros_rclcpp_pkg/local_setup.zsh
[0.783s] -- Symlinking: /home/daeyun/Desktop/github repositories_Bigyuun/ros2_ws/install/my_first_ros_rclcpp_pkg/share/my_first_ros_rclcpp_pkg/local_setup.dsv
[0.789s] -- Symlinking: /home/daeyun/Desktop/github repositories_Bigyuun/ros2_ws/install/my_first_ros_rclcpp_pkg/share/my_first_ros_rclcpp_pkg/package.dsv
[0.794s] -- Symlinking: /home/daeyun/Desktop/github repositories_Bigyuun/ros2_ws/install/my_first_ros_rclcpp_pkg/share/ament_index/resource_index/packages/my_first_ros_rclcpp_pkg
[0.799s] -- Symlinking: /home/daeyun/Desktop/github repositories_Bigyuun/ros2_ws/install/my_first_ros_rclcpp_pkg/share/my_first_ros_rclcpp_pkg/cmake/my_first_ros_rclcpp_pkgConfig.cmake
[0.805s] -- Symlinking: /home/daeyun/Desktop/github repositories_Bigyuun/ros2_ws/install/my_first_ros_rclcpp_pkg/share/my_first_ros_rclcpp_pkg/cmake/my_first_ros_rclcpp_pkgConfig-version.cmake
[0.812s] -- Symlinking: /home/daeyun/Desktop/github repositories_Bigyuun/ros2_ws/install/my_first_ros_rclcpp_pkg/share/my_first_ros_rclcpp_pkg/package.xml
