-- The C compiler identification is GNU 11.3.0
-- The CXX compiler identification is GNU 11.3.0
-- Detecting C compiler ABI info
-- Detecting C compiler ABI info - done
-- Check for working C compiler: /usr/bin/cc - skipped
-- Detecting C compile features
-- Detecting C compile features - done
-- Detecting CXX compiler ABI info
-- Detecting CXX compiler ABI info - done
-- Check for working CXX compiler: /usr/bin/c++ - skipped
-- Detecting CXX compile features
-- Detecting CXX compile features - done
-- Found ament_cmake: 1.3.3 (/opt/ros/humble/share/ament_cmake/cmake)
-- Found Python3: /usr/bin/python3.10 (found version "3.10.6") found components: Interpreter 
-- Override CMake install command with custom implementation using symlinks instead of copying resources
-- Configuring incomplete, errors occurred!
See also "/home/daeyun/Desktop/github repositories_Bigyuun/ros2_ws/src/topic_service_action_rclcpp_example/build/topic_service_action_rclcpp_example/CMakeFiles/CMakeOutput.log".
[31mCMake Error at CMakeLists.txt:21 (find_package):
  By not providing "Findmsg_srv_action_interface_example.cmake" in
  CMAKE_MODULE_PATH this project has asked CMake to find a package
  configuration file provided by "msg_srv_action_interface_example", but
  CMake did not find one.

  Could not find a package configuration file provided by
  "msg_srv_action_interface_example" with any of the following names:

    msg_srv_action_interface_exampleConfig.cmake
    msg_srv_action_interface_example-config.cmake

  Add the installation prefix of "msg_srv_action_interface_example" to
  CMAKE_PREFIX_PATH or set "msg_srv_action_interface_example_DIR" to a
  directory containing one of the above files.  If
  "msg_srv_action_interface_example" provides a separate development package
  or SDK, be sure it has been installed.

[0m
