[0.008s] Invoking command in '/home/bigyun/Desktop/github_repositories-Bigyuun/ros2_ws/build/action_tutorials_cpp': AMENT_PREFIX_PATH=/home/bigyun/Desktop/github_repositories-Bigyuun/ros2_ws/install/action_tutorials_interfaces:${AMENT_PREFIX_PATH} CMAKE_PREFIX_PATH=/home/bigyun/Desktop/github_repositories-Bigyuun/ros2_ws/install/action_tutorials_interfaces:/opt/ros/foxy LD_LIBRARY_PATH=/home/bigyun/Desktop/github_repositories-Bigyuun/ros2_ws/install/action_tutorials_interfaces/lib:${LD_LIBRARY_PATH} PYTHONPATH=/home/bigyun/Desktop/github_repositories-Bigyuun/ros2_ws/install/action_tutorials_interfaces/lib/python3.8/site-packages:${PYTHONPATH} /usr/bin/cmake /home/bigyun/Desktop/github_repositories-Bigyuun/ros2_ws/src/action_tutorials_cpp -DCMAKE_INSTALL_PREFIX=/home/bigyun/Desktop/github_repositories-Bigyuun/ros2_ws/install/action_tutorials_cpp
[0.041s] -- The C compiler identification is GNU 9.4.0
[0.075s] -- The CXX compiler identification is GNU 9.4.0
[0.078s] -- Check for working C compiler: /usr/bin/cc
[0.123s] -- Check for working C compiler: /usr/bin/cc -- works
[0.123s] -- Detecting C compiler ABI info
[0.167s] -- Detecting C compiler ABI info - done
[0.178s] -- Detecting C compile features
[0.178s] -- Detecting C compile features - done
[0.180s] -- Check for working CXX compiler: /usr/bin/c++
[0.235s] -- Check for working CXX compiler: /usr/bin/c++ -- works
[0.236s] -- Detecting CXX compiler ABI info
[0.288s] -- Detecting CXX compiler ABI info - done
[0.302s] -- Detecting CXX compile features
[0.303s] -- Detecting CXX compile features - done
[0.305s] -- Found ament_cmake: 0.9.11 (/opt/ros/foxy/share/ament_cmake/cmake)
[0.325s] -- Found PythonInterp: /usr/bin/python3 (found suitable version "3.8.10", minimum required is "3") 
[0.325s] -- Using PYTHON_EXECUTABLE: /usr/bin/python3
[0.464s] -- Found action_tutorials_interfaces: 0.0.0 (/home/bigyun/Desktop/github_repositories-Bigyuun/ros2_ws/install/action_tutorials_interfaces/share/action_tutorials_interfaces/cmake)
[0.485s] -- Using all available rosidl_typesupport_c: rosidl_typesupport_fastrtps_c;rosidl_typesupport_introspection_c
[0.489s] -- Found rosidl_adapter: 1.3.0 (/opt/ros/foxy/share/rosidl_adapter/cmake)
[0.539s] -- Found OpenSSL: /usr/lib/x86_64-linux-gnu/libcrypto.so (found version "1.1.1f")  
[0.558s] -- Found FastRTPS: /opt/ros/foxy/include  
[0.607s] -- Using all available rosidl_typesupport_cpp: rosidl_typesupport_fastrtps_cpp;rosidl_typesupport_introspection_cpp
[0.692s] -- Found rclcpp: 2.4.2 (/opt/ros/foxy/share/rclcpp/cmake)
[0.719s] -- Found rmw_implementation_cmake: 1.0.4 (/opt/ros/foxy/share/rmw_implementation_cmake/cmake)
[0.720s] -- Using RMW implementation 'rmw_fastrtps_cpp' as default
[0.721s] -- Looking for pthread.h
[0.767s] -- Looking for pthread.h - found
[0.767s] -- Performing Test CMAKE_HAVE_LIBC_PTHREAD
[0.812s] -- Performing Test CMAKE_HAVE_LIBC_PTHREAD - Failed
[0.812s] -- Looking for pthread_create in pthreads
[0.848s] -- Looking for pthread_create in pthreads - not found
[0.848s] -- Looking for pthread_create in pthread
[0.894s] -- Looking for pthread_create in pthread - found
[0.895s] -- Found Threads: TRUE  
[0.999s] -- Found rclcpp_action: 2.4.2 (/opt/ros/foxy/share/rclcpp_action/cmake)
[1.020s] -- Found rclcpp_components: 2.4.2 (/opt/ros/foxy/share/rclcpp_components/cmake)
[1.061s] -- Found ament_lint_auto: 0.9.8 (/opt/ros/foxy/share/ament_lint_auto/cmake)
[1.105s] -- Added test 'cppcheck' to perform static code analysis on C / C++ code
[1.105s] -- Configured cppcheck include dirs: $<BUILD_INTERFACE:/home/bigyun/Desktop/github_repositories-Bigyuun/ros2_ws/src/action_tutorials_cpp/include>
[1.105s] -- Configured cppcheck exclude dirs and/or files: 
[1.105s] -- Added test 'lint_cmake' to check CMake code style
[1.106s] -- Added test 'uncrustify' to check C / C++ code style
[1.106s] -- Configured uncrustify additional arguments: 
[1.106s] -- Added test 'xmllint' to check XML markup files
[1.108s] -- Configuring done
[1.115s] -- Generating done
[1.116s] -- Build files have been written to: /home/bigyun/Desktop/github_repositories-Bigyuun/ros2_ws/build/action_tutorials_cpp
[1.122s] Invoked command in '/home/bigyun/Desktop/github_repositories-Bigyuun/ros2_ws/build/action_tutorials_cpp' returned '0': AMENT_PREFIX_PATH=/home/bigyun/Desktop/github_repositories-Bigyuun/ros2_ws/install/action_tutorials_interfaces:${AMENT_PREFIX_PATH} CMAKE_PREFIX_PATH=/home/bigyun/Desktop/github_repositories-Bigyuun/ros2_ws/install/action_tutorials_interfaces:/opt/ros/foxy LD_LIBRARY_PATH=/home/bigyun/Desktop/github_repositories-Bigyuun/ros2_ws/install/action_tutorials_interfaces/lib:${LD_LIBRARY_PATH} PYTHONPATH=/home/bigyun/Desktop/github_repositories-Bigyuun/ros2_ws/install/action_tutorials_interfaces/lib/python3.8/site-packages:${PYTHONPATH} /usr/bin/cmake /home/bigyun/Desktop/github_repositories-Bigyuun/ros2_ws/src/action_tutorials_cpp -DCMAKE_INSTALL_PREFIX=/home/bigyun/Desktop/github_repositories-Bigyuun/ros2_ws/install/action_tutorials_cpp
[1.124s] Invoking command in '/home/bigyun/Desktop/github_repositories-Bigyuun/ros2_ws/build/action_tutorials_cpp': AMENT_PREFIX_PATH=/home/bigyun/Desktop/github_repositories-Bigyuun/ros2_ws/install/action_tutorials_interfaces:${AMENT_PREFIX_PATH} CMAKE_PREFIX_PATH=/home/bigyun/Desktop/github_repositories-Bigyuun/ros2_ws/install/action_tutorials_interfaces:/opt/ros/foxy LD_LIBRARY_PATH=/home/bigyun/Desktop/github_repositories-Bigyuun/ros2_ws/install/action_tutorials_interfaces/lib:${LD_LIBRARY_PATH} PYTHONPATH=/home/bigyun/Desktop/github_repositories-Bigyuun/ros2_ws/install/action_tutorials_interfaces/lib/python3.8/site-packages:${PYTHONPATH} /usr/bin/cmake --build /home/bigyun/Desktop/github_repositories-Bigyuun/ros2_ws/build/action_tutorials_cpp -- -j20 -l20
[1.148s] [35m[1mScanning dependencies of target fibonacci_action_server[0m
[1.148s] [35m[1mScanning dependencies of target action_server[0m
[1.168s] [ 25%] [32mBuilding CXX object CMakeFiles/fibonacci_action_server.dir/rclcpp_components/node_main_fibonacci_action_server.cpp.o[0m
[1.172s] [ 50%] [32mBuilding CXX object CMakeFiles/action_server.dir/src/fibonacci_action_server.cpp.o[0m
[2.385s] [ 75%] [32m[1mLinking CXX executable fibonacci_action_server[0m
[2.463s] [ 75%] Built target fibonacci_action_server
[3.005s] [100%] [32m[1mLinking CXX shared library libaction_server.so[0m
[3.105s] [100%] Built target action_server
[3.118s] Invoked command in '/home/bigyun/Desktop/github_repositories-Bigyuun/ros2_ws/build/action_tutorials_cpp' returned '0': AMENT_PREFIX_PATH=/home/bigyun/Desktop/github_repositories-Bigyuun/ros2_ws/install/action_tutorials_interfaces:${AMENT_PREFIX_PATH} CMAKE_PREFIX_PATH=/home/bigyun/Desktop/github_repositories-Bigyuun/ros2_ws/install/action_tutorials_interfaces:/opt/ros/foxy LD_LIBRARY_PATH=/home/bigyun/Desktop/github_repositories-Bigyuun/ros2_ws/install/action_tutorials_interfaces/lib:${LD_LIBRARY_PATH} PYTHONPATH=/home/bigyun/Desktop/github_repositories-Bigyuun/ros2_ws/install/action_tutorials_interfaces/lib/python3.8/site-packages:${PYTHONPATH} /usr/bin/cmake --build /home/bigyun/Desktop/github_repositories-Bigyuun/ros2_ws/build/action_tutorials_cpp -- -j20 -l20
[3.134s] Invoking command in '/home/bigyun/Desktop/github_repositories-Bigyuun/ros2_ws/build/action_tutorials_cpp': AMENT_PREFIX_PATH=/home/bigyun/Desktop/github_repositories-Bigyuun/ros2_ws/install/action_tutorials_interfaces:${AMENT_PREFIX_PATH} CMAKE_PREFIX_PATH=/home/bigyun/Desktop/github_repositories-Bigyuun/ros2_ws/install/action_tutorials_interfaces:/opt/ros/foxy LD_LIBRARY_PATH=/home/bigyun/Desktop/github_repositories-Bigyuun/ros2_ws/install/action_tutorials_interfaces/lib:${LD_LIBRARY_PATH} PYTHONPATH=/home/bigyun/Desktop/github_repositories-Bigyuun/ros2_ws/install/action_tutorials_interfaces/lib/python3.8/site-packages:${PYTHONPATH} /usr/bin/cmake --install /home/bigyun/Desktop/github_repositories-Bigyuun/ros2_ws/build/action_tutorials_cpp
[3.139s] -- Install configuration: ""
[3.139s] -- Installing: /home/bigyun/Desktop/github_repositories-Bigyuun/ros2_ws/install/action_tutorials_cpp/lib/action_tutorials_cpp/fibonacci_action_server
[3.139s] -- Set runtime path of "/home/bigyun/Desktop/github_repositories-Bigyuun/ros2_ws/install/action_tutorials_cpp/lib/action_tutorials_cpp/fibonacci_action_server" to ""
[3.139s] -- Installing: /home/bigyun/Desktop/github_repositories-Bigyuun/ros2_ws/install/action_tutorials_cpp/lib/libaction_server.so
[3.140s] -- Set runtime path of "/home/bigyun/Desktop/github_repositories-Bigyuun/ros2_ws/install/action_tutorials_cpp/lib/libaction_server.so" to ""
[3.140s] -- Installing: /home/bigyun/Desktop/github_repositories-Bigyuun/ros2_ws/install/action_tutorials_cpp/share/ament_index/resource_index/package_run_dependencies/action_tutorials_cpp
[3.141s] -- Installing: /home/bigyun/Desktop/github_repositories-Bigyuun/ros2_ws/install/action_tutorials_cpp/share/ament_index/resource_index/parent_prefix_path/action_tutorials_cpp
[3.141s] -- Installing: /home/bigyun/Desktop/github_repositories-Bigyuun/ros2_ws/install/action_tutorials_cpp/share/action_tutorials_cpp/environment/ament_prefix_path.sh
[3.141s] -- Installing: /home/bigyun/Desktop/github_repositories-Bigyuun/ros2_ws/install/action_tutorials_cpp/share/action_tutorials_cpp/environment/ament_prefix_path.dsv
[3.141s] -- Installing: /home/bigyun/Desktop/github_repositories-Bigyuun/ros2_ws/install/action_tutorials_cpp/share/action_tutorials_cpp/environment/path.sh
[3.141s] -- Installing: /home/bigyun/Desktop/github_repositories-Bigyuun/ros2_ws/install/action_tutorials_cpp/share/action_tutorials_cpp/environment/path.dsv
[3.141s] -- Installing: /home/bigyun/Desktop/github_repositories-Bigyuun/ros2_ws/install/action_tutorials_cpp/share/action_tutorials_cpp/local_setup.bash
[3.141s] -- Installing: /home/bigyun/Desktop/github_repositories-Bigyuun/ros2_ws/install/action_tutorials_cpp/share/action_tutorials_cpp/local_setup.sh
[3.141s] -- Installing: /home/bigyun/Desktop/github_repositories-Bigyuun/ros2_ws/install/action_tutorials_cpp/share/action_tutorials_cpp/local_setup.zsh
[3.141s] -- Installing: /home/bigyun/Desktop/github_repositories-Bigyuun/ros2_ws/install/action_tutorials_cpp/share/action_tutorials_cpp/local_setup.dsv
[3.141s] -- Installing: /home/bigyun/Desktop/github_repositories-Bigyuun/ros2_ws/install/action_tutorials_cpp/share/action_tutorials_cpp/package.dsv
[3.141s] -- Installing: /home/bigyun/Desktop/github_repositories-Bigyuun/ros2_ws/install/action_tutorials_cpp/share/ament_index/resource_index/packages/action_tutorials_cpp
[3.141s] -- Installing: /home/bigyun/Desktop/github_repositories-Bigyuun/ros2_ws/install/action_tutorials_cpp/share/ament_index/resource_index/rclcpp_components/action_tutorials_cpp
[3.141s] -- Installing: /home/bigyun/Desktop/github_repositories-Bigyuun/ros2_ws/install/action_tutorials_cpp/share/action_tutorials_cpp/cmake/action_tutorials_cppConfig.cmake
[3.141s] -- Installing: /home/bigyun/Desktop/github_repositories-Bigyuun/ros2_ws/install/action_tutorials_cpp/share/action_tutorials_cpp/cmake/action_tutorials_cppConfig-version.cmake
[3.141s] -- Installing: /home/bigyun/Desktop/github_repositories-Bigyuun/ros2_ws/install/action_tutorials_cpp/share/action_tutorials_cpp/package.xml
[3.144s] Invoked command in '/home/bigyun/Desktop/github_repositories-Bigyuun/ros2_ws/build/action_tutorials_cpp' returned '0': AMENT_PREFIX_PATH=/home/bigyun/Desktop/github_repositories-Bigyuun/ros2_ws/install/action_tutorials_interfaces:${AMENT_PREFIX_PATH} CMAKE_PREFIX_PATH=/home/bigyun/Desktop/github_repositories-Bigyuun/ros2_ws/install/action_tutorials_interfaces:/opt/ros/foxy LD_LIBRARY_PATH=/home/bigyun/Desktop/github_repositories-Bigyuun/ros2_ws/install/action_tutorials_interfaces/lib:${LD_LIBRARY_PATH} PYTHONPATH=/home/bigyun/Desktop/github_repositories-Bigyuun/ros2_ws/install/action_tutorials_interfaces/lib/python3.8/site-packages:${PYTHONPATH} /usr/bin/cmake --install /home/bigyun/Desktop/github_repositories-Bigyuun/ros2_ws/build/action_tutorials_cpp
