[0.017s] Invoking command in '/home/bigyun/Desktop/github_repositories-Bigyuun/ros2_ws/build/action_tutorials_interfaces': CMAKE_PREFIX_PATH=/opt/ros/foxy /usr/bin/cmake /home/bigyun/Desktop/github_repositories-Bigyuun/ros2_ws/src/action_tutorials_interfaces -DAMENT_CMAKE_SYMLINK_INSTALL=1 -DCMAKE_INSTALL_PREFIX=/home/bigyun/Desktop/github_repositories-Bigyuun/ros2_ws/install/action_tutorials_interfaces
[0.025s] -- Found ament_cmake: 0.9.11 (/opt/ros/foxy/share/ament_cmake/cmake)
[0.040s] -- Found PythonInterp: /usr/bin/python3 (found suitable version "3.8.10", minimum required is "3") 
[0.040s] -- Using PYTHON_EXECUTABLE: /usr/bin/python3
[0.133s] -- Override CMake install command with custom implementation using symlinks instead of copying resources
[0.138s] -- Found builtin_interfaces: 1.0.0 (/opt/ros/foxy/share/builtin_interfaces/cmake)
[0.150s] -- Using all available rosidl_typesupport_c: rosidl_typesupport_fastrtps_c;rosidl_typesupport_introspection_c
[0.152s] -- Found rosidl_adapter: 1.3.0 (/opt/ros/foxy/share/rosidl_adapter/cmake)
[0.227s] -- Using all available rosidl_typesupport_cpp: rosidl_typesupport_fastrtps_cpp;rosidl_typesupport_introspection_cpp
[0.243s] -- Found rosidl_default_generators: 1.0.1 (/opt/ros/foxy/share/rosidl_default_generators/cmake)
[0.262s] -- Found PythonInterp: /usr/bin/python3 (found version "3.8.10") 
[0.368s] -- Found ament_cmake_ros: 0.9.2 (/opt/ros/foxy/share/ament_cmake_ros/cmake)
[0.445s] -- Using all available rosidl_typesupport_c: rosidl_typesupport_fastrtps_c;rosidl_typesupport_introspection_c
[0.459s] -- Using all available rosidl_typesupport_cpp: rosidl_typesupport_fastrtps_cpp;rosidl_typesupport_introspection_cpp
[0.475s] -- Found PythonInterp: /usr/bin/python3 (found suitable version "3.8.10", minimum required is "3.5") 
[0.476s] -- Found python_cmake_module: 0.8.1 (/opt/ros/foxy/share/python_cmake_module/cmake)
[0.491s] -- Using PYTHON_EXECUTABLE: /usr/bin/python3
[0.491s] -- Using PYTHON_INCLUDE_DIRS: /usr/include/python3.8
[0.491s] -- Using PYTHON_LIBRARIES: /usr/lib/x86_64-linux-gnu/libpython3.8.so
[0.507s] -- Found ament_lint_auto: 0.9.8 (/opt/ros/foxy/share/ament_lint_auto/cmake)
[0.514s] -- Added test 'lint_cmake' to check CMake code style
[0.514s] -- Added test 'xmllint' to check XML markup files
[0.517s] -- Configuring done
[0.546s] -- Generating done
[0.547s] -- Build files have been written to: /home/bigyun/Desktop/github_repositories-Bigyuun/ros2_ws/build/action_tutorials_interfaces
[0.555s] Invoked command in '/home/bigyun/Desktop/github_repositories-Bigyuun/ros2_ws/build/action_tutorials_interfaces' returned '0': CMAKE_PREFIX_PATH=/opt/ros/foxy /usr/bin/cmake /home/bigyun/Desktop/github_repositories-Bigyuun/ros2_ws/src/action_tutorials_interfaces -DAMENT_CMAKE_SYMLINK_INSTALL=1 -DCMAKE_INSTALL_PREFIX=/home/bigyun/Desktop/github_repositories-Bigyuun/ros2_ws/install/action_tutorials_interfaces
[0.556s] Invoking command in '/home/bigyun/Desktop/github_repositories-Bigyuun/ros2_ws/build/action_tutorials_interfaces': CMAKE_PREFIX_PATH=/opt/ros/foxy /usr/bin/cmake --build /home/bigyun/Desktop/github_repositories-Bigyuun/ros2_ws/build/action_tutorials_interfaces -- -j20 -l20
[0.588s] [  3%] Built target action_tutorials_interfaces__cpp
[0.588s] [ 12%] Built target action_tutorials_interfaces__rosidl_generator_c
[0.603s] [ 22%] Built target action_tutorials_interfaces__rosidl_typesupport_introspection_cpp
[0.603s] [ 35%] Built target action_tutorials_interfaces__rosidl_typesupport_introspection_c
[0.603s] [ 41%] Built target action_tutorials_interfaces__rosidl_typesupport_cpp
[0.605s] [ 45%] [32m[1mLinking CXX shared library libaction_tutorials_interfaces__rosidl_typesupport_fastrtps_cpp.so[0m
[0.608s] [ 54%] Built target action_tutorials_interfaces__rosidl_typesupport_c
[0.668s] [ 61%] Built target action_tutorials_interfaces__rosidl_typesupport_fastrtps_cpp
[0.686s] [ 64%] [32m[1mLinking CXX shared library libaction_tutorials_interfaces__rosidl_typesupport_fastrtps_c.so[0m
[0.743s] [ 70%] Built target action_tutorials_interfaces__rosidl_typesupport_fastrtps_c
[0.757s] [ 70%] Built target action_tutorials_interfaces
[0.767s] [ 74%] Built target action_tutorials_interfaces__py
[0.783s] [ 77%] [32m[1mLinking C shared library rosidl_generator_py/action_tutorials_interfaces/libaction_tutorials_interfaces__python.so[0m
[0.809s] [ 80%] Built target action_tutorials_interfaces__python
[0.825s] [ 83%] [32m[1mLinking C shared library rosidl_generator_py/action_tutorials_interfaces/action_tutorials_interfaces_s__rosidl_typesupport_c.cpython-38-x86_64-linux-gnu.so[0m
[0.825s] [ 87%] [32m[1mLinking C shared library rosidl_generator_py/action_tutorials_interfaces/action_tutorials_interfaces_s__rosidl_typesupport_introspection_c.cpython-38-x86_64-linux-gnu.so[0m
[0.825s] [ 90%] [32m[1mLinking CXX shared library rosidl_generator_py/action_tutorials_interfaces/action_tutorials_interfaces_s__rosidl_typesupport_fastrtps_c.cpython-38-x86_64-linux-gnu.so[0m
[0.849s] [ 96%] Built target action_tutorials_interfaces__rosidl_typesupport_introspection_c__pyext
[0.849s] [ 96%] Built target action_tutorials_interfaces__rosidl_typesupport_c__pyext
[0.869s] [100%] Built target action_tutorials_interfaces__rosidl_typesupport_fastrtps_c__pyext
[0.876s] Invoked command in '/home/bigyun/Desktop/github_repositories-Bigyuun/ros2_ws/build/action_tutorials_interfaces' returned '0': CMAKE_PREFIX_PATH=/opt/ros/foxy /usr/bin/cmake --build /home/bigyun/Desktop/github_repositories-Bigyuun/ros2_ws/build/action_tutorials_interfaces -- -j20 -l20
[0.901s] Invoking command in '/home/bigyun/Desktop/github_repositories-Bigyuun/ros2_ws/build/action_tutorials_interfaces': CMAKE_PREFIX_PATH=/opt/ros/foxy /usr/bin/cmake --install /home/bigyun/Desktop/github_repositories-Bigyuun/ros2_ws/build/action_tutorials_interfaces
[0.906s] -- Install configuration: ""
[0.906s] -- Execute custom install script
[0.906s] -- Symlinking: /home/bigyun/Desktop/github_repositories-Bigyuun/ros2_ws/install/action_tutorials_interfaces/share/ament_index/resource_index/rosidl_interfaces/action_tutorials_interfaces
[0.912s] -- Symlinking: /home/bigyun/Desktop/github_repositories-Bigyuun/ros2_ws/install/action_tutorials_interfaces/include/action_tutorials_interfaces/action/detail/fibonacci__functions.h
[0.916s] -- Symlinking: /home/bigyun/Desktop/github_repositories-Bigyuun/ros2_ws/install/action_tutorials_interfaces/include/action_tutorials_interfaces/action/detail/fibonacci__struct.h
[0.921s] -- Symlinking: /home/bigyun/Desktop/github_repositories-Bigyuun/ros2_ws/install/action_tutorials_interfaces/include/action_tutorials_interfaces/action/detail/fibonacci__type_support.h
[0.926s] -- Symlinking: /home/bigyun/Desktop/github_repositories-Bigyuun/ros2_ws/install/action_tutorials_interfaces/include/action_tutorials_interfaces/action/fibonacci.h
[0.931s] -- Symlinking: /home/bigyun/Desktop/github_repositories-Bigyuun/ros2_ws/install/action_tutorials_interfaces/include/action_tutorials_interfaces/msg/rosidl_generator_c__visibility_control.h
[0.935s] -- Symlinking: /home/bigyun/Desktop/github_repositories-Bigyuun/ros2_ws/install/action_tutorials_interfaces/share/action_tutorials_interfaces/environment/library_path.sh
[0.940s] -- Symlinking: /home/bigyun/Desktop/github_repositories-Bigyuun/ros2_ws/install/action_tutorials_interfaces/share/action_tutorials_interfaces/environment/library_path.dsv
[0.945s] -- Symlinking: /home/bigyun/Desktop/github_repositories-Bigyuun/ros2_ws/install/action_tutorials_interfaces/include/action_tutorials_interfaces/action/detail/fibonacci__rosidl_typesupport_fastrtps_c.h
[0.950s] -- Symlinking: /home/bigyun/Desktop/github_repositories-Bigyuun/ros2_ws/install/action_tutorials_interfaces/include/action_tutorials_interfaces/msg/rosidl_typesupport_fastrtps_c__visibility_control.h
[0.955s] -- Symlinking: /home/bigyun/Desktop/github_repositories-Bigyuun/ros2_ws/install/action_tutorials_interfaces/lib/libaction_tutorials_interfaces__rosidl_typesupport_fastrtps_c.so
[0.960s] -- Symlinking: /home/bigyun/Desktop/github_repositories-Bigyuun/ros2_ws/install/action_tutorials_interfaces/include/action_tutorials_interfaces/action/detail/fibonacci__rosidl_typesupport_fastrtps_cpp.hpp
[0.965s] -- Symlinking: /home/bigyun/Desktop/github_repositories-Bigyuun/ros2_ws/install/action_tutorials_interfaces/include/action_tutorials_interfaces/msg/rosidl_typesupport_fastrtps_cpp__visibility_control.h
[0.970s] -- Symlinking: /home/bigyun/Desktop/github_repositories-Bigyuun/ros2_ws/install/action_tutorials_interfaces/lib/libaction_tutorials_interfaces__rosidl_typesupport_fastrtps_cpp.so
[0.975s] -- Symlinking: /home/bigyun/Desktop/github_repositories-Bigyuun/ros2_ws/install/action_tutorials_interfaces/include/action_tutorials_interfaces/action/detail/fibonacci__rosidl_typesupport_introspection_c.h
[0.981s] -- Symlinking: /home/bigyun/Desktop/github_repositories-Bigyuun/ros2_ws/install/action_tutorials_interfaces/include/action_tutorials_interfaces/msg/rosidl_typesupport_introspection_c__visibility_control.h
[0.986s] -- Symlinking: /home/bigyun/Desktop/github_repositories-Bigyuun/ros2_ws/install/action_tutorials_interfaces/include/action_tutorials_interfaces/action/detail/fibonacci__builder.hpp
[0.991s] -- Symlinking: /home/bigyun/Desktop/github_repositories-Bigyuun/ros2_ws/install/action_tutorials_interfaces/include/action_tutorials_interfaces/action/detail/fibonacci__struct.hpp
[0.997s] -- Symlinking: /home/bigyun/Desktop/github_repositories-Bigyuun/ros2_ws/install/action_tutorials_interfaces/include/action_tutorials_interfaces/action/detail/fibonacci__traits.hpp
[1.002s] -- Symlinking: /home/bigyun/Desktop/github_repositories-Bigyuun/ros2_ws/install/action_tutorials_interfaces/include/action_tutorials_interfaces/action/fibonacci.hpp
[1.008s] -- Symlinking: /home/bigyun/Desktop/github_repositories-Bigyuun/ros2_ws/install/action_tutorials_interfaces/include/action_tutorials_interfaces/action/detail/fibonacci__rosidl_typesupport_introspection_cpp.hpp
[1.014s] -- Symlinking: /home/bigyun/Desktop/github_repositories-Bigyuun/ros2_ws/install/action_tutorials_interfaces/share/action_tutorials_interfaces/environment/pythonpath.sh
[1.019s] -- Symlinking: /home/bigyun/Desktop/github_repositories-Bigyuun/ros2_ws/install/action_tutorials_interfaces/share/action_tutorials_interfaces/environment/pythonpath.dsv
[1.024s] -- Symlinking: /home/bigyun/Desktop/github_repositories-Bigyuun/ros2_ws/install/action_tutorials_interfaces/lib/python3.8/site-packages/action_tutorials_interfaces/__init__.py
[1.029s] -- Symlinking: /home/bigyun/Desktop/github_repositories-Bigyuun/ros2_ws/install/action_tutorials_interfaces/lib/python3.8/site-packages/action_tutorials_interfaces/action/__init__.py
[1.034s] -- Symlinking: /home/bigyun/Desktop/github_repositories-Bigyuun/ros2_ws/install/action_tutorials_interfaces/lib/python3.8/site-packages/action_tutorials_interfaces/action/_fibonacci.py
[1.039s] -- Symlinking: /home/bigyun/Desktop/github_repositories-Bigyuun/ros2_ws/install/action_tutorials_interfaces/lib/python3.8/site-packages/action_tutorials_interfaces/action_tutorials_interfaces_s__rosidl_typesupport_fastrtps_c.cpython-38-x86_64-linux-gnu.so
[1.045s] -- Symlinking: /home/bigyun/Desktop/github_repositories-Bigyuun/ros2_ws/install/action_tutorials_interfaces/lib/python3.8/site-packages/action_tutorials_interfaces/action_tutorials_interfaces_s__rosidl_typesupport_introspection_c.cpython-38-x86_64-linux-gnu.so
[1.050s] -- Symlinking: /home/bigyun/Desktop/github_repositories-Bigyuun/ros2_ws/install/action_tutorials_interfaces/lib/python3.8/site-packages/action_tutorials_interfaces/action_tutorials_interfaces_s__rosidl_typesupport_c.cpython-38-x86_64-linux-gnu.so
[1.055s] -- Symlinking: /home/bigyun/Desktop/github_repositories-Bigyuun/ros2_ws/install/action_tutorials_interfaces/lib/libaction_tutorials_interfaces__python.so
[1.060s] -- Symlinking: /home/bigyun/Desktop/github_repositories-Bigyuun/ros2_ws/install/action_tutorials_interfaces/share/action_tutorials_interfaces/action/Fibonacci.idl
[1.065s] -- Symlinking: /home/bigyun/Desktop/github_repositories-Bigyuun/ros2_ws/install/action_tutorials_interfaces/share/action_tutorials_interfaces/action/Fibonacci.action
[1.070s] -- Symlinking: /home/bigyun/Desktop/github_repositories-Bigyuun/ros2_ws/install/action_tutorials_interfaces/share/ament_index/resource_index/package_run_dependencies/action_tutorials_interfaces
[1.075s] -- Symlinking: /home/bigyun/Desktop/github_repositories-Bigyuun/ros2_ws/install/action_tutorials_interfaces/share/ament_index/resource_index/parent_prefix_path/action_tutorials_interfaces
[1.080s] -- Symlinking: /home/bigyun/Desktop/github_repositories-Bigyuun/ros2_ws/install/action_tutorials_interfaces/share/action_tutorials_interfaces/environment/ament_prefix_path.sh
[1.085s] -- Symlinking: /home/bigyun/Desktop/github_repositories-Bigyuun/ros2_ws/install/action_tutorials_interfaces/share/action_tutorials_interfaces/environment/ament_prefix_path.dsv
[1.091s] -- Symlinking: /home/bigyun/Desktop/github_repositories-Bigyuun/ros2_ws/install/action_tutorials_interfaces/share/action_tutorials_interfaces/environment/path.sh
[1.096s] -- Symlinking: /home/bigyun/Desktop/github_repositories-Bigyuun/ros2_ws/install/action_tutorials_interfaces/share/action_tutorials_interfaces/environment/path.dsv
[1.100s] -- Symlinking: /home/bigyun/Desktop/github_repositories-Bigyuun/ros2_ws/install/action_tutorials_interfaces/share/action_tutorials_interfaces/local_setup.bash
[1.105s] -- Symlinking: /home/bigyun/Desktop/github_repositories-Bigyuun/ros2_ws/install/action_tutorials_interfaces/share/action_tutorials_interfaces/local_setup.sh
[1.110s] -- Symlinking: /home/bigyun/Desktop/github_repositories-Bigyuun/ros2_ws/install/action_tutorials_interfaces/share/action_tutorials_interfaces/local_setup.zsh
[1.115s] -- Symlinking: /home/bigyun/Desktop/github_repositories-Bigyuun/ros2_ws/install/action_tutorials_interfaces/share/action_tutorials_interfaces/local_setup.dsv
[1.120s] -- Symlinking: /home/bigyun/Desktop/github_repositories-Bigyuun/ros2_ws/install/action_tutorials_interfaces/share/action_tutorials_interfaces/package.dsv
[1.126s] -- Symlinking: /home/bigyun/Desktop/github_repositories-Bigyuun/ros2_ws/install/action_tutorials_interfaces/share/ament_index/resource_index/packages/action_tutorials_interfaces
[1.131s] -- Symlinking: /home/bigyun/Desktop/github_repositories-Bigyuun/ros2_ws/install/action_tutorials_interfaces/share/action_tutorials_interfaces/cmake/rosidl_cmake-extras.cmake
[1.136s] -- Symlinking: /home/bigyun/Desktop/github_repositories-Bigyuun/ros2_ws/install/action_tutorials_interfaces/share/action_tutorials_interfaces/cmake/ament_cmake_export_dependencies-extras.cmake
[1.141s] -- Symlinking: /home/bigyun/Desktop/github_repositories-Bigyuun/ros2_ws/install/action_tutorials_interfaces/share/action_tutorials_interfaces/cmake/ament_cmake_export_libraries-extras.cmake
[1.146s] -- Symlinking: /home/bigyun/Desktop/github_repositories-Bigyuun/ros2_ws/install/action_tutorials_interfaces/share/action_tutorials_interfaces/cmake/ament_cmake_export_targets-extras.cmake
[1.151s] -- Symlinking: /home/bigyun/Desktop/github_repositories-Bigyuun/ros2_ws/install/action_tutorials_interfaces/share/action_tutorials_interfaces/cmake/ament_cmake_export_include_directories-extras.cmake
[1.156s] -- Symlinking: /home/bigyun/Desktop/github_repositories-Bigyuun/ros2_ws/install/action_tutorials_interfaces/share/action_tutorials_interfaces/cmake/rosidl_cmake_export_typesupport_libraries-extras.cmake
[1.161s] -- Symlinking: /home/bigyun/Desktop/github_repositories-Bigyuun/ros2_ws/install/action_tutorials_interfaces/share/action_tutorials_interfaces/cmake/rosidl_cmake_export_typesupport_targets-extras.cmake
[1.167s] -- Symlinking: /home/bigyun/Desktop/github_repositories-Bigyuun/ros2_ws/install/action_tutorials_interfaces/share/action_tutorials_interfaces/cmake/action_tutorials_interfacesConfig.cmake
[1.172s] -- Symlinking: /home/bigyun/Desktop/github_repositories-Bigyuun/ros2_ws/install/action_tutorials_interfaces/share/action_tutorials_interfaces/cmake/action_tutorials_interfacesConfig-version.cmake
[1.178s] -- Symlinking: /home/bigyun/Desktop/github_repositories-Bigyuun/ros2_ws/install/action_tutorials_interfaces/share/action_tutorials_interfaces/package.xml
[1.183s] -- Up-to-date: /home/bigyun/Desktop/github_repositories-Bigyuun/ros2_ws/install/action_tutorials_interfaces/lib/libaction_tutorials_interfaces__rosidl_generator_c.so
[1.183s] -- Up-to-date: /home/bigyun/Desktop/github_repositories-Bigyuun/ros2_ws/install/action_tutorials_interfaces/lib/libaction_tutorials_interfaces__rosidl_typesupport_introspection_c.so
[1.184s] -- Up-to-date: /home/bigyun/Desktop/github_repositories-Bigyuun/ros2_ws/install/action_tutorials_interfaces/lib/libaction_tutorials_interfaces__rosidl_typesupport_c.so
[1.184s] -- Up-to-date: /home/bigyun/Desktop/github_repositories-Bigyuun/ros2_ws/install/action_tutorials_interfaces/lib/libaction_tutorials_interfaces__rosidl_typesupport_introspection_cpp.so
[1.184s] -- Up-to-date: /home/bigyun/Desktop/github_repositories-Bigyuun/ros2_ws/install/action_tutorials_interfaces/lib/libaction_tutorials_interfaces__rosidl_typesupport_cpp.so
[1.203s] Compiling '/home/bigyun/Desktop/github_repositories-Bigyuun/ros2_ws/install/action_tutorials_interfaces/lib/python3.8/site-packages/action_tutorials_interfaces/__init__.py'...
[1.206s] -- Up-to-date: /home/bigyun/Desktop/github_repositories-Bigyuun/ros2_ws/install/action_tutorials_interfaces/share/action_tutorials_interfaces/cmake/action_tutorials_interfaces__rosidl_generator_cExport.cmake
[1.206s] -- Installing: /home/bigyun/Desktop/github_repositories-Bigyuun/ros2_ws/install/action_tutorials_interfaces/share/action_tutorials_interfaces/cmake/action_tutorials_interfaces__rosidl_generator_cExport-noconfig.cmake
[1.207s] -- Up-to-date: /home/bigyun/Desktop/github_repositories-Bigyuun/ros2_ws/install/action_tutorials_interfaces/share/action_tutorials_interfaces/cmake/action_tutorials_interfaces__rosidl_typesupport_introspection_cExport.cmake
[1.207s] -- Installing: /home/bigyun/Desktop/github_repositories-Bigyuun/ros2_ws/install/action_tutorials_interfaces/share/action_tutorials_interfaces/cmake/action_tutorials_interfaces__rosidl_typesupport_introspection_cExport-noconfig.cmake
[1.207s] -- Up-to-date: /home/bigyun/Desktop/github_repositories-Bigyuun/ros2_ws/install/action_tutorials_interfaces/share/action_tutorials_interfaces/cmake/action_tutorials_interfaces__rosidl_typesupport_cExport.cmake
[1.207s] -- Installing: /home/bigyun/Desktop/github_repositories-Bigyuun/ros2_ws/install/action_tutorials_interfaces/share/action_tutorials_interfaces/cmake/action_tutorials_interfaces__rosidl_typesupport_cExport-noconfig.cmake
[1.207s] -- Up-to-date: /home/bigyun/Desktop/github_repositories-Bigyuun/ros2_ws/install/action_tutorials_interfaces/share/action_tutorials_interfaces/cmake/action_tutorials_interfaces__rosidl_generator_cppExport.cmake
[1.207s] -- Up-to-date: /home/bigyun/Desktop/github_repositories-Bigyuun/ros2_ws/install/action_tutorials_interfaces/share/action_tutorials_interfaces/cmake/action_tutorials_interfaces__rosidl_typesupport_introspection_cppExport.cmake
[1.207s] -- Installing: /home/bigyun/Desktop/github_repositories-Bigyuun/ros2_ws/install/action_tutorials_interfaces/share/action_tutorials_interfaces/cmake/action_tutorials_interfaces__rosidl_typesupport_introspection_cppExport-noconfig.cmake
[1.207s] -- Up-to-date: /home/bigyun/Desktop/github_repositories-Bigyuun/ros2_ws/install/action_tutorials_interfaces/share/action_tutorials_interfaces/cmake/action_tutorials_interfaces__rosidl_typesupport_cppExport.cmake
[1.207s] -- Installing: /home/bigyun/Desktop/github_repositories-Bigyuun/ros2_ws/install/action_tutorials_interfaces/share/action_tutorials_interfaces/cmake/action_tutorials_interfaces__rosidl_typesupport_cppExport-noconfig.cmake
[1.209s] Invoked command in '/home/bigyun/Desktop/github_repositories-Bigyuun/ros2_ws/build/action_tutorials_interfaces' returned '0': CMAKE_PREFIX_PATH=/opt/ros/foxy /usr/bin/cmake --install /home/bigyun/Desktop/github_repositories-Bigyuun/ros2_ws/build/action_tutorials_interfaces
