[0.008s] Invoking command in '/home/bigyun/Desktop/github_repositories-Bigyuun/ros2_ws/build/topic_service_action_rclcpp_example': AMENT_PREFIX_PATH=/home/bigyun/Desktop/github_repositories-Bigyuun/ros2_ws/install/msg_srv_action_interface_example:${AMENT_PREFIX_PATH} CMAKE_PREFIX_PATH=/home/bigyun/Desktop/github_repositories-Bigyuun/ros2_ws/install/msg_srv_action_interface_example:/opt/ros/foxy LD_LIBRARY_PATH=/home/bigyun/Desktop/github_repositories-Bigyuun/ros2_ws/install/msg_srv_action_interface_example/lib:${LD_LIBRARY_PATH} PYTHONPATH=/home/bigyun/Desktop/github_repositories-Bigyuun/ros2_ws/install/msg_srv_action_interface_example/lib/python3.8/site-packages:${PYTHONPATH} /usr/bin/cmake --build /home/bigyun/Desktop/github_repositories-Bigyuun/ros2_ws/build/topic_service_action_rclcpp_example -- -j20 -l20
[0.022s] -- Found ament_cmake: 0.9.11 (/opt/ros/foxy/share/ament_cmake/cmake)
[0.036s] -- Using PYTHON_EXECUTABLE: /usr/bin/python3
[0.130s] -- Override CMake install command with custom implementation using symlinks instead of copying resources
[0.134s] -- Found msg_srv_action_interface_example: 0.0.0 (/home/bigyun/Desktop/github_repositories-Bigyuun/ros2_ws/install/msg_srv_action_interface_example/share/msg_srv_action_interface_example/cmake)
[0.147s] -- Using all available rosidl_typesupport_c: rosidl_typesupport_fastrtps_c;rosidl_typesupport_introspection_c
[0.149s] -- Found rosidl_adapter: 1.3.0 (/opt/ros/foxy/share/rosidl_adapter/cmake)
[0.224s] -- Using all available rosidl_typesupport_cpp: rosidl_typesupport_fastrtps_cpp;rosidl_typesupport_introspection_cpp
[0.318s] -- Found rclcpp: 2.4.2 (/opt/ros/foxy/share/rclcpp/cmake)
[0.341s] -- Found rmw_implementation_cmake: 1.0.4 (/opt/ros/foxy/share/rmw_implementation_cmake/cmake)
[0.342s] -- Using RMW implementation 'rmw_fastrtps_cpp' as default
[0.436s] -- Found rclcpp_action: 2.4.2 (/opt/ros/foxy/share/rclcpp_action/cmake)
[0.458s] -- Found ament_lint_auto: 0.9.8 (/opt/ros/foxy/share/ament_lint_auto/cmake)
[0.500s] -- Added test 'cppcheck' to perform static code analysis on C / C++ code
[0.500s] -- Configured cppcheck include dirs: /home/bigyun/Desktop/github_repositories-Bigyuun/ros2_ws/src/topic_service_action_rclcpp_example/include
[0.500s] -- Configured cppcheck exclude dirs and/or files: 
[0.501s] -- Added test 'flake8' to check Python code syntax and style conventions
[0.502s] -- Added test 'lint_cmake' to check CMake code style
[0.502s] -- Added test 'pep257' to check Python code against some of the style conventions in PEP 257
[0.504s] -- Added test 'uncrustify' to check C / C++ code style
[0.504s] -- Configured uncrustify additional arguments: 
[0.504s] -- Added test 'xmllint' to check XML markup files
[0.506s] -- Configuring done
[0.517s] -- Generating done
[0.518s] -- Build files have been written to: /home/bigyun/Desktop/github_repositories-Bigyuun/ros2_ws/build/topic_service_action_rclcpp_example
[0.534s] [35m[1mScanning dependencies of target operator[0m
[0.536s] [35m[1mScanning dependencies of target calculator[0m
[0.545s] [ 20%] Built target argument
[0.546s] [ 50%] Built target checker
[0.550s] [ 60%] [32mBuilding CXX object CMakeFiles/operator.dir/src/arithmetic/operator.cpp.o[0m
[0.554s] [01m[K/home/bigyun/Desktop/github_repositories-Bigyuun/ros2_ws/src/topic_service_action_rclcpp_example/src/arithmetic/operator.cpp:1:9:[m[K [01;35m[Kwarning: [m[K#pragma once in main file
[0.554s]     1 | #pragma [01;35m[Konce[m[K
[0.554s]       |         [01;35m[K^~~~[m[K
[0.554s] [ 70%] [32mBuilding CXX object CMakeFiles/calculator.dir/src/calculator/calculator.cpp.o[0m
[1.967s] [ 80%] [32m[1mLinking CXX executable operator[0m
[2.052s] [ 80%] Built target operator
[4.160s] [ 90%] [32m[1mLinking CXX executable calculator[0m
[4.334s] [100%] Built target calculator
[4.346s] Invoked command in '/home/bigyun/Desktop/github_repositories-Bigyuun/ros2_ws/build/topic_service_action_rclcpp_example' returned '0': AMENT_PREFIX_PATH=/home/bigyun/Desktop/github_repositories-Bigyuun/ros2_ws/install/msg_srv_action_interface_example:${AMENT_PREFIX_PATH} CMAKE_PREFIX_PATH=/home/bigyun/Desktop/github_repositories-Bigyuun/ros2_ws/install/msg_srv_action_interface_example:/opt/ros/foxy LD_LIBRARY_PATH=/home/bigyun/Desktop/github_repositories-Bigyuun/ros2_ws/install/msg_srv_action_interface_example/lib:${LD_LIBRARY_PATH} PYTHONPATH=/home/bigyun/Desktop/github_repositories-Bigyuun/ros2_ws/install/msg_srv_action_interface_example/lib/python3.8/site-packages:${PYTHONPATH} /usr/bin/cmake --build /home/bigyun/Desktop/github_repositories-Bigyuun/ros2_ws/build/topic_service_action_rclcpp_example -- -j20 -l20
[4.375s] Invoking command in '/home/bigyun/Desktop/github_repositories-Bigyuun/ros2_ws/build/topic_service_action_rclcpp_example': AMENT_PREFIX_PATH=/home/bigyun/Desktop/github_repositories-Bigyuun/ros2_ws/install/msg_srv_action_interface_example:${AMENT_PREFIX_PATH} CMAKE_PREFIX_PATH=/home/bigyun/Desktop/github_repositories-Bigyuun/ros2_ws/install/msg_srv_action_interface_example:/opt/ros/foxy LD_LIBRARY_PATH=/home/bigyun/Desktop/github_repositories-Bigyuun/ros2_ws/install/msg_srv_action_interface_example/lib:${LD_LIBRARY_PATH} PYTHONPATH=/home/bigyun/Desktop/github_repositories-Bigyuun/ros2_ws/install/msg_srv_action_interface_example/lib/python3.8/site-packages:${PYTHONPATH} /usr/bin/cmake --install /home/bigyun/Desktop/github_repositories-Bigyuun/ros2_ws/build/topic_service_action_rclcpp_example
[4.380s] -- Install configuration: ""
[4.381s] -- Execute custom install script
[4.381s] -- Up-to-date symlink: /home/bigyun/Desktop/github_repositories-Bigyuun/ros2_ws/install/topic_service_action_rclcpp_example/lib/topic_service_action_rclcpp_example/argument
[4.381s] -- Up-to-date symlink: /home/bigyun/Desktop/github_repositories-Bigyuun/ros2_ws/install/topic_service_action_rclcpp_example/lib/topic_service_action_rclcpp_example/calculator
[4.381s] -- Up-to-date symlink: /home/bigyun/Desktop/github_repositories-Bigyuun/ros2_ws/install/topic_service_action_rclcpp_example/lib/topic_service_action_rclcpp_example/operator
[4.382s] -- Up-to-date symlink: /home/bigyun/Desktop/github_repositories-Bigyuun/ros2_ws/install/topic_service_action_rclcpp_example/lib/topic_service_action_rclcpp_example/checker
[4.382s] CMake Warning (dev) at ament_cmake_symlink_install/ament_cmake_symlink_install.cmake:62 (file):
[4.382s]   Policy CMP0009 is not set: FILE GLOB_RECURSE calls should not follow
[4.382s]   symlinks by default.  Run "cmake --help-policy CMP0009" for policy details.
[4.382s]   Use the cmake_policy command to set the policy and suppress this warning.
[4.382s] Call Stack (most recent call first):
[4.382s]   ament_cmake_symlink_install/ament_cmake_symlink_install.cmake:317 (ament_cmake_symlink_install_directory)
[4.382s]   cmake_install.cmake:41 (include)
[4.383s] This warning is for project developers.  Use -Wno-dev to suppress it.
[4.383s] 
[4.383s] -- Symlinking: /home/bigyun/Desktop/github_repositories-Bigyuun/ros2_ws/install/topic_service_action_rclcpp_example/share/topic_service_action_rclcpp_example/launch/arithmetic.launch.py
[4.387s] -- Symlinking: /home/bigyun/Desktop/github_repositories-Bigyuun/ros2_ws/install/topic_service_action_rclcpp_example/share/topic_service_action_rclcpp_example/launch/build/.built_by
[4.394s] -- Symlinking: /home/bigyun/Desktop/github_repositories-Bigyuun/ros2_ws/install/topic_service_action_rclcpp_example/share/topic_service_action_rclcpp_example/launch/build/COLCON_IGNORE
[4.402s] -- Symlinking: /home/bigyun/Desktop/github_repositories-Bigyuun/ros2_ws/install/topic_service_action_rclcpp_example/share/topic_service_action_rclcpp_example/launch/install/.colcon_install_layout
[4.411s] -- Symlinking: /home/bigyun/Desktop/github_repositories-Bigyuun/ros2_ws/install/topic_service_action_rclcpp_example/share/topic_service_action_rclcpp_example/launch/install/COLCON_IGNORE
[4.418s] -- Symlinking: /home/bigyun/Desktop/github_repositories-Bigyuun/ros2_ws/install/topic_service_action_rclcpp_example/share/topic_service_action_rclcpp_example/launch/install/_local_setup_util_ps1.py
[4.422s] -- Symlinking: /home/bigyun/Desktop/github_repositories-Bigyuun/ros2_ws/install/topic_service_action_rclcpp_example/share/topic_service_action_rclcpp_example/launch/install/_local_setup_util_sh.py
[4.427s] -- Symlinking: /home/bigyun/Desktop/github_repositories-Bigyuun/ros2_ws/install/topic_service_action_rclcpp_example/share/topic_service_action_rclcpp_example/launch/install/local_setup.bash
[4.432s] -- Symlinking: /home/bigyun/Desktop/github_repositories-Bigyuun/ros2_ws/install/topic_service_action_rclcpp_example/share/topic_service_action_rclcpp_example/launch/install/local_setup.ps1
[4.436s] -- Symlinking: /home/bigyun/Desktop/github_repositories-Bigyuun/ros2_ws/install/topic_service_action_rclcpp_example/share/topic_service_action_rclcpp_example/launch/install/local_setup.sh
[4.441s] -- Symlinking: /home/bigyun/Desktop/github_repositories-Bigyuun/ros2_ws/install/topic_service_action_rclcpp_example/share/topic_service_action_rclcpp_example/launch/install/local_setup.zsh
[4.446s] -- Symlinking: /home/bigyun/Desktop/github_repositories-Bigyuun/ros2_ws/install/topic_service_action_rclcpp_example/share/topic_service_action_rclcpp_example/launch/install/setup.bash
[4.451s] -- Symlinking: /home/bigyun/Desktop/github_repositories-Bigyuun/ros2_ws/install/topic_service_action_rclcpp_example/share/topic_service_action_rclcpp_example/launch/install/setup.ps1
[4.456s] -- Symlinking: /home/bigyun/Desktop/github_repositories-Bigyuun/ros2_ws/install/topic_service_action_rclcpp_example/share/topic_service_action_rclcpp_example/launch/install/setup.sh
[4.461s] -- Symlinking: /home/bigyun/Desktop/github_repositories-Bigyuun/ros2_ws/install/topic_service_action_rclcpp_example/share/topic_service_action_rclcpp_example/launch/install/setup.zsh
[4.465s] -- Symlinking: /home/bigyun/Desktop/github_repositories-Bigyuun/ros2_ws/install/topic_service_action_rclcpp_example/share/topic_service_action_rclcpp_example/launch/log/COLCON_IGNORE
[4.470s] -- Symlinking: /home/bigyun/Desktop/github_repositories-Bigyuun/ros2_ws/install/topic_service_action_rclcpp_example/share/topic_service_action_rclcpp_example/launch/log/build_2023-04-03_17-12-03/events.log
[4.475s] -- Symlinking: /home/bigyun/Desktop/github_repositories-Bigyuun/ros2_ws/install/topic_service_action_rclcpp_example/share/topic_service_action_rclcpp_example/launch/log/build_2023-04-03_17-12-03/logger_all.log
[4.480s] -- Symlinking: /home/bigyun/Desktop/github_repositories-Bigyuun/ros2_ws/install/topic_service_action_rclcpp_example/share/topic_service_action_rclcpp_example/launch/log/latest/events.log
[4.484s] -- Symlinking: /home/bigyun/Desktop/github_repositories-Bigyuun/ros2_ws/install/topic_service_action_rclcpp_example/share/topic_service_action_rclcpp_example/launch/log/latest/logger_all.log
[4.489s] -- Symlinking: /home/bigyun/Desktop/github_repositories-Bigyuun/ros2_ws/install/topic_service_action_rclcpp_example/share/topic_service_action_rclcpp_example/launch/log/latest_build/events.log
[4.494s] -- Symlinking: /home/bigyun/Desktop/github_repositories-Bigyuun/ros2_ws/install/topic_service_action_rclcpp_example/share/topic_service_action_rclcpp_example/launch/log/latest_build/logger_all.log
[4.499s] -- Symlinking: /home/bigyun/Desktop/github_repositories-Bigyuun/ros2_ws/install/topic_service_action_rclcpp_example/share/topic_service_action_rclcpp_example/param/arithmetic_config.yaml
[4.503s] -- Up-to-date symlink: /home/bigyun/Desktop/github_repositories-Bigyuun/ros2_ws/install/topic_service_action_rclcpp_example/share/ament_index/resource_index/package_run_dependencies/topic_service_action_rclcpp_example
[4.503s] -- Up-to-date symlink: /home/bigyun/Desktop/github_repositories-Bigyuun/ros2_ws/install/topic_service_action_rclcpp_example/share/ament_index/resource_index/parent_prefix_path/topic_service_action_rclcpp_example
[4.504s] -- Up-to-date symlink: /home/bigyun/Desktop/github_repositories-Bigyuun/ros2_ws/install/topic_service_action_rclcpp_example/share/topic_service_action_rclcpp_example/environment/ament_prefix_path.sh
[4.504s] -- Up-to-date symlink: /home/bigyun/Desktop/github_repositories-Bigyuun/ros2_ws/install/topic_service_action_rclcpp_example/share/topic_service_action_rclcpp_example/environment/ament_prefix_path.dsv
[4.504s] -- Up-to-date symlink: /home/bigyun/Desktop/github_repositories-Bigyuun/ros2_ws/install/topic_service_action_rclcpp_example/share/topic_service_action_rclcpp_example/environment/path.sh
[4.504s] -- Up-to-date symlink: /home/bigyun/Desktop/github_repositories-Bigyuun/ros2_ws/install/topic_service_action_rclcpp_example/share/topic_service_action_rclcpp_example/environment/path.dsv
[4.504s] -- Up-to-date symlink: /home/bigyun/Desktop/github_repositories-Bigyuun/ros2_ws/install/topic_service_action_rclcpp_example/share/topic_service_action_rclcpp_example/local_setup.bash
[4.504s] -- Up-to-date symlink: /home/bigyun/Desktop/github_repositories-Bigyuun/ros2_ws/install/topic_service_action_rclcpp_example/share/topic_service_action_rclcpp_example/local_setup.sh
[4.505s] -- Up-to-date symlink: /home/bigyun/Desktop/github_repositories-Bigyuun/ros2_ws/install/topic_service_action_rclcpp_example/share/topic_service_action_rclcpp_example/local_setup.zsh
[4.505s] -- Up-to-date symlink: /home/bigyun/Desktop/github_repositories-Bigyuun/ros2_ws/install/topic_service_action_rclcpp_example/share/topic_service_action_rclcpp_example/local_setup.dsv
[4.505s] -- Symlinking: /home/bigyun/Desktop/github_repositories-Bigyuun/ros2_ws/install/topic_service_action_rclcpp_example/share/topic_service_action_rclcpp_example/package.dsv
[4.510s] -- Up-to-date symlink: /home/bigyun/Desktop/github_repositories-Bigyuun/ros2_ws/install/topic_service_action_rclcpp_example/share/ament_index/resource_index/packages/topic_service_action_rclcpp_example
[4.510s] -- Up-to-date symlink: /home/bigyun/Desktop/github_repositories-Bigyuun/ros2_ws/install/topic_service_action_rclcpp_example/share/topic_service_action_rclcpp_example/cmake/topic_service_action_rclcpp_exampleConfig.cmake
[4.510s] -- Up-to-date symlink: /home/bigyun/Desktop/github_repositories-Bigyuun/ros2_ws/install/topic_service_action_rclcpp_example/share/topic_service_action_rclcpp_example/cmake/topic_service_action_rclcpp_exampleConfig-version.cmake
[4.510s] -- Up-to-date symlink: /home/bigyun/Desktop/github_repositories-Bigyuun/ros2_ws/install/topic_service_action_rclcpp_example/share/topic_service_action_rclcpp_example/package.xml
[4.513s] Invoked command in '/home/bigyun/Desktop/github_repositories-Bigyuun/ros2_ws/build/topic_service_action_rclcpp_example' returned '0': AMENT_PREFIX_PATH=/home/bigyun/Desktop/github_repositories-Bigyuun/ros2_ws/install/msg_srv_action_interface_example:${AMENT_PREFIX_PATH} CMAKE_PREFIX_PATH=/home/bigyun/Desktop/github_repositories-Bigyuun/ros2_ws/install/msg_srv_action_interface_example:/opt/ros/foxy LD_LIBRARY_PATH=/home/bigyun/Desktop/github_repositories-Bigyuun/ros2_ws/install/msg_srv_action_interface_example/lib:${LD_LIBRARY_PATH} PYTHONPATH=/home/bigyun/Desktop/github_repositories-Bigyuun/ros2_ws/install/msg_srv_action_interface_example/lib/python3.8/site-packages:${PYTHONPATH} /usr/bin/cmake --install /home/bigyun/Desktop/github_repositories-Bigyuun/ros2_ws/build/topic_service_action_rclcpp_example
