[0.013s] Invoking command in '/home/bigyun/Desktop/github_repositories-Bigyuun/ros2_ws/build/msg_srv_action_interface_example': CMAKE_PREFIX_PATH=/opt/ros/foxy /usr/bin/cmake /home/bigyun/Desktop/github_repositories-Bigyuun/ros2_ws/src/msg_srv_action_interface_example -DAMENT_CMAKE_SYMLINK_INSTALL=1 -DCMAKE_INSTALL_PREFIX=/home/bigyun/Desktop/github_repositories-Bigyuun/ros2_ws/install/msg_srv_action_interface_example
[0.020s] -- Found ament_cmake: 0.9.11 (/opt/ros/foxy/share/ament_cmake/cmake)
[0.034s] -- Found PythonInterp: /usr/bin/python3 (found suitable version "3.8.10", minimum required is "3") 
[0.034s] -- Using PYTHON_EXECUTABLE: /usr/bin/python3
[0.127s] -- Override CMake install command with custom implementation using symlinks instead of copying resources
[0.131s] -- Found builtin_interfaces: 1.0.0 (/opt/ros/foxy/share/builtin_interfaces/cmake)
[0.144s] -- Using all available rosidl_typesupport_c: rosidl_typesupport_fastrtps_c;rosidl_typesupport_introspection_c
[0.146s] -- Found rosidl_adapter: 1.3.0 (/opt/ros/foxy/share/rosidl_adapter/cmake)
[0.220s] -- Using all available rosidl_typesupport_cpp: rosidl_typesupport_fastrtps_cpp;rosidl_typesupport_introspection_cpp
[0.235s] -- Found rosidl_default_generators: 1.0.1 (/opt/ros/foxy/share/rosidl_default_generators/cmake)
[0.255s] -- Found PythonInterp: /usr/bin/python3 (found version "3.8.10") 
[0.370s] -- Found ament_cmake_ros: 0.9.2 (/opt/ros/foxy/share/ament_cmake_ros/cmake)
[0.448s] -- Using all available rosidl_typesupport_c: rosidl_typesupport_fastrtps_c;rosidl_typesupport_introspection_c
[0.462s] -- Using all available rosidl_typesupport_cpp: rosidl_typesupport_fastrtps_cpp;rosidl_typesupport_introspection_cpp
[0.481s] -- Found PythonInterp: /usr/bin/python3 (found suitable version "3.8.10", minimum required is "3.5") 
[0.481s] -- Found python_cmake_module: 0.8.1 (/opt/ros/foxy/share/python_cmake_module/cmake)
[0.497s] -- Using PYTHON_EXECUTABLE: /usr/bin/python3
[0.497s] -- Using PYTHON_INCLUDE_DIRS: /usr/include/python3.8
[0.497s] -- Using PYTHON_LIBRARIES: /usr/lib/x86_64-linux-gnu/libpython3.8.so
[0.515s] -- Found ament_lint_auto: 0.9.8 (/opt/ros/foxy/share/ament_lint_auto/cmake)
[0.522s] -- Added test 'lint_cmake' to check CMake code style
[0.523s] -- Added test 'xmllint' to check XML markup files
[0.526s] -- Configuring done
[0.558s] -- Generating done
[0.560s] -- Build files have been written to: /home/bigyun/Desktop/github_repositories-Bigyuun/ros2_ws/build/msg_srv_action_interface_example
[0.565s] Invoked command in '/home/bigyun/Desktop/github_repositories-Bigyuun/ros2_ws/build/msg_srv_action_interface_example' returned '0': CMAKE_PREFIX_PATH=/opt/ros/foxy /usr/bin/cmake /home/bigyun/Desktop/github_repositories-Bigyuun/ros2_ws/src/msg_srv_action_interface_example -DAMENT_CMAKE_SYMLINK_INSTALL=1 -DCMAKE_INSTALL_PREFIX=/home/bigyun/Desktop/github_repositories-Bigyuun/ros2_ws/install/msg_srv_action_interface_example
[0.567s] Invoking command in '/home/bigyun/Desktop/github_repositories-Bigyuun/ros2_ws/build/msg_srv_action_interface_example': CMAKE_PREFIX_PATH=/opt/ros/foxy /usr/bin/cmake --build /home/bigyun/Desktop/github_repositories-Bigyuun/ros2_ws/build/msg_srv_action_interface_example -- -j20 -l20
[0.601s] [  2%] Built target msg_srv_action_interface_example__cpp
[0.606s] [ 12%] Built target msg_srv_action_interface_example__rosidl_generator_c
[0.617s] [ 23%] Built target msg_srv_action_interface_example__rosidl_typesupport_cpp
[0.618s] [ 34%] Built target msg_srv_action_interface_example__rosidl_typesupport_introspection_cpp
[0.621s] [ 36%] [32m[1mLinking CXX shared library libmsg_srv_action_interface_example__rosidl_typesupport_fastrtps_cpp.so[0m
[0.622s] [ 46%] Built target msg_srv_action_interface_example__rosidl_typesupport_c
[0.623s] [ 57%] Built target msg_srv_action_interface_example__rosidl_typesupport_introspection_c
[0.681s] [ 65%] Built target msg_srv_action_interface_example__rosidl_typesupport_fastrtps_cpp
[0.698s] [ 68%] [32m[1mLinking CXX shared library libmsg_srv_action_interface_example__rosidl_typesupport_fastrtps_c.so[0m
[0.754s] [ 76%] Built target msg_srv_action_interface_example__rosidl_typesupport_fastrtps_c
[0.765s] [ 76%] Built target msg_srv_action_interface_example
[0.777s] [ 78%] Built target msg_srv_action_interface_example__py
[0.794s] [ 80%] [32m[1mLinking C shared library rosidl_generator_py/msg_srv_action_interface_example/libmsg_srv_action_interface_example__python.so[0m
[0.821s] [ 87%] Built target msg_srv_action_interface_example__python
[0.837s] [ 93%] [32m[1mLinking CXX shared library rosidl_generator_py/msg_srv_action_interface_example/msg_srv_action_interface_example_s__rosidl_typesupport_fastrtps_c.cpython-38-x86_64-linux-gnu.so[0m
[0.837s] [ 93%] [32m[1mLinking C shared library rosidl_generator_py/msg_srv_action_interface_example/msg_srv_action_interface_example_s__rosidl_typesupport_introspection_c.cpython-38-x86_64-linux-gnu.so[0m
[0.837s] [ 93%] [32m[1mLinking C shared library rosidl_generator_py/msg_srv_action_interface_example/msg_srv_action_interface_example_s__rosidl_typesupport_c.cpython-38-x86_64-linux-gnu.so[0m
[0.861s] [ 97%] Built target msg_srv_action_interface_example__rosidl_typesupport_c__pyext
[0.862s] [ 97%] Built target msg_srv_action_interface_example__rosidl_typesupport_introspection_c__pyext
[0.880s] [100%] Built target msg_srv_action_interface_example__rosidl_typesupport_fastrtps_c__pyext
[0.887s] Invoked command in '/home/bigyun/Desktop/github_repositories-Bigyuun/ros2_ws/build/msg_srv_action_interface_example' returned '0': CMAKE_PREFIX_PATH=/opt/ros/foxy /usr/bin/cmake --build /home/bigyun/Desktop/github_repositories-Bigyuun/ros2_ws/build/msg_srv_action_interface_example -- -j20 -l20
[0.924s] Invoking command in '/home/bigyun/Desktop/github_repositories-Bigyuun/ros2_ws/build/msg_srv_action_interface_example': CMAKE_PREFIX_PATH=/opt/ros/foxy /usr/bin/cmake --install /home/bigyun/Desktop/github_repositories-Bigyuun/ros2_ws/build/msg_srv_action_interface_example
[0.928s] -- Install configuration: ""
[0.929s] -- Execute custom install script
[0.929s] -- Symlinking: /home/bigyun/Desktop/github_repositories-Bigyuun/ros2_ws/install/msg_srv_action_interface_example/share/ament_index/resource_index/rosidl_interfaces/msg_srv_action_interface_example
[0.934s] -- Symlinking: /home/bigyun/Desktop/github_repositories-Bigyuun/ros2_ws/install/msg_srv_action_interface_example/include/msg_srv_action_interface_example/action/arithmetic_checker.h
[0.939s] -- Symlinking: /home/bigyun/Desktop/github_repositories-Bigyuun/ros2_ws/install/msg_srv_action_interface_example/include/msg_srv_action_interface_example/action/detail/arithmetic_checker__functions.h
[0.944s] -- Symlinking: /home/bigyun/Desktop/github_repositories-Bigyuun/ros2_ws/install/msg_srv_action_interface_example/include/msg_srv_action_interface_example/action/detail/arithmetic_checker__struct.h
[0.948s] -- Symlinking: /home/bigyun/Desktop/github_repositories-Bigyuun/ros2_ws/install/msg_srv_action_interface_example/include/msg_srv_action_interface_example/action/detail/arithmetic_checker__type_support.h
[0.953s] -- Symlinking: /home/bigyun/Desktop/github_repositories-Bigyuun/ros2_ws/install/msg_srv_action_interface_example/include/msg_srv_action_interface_example/msg/arithmetic_argument.h
[0.958s] -- Symlinking: /home/bigyun/Desktop/github_repositories-Bigyuun/ros2_ws/install/msg_srv_action_interface_example/include/msg_srv_action_interface_example/msg/detail/arithmetic_argument__functions.h
[0.963s] -- Symlinking: /home/bigyun/Desktop/github_repositories-Bigyuun/ros2_ws/install/msg_srv_action_interface_example/include/msg_srv_action_interface_example/msg/detail/arithmetic_argument__struct.h
[0.968s] -- Symlinking: /home/bigyun/Desktop/github_repositories-Bigyuun/ros2_ws/install/msg_srv_action_interface_example/include/msg_srv_action_interface_example/msg/detail/arithmetic_argument__type_support.h
[0.974s] -- Symlinking: /home/bigyun/Desktop/github_repositories-Bigyuun/ros2_ws/install/msg_srv_action_interface_example/include/msg_srv_action_interface_example/msg/rosidl_generator_c__visibility_control.h
[0.979s] -- Symlinking: /home/bigyun/Desktop/github_repositories-Bigyuun/ros2_ws/install/msg_srv_action_interface_example/include/msg_srv_action_interface_example/srv/arithmetic_operator.h
[0.984s] -- Symlinking: /home/bigyun/Desktop/github_repositories-Bigyuun/ros2_ws/install/msg_srv_action_interface_example/include/msg_srv_action_interface_example/srv/detail/arithmetic_operator__functions.h
[0.990s] -- Symlinking: /home/bigyun/Desktop/github_repositories-Bigyuun/ros2_ws/install/msg_srv_action_interface_example/include/msg_srv_action_interface_example/srv/detail/arithmetic_operator__struct.h
[0.995s] -- Symlinking: /home/bigyun/Desktop/github_repositories-Bigyuun/ros2_ws/install/msg_srv_action_interface_example/include/msg_srv_action_interface_example/srv/detail/arithmetic_operator__type_support.h
[1.001s] -- Symlinking: /home/bigyun/Desktop/github_repositories-Bigyuun/ros2_ws/install/msg_srv_action_interface_example/share/msg_srv_action_interface_example/environment/library_path.sh
[1.006s] -- Symlinking: /home/bigyun/Desktop/github_repositories-Bigyuun/ros2_ws/install/msg_srv_action_interface_example/share/msg_srv_action_interface_example/environment/library_path.dsv
[1.012s] -- Symlinking: /home/bigyun/Desktop/github_repositories-Bigyuun/ros2_ws/install/msg_srv_action_interface_example/include/msg_srv_action_interface_example/action/detail/arithmetic_checker__rosidl_typesupport_fastrtps_c.h
[1.017s] -- Symlinking: /home/bigyun/Desktop/github_repositories-Bigyuun/ros2_ws/install/msg_srv_action_interface_example/include/msg_srv_action_interface_example/msg/detail/arithmetic_argument__rosidl_typesupport_fastrtps_c.h
[1.022s] -- Symlinking: /home/bigyun/Desktop/github_repositories-Bigyuun/ros2_ws/install/msg_srv_action_interface_example/include/msg_srv_action_interface_example/msg/rosidl_typesupport_fastrtps_c__visibility_control.h
[1.027s] -- Symlinking: /home/bigyun/Desktop/github_repositories-Bigyuun/ros2_ws/install/msg_srv_action_interface_example/include/msg_srv_action_interface_example/srv/detail/arithmetic_operator__rosidl_typesupport_fastrtps_c.h
[1.032s] -- Symlinking: /home/bigyun/Desktop/github_repositories-Bigyuun/ros2_ws/install/msg_srv_action_interface_example/lib/libmsg_srv_action_interface_example__rosidl_typesupport_fastrtps_c.so
[1.037s] -- Symlinking: /home/bigyun/Desktop/github_repositories-Bigyuun/ros2_ws/install/msg_srv_action_interface_example/include/msg_srv_action_interface_example/action/detail/arithmetic_checker__rosidl_typesupport_fastrtps_cpp.hpp
[1.042s] -- Symlinking: /home/bigyun/Desktop/github_repositories-Bigyuun/ros2_ws/install/msg_srv_action_interface_example/include/msg_srv_action_interface_example/msg/detail/arithmetic_argument__rosidl_typesupport_fastrtps_cpp.hpp
[1.047s] -- Symlinking: /home/bigyun/Desktop/github_repositories-Bigyuun/ros2_ws/install/msg_srv_action_interface_example/include/msg_srv_action_interface_example/msg/rosidl_typesupport_fastrtps_cpp__visibility_control.h
[1.052s] -- Symlinking: /home/bigyun/Desktop/github_repositories-Bigyuun/ros2_ws/install/msg_srv_action_interface_example/include/msg_srv_action_interface_example/srv/detail/arithmetic_operator__rosidl_typesupport_fastrtps_cpp.hpp
[1.057s] -- Symlinking: /home/bigyun/Desktop/github_repositories-Bigyuun/ros2_ws/install/msg_srv_action_interface_example/lib/libmsg_srv_action_interface_example__rosidl_typesupport_fastrtps_cpp.so
[1.063s] -- Symlinking: /home/bigyun/Desktop/github_repositories-Bigyuun/ros2_ws/install/msg_srv_action_interface_example/include/msg_srv_action_interface_example/action/detail/arithmetic_checker__rosidl_typesupport_introspection_c.h
[1.067s] -- Symlinking: /home/bigyun/Desktop/github_repositories-Bigyuun/ros2_ws/install/msg_srv_action_interface_example/include/msg_srv_action_interface_example/msg/detail/arithmetic_argument__rosidl_typesupport_introspection_c.h
[1.072s] -- Symlinking: /home/bigyun/Desktop/github_repositories-Bigyuun/ros2_ws/install/msg_srv_action_interface_example/include/msg_srv_action_interface_example/msg/rosidl_typesupport_introspection_c__visibility_control.h
[1.077s] -- Symlinking: /home/bigyun/Desktop/github_repositories-Bigyuun/ros2_ws/install/msg_srv_action_interface_example/include/msg_srv_action_interface_example/srv/detail/arithmetic_operator__rosidl_typesupport_introspection_c.h
[1.082s] -- Symlinking: /home/bigyun/Desktop/github_repositories-Bigyuun/ros2_ws/install/msg_srv_action_interface_example/include/msg_srv_action_interface_example/action/arithmetic_checker.hpp
[1.086s] -- Symlinking: /home/bigyun/Desktop/github_repositories-Bigyuun/ros2_ws/install/msg_srv_action_interface_example/include/msg_srv_action_interface_example/action/detail/arithmetic_checker__builder.hpp
[1.091s] -- Symlinking: /home/bigyun/Desktop/github_repositories-Bigyuun/ros2_ws/install/msg_srv_action_interface_example/include/msg_srv_action_interface_example/action/detail/arithmetic_checker__struct.hpp
[1.096s] -- Symlinking: /home/bigyun/Desktop/github_repositories-Bigyuun/ros2_ws/install/msg_srv_action_interface_example/include/msg_srv_action_interface_example/action/detail/arithmetic_checker__traits.hpp
[1.100s] -- Symlinking: /home/bigyun/Desktop/github_repositories-Bigyuun/ros2_ws/install/msg_srv_action_interface_example/include/msg_srv_action_interface_example/msg/arithmetic_argument.hpp
[1.105s] -- Symlinking: /home/bigyun/Desktop/github_repositories-Bigyuun/ros2_ws/install/msg_srv_action_interface_example/include/msg_srv_action_interface_example/msg/detail/arithmetic_argument__builder.hpp
[1.110s] -- Symlinking: /home/bigyun/Desktop/github_repositories-Bigyuun/ros2_ws/install/msg_srv_action_interface_example/include/msg_srv_action_interface_example/msg/detail/arithmetic_argument__struct.hpp
[1.115s] -- Symlinking: /home/bigyun/Desktop/github_repositories-Bigyuun/ros2_ws/install/msg_srv_action_interface_example/include/msg_srv_action_interface_example/msg/detail/arithmetic_argument__traits.hpp
[1.119s] -- Symlinking: /home/bigyun/Desktop/github_repositories-Bigyuun/ros2_ws/install/msg_srv_action_interface_example/include/msg_srv_action_interface_example/srv/arithmetic_operator.hpp
[1.124s] -- Symlinking: /home/bigyun/Desktop/github_repositories-Bigyuun/ros2_ws/install/msg_srv_action_interface_example/include/msg_srv_action_interface_example/srv/detail/arithmetic_operator__builder.hpp
[1.129s] -- Symlinking: /home/bigyun/Desktop/github_repositories-Bigyuun/ros2_ws/install/msg_srv_action_interface_example/include/msg_srv_action_interface_example/srv/detail/arithmetic_operator__struct.hpp
[1.134s] -- Symlinking: /home/bigyun/Desktop/github_repositories-Bigyuun/ros2_ws/install/msg_srv_action_interface_example/include/msg_srv_action_interface_example/srv/detail/arithmetic_operator__traits.hpp
[1.139s] -- Symlinking: /home/bigyun/Desktop/github_repositories-Bigyuun/ros2_ws/install/msg_srv_action_interface_example/include/msg_srv_action_interface_example/action/detail/arithmetic_checker__rosidl_typesupport_introspection_cpp.hpp
[1.144s] -- Symlinking: /home/bigyun/Desktop/github_repositories-Bigyuun/ros2_ws/install/msg_srv_action_interface_example/include/msg_srv_action_interface_example/msg/detail/arithmetic_argument__rosidl_typesupport_introspection_cpp.hpp
[1.149s] -- Symlinking: /home/bigyun/Desktop/github_repositories-Bigyuun/ros2_ws/install/msg_srv_action_interface_example/include/msg_srv_action_interface_example/srv/detail/arithmetic_operator__rosidl_typesupport_introspection_cpp.hpp
[1.154s] -- Symlinking: /home/bigyun/Desktop/github_repositories-Bigyuun/ros2_ws/install/msg_srv_action_interface_example/share/msg_srv_action_interface_example/environment/pythonpath.sh
[1.160s] -- Symlinking: /home/bigyun/Desktop/github_repositories-Bigyuun/ros2_ws/install/msg_srv_action_interface_example/share/msg_srv_action_interface_example/environment/pythonpath.dsv
[1.165s] -- Symlinking: /home/bigyun/Desktop/github_repositories-Bigyuun/ros2_ws/install/msg_srv_action_interface_example/lib/python3.8/site-packages/msg_srv_action_interface_example/__init__.py
[1.171s] -- Symlinking: /home/bigyun/Desktop/github_repositories-Bigyuun/ros2_ws/install/msg_srv_action_interface_example/lib/python3.8/site-packages/msg_srv_action_interface_example/msg/__init__.py
[1.176s] -- Symlinking: /home/bigyun/Desktop/github_repositories-Bigyuun/ros2_ws/install/msg_srv_action_interface_example/lib/python3.8/site-packages/msg_srv_action_interface_example/msg/_arithmetic_argument.py
[1.181s] -- Symlinking: /home/bigyun/Desktop/github_repositories-Bigyuun/ros2_ws/install/msg_srv_action_interface_example/lib/python3.8/site-packages/msg_srv_action_interface_example/srv/__init__.py
[1.186s] -- Symlinking: /home/bigyun/Desktop/github_repositories-Bigyuun/ros2_ws/install/msg_srv_action_interface_example/lib/python3.8/site-packages/msg_srv_action_interface_example/srv/_arithmetic_operator.py
[1.191s] -- Symlinking: /home/bigyun/Desktop/github_repositories-Bigyuun/ros2_ws/install/msg_srv_action_interface_example/lib/python3.8/site-packages/msg_srv_action_interface_example/action/__init__.py
[1.196s] -- Symlinking: /home/bigyun/Desktop/github_repositories-Bigyuun/ros2_ws/install/msg_srv_action_interface_example/lib/python3.8/site-packages/msg_srv_action_interface_example/action/_arithmetic_checker.py
[1.203s] -- Symlinking: /home/bigyun/Desktop/github_repositories-Bigyuun/ros2_ws/install/msg_srv_action_interface_example/lib/python3.8/site-packages/msg_srv_action_interface_example/msg_srv_action_interface_example_s__rosidl_typesupport_fastrtps_c.cpython-38-x86_64-linux-gnu.so
[1.209s] -- Symlinking: /home/bigyun/Desktop/github_repositories-Bigyuun/ros2_ws/install/msg_srv_action_interface_example/lib/python3.8/site-packages/msg_srv_action_interface_example/msg_srv_action_interface_example_s__rosidl_typesupport_introspection_c.cpython-38-x86_64-linux-gnu.so
[1.213s] -- Symlinking: /home/bigyun/Desktop/github_repositories-Bigyuun/ros2_ws/install/msg_srv_action_interface_example/lib/python3.8/site-packages/msg_srv_action_interface_example/msg_srv_action_interface_example_s__rosidl_typesupport_c.cpython-38-x86_64-linux-gnu.so
[1.217s] -- Symlinking: /home/bigyun/Desktop/github_repositories-Bigyuun/ros2_ws/install/msg_srv_action_interface_example/lib/libmsg_srv_action_interface_example__python.so
[1.222s] -- Symlinking: /home/bigyun/Desktop/github_repositories-Bigyuun/ros2_ws/install/msg_srv_action_interface_example/share/msg_srv_action_interface_example/msg/ArithmeticArgument.idl
[1.227s] -- Symlinking: /home/bigyun/Desktop/github_repositories-Bigyuun/ros2_ws/install/msg_srv_action_interface_example/share/msg_srv_action_interface_example/srv/ArithmeticOperator.idl
[1.232s] -- Symlinking: /home/bigyun/Desktop/github_repositories-Bigyuun/ros2_ws/install/msg_srv_action_interface_example/share/msg_srv_action_interface_example/action/ArithmeticChecker.idl
[1.238s] -- Symlinking: /home/bigyun/Desktop/github_repositories-Bigyuun/ros2_ws/install/msg_srv_action_interface_example/share/msg_srv_action_interface_example/msg/ArithmeticArgument.msg
[1.244s] -- Symlinking: /home/bigyun/Desktop/github_repositories-Bigyuun/ros2_ws/install/msg_srv_action_interface_example/share/msg_srv_action_interface_example/srv/ArithmeticOperator.srv
[1.248s] -- Symlinking: /home/bigyun/Desktop/github_repositories-Bigyuun/ros2_ws/install/msg_srv_action_interface_example/share/msg_srv_action_interface_example/srv/ArithmeticOperator_Request.msg
[1.253s] -- Symlinking: /home/bigyun/Desktop/github_repositories-Bigyuun/ros2_ws/install/msg_srv_action_interface_example/share/msg_srv_action_interface_example/srv/ArithmeticOperator_Response.msg
[1.258s] -- Symlinking: /home/bigyun/Desktop/github_repositories-Bigyuun/ros2_ws/install/msg_srv_action_interface_example/share/msg_srv_action_interface_example/action/ArithmeticChecker.action
[1.263s] -- Symlinking: /home/bigyun/Desktop/github_repositories-Bigyuun/ros2_ws/install/msg_srv_action_interface_example/share/ament_index/resource_index/package_run_dependencies/msg_srv_action_interface_example
[1.268s] -- Symlinking: /home/bigyun/Desktop/github_repositories-Bigyuun/ros2_ws/install/msg_srv_action_interface_example/share/ament_index/resource_index/parent_prefix_path/msg_srv_action_interface_example
[1.273s] -- Symlinking: /home/bigyun/Desktop/github_repositories-Bigyuun/ros2_ws/install/msg_srv_action_interface_example/share/msg_srv_action_interface_example/environment/ament_prefix_path.sh
[1.278s] -- Symlinking: /home/bigyun/Desktop/github_repositories-Bigyuun/ros2_ws/install/msg_srv_action_interface_example/share/msg_srv_action_interface_example/environment/ament_prefix_path.dsv
[1.283s] -- Symlinking: /home/bigyun/Desktop/github_repositories-Bigyuun/ros2_ws/install/msg_srv_action_interface_example/share/msg_srv_action_interface_example/environment/path.sh
[1.288s] -- Symlinking: /home/bigyun/Desktop/github_repositories-Bigyuun/ros2_ws/install/msg_srv_action_interface_example/share/msg_srv_action_interface_example/environment/path.dsv
[1.293s] -- Symlinking: /home/bigyun/Desktop/github_repositories-Bigyuun/ros2_ws/install/msg_srv_action_interface_example/share/msg_srv_action_interface_example/local_setup.bash
[1.297s] -- Symlinking: /home/bigyun/Desktop/github_repositories-Bigyuun/ros2_ws/install/msg_srv_action_interface_example/share/msg_srv_action_interface_example/local_setup.sh
[1.303s] -- Symlinking: /home/bigyun/Desktop/github_repositories-Bigyuun/ros2_ws/install/msg_srv_action_interface_example/share/msg_srv_action_interface_example/local_setup.zsh
[1.308s] -- Symlinking: /home/bigyun/Desktop/github_repositories-Bigyuun/ros2_ws/install/msg_srv_action_interface_example/share/msg_srv_action_interface_example/local_setup.dsv
[1.313s] -- Symlinking: /home/bigyun/Desktop/github_repositories-Bigyuun/ros2_ws/install/msg_srv_action_interface_example/share/msg_srv_action_interface_example/package.dsv
[1.318s] -- Symlinking: /home/bigyun/Desktop/github_repositories-Bigyuun/ros2_ws/install/msg_srv_action_interface_example/share/ament_index/resource_index/packages/msg_srv_action_interface_example
[1.323s] -- Symlinking: /home/bigyun/Desktop/github_repositories-Bigyuun/ros2_ws/install/msg_srv_action_interface_example/share/msg_srv_action_interface_example/cmake/rosidl_cmake-extras.cmake
[1.328s] -- Symlinking: /home/bigyun/Desktop/github_repositories-Bigyuun/ros2_ws/install/msg_srv_action_interface_example/share/msg_srv_action_interface_example/cmake/ament_cmake_export_dependencies-extras.cmake
[1.333s] -- Symlinking: /home/bigyun/Desktop/github_repositories-Bigyuun/ros2_ws/install/msg_srv_action_interface_example/share/msg_srv_action_interface_example/cmake/ament_cmake_export_libraries-extras.cmake
[1.338s] -- Symlinking: /home/bigyun/Desktop/github_repositories-Bigyuun/ros2_ws/install/msg_srv_action_interface_example/share/msg_srv_action_interface_example/cmake/ament_cmake_export_targets-extras.cmake
[1.343s] -- Symlinking: /home/bigyun/Desktop/github_repositories-Bigyuun/ros2_ws/install/msg_srv_action_interface_example/share/msg_srv_action_interface_example/cmake/ament_cmake_export_include_directories-extras.cmake
[1.348s] -- Symlinking: /home/bigyun/Desktop/github_repositories-Bigyuun/ros2_ws/install/msg_srv_action_interface_example/share/msg_srv_action_interface_example/cmake/rosidl_cmake_export_typesupport_libraries-extras.cmake
[1.352s] -- Symlinking: /home/bigyun/Desktop/github_repositories-Bigyuun/ros2_ws/install/msg_srv_action_interface_example/share/msg_srv_action_interface_example/cmake/rosidl_cmake_export_typesupport_targets-extras.cmake
[1.357s] -- Symlinking: /home/bigyun/Desktop/github_repositories-Bigyuun/ros2_ws/install/msg_srv_action_interface_example/share/msg_srv_action_interface_example/cmake/msg_srv_action_interface_exampleConfig.cmake
[1.362s] -- Symlinking: /home/bigyun/Desktop/github_repositories-Bigyuun/ros2_ws/install/msg_srv_action_interface_example/share/msg_srv_action_interface_example/cmake/msg_srv_action_interface_exampleConfig-version.cmake
[1.367s] -- Symlinking: /home/bigyun/Desktop/github_repositories-Bigyuun/ros2_ws/install/msg_srv_action_interface_example/share/msg_srv_action_interface_example/package.xml
[1.372s] -- Up-to-date: /home/bigyun/Desktop/github_repositories-Bigyuun/ros2_ws/install/msg_srv_action_interface_example/lib/libmsg_srv_action_interface_example__rosidl_generator_c.so
[1.372s] -- Up-to-date: /home/bigyun/Desktop/github_repositories-Bigyuun/ros2_ws/install/msg_srv_action_interface_example/lib/libmsg_srv_action_interface_example__rosidl_typesupport_introspection_c.so
[1.372s] -- Up-to-date: /home/bigyun/Desktop/github_repositories-Bigyuun/ros2_ws/install/msg_srv_action_interface_example/lib/libmsg_srv_action_interface_example__rosidl_typesupport_c.so
[1.372s] -- Up-to-date: /home/bigyun/Desktop/github_repositories-Bigyuun/ros2_ws/install/msg_srv_action_interface_example/lib/libmsg_srv_action_interface_example__rosidl_typesupport_introspection_cpp.so
[1.373s] -- Up-to-date: /home/bigyun/Desktop/github_repositories-Bigyuun/ros2_ws/install/msg_srv_action_interface_example/lib/libmsg_srv_action_interface_example__rosidl_typesupport_cpp.so
[1.391s] Compiling '/home/bigyun/Desktop/github_repositories-Bigyuun/ros2_ws/install/msg_srv_action_interface_example/lib/python3.8/site-packages/msg_srv_action_interface_example/__init__.py'...
[1.394s] -- Up-to-date: /home/bigyun/Desktop/github_repositories-Bigyuun/ros2_ws/install/msg_srv_action_interface_example/share/msg_srv_action_interface_example/cmake/msg_srv_action_interface_example__rosidl_generator_cExport.cmake
[1.394s] -- Installing: /home/bigyun/Desktop/github_repositories-Bigyuun/ros2_ws/install/msg_srv_action_interface_example/share/msg_srv_action_interface_example/cmake/msg_srv_action_interface_example__rosidl_generator_cExport-noconfig.cmake
[1.394s] -- Up-to-date: /home/bigyun/Desktop/github_repositories-Bigyuun/ros2_ws/install/msg_srv_action_interface_example/share/msg_srv_action_interface_example/cmake/msg_srv_action_interface_example__rosidl_typesupport_introspection_cExport.cmake
[1.394s] -- Installing: /home/bigyun/Desktop/github_repositories-Bigyuun/ros2_ws/install/msg_srv_action_interface_example/share/msg_srv_action_interface_example/cmake/msg_srv_action_interface_example__rosidl_typesupport_introspection_cExport-noconfig.cmake
[1.394s] -- Up-to-date: /home/bigyun/Desktop/github_repositories-Bigyuun/ros2_ws/install/msg_srv_action_interface_example/share/msg_srv_action_interface_example/cmake/msg_srv_action_interface_example__rosidl_typesupport_cExport.cmake
[1.395s] -- Installing: /home/bigyun/Desktop/github_repositories-Bigyuun/ros2_ws/install/msg_srv_action_interface_example/share/msg_srv_action_interface_example/cmake/msg_srv_action_interface_example__rosidl_typesupport_cExport-noconfig.cmake
[1.395s] -- Up-to-date: /home/bigyun/Desktop/github_repositories-Bigyuun/ros2_ws/install/msg_srv_action_interface_example/share/msg_srv_action_interface_example/cmake/msg_srv_action_interface_example__rosidl_generator_cppExport.cmake
[1.395s] -- Up-to-date: /home/bigyun/Desktop/github_repositories-Bigyuun/ros2_ws/install/msg_srv_action_interface_example/share/msg_srv_action_interface_example/cmake/msg_srv_action_interface_example__rosidl_typesupport_introspection_cppExport.cmake
[1.395s] -- Installing: /home/bigyun/Desktop/github_repositories-Bigyuun/ros2_ws/install/msg_srv_action_interface_example/share/msg_srv_action_interface_example/cmake/msg_srv_action_interface_example__rosidl_typesupport_introspection_cppExport-noconfig.cmake
[1.395s] -- Up-to-date: /home/bigyun/Desktop/github_repositories-Bigyuun/ros2_ws/install/msg_srv_action_interface_example/share/msg_srv_action_interface_example/cmake/msg_srv_action_interface_example__rosidl_typesupport_cppExport.cmake
[1.395s] -- Installing: /home/bigyun/Desktop/github_repositories-Bigyuun/ros2_ws/install/msg_srv_action_interface_example/share/msg_srv_action_interface_example/cmake/msg_srv_action_interface_example__rosidl_typesupport_cppExport-noconfig.cmake
[1.398s] Invoked command in '/home/bigyun/Desktop/github_repositories-Bigyuun/ros2_ws/build/msg_srv_action_interface_example' returned '0': CMAKE_PREFIX_PATH=/opt/ros/foxy /usr/bin/cmake --install /home/bigyun/Desktop/github_repositories-Bigyuun/ros2_ws/build/msg_srv_action_interface_example
